M	.ai/generated/governance-report.json
M	.ai/governance/policies/api.json
M	.ai/governance/policies/runtime.json
M	.ai/governance/policies/topology.json
M	.ai/rules/components/00-primevue-ecosystem.mdc
M	.ai/rules/components/01-primevue-pt-styling.mdc
M	.ai/rules/components/02-pro-components.mdc
M	README.md
M	apps/desktop/tsconfig.json
M	apps/web-demo/src/stores/modules/system/device.ts
M	apps/web-demo/src/stores/modules/system/layout.ts
M	apps/web-demo/src/types/auto-imports.d.ts
M	apps/web-demo/src/utils/deviceSync.ts
M	apps/web-demo/src/utils/http/requestLayer.spec.ts
M	apps/web-demo/src/utils/theme/sizeEngine.spec.ts
M	apps/web-demo/src/utils/theme/sizeEngine.ts
M	apps/web-demo/tsconfig.json
M	docs/ai-plan/DECISIONS.md
M	docs/ai-plan/FINAL_GO_NO_GO.md
M	docs/ai-plan/PLAN.md
M	docs/ai-plan/STATUS.md
M	docs/architecture/ownership-boundaries.md
M	docs/en/architecture-contract.md
M	docs/generated/api-surface-report.json
M	docs/generated/api-surface-report.md
M	docs/generated/governance-report.md
M	docs/generated/graphs/README.md
M	docs/generated/graphs/dependency-graph.json
M	docs/generated/graphs/package-dependency-graph.mmd
M	docs/runtime/desktop-runtime.md
M	docs/runtime/runtime-isolation.md
M	docs/runtime/web-runtime.md
M	docs/zh/02-architecture.md
M	docs/zh/04-project-control-center.md
M	docs/zh/08-release.md
M	packages/design-tokens/src/breakpoints.ts
M	packages/design-tokens/src/index.ts
M	packages/design-tokens/src/size.ts
M	packages/design-tokens/src/theme-engine/index.ts
M	packages/vue-app-platform/src/index.ts
M	packages/vue-app-platform/src/layoutRuntime.spec.ts
M	packages/vue-app-platform/src/layoutRuntime.ts
M	scripts/ai-route-view-scaffold.mjs
M	scripts/architecture/check-api-surface.mjs
M	scripts/architecture/check-runtime-leaks.mjs
M	scripts/architecture/validate-boundaries.mjs
M	scripts/ci/package-resolution-smoke.mjs
M	scripts/normalize-generated-output.mjs
M	scripts/upgrade-all-themes.mjs
M	scripts/validate-token-contrast.ts
