 .ai/generated/governance-report.json               |   16 +-
 .ai/governance/policies/api.json                   |    1 +
 .ai/governance/policies/runtime.json               | 2232 +++++++++++++++++++-
 .ai/governance/policies/topology.json              |   20 +-
 .ai/rules/components/00-primevue-ecosystem.mdc     |    4 +-
 .ai/rules/components/01-primevue-pt-styling.mdc    |    2 +-
 .ai/rules/components/02-pro-components.mdc         |    4 +-
 README.md                                          |   32 +-
 apps/desktop/tsconfig.json                         |    5 +-
 apps/web-demo/src/stores/modules/system/device.ts  |   75 +-
 apps/web-demo/src/stores/modules/system/layout.ts  |  128 +-
 apps/web-demo/src/types/auto-imports.d.ts          |   31 +-
 apps/web-demo/src/utils/deviceSync.ts              |   46 +-
 apps/web-demo/src/utils/http/requestLayer.spec.ts  |   11 +-
 apps/web-demo/src/utils/theme/sizeEngine.spec.ts   |  180 +-
 apps/web-demo/src/utils/theme/sizeEngine.ts        |  251 +--
 apps/web-demo/tsconfig.json                        |    7 +-
 docs/ai-plan/DECISIONS.md                          |  357 +++-
 docs/ai-plan/FINAL_GO_NO_GO.md                     |  149 +-
 docs/ai-plan/PLAN.md                               |   19 +-
 docs/ai-plan/STATUS.md                             |  494 ++---
 docs/architecture/ownership-boundaries.md          |   74 +-
 docs/en/architecture-contract.md                   |   59 +-
 docs/generated/api-surface-report.json             |   80 +-
 docs/generated/api-surface-report.md               |    8 +-
 docs/generated/governance-report.md                |   12 +-
 docs/generated/graphs/README.md                    |    2 +-
 docs/generated/graphs/dependency-graph.json        |   18 +-
 docs/generated/graphs/package-dependency-graph.mmd |   11 +-
 docs/runtime/desktop-runtime.md                    |    9 +-
 docs/runtime/runtime-isolation.md                  |   45 +-
 docs/runtime/web-runtime.md                        |   63 +-
 docs/zh/02-architecture.md                         |   68 +-
 docs/zh/04-project-control-center.md               |   18 +-
 docs/zh/08-release.md                              |   18 +-
 packages/design-tokens/src/breakpoints.ts          |    2 +-
 packages/design-tokens/src/index.ts                |   36 +
 packages/design-tokens/src/size.ts                 |    4 +-
 packages/design-tokens/src/theme-engine/index.ts   |   17 +
 packages/vue-app-platform/src/index.ts             |   11 +
 .../vue-app-platform/src/layoutRuntime.spec.ts     |   96 +
 packages/vue-app-platform/src/layoutRuntime.ts     |  149 ++
 scripts/ai-route-view-scaffold.mjs                 |    4 +-
 scripts/architecture/check-api-surface.mjs         |   60 +-
 scripts/architecture/check-runtime-leaks.mjs       |  600 +++++-
 scripts/architecture/validate-boundaries.mjs       |   95 +-
 scripts/ci/package-resolution-smoke.mjs            |    9 +
 scripts/normalize-generated-output.mjs             |   33 +-
 scripts/upgrade-all-themes.mjs                     |    2 +-
 scripts/validate-token-contrast.ts                 |    4 +-
 50 files changed, 4532 insertions(+), 1139 deletions(-)
