
> ccd@1.0.38 ai:doctor /Users/cc/MyPorject/ccd
> node scripts/ai-doctor.mjs --open

Open repair ledger
==================

P1 P1-Guard-AutoMitt
  - BLOCKED pending owner Decision 2 on guard enforcement strictness.

P1 P1-Guard-ComposableReturnTypes
  - BLOCKED pending owner Decision 2 on guard enforcement strictness.

P1 P1-Guard-DesignTokenCanonical
  - BLOCKED pending owner Decision 4 on the canonical design-token/color rule file.

P1 P1-Guard-DynamicUnoCSS
  - BLOCKED pending owner Decision 2 on guard enforcement strictness and approved safelist scope.

P1 P1-Guard-OwnerSignoff
  - BLOCKED because no owner signoff was provided in this run; `.ai/runtime/owner_decisions.md` was updated only with a new pending HTTP Decision 6.

P1 P1-Guard-RuleContradictions
  - BLOCKED pending owner Decision 3; unresolved rule contradictions require architectural consensus before stricter checks.

P1 P1-Guard-SFCMacroOrder
  - BLOCKED pending owner Decision 2 on guard enforcement strictness; strict SFC macro-order enforcement was not added without team acceptance.

P1 P1-Guard-TypeAssertions
  - BLOCKED pending owner Decision 2 and contradiction resolution for rule matrix item 3 (`props.item as UserInfo` example vs business `as Type` ban).

P1 P1-HttpContract-Contracts
  - BLOCKED pending owner approval recorded as `.ai/runtime/owner_decisions.md` Decision 6; current inventory found `packages/contracts/src/network.ts` already provides a runtime-neutral low-level network contract, but creating/refining `packages/contracts/src/http/**` is a new approved-scope decision.

P2 P2-Deps-Alova
  - BLOCKED pending operator approval and request/adapter contract lane; no alova upgrade was attempted.

P2 P2-Deps-ESLint
  - BLOCKED pending operator approval for an isolated ESLint ecosystem lane; `pnpm lint:check` remains deterministic with two existing warnings, but no upgrade was attempted.

P2 P2-Deps-Playwright
  - BLOCKED pending operator approval and CI/browser cache review; no Playwright upgrade or browser install change was attempted.

P2 P2-Deps-PrimeVue
  - BLOCKED pending operator approval and PrimeVue v4 API/adapter review; PrimeVue packages are inventoried only.

P2 P2-Deps-Validation
  - BLOCKED pending an approved single dependency lane; targeted checks and `pnpm validate` are not applicable until a lane is selected and implemented.

P2 P2-Deps-VueTooling
  - BLOCKED pending operator approval for an isolated Vue tooling lane; `vue-tsc`, TypeScript, and Vue compiler package versions are inventoried in `reports/M10-dependency-approval-gate.md`.

P2 P2-Deps-Vueuse
  - BLOCKED pending operator approval for an isolated dependency lane; `@vueuse/core` is inventoried as current `13.9.0`, wanted `13.9.0`, latest `14.3.0`.

P2 P2-GitHub-Codeowners
  - BLOCKED pending operator approval for `.github/**` edits; inventory found `.github/CODEOWNERS` exists and covers major architecture/app/governance surfaces, with package-level expansion candidates documented in the M7 report.

P2 P2-GitHub-Templates
  - BLOCKED pending operator approval for `.github/**` edits; existing PR and issue templates were inventoried, and architecture/UI/dependency/generated-artifact refinements are documented as follow-ups.

P2 P2-Vite8-Branch
  - BLOCKED pending operator approval for an isolated Vite 8 branch/worktree; no branch or worktree was created in this run.

P2 P2-Vite8-Chunks
  - BLOCKED pending approved Vite 8 branch/worktree; `manualChunks` and `experimentalMinChunkSize` were inventoried only, not migrated.

P2 P2-Vite8-Compression
  - BLOCKED pending approved Vite 8 branch/worktree and deployment/serving decision; `vite-plugin-compression` remains unchanged.

P2 P2-Vite8-ECharts
  - BLOCKED pending approved Vite 8 branch/worktree; custom `echarts-treeshake-enhance` plugin was inventoried only, not revalidated under Vite 8/Rolldown.

P2 P2-Vite8-Minify
  - BLOCKED pending approved Vite 8 branch/worktree; `build.minify: 'esbuild'` remains unchanged until isolated validation exists.

P2 P2-Vite8-OptimizeDeps
  - BLOCKED pending approved Vite 8 branch/worktree and current official Vite migration docs review; no `optimizeDeps.esbuildOptions` migration was attempted on main.

P2 P2-Vite8-Oxc
  - BLOCKED pending approved Vite 8 branch/worktree and dependency/toolchain lane; no top-level `esbuild` to Oxc/Rolldown migration was attempted.

P2 P2-Vite8-Progress
  - BLOCKED pending approved Vite 8 branch/worktree and build-output value review; `vite-plugin-progress` remains unchanged.

P2 P2-Vite8-Validation
  - BLOCKED pending approved Vite 8 branch/worktree; no Vite 8 validation commands were run because the migration lane was not approved.

P3 P3-Login-Borders
  - BLOCKED pending M11 operator approval and prerequisite stability; no border utilities were changed.

P3 P3-Login-BottomLinks
  - BLOCKED pending M11 operator approval and prerequisite stability; bottom links were not changed.

P3 P3-Login-Breakout
  - BLOCKED pending M11 operator approval and prerequisite stability; character breakout positioning was not changed.

P3 P3-Login-Browser
  - BLOCKED pending M11 operator approval and prerequisite stability; no Login Diorama screenshots were captured for an unimplemented refactor.

P3 P3-Login-Composition
  - BLOCKED pending M11 operator approval and prerequisite stability; brand/layout composition was not changed.

P3 P3-Login-Constraints
  - BLOCKED pending M11 operator approval and prerequisite stability; no login implementation changes were made.

P3 P3-Login-Context
  - BLOCKED pending M11 operator approval and prerequisite stability; top-K login implementation context was not built because the lane is not approved.

P3 P3-Login-Deep
  - BLOCKED pending M11 operator approval and prerequisite stability; no new `:deep(.p-*)` selectors were added.

P3 P3-Login-Depth
  - BLOCKED pending M11 operator approval and prerequisite stability; dark-mode elevation was not changed.

P3 P3-Login-Desktop
  - BLOCKED pending M11 operator approval and prerequisite stability; desktop diorama layout was not implemented.

P3 P3-Login-Feedback
  - BLOCKED pending M11 operator approval and prerequisite stability; login failure feedback was not changed.

P3 P3-Login-Floor
  - BLOCKED pending M11 operator approval and prerequisite stability; stage floor/shadow was not added.

P3 P3-Login-FormZone
  - BLOCKED pending M11 operator approval and prerequisite stability; form zone was not changed.

P3 P3-Login-Governance
  - BLOCKED pending M11 operator approval and prerequisite stability; no imports, boundaries, or runtime adapters were touched.

P3 P3-Login-Grid
  - BLOCKED pending M11 operator approval and prerequisite stability; panel grid was not changed.

P3 P3-Login-Interaction
  - BLOCKED pending M11 operator approval and prerequisite stability; interaction validation was not applicable.

P3 P3-Login-Layout
  - BLOCKED pending M11 operator approval and prerequisite stability; Login Diorama layout was not implemented.

P3 P3-Login-Mobile
  - BLOCKED pending M11 operator approval and prerequisite stability; mobile layout was not changed.

P3 P3-Login-MobileGrid
  - BLOCKED pending M11 operator approval and prerequisite stability; mobile grid behavior was not changed.

P3 P3-Login-Overflow
  - BLOCKED pending M11 operator approval and prerequisite stability; overflow behavior was not changed.

P3 P3-Login-Password
  - BLOCKED pending M11 operator approval and prerequisite stability; password shell was not changed.

P3 P3-Login-PasswordShell
  - BLOCKED pending M11 operator approval and prerequisite stability; password shell was not rebuilt.

P3 P3-Login-PasswordState
  - BLOCKED pending M11 operator approval and prerequisite stability; password reaction state was not changed.

P3 P3-Login-Presets
  - BLOCKED pending M11 operator approval and prerequisite stability; demo account presets were not changed.

P3 P3-Login-PrimeVue
  - BLOCKED pending M11 operator approval and prerequisite stability; PrimeVue API verification is deferred until an approved login lane.

P3 P3-Login-ProForm
  - BLOCKED pending M11 operator approval and prerequisite stability; ProForm integration was not changed.

P3 P3-Login-ReducedMotion
  - BLOCKED pending M11 operator approval and prerequisite stability; motion behavior was not changed.

P3 P3-Login-Regression
  - BLOCKED pending M11 operator approval and prerequisite stability; password-shell regression validation was not applicable.

P3 P3-Login-Responsive
  - BLOCKED pending M11 operator approval and prerequisite stability; responsive Diorama validation was not applicable.

P3 P3-Login-Reuse
  - BLOCKED pending M11 operator approval and prerequisite stability; `AnimatedCharacters` was not changed.

P3 P3-Login-RuleOf7
  - BLOCKED pending M11 operator approval and prerequisite stability; no login template utilities were changed.

P3 P3-Login-Rules
  - BLOCKED pending M11 operator approval and prerequisite stability; no login files were edited.

P3 P3-Login-SafeArea
  - BLOCKED pending M11 operator approval and prerequisite stability; safe-area behavior was not changed.

P3 P3-Login-Scaling
  - BLOCKED pending M11 operator approval and prerequisite stability; character stage scaling was not changed.

P3 P3-Login-Shell
  - BLOCKED pending M11 operator approval and prerequisite stability; panel shell was not changed.

P3 P3-Login-Shortcuts
  - BLOCKED pending M11 operator approval and prerequisite stability; no UnoCSS shortcuts were added.

P3 P3-Login-Sizing
  - BLOCKED pending M11 operator approval and prerequisite stability; no login sizing was changed.

P3 P3-Login-StageZone
  - BLOCKED pending M11 operator approval and prerequisite stability; character stage zone was not changed.

P3 P3-Login-Static
  - BLOCKED pending M11 operator approval and prerequisite stability; no login code changes were made, so focused eslint was not applicable.

P3 P3-Login-Submit
  - BLOCKED pending M11 operator approval and prerequisite stability; submit flow was not changed.

P3 P3-Login-Tablet
  - BLOCKED pending M11 operator approval and prerequisite stability; tablet layout was not changed.

P3 P3-Login-Tokens
  - BLOCKED pending M11 operator approval and prerequisite stability; no login token usage was changed.

P3 P3-Login-TopControls
  - BLOCKED pending M11 operator approval and prerequisite stability; top controls were not changed.

P3 P3-Login-Type
  - BLOCKED pending M11 operator approval and prerequisite stability; no focused refactor was made, so login-specific type validation was not applicable.

P3 P3-Login-Username
  - BLOCKED pending M11 operator approval and prerequisite stability; username focus wiring was not changed.

P3 P3-Login-VisualNoise
  - BLOCKED pending M11 operator approval and prerequisite stability; visual hierarchy was not changed.

P3 P3-Login-ZIndex
  - BLOCKED pending M11 operator approval and prerequisite stability; no z-index strategy was changed.

P4 P4-DesignSystem-Deferred
  - DEFERRED: no standalone design-system repository split was performed; UI primitive and adapter boundary prerequisites are not complete.

P4 P4-DesktopDriftCI
  - BLOCKED pending owner sign-off on desktop drift CI enforcement scope; no CI changes were made.

P4 P4-NewOrganization-Deferred
  - DEFERRED: no new GitHub organization or repository was created; current governance and architecture blockers remain unresolved.

P4 P4-RekaUI-Deferred
  - DEFERRED: Reka UI was not evaluated because no approved headless primitive gap lane exists and PrimeVue adapter boundaries remain approval-gated.

P4 P4-Starter-Deferred
  - DEFERRED: `ccd-vue-starter` was not created because package boundary stability and owner approval are not complete.

P4 P4-TanStackQuery-Deferred
  - DEFERRED: TanStack Query Vue was not evaluated because alova + explicit adapter complexity has not exceeded approved architecture limits.

80 open tasks
