$ rg -n D-021|generated registry|PrimeVueResolver|components.d.ts|R2|R5 ccd-full-architecture-remediation-plan-package docs/ai-plan .ai/rules scripts apps/web-demo/build apps/web-demo/src/types apps/web-demo -g !node_modules -g !dist
docs/ai-plan/DECISIONS.md:129:- `apps/web-demo/src/types/components.d.ts`
docs/ai-plan/DECISIONS.md:764:## D-021 — M13a root theme tooling public API boundary
docs/ai-plan/DECISIONS.md:1085:ID note: the menu identifiers `D-020`–`D-024` are P23 residual-debt closure-lane labels and are recorded here as menu items only. They intentionally do **not** reuse the existing `## D-020` (M11) / `## D-021` (M13a) decision headings above; the canonical menu lives in `docs/ai-runs/20260601-173110-ccd-p23-conditional-go-residual-debt-final-review/reports/future-owner-decision-menu.md`. Listing here adds future decision options without approving them and does not change `CONDITIONAL_GO`, C-06, G-02, or M12.
docs/ai-plan/DECISIONS.md:1088:- **D-021 (PROPOSED) — PrimeVue build resolver / generated registry lane (C-06 R2/R5):** move `PrimeVueResolver` into a governed build package or change the `unplugin-vue-components` resolver/registry so generated types reference `@ccd/vue-ui`/adapter facades, then regenerate `components.d.ts`. Decision owner: operator + owner. Risk: high. Not approved.
docs/ai-plan/DECISIONS.md:1104:| D-021 (build resolver / generated registry R2/R5) | NO_DECISION        | PROPOSED      |
docs/ai-plan/DECISIONS.md:1123:| D-021 (build resolver / generated registry R2/R5) | APPROVED           | APPROVED      | D-021 build resolver/generated registry boundary |
docs/ai-plan/DECISIONS.md:1139:- Remaining scope: C-06 still has 3 exact rows plus the showcase exception. D-021, D-022, D-023, and D-024 remain approved but not yet executed in this entry.
apps/web-demo/build/plugins.ts:9:import { PrimeVueResolver } from '@primevue/auto-import-resolver'
apps/web-demo/build/plugins.ts:171:      dts: 'src/types/components.d.ts',
apps/web-demo/build/plugins.ts:178:      resolvers: [sharedArchitectureComponentResolver(), PrimeVueResolver()],
scripts/lint-staged-safe.mjs:5:  'apps/web-demo/src/types/components.d.ts',
scripts/lint-staged-safe.mjs:7:  'src/types/components.d.ts',
docs/ai-plan/PLAN.md:26:| D-021                     | Build resolver/generated registry boundary for R2/R5    | `TODO` | `docs/ai-runs/<timestamp>-ccd-full-remediation-d021-generated-registry/`     |
docs/ai-plan/PLAN.md:34:D-020 result: desktop and web PrimeVue bootstrap installs now use `@ccd/vue-primevue-adapter` `installPrimeVueRuntime()`; the R1/R4 app exact allowlist rows were removed after guard validation. C-06 remains open for D-021 R2/R5, D-022 R3, and D-024 showcase cleanup.
ccd-full-architecture-remediation-plan-package/ccd-full-architecture-remediation-plan-package/FULL_PLANNING_SYSTEM.md:261:### FR-02 PrimeVue build resolver and generated registry residuals
ccd-full-architecture-remediation-plan-package/ccd-full-architecture-remediation-plan-package/FULL_PLANNING_SYSTEM.md:293:- Application bootstrap, generated registry, and global shell changes require focused migration and validation.
ccd-full-architecture-remediation-plan-package/ccd-full-architecture-remediation-plan-package/FULL_PLANNING_SYSTEM.md:405:- Out of scope: Build resolver, generated registry, global shell, showcase.
ccd-full-architecture-remediation-plan-package/ccd-full-architecture-remediation-plan-package/FULL_PLANNING_SYSTEM.md:441:## M2 — D-021 PrimeVue build resolver and generated registry lane
ccd-full-architecture-remediation-plan-package/ccd-full-architecture-remediation-plan-package/FULL_PLANNING_SYSTEM.md:444:- Name: Build resolver and generated registry ownership
ccd-full-architecture-remediation-plan-package/ccd-full-architecture-remediation-plan-package/FULL_PLANNING_SYSTEM.md:445:- Purpose: Resolve R2/R5 residual rows if generator/resolver ownership can move behind governed adapter/tooling boundaries.
ccd-full-architecture-remediation-plan-package/ccd-full-architecture-remediation-plan-package/FULL_PLANNING_SYSTEM.md:446:- Preconditions: M0 complete; D-021 explicitly APPROVED.
ccd-full-architecture-remediation-plan-package/ccd-full-architecture-remediation-plan-package/FULL_PLANNING_SYSTEM.md:447:- Scope: `apps/web-demo/build/plugins.ts`, `apps/web-demo/src/types/components.d.ts`, resolver/generator configuration.
ccd-full-architecture-remediation-plan-package/ccd-full-architecture-remediation-plan-package/FULL_PLANNING_SYSTEM.md:448:- Out of scope: Manual editing of generated registry.
ccd-full-architecture-remediation-plan-package/ccd-full-architecture-remediation-plan-package/FULL_PLANNING_SYSTEM.md:455:- Objective: Identify owning generator for `components.d.ts` and PrimeVueResolver.
ccd-full-architecture-remediation-plan-package/ccd-full-architecture-remediation-plan-package/FULL_PLANNING_SYSTEM.md:468:- Acceptance criteria: build output and generated registry remain stable.
ccd-full-architecture-remediation-plan-package/ccd-full-architecture-remediation-plan-package/FULL_PLANNING_SYSTEM.md:510:- Out of scope: production app plugin and generated registry.
ccd-full-architecture-remediation-plan-package/ccd-full-architecture-remediation-plan-package/FULL_PLANNING_SYSTEM.md:837:## D-021 — PrimeVue build resolver and generated registry lane
ccd-full-architecture-remediation-plan-package/ccd-full-architecture-remediation-plan-package/FULL_PLANNING_SYSTEM.md:840:- Target residual debt: C-06 R2/R5 build resolver and generated registry.
docs/ai-plan/FINAL_GO_NO_GO.md:7:- P26 reconciliation status: `P26_D020_PRIMEVUE_BOOTSTRAP_DONE` — D-020 executed; desktop and web PrimeVue bootstrap installs now use adapter-owned `installPrimeVueRuntime()`; direct `primevue/config` app imports removed for R1/R4; exact allowlist reduced 5 → 3 after guard validation; C-06 still open for R2/R3/R5 plus showcase, G-02 remains 78, M12 remains `PARTIAL`, and full GO remains unauthorized.
docs/ai-plan/FINAL_GO_NO_GO.md:41:P25 (2026-06-01) recorded a fresh owner instruction approving and authorizing execution of D-020, D-021, D-022, D-023, and D-024. The approval unlocks bounded implementation lanes for PrimeVue bootstrap install ownership, build resolver/generated registry ownership, AppPrimeVueGlobals global-shell facade ownership, G-02 owner/operator/product closure, and showcase cleanup. P25 itself is baseline and approval capture only: no runtime source, allowlist, repair-ledger checkbox, package manifest, or lockfile changed; C-06 remains 5 exact rows plus showcase; G-02 remains 78 open tasks; M12 remains `PARTIAL`; `CONDITIONAL_GO` remains current until final reassessment. Evidence: P25 directory.
docs/ai-plan/FINAL_GO_NO_GO.md:43:P26 (2026-06-01) executed D-020. It added `installPrimeVueRuntime()` to `@ccd/vue-primevue-adapter`, migrated the desktop and web app PrimeVue bootstrap installs to that adapter-owned API, preserved web dialog runtime provide ownership, and removed the two matching app exact allowlist rows after guard validation. C-06 is reduced from 5 exact rows plus showcase to 3 exact rows plus showcase. D-021, D-022, D-023, and D-024 remain approved but not yet executed. `CONDITIONAL_GO` remains current until the remaining residual lanes and final validation matrix close.
docs/ai-plan/FINAL_GO_NO_GO.md:47:P23 (2026-06-01) produced the final owner-reviewable residual debt register after P17–P22 without implementing any source change. It consolidated the remaining C-06 exact allowlist rows (5: R1 desktop install, R2 build resolver, R3 global shell, R4 web install, R5 generated registry) plus the long-lived showcase exception, the G-02 task groups (P1-Guard ×8, P2-Vite8 ×8, P2-Deps ×7, P2-GitHub ×2, P3-Login ×47, P4-Deferred ×6 = 78), the M12 `PARTIAL` slices, and the explicit full-GO blockers. It recorded a future owner decision menu (D-020 bootstrap install adapter R1/R4, D-021 build resolver/generated registry R2/R5, D-022 global shell facade R3, D-023 G-02 operator/product closure wave, D-024 showcase exception cleanup) as **`PROPOSED` only**. P21/P22 already confirmed no safe unapproved reduction remains, so further progress requires explicit owner/operator/product decisions. Outcome **`P23_RESIDUAL_DEBT_REGISTERED`** — no runtime source, `scripts/ai-architecture-guard.mjs` allowlist, `.ai/runtime/repair_list.md` checkbox, package manifest, or lockfile change; `CONDITIONAL_GO` unchanged; full GO still unauthorized; push not performed. Evidence: P23 directory (`reports/residual-debt-register.md`, `reports/future-owner-decision-menu.md`).
docs/ai-plan/FINAL_GO_NO_GO.md:51:P21 (2026-06-01) reviewed the five remaining bootstrap/generated exact allowlist rows after P20: desktop plugin install, web-demo build `PrimeVueResolver`, `AppPrimeVueGlobals` global shell, web `setupPrimeVue` plugin install, and generator-owned `components.d.ts`. None met P21 single-row safe-reduction criteria (plugin install needs paired adapter bootstrap API; build/registry rows need generator/build lanes; global shell needs overlay facades). Outcome **`P21_NO_SAFE_RESIDUAL_REDUCTION`** — exact allowlist stays **5**; showcase untouched; C-06/M12/G-02/CONDITIONAL_GO unchanged. Initial local validation was blocked by inherited P20 `CcdTag` api-surface-report drift; P21a later closed that generated sync debt through owning commands. Evidence: P21 directory.
docs/ai-plan/FINAL_GO_NO_GO.md:71:| `C-06`                  | `OPEN` (owner-accepted residual) | 3 generated/global-shell exact rows + showcase after P26; D-021/D-022/D-024 remain required for full closure.                                     |
docs/ai-plan/STATUS.md:51:- P26 reconciliation: `P26_D020_PRIMEVUE_BOOTSTRAP_DONE` (D-020 executed; app PrimeVue bootstrap installs now use `@ccd/vue-primevue-adapter`; exact allowlist 5 → 3; C-06 still open for R2/R3/R5 + showcase).
docs/ai-plan/STATUS.md:70:- Full GO is not authorized yet; D-021–D-024 execution remains authorized, but final GO requires evidence-backed residual closure plus the final validation matrix.
docs/ai-plan/STATUS.md:122:| `C-06`   | `OPEN` (owner-accepted residual) | 3 exact allowlist + showcase; P26 closed R1/R4 bootstrap installs; R2/R3/R5 + showcase remain for D-021/D-022/D-024 |
docs/ai-plan/STATUS.md:131:| `C-06`      | `OPEN` (owner-accepted residual) | 3 generated/global-shell exact rows + showcase remain after P26; further reduction requires D-021/D-022/D-024 execution |
ccd-full-architecture-remediation-plan-package/ccd-full-architecture-remediation-plan-package/docs/ai-plan/DECISIONS.md:54:## D-021 — PrimeVue build resolver and generated registry lane
ccd-full-architecture-remediation-plan-package/ccd-full-architecture-remediation-plan-package/docs/ai-plan/DECISIONS.md:57:- Target residual debt: C-06 R2/R5 build resolver and generated registry.
docs/ai-plan/ARCHITECTURE_ISSUE_REPAIR_LOG.md:717:- M5 planning outcome: No allowlist row can be removed safely without source migration; future reductions are grouped by plugin/global shell, generated registry, showcase exception, ProForm/ProTable/Dialog wrappers, and exact legacy/demo entries.
docs/ai-plan/ARCHITECTURE_ISSUE_REPAIR_LOG.md:722:- P20 reduction: PrimeVue exact allowlist reduced from 6 → 5 rows. The direct `primevue/tag` import in the example page `apps/web-demo/src/views/example/hooks/use-app-element-size.vue` was migrated to the governed `@ccd/vue-ui` `CcdTag` wrapper (added via `createCcdPrimeControl` with minimal spec); template/TSX Tag usages switched to `CcdTag`; the matching row was removed from `approvedPrimeVueAppImportFiles`. Presentational props only, full validation green, auto-imports diff empty. Remaining 5 exact rows are owner-accepted residual debt: desktop plugin bootstrap, web-demo build plugins, AppPrimeVueGlobals global shell, primevue plugin config, generated `components.d.ts`. Showcase exception (`primevue-collection/**`) untouched.
docs/ai-plan/ARCHITECTURE_ISSUE_REPAIR_LOG.md:723:- P21 review: PrimeVue exact allowlist unchanged at **5** rows (`P21_NO_SAFE_RESIDUAL_REDUCTION`). All five remaining rows are bootstrap plugin install (desktop + web), build-time `PrimeVueResolver`, global shell (`AppPrimeVueGlobals`), or generator-owned `components.d.ts`. None qualify for a single-row narrow slice without M6 Option C bootstrap API, build/generator lane, or global-shell facades. No runtime or guard changes. Initial local validation was blocked by inherited P20 `CcdTag` api-surface-report drift; P21a later closed that generated sync debt. Evidence: `docs/ai-runs/20260601-211500-ccd-p21-c06-bootstrap-generated-residual-review/`.
docs/ai-plan/ARCHITECTURE_ISSUE_REPAIR_LOG.md:726:- P25 approval: PrimeVue exact allowlist unchanged at **5** rows in the baseline lane. Owner approved D-020 (R1/R4), D-021 (R2/R5), D-022 (R3), D-023 (G-02), and D-024 (showcase) for bounded execution. No source/allowlist/manifest/lockfile/checkbox change occurred in P25; C-06 remains `OPEN` until implementation lanes land; full GO remains unauthorized pending final validation.
docs/ai-plan/ARCHITECTURE_ISSUE_REPAIR_LOG.md:727:- P23 final register: PrimeVue exact allowlist unchanged at **5** rows. P23 produced the final owner-reviewable residual debt register (`docs/ai-runs/20260601-173110-ccd-p23-conditional-go-residual-debt-final-review/reports/residual-debt-register.md`) mapping R1 desktop install / R2 build resolver / R3 global shell / R4 web install / R5 generated registry to future lanes D-020 (R1/R4), D-021 (R2/R5), D-022 (R3). No source/allowlist/manifest/lockfile/checkbox change. C-06 remains `OPEN` owner-accepted residual debt; full GO remains unauthorized.
docs/ai-plan/ARCHITECTURE_ISSUE_REPAIR_LOG.md:728:- Residual risk: New direct imports may require owner allowlist updates. Remaining 3 exact rows are generated/build/global-shell surfaces for D-021 and D-022, plus the D-024 showcase exception; full GO remains unauthorized until later lanes and final validation.
docs/ai-plan/ARCHITECTURE_ISSUE_REPAIR_LOG.md:1928:- implementation result: built `reports/residual-debt-register.md` (C-06 5 exact rows R1–R5 + showcase; G-02 task groups P1-Guard ×8 / P2-Vite8 ×8 / P2-Deps ×7 / P2-GitHub ×2 / P3-Login ×47 / P4-Deferred ×6 = 78; M12 `PARTIAL` slices; full-GO blockers with exact clear conditions) and `reports/future-owner-decision-menu.md` (D-020–D-024, all `PROPOSED`). P21/P22 already confirmed no safe unapproved reduction remains on either surface.
.ai/rules/components/00-primevue-ecosystem.mdc:34:> Source of truth: `src/types/components.d.ts` (auto-generated registry).
.ai/rules/components/00-primevue-ecosystem.mdc:173:3. Unsure about v4 name? → Check `src/types/components.d.ts`.
ccd-full-architecture-remediation-plan-package/ccd-full-architecture-remediation-plan-package/docs/ai-plan/NEXT_ACTIONS.md:11:## If D-021 is approved
ccd-full-architecture-remediation-plan-package/ccd-full-architecture-remediation-plan-package/docs/ai-plan/NEXT_ACTIONS.md:13:Run M2 build resolver/generated registry lane.
ccd-full-architecture-remediation-plan-package/ccd-full-architecture-remediation-plan-package/docs/ai-plan/SPEC.md:37:### FR-02 PrimeVue build resolver and generated registry residuals
ccd-full-architecture-remediation-plan-package/ccd-full-architecture-remediation-plan-package/docs/ai-plan/SPEC.md:69:- Application bootstrap, generated registry, and global shell changes require focused migration and validation.
ccd-full-architecture-remediation-plan-package/ccd-full-architecture-remediation-plan-package/docs/ai-plan/PLAN.md:48:- Out of scope: Build resolver, generated registry, global shell, showcase.
ccd-full-architecture-remediation-plan-package/ccd-full-architecture-remediation-plan-package/docs/ai-plan/PLAN.md:84:## M2 — D-021 PrimeVue build resolver and generated registry lane
ccd-full-architecture-remediation-plan-package/ccd-full-architecture-remediation-plan-package/docs/ai-plan/PLAN.md:87:- Name: Build resolver and generated registry ownership
ccd-full-architecture-remediation-plan-package/ccd-full-architecture-remediation-plan-package/docs/ai-plan/PLAN.md:88:- Purpose: Resolve R2/R5 residual rows if generator/resolver ownership can move behind governed adapter/tooling boundaries.
ccd-full-architecture-remediation-plan-package/ccd-full-architecture-remediation-plan-package/docs/ai-plan/PLAN.md:89:- Preconditions: M0 complete; D-021 explicitly APPROVED.
ccd-full-architecture-remediation-plan-package/ccd-full-architecture-remediation-plan-package/docs/ai-plan/PLAN.md:90:- Scope: `apps/web-demo/build/plugins.ts`, `apps/web-demo/src/types/components.d.ts`, resolver/generator configuration.
ccd-full-architecture-remediation-plan-package/ccd-full-architecture-remediation-plan-package/docs/ai-plan/PLAN.md:91:- Out of scope: Manual editing of generated registry.
ccd-full-architecture-remediation-plan-package/ccd-full-architecture-remediation-plan-package/docs/ai-plan/PLAN.md:98:- Objective: Identify owning generator for `components.d.ts` and PrimeVueResolver.
ccd-full-architecture-remediation-plan-package/ccd-full-architecture-remediation-plan-package/docs/ai-plan/PLAN.md:111:- Acceptance criteria: build output and generated registry remain stable.
ccd-full-architecture-remediation-plan-package/ccd-full-architecture-remediation-plan-package/docs/ai-plan/PLAN.md:153:- Out of scope: production app plugin and generated registry.
.ai/rules/core/07-vue-auto-imports.mdc:14:- `src/types/components.d.ts` — Component globals
.ai/rules/core/07-vue-auto-imports.mdc:90:All **PrimeVue v4 components** are resolved via `PrimeVueResolver()` — no import needed.
.ai/rules/integrations/06-adapters-infra.mdc:22:- **Root Files:** Files like `auto-imports.d.ts`, `components.d.ts`, and `env.d.ts` are Vite/TS toolchain outputs. **NEVER move or manually modify them.**
scripts/drift-check.mjs:223:    if (!content.includes('PrimeVueResolver()')) {
scripts/drift-check.mjs:225:        'apps/web-demo/build/plugins.ts: Components.resolvers 需包含 PrimeVueResolver() 以保持 PrimeVue 组件按需引入。'
scripts/ai-architecture-guard.mjs:142:  'apps/web-demo/src/types/components.d.ts',
apps/web-demo/build/plugins.ts:9:import { PrimeVueResolver } from '@primevue/auto-import-resolver'
apps/web-demo/build/plugins.ts:171:      dts: 'src/types/components.d.ts',
apps/web-demo/build/plugins.ts:178:      resolvers: [sharedArchitectureComponentResolver(), PrimeVueResolver()],

[exit:0]
