$ git diff -- apps/web-demo/src/types/components.d.ts apps/web-demo/src/types/auto-imports.d.ts
diff --git a/apps/web-demo/src/types/auto-imports.d.ts b/apps/web-demo/src/types/auto-imports.d.ts
index 793816b9..a6151e7a 100644
--- a/apps/web-demo/src/types/auto-imports.d.ts
+++ b/apps/web-demo/src/types/auto-imports.d.ts
@@ -402,41 +402,16 @@ declare global {
 // for type re-export
 declare global {
   // @ts-ignore
-  export type {
-    Component,
-    Slot,
-    Slots,
-    ComponentPublicInstance,
-    ComputedRef,
-    DirectiveBinding,
-    ExtractDefaultPropTypes,
-    ExtractPropTypes,
-    ExtractPublicPropTypes,
-    InjectionKey,
-    PropType,
-    Ref,
-    ShallowRef,
-    MaybeRef,
-    MaybeRefOrGetter,
-    VNode,
-    WritableComputedRef,
-  } from 'vue'
+  export type { Component, Slot, Slots, ComponentPublicInstance, ComputedRef, DirectiveBinding, ExtractDefaultPropTypes, ExtractPropTypes, ExtractPublicPropTypes, InjectionKey, PropType, Ref, ShallowRef, MaybeRef, MaybeRefOrGetter, VNode, WritableComputedRef } from 'vue'
   import('vue')
   // @ts-ignore
   export type { TableDrawerState } from '../stores/modules/ui/tableDrawer'
   import('../stores/modules/ui/tableDrawer')
   // @ts-ignore
-  export type {
-    BreadcrumbChildItem,
-    AdminBreadcrumbItem,
-  } from '../hooks/layout/useAdminBreadcrumbs'
+  export type { BreadcrumbChildItem, AdminBreadcrumbItem } from '../hooks/layout/useAdminBreadcrumbs'
   import('../hooks/layout/useAdminBreadcrumbs')
   // @ts-ignore
-  export type {
-    ContextMenuAction,
-    ContextMenuState,
-    UseAdminTabsReturn,
-  } from '../hooks/layout/useAdminTabs'
+  export type { ContextMenuAction, ContextMenuState, UseAdminTabsReturn } from '../hooks/layout/useAdminTabs'
   import('../hooks/layout/useAdminTabs')
   // @ts-ignore
   export type { UseLayoutRuntimeReturn } from '../hooks/layout/useLayoutRuntime'

[exit:0]
