$ find docs/generated .ai/generated .ai/governance/api-snapshots -type f | sort | xargs shasum
f4ce06cc7027fa32118a7e7c36b8eec72fdb905c  .ai/generated/architecture-snapshot.json
59e757d38bb0ae77be241226ae0ebab02e863c6e  .ai/generated/governance-report.json
fe1f04dc7d73b132b8ee653514e53ec728c407a9  .ai/governance/api-snapshots/ccd__contracts.json
53371ad49e188629c25f55899af05fa70b20bf8d  .ai/governance/api-snapshots/ccd__core.json
ee7a65df368408171e8f5fe18a081b1186930b8f  .ai/governance/api-snapshots/ccd__design-tokens.json
30bfd4b315ee81c2d75b30c890f283e7044b1f3f  .ai/governance/api-snapshots/ccd__desktop.json
e7db92a6db4da071243983987b06ed3337c729c1  .ai/governance/api-snapshots/ccd__shared-utils.json
243509ecb191d210ab69add7fd950aa09bdfe171  .ai/governance/api-snapshots/ccd__unocss-preset.json
a67bf1746e382731b0158b5b325ce17257ba725f  .ai/governance/api-snapshots/ccd__vue-app-platform.json
8d664778b76a87aaacf98b3f1df9b14ff70ba669  .ai/governance/api-snapshots/ccd__vue-charts.json
fc605d084b1ac3837362a5e01168c37ae9f8eea9  .ai/governance/api-snapshots/ccd__vue-hooks.json
5af03d6895c878498e460276d707cc80461851eb  .ai/governance/api-snapshots/ccd__vue-primevue-adapter.json
83495db91a489d11a61f1989a5ace07dac07d37d  .ai/governance/api-snapshots/ccd__vue-ui.json
00f8fa8de2e0ad8ae4f054954bc5613665042a4a  .ai/governance/api-snapshots/ccd__web-demo.json
37d237f17f9013991110cbf7bc9c374973752d17  docs/generated/api-surface-report.json
5fbbc6c783230c42ebcbc40fe4f72707313c3f2b  docs/generated/api-surface-report.md
df7a0ea98f6cc09e54b22fa088ccc82086c901a3  docs/generated/architecture-overview.md
147d098970328895708e1f474697eefa587be562  docs/generated/diagrams/adapter-topology.mmd
96969f6226893d1cd3458e7273166d3dbebe78eb  docs/generated/diagrams/governance-topology.mmd
b263ed7f70bdda5d03cbebb6f42b08ccb2933c8d  docs/generated/diagrams/runtime-topology.mmd
41998dcde717b78ba87c78b1d8c869c528b901ca  docs/generated/governance-report.md
a2b41f8878d4af6fd69d8e6bfe3e05cf685e3e17  docs/generated/graphs/README.md
638c4b1b43c2364bcd0dca92ebdc6ce6cc432313  docs/generated/graphs/dependency-graph.json
6405ef7d70a2ee292709442e05c713461f15bd8f  docs/generated/graphs/environment-dependency-graph.mmd
d7af08a3d54d9a0299f63e31d972aae75746a069  docs/generated/graphs/package-dependency-graph.mmd
266b6194c1b7699e0f31bf66f3ef23c273a86d1a  docs/generated/graphs/package-ownership-graph.mmd
5c8c0982f61a2decdc4a9a4609c894082fc2fe09  docs/generated/graphs/runtime-boundary-graph.mmd
571410a06caeb5765f5be666cf03e633dbae7f1d  docs/generated/graphs/runtime-execution-graph.mmd
d03332d9d723852becad262d53e62097bcb7db5d  docs/generated/graphs/turbo-task-graph.mmd
d9a06b66b8de811d8301b4d200a4d77114f2dcb2  docs/generated/graphs/workspace-graph.mmd
be56968011cf975caa5093322a192d5bc3f426d9  docs/generated/release/release-audit-report.json
9fd4c21591ddbf7a55c7f0bb904cecec143b8ab9  docs/generated/release/release-audit-report.md
cec497c4cb2b9c0250f009b24c5edaf415180bba  docs/generated/sbom.json
