$ M6/M6a acceptance spot checks

# Required packets
B-07 packet present
C-06 packet present
M7-M14 lane split present
M6a diagnosis present

# Status markers
157:| B-07 | B | P1 | BLOCKED | crypto helper | app adapter or approved web-library package | `apps/web-demo/src/utils/safeStorage/crypto.ts` | app-only adapter or owner-approved web-library package | Web Crypto fallback helper is app-local and logger-coupled. | Could be moved to core incorrectly. | owner decision, then M7 | `pnpm arch:runtime`, web-demo tests | `docs/ai-runs/20260531-121402-ccd-m5-cleanup-planning/reports/safe-storage-plan.md`, `docs/ai-runs/20260531-130051-ccd-m6-owner-decision-packet/reports/b07-safe-storage-crypto-owner-decision.md` | `packages/contracts/src/crypto.ts`, `docs/ai-plan/DECISIONS.md` |  | M6 records proposed decision options only; B-07 remains blocked until explicit owner approval. |
168:| C-06 | C | P1 | OPEN | PrimeVue boundary | vue-ui/adapter/apps | `docs/en/architecture-contract.md`, `scripts/ai-architecture-guard.mjs` | `packages/vue-ui`, `packages/vue-primevue-adapter` | Direct app PrimeVue imports are governed by exact allowlists, generated typing, app shell/plugin exceptions, and the showcase exception. | New feature imports may bypass wrappers if not guarded. | M3, M4, M5, M12 | `pnpm ai:guard`, `pnpm api:report` | `docs/ai-runs/20260531-121402-ccd-m5-cleanup-planning/reports/primevue-allowlist-reduction-plan.md`, `docs/ai-runs/20260531-130051-ccd-m6-owner-decision-packet/reports/c06-primevue-allowlist-decision.md` | `docs/ai-plan/DECISIONS.md`, `scripts/ai-architecture-guard.mjs` |  | M6 records proposed reduction strategy only; C-06 remains open until owner-approved migration shrinks allowlists. |
193:| G-03 | G | P0 | BLOCKED | blockers | docs/ai-plan | `docs/ai-plan/STATUS.md`, `docs/ai-plan/FINAL_GO_NO_GO.md` | owner/operator decisions | Blockers remain for guard scope, Vite, dependencies, Login Diorama, final GO. | Architecture cannot be declared complete. | M14 | final go/no-go review | status scan | `docs/ai-plan/DECISIONS.md`, `.ai/runtime/owner_decisions.md` |  | Blocking decision owners must be named. |
7:- Status: `PROPOSED` | `APPROVED` | `REJECTED` | `SUPERSEDED` | `DEFERRED`
31:- Status: `PROPOSED`
64:- Status: `PROPOSED`
171:- Status: `PROPOSED`
339:## D-016 〔 B-07 safeStorage crypto owner decision
341:- Status: `PROPOSED`
398:## D-017 〔 C-06 PrimeVue allowlist reduction strategy
400:- Status: `PROPOSED`
457:- Status: `PROPOSED`
476:- Status: `PROPOSED`
540:- Status: `PROPOSED`
592:- Status: `PROPOSED`
610:- Status: `PROPOSED`
docs/ai-plan/ARCHITECTURE_ISSUE_REPAIR_LOG.md:82:- M6a reconciled the generated artifact sync blocker by making standalone generated-output commands and the governance gate use the same canonical formatting. `pnpm validate:governance` now passes; M6 final status is `M6_DECISION_PACKET_READY`.
docs/ai-plan/ARCHITECTURE_ISSUE_REPAIR_LOG.md:1449:- expected final status: `M6_DECISION_PACKET_READY`; `B-07` remains `BLOCKED`, `C-06` remains `OPEN`
docs/ai-plan/ARCHITECTURE_ISSUE_REPAIR_LOG.md:1459:- result: `M6A_GOVERNANCE_SYNC_RECONCILED`; M6 final status is `M6_DECISION_PACKET_READY`.
docs/ai-runs/20260531-135533-ccd-m6a-governance-generated-sync-reconciliation/reports/summary.md:62:`M6A_GOVERNANCE_SYNC_RECONCILED`
docs/ai-runs/20260531-135533-ccd-m6a-governance-generated-sync-reconciliation/reports/summary.md:64:M6 can be reported as `M6_DECISION_PACKET_READY`: decision packets remain `PROPOSED`, `B-07` remains `BLOCKED`, `C-06` remains `OPEN`, and generated sync validation now passes locally without committing, staging, resetting, or cleaning.
docs/ai-runs/20260531-130051-ccd-m6-owner-decision-packet/reports/summary.md:78:M6a status: `M6A_GOVERNANCE_SYNC_RECONCILED`.
docs/ai-runs/20260531-130051-ccd-m6-owner-decision-packet/reports/summary.md:89:`M6_DECISION_PACKET_READY`

# Forbidden source/manifest diffs for M6a scope

exit_code=0
