
> ccd@1.0.38 ci:smoke:packages /Users/cc/MyPorject/ccd
> node scripts/ci/package-resolution-smoke.mjs

[smoke] @ccd/contracts resolved OK
[smoke] @ccd/core resolved OK
[smoke] @ccd/design-tokens resolved OK
[smoke] @ccd/design-tokens/theme-engine resolved OK
[smoke] @ccd/unocss-preset resolved OK
[smoke] @ccd/vue-ui resolved OK
[smoke] @ccd/vue-charts resolved OK
[smoke] packages/contracts/dist/index.d.ts exists
[smoke] packages/core/dist/index.d.ts exists
[smoke] packages/design-tokens/dist/index.d.ts exists
[smoke] packages/design-tokens/dist/theme-engine/index.d.ts exists
[smoke] packages/design-tokens/dist/theme-engine/index.js exists
[smoke] packages/unocss-preset/dist/index.d.ts exists
[smoke] packages/vue-ui/dist/index.d.ts exists
[smoke] packages/vue-ui/dist/index.js exists
[smoke] packages/vue-charts/dist/index.d.ts exists
[smoke] packages/vue-charts/dist/index.js exists
[smoke] All package resolution checks passed
