$ sed -n 1,220p apps/web-demo/src/plugins/modules/primevue.ts
import type { App } from 'vue'
import PrimeVue from 'primevue/config'
import { primevueZhCN } from '@/locales/primevue-zh-CN'
import { PRIMEVUE_LOCALE_MAP } from '@/locales/primevue-locales'
import { t, type SupportedLocale } from '@/locales'
import store from '@/stores'
import { useDeviceStore, useLocaleStore } from '@/stores/modules/system'
import { useSizeStore } from '@/stores/modules/system'
import { createPrimeVueAdapterConfig, installPrimeVueServices } from '@ccd/vue-primevue-adapter'
import { PRIME_DIALOG_RUNTIME_CONFIG_KEY } from '@ccd/vue-ui'

/**
 * Register PrimeVue v4 (Styled Mode)
 * Uses @primeuix/themes with a custom preset adapted to this template's design system.
 * Locale 按当前系统语言设置，运行时切换由 AppPrimeVueGlobals.vue 的 watch 同步。
 */
export function setupPrimeVue(app: App) {
  const sizeStore = useSizeStore()
  const deviceStore = useDeviceStore(store)
  const localeStore = useLocaleStore(store)
  const initialLocale: SupportedLocale = localeStore.locale
  const initialPrimeLocale = PRIMEVUE_LOCALE_MAP[initialLocale] ?? primevueZhCN

  app.use(
    PrimeVue,
    createPrimeVueAdapterConfig({
      sizeSource: sizeStore,
      locale: initialPrimeLocale,
    })
  )

  installPrimeVueServices(app)
  app.provide(PRIME_DIALOG_RUNTIME_CONFIG_KEY, {
    translate: t,
    isDialogDraggable: () => deviceStore.isPCLayout || deviceStore.isTabletLayout,
  })
}

[exit_code] 0
