$ pnpm type-check

> ccd@1.0.38 type-check /Users/cc/MyPorject/ccd
> turbo run type-check

• turbo 2.9.14

   • Packages in scope: @ccd/contracts, @ccd/core, @ccd/design-tokens, @ccd/desktop, @ccd/shared-utils, @ccd/unocss-preset, @ccd/vue-app-platform, @ccd/vue-charts, @ccd/vue-hooks, @ccd/vue-primevue-adapter, @ccd/vue-ui, @ccd/web-demo
   • Running type-check in 12 packages
   • Remote caching disabled

@ccd/design-tokens:type-check: cache miss, executing 19cd20e59de0b4b0
@ccd/contracts:build: cache miss, executing 3e30d9d938bd9f50
@ccd/shared-utils:type-check: cache miss, executing 8013348b95c1b094
@ccd/shared-utils:build: cache miss, executing c58c1bcf00f8630c
@ccd/contracts:type-check: cache miss, executing 8c18d06925e0f6fa
@ccd/design-tokens:build: cache miss, executing 7c5d25eebc043c1e
@ccd/design-tokens:build:
@ccd/design-tokens:build: > @ccd/design-tokens@1.0.38 build /Users/cc/MyPorject/ccd/packages/design-tokens
@ccd/design-tokens:build: > rm -f ../../node_modules/.tmp/packages-design-tokens.tsbuildinfo && tsc -p tsconfig.json
@ccd/design-tokens:build:
@ccd/contracts:type-check:
@ccd/contracts:type-check: > @ccd/contracts@1.0.38 type-check /Users/cc/MyPorject/ccd/packages/contracts
@ccd/contracts:type-check: > tsc -p tsconfig.json --noEmit
@ccd/contracts:type-check:
@ccd/shared-utils:build:
@ccd/shared-utils:build: > @ccd/shared-utils@1.0.38 build /Users/cc/MyPorject/ccd/packages/shared-utils
@ccd/shared-utils:build: > rm -f ../../node_modules/.tmp/packages-shared-utils.tsbuildinfo && tsc -p tsconfig.json
@ccd/shared-utils:build:
@ccd/shared-utils:type-check:
@ccd/shared-utils:type-check: > @ccd/shared-utils@1.0.38 type-check /Users/cc/MyPorject/ccd/packages/shared-utils
@ccd/shared-utils:type-check: > tsc -p tsconfig.json --noEmit
@ccd/shared-utils:type-check:
@ccd/contracts:build:
@ccd/contracts:build: > @ccd/contracts@1.0.38 build /Users/cc/MyPorject/ccd/packages/contracts
@ccd/contracts:build: > rm -rf dist && rm -f ../../node_modules/.tmp/packages-contracts.tsbuildinfo && tsc -b tsconfig.json --force
@ccd/contracts:build:
@ccd/design-tokens:type-check:
@ccd/design-tokens:type-check: > @ccd/design-tokens@1.0.38 type-check /Users/cc/MyPorject/ccd/packages/design-tokens
@ccd/design-tokens:type-check: > tsc -p tsconfig.json --noEmit
@ccd/design-tokens:type-check:
@ccd/core:build: cache miss, executing 21a605a27295ca65
@ccd/core:type-check: cache miss, executing b89bbaea2e0a4de1
@ccd/core:type-check:
@ccd/core:type-check: > @ccd/core@1.0.38 type-check /Users/cc/MyPorject/ccd/packages/core
@ccd/core:type-check: > tsc -p tsconfig.json --noEmit
@ccd/core:type-check:
@ccd/core:build:
@ccd/core:build: > @ccd/core@1.0.38 build /Users/cc/MyPorject/ccd/packages/core
@ccd/core:build: > rm -rf dist && rm -f ../../node_modules/.tmp/packages-core.tsbuildinfo && tsc -b tsconfig.json --force
@ccd/core:build:
@ccd/vue-hooks:type-check: cache miss, executing 5f76a27726b5e8f9
@ccd/vue-hooks:build: cache miss, executing 82b55e057cdc67ce
@ccd/vue-charts:build: cache miss, executing b5a7a30fe3bc0806
@ccd/vue-app-platform:type-check: cache miss, executing 052ed76d1e3cfe11
@ccd/vue-app-platform:build: cache miss, executing 7f8ef1bc04118f32
@ccd/vue-primevue-adapter:build: cache miss, executing eeadc307a8d8fb7a
@ccd/vue-charts:type-check: cache miss, executing 55ae5b54dba6971d
@ccd/vue-primevue-adapter:type-check: cache miss, executing 29bdb58ae5996f53
@ccd/unocss-preset:build: cache miss, executing f567516fda2d5561
@ccd/vue-hooks:type-check:
@ccd/vue-hooks:type-check: > @ccd/vue-hooks@1.0.38 type-check /Users/cc/MyPorject/ccd/packages/vue-hooks
@ccd/vue-hooks:type-check: > tsc -p tsconfig.json --noEmit
@ccd/vue-hooks:type-check:
@ccd/unocss-preset:type-check: cache miss, executing 0c654b0f70c005c2
@ccd/vue-hooks:build:
@ccd/vue-hooks:build: > @ccd/vue-hooks@1.0.38 build /Users/cc/MyPorject/ccd/packages/vue-hooks
@ccd/vue-hooks:build: > rm -f ../../node_modules/.tmp/packages-vue-hooks.tsbuildinfo && tsc -p tsconfig.json
@ccd/vue-hooks:build:
@ccd/vue-charts:type-check:
@ccd/vue-charts:type-check: > @ccd/vue-charts@1.0.38 type-check /Users/cc/MyPorject/ccd/packages/vue-charts
@ccd/vue-charts:type-check: > vue-tsc -p tsconfig.json --noEmit
@ccd/vue-charts:type-check:
@ccd/vue-charts:build:
@ccd/vue-charts:build: > @ccd/vue-charts@1.0.38 build /Users/cc/MyPorject/ccd/packages/vue-charts
@ccd/vue-charts:build: > rm -rf dist && rm -f ../../node_modules/.tmp/packages-vue-charts.tsbuildinfo && vite build --config vite.config.ts && vue-tsc -p tsconfig.build.json
@ccd/vue-charts:build:
@ccd/vue-primevue-adapter:type-check:
@ccd/vue-primevue-adapter:type-check: > @ccd/vue-primevue-adapter@1.0.38 type-check /Users/cc/MyPorject/ccd/packages/vue-primevue-adapter
@ccd/vue-primevue-adapter:type-check: > tsc -p tsconfig.json --noEmit
@ccd/vue-primevue-adapter:type-check:
@ccd/vue-primevue-adapter:build:
@ccd/vue-primevue-adapter:build: > @ccd/vue-primevue-adapter@1.0.38 build /Users/cc/MyPorject/ccd/packages/vue-primevue-adapter
@ccd/vue-primevue-adapter:build: > rm -f ../../node_modules/.tmp/packages-vue-primevue-adapter.tsbuildinfo && tsc -p tsconfig.json
@ccd/vue-primevue-adapter:build:
@ccd/vue-app-platform:build:
@ccd/vue-app-platform:build: > @ccd/vue-app-platform@1.0.38 build /Users/cc/MyPorject/ccd/packages/vue-app-platform
@ccd/vue-app-platform:build: > rm -f ../../node_modules/.tmp/packages-vue-app-platform.tsbuildinfo && tsc -p tsconfig.json
@ccd/vue-app-platform:build:
@ccd/vue-app-platform:type-check:
@ccd/vue-app-platform:type-check: > @ccd/vue-app-platform@1.0.38 type-check /Users/cc/MyPorject/ccd/packages/vue-app-platform
@ccd/vue-app-platform:type-check: > tsc -p tsconfig.json --noEmit
@ccd/vue-app-platform:type-check:
@ccd/unocss-preset:build:
@ccd/unocss-preset:build: > @ccd/unocss-preset@1.0.38 build /Users/cc/MyPorject/ccd/packages/unocss-preset
@ccd/unocss-preset:build: > rm -rf dist && rm -f ../../node_modules/.tmp/packages-unocss-preset.tsbuildinfo && tsc -p tsconfig.json
@ccd/unocss-preset:build:
@ccd/vue-charts:build: vite v7.3.3 building client environment for production...
@ccd/unocss-preset:type-check:
@ccd/unocss-preset:type-check: > @ccd/unocss-preset@1.0.38 type-check /Users/cc/MyPorject/ccd/packages/unocss-preset
@ccd/unocss-preset:type-check: > tsc -p tsconfig.json --noEmit
@ccd/unocss-preset:type-check:
@ccd/vue-charts:build: transforming...
@ccd/vue-charts:build: ✓ 46 modules transformed.
@ccd/vue-charts:build: rendering chunks...
@ccd/vue-charts:build: computing gzip size...
@ccd/vue-charts:build: dist/echarts-setup.js   0.07 kB │ gzip:  0.09 kB
@ccd/vue-charts:build: dist/index.js          89.94 kB │ gzip: 21.36 kB
@ccd/vue-charts:build: ✓ built in 548ms
@ccd/vue-ui:type-check: cache miss, executing c5cf29050b20e0f1
@ccd/vue-ui:build: cache miss, executing cb08db45a9ca8dea
@ccd/vue-ui:type-check:
@ccd/vue-ui:type-check: > @ccd/vue-ui@1.0.38 type-check /Users/cc/MyPorject/ccd/packages/vue-ui
@ccd/vue-ui:type-check: > vue-tsc -p tsconfig.json --noEmit
@ccd/vue-ui:type-check:
@ccd/vue-ui:build:
@ccd/vue-ui:build: > @ccd/vue-ui@1.0.38 build /Users/cc/MyPorject/ccd/packages/vue-ui
@ccd/vue-ui:build: > rm -rf dist && rm -f ../../node_modules/.tmp/packages-vue-ui.tsbuildinfo && vite build --config vite.config.ts && vue-tsc -p tsconfig.build.json
@ccd/vue-ui:build:
@ccd/vue-ui:build: vite v7.3.3 building client environment for production...
@ccd/vue-ui:build: transforming...
@ccd/vue-ui:build: ✓ 126 modules transformed.
@ccd/vue-ui:build: rendering chunks...
@ccd/vue-ui:build: computing gzip size...
@ccd/vue-ui:build: dist/vue-ui.css   19.53 kB │ gzip:  3.33 kB
@ccd/vue-ui:build: dist/index.js    231.44 kB │ gzip: 58.66 kB
@ccd/vue-ui:build: ✓ built in 525ms
@ccd/desktop:type-check: cache miss, executing 21b0237bc7cf16f0
@ccd/web-demo:type-check: cache miss, executing a505ed9b632d16cc
@ccd/desktop:type-check:
@ccd/desktop:type-check: > @ccd/desktop@1.0.38 type-check /Users/cc/MyPorject/ccd/apps/desktop
@ccd/desktop:type-check: > vue-tsc -p tsconfig.json --noEmit
@ccd/desktop:type-check:
@ccd/web-demo:type-check:
@ccd/web-demo:type-check: > @ccd/web-demo@1.0.38 type-check /Users/cc/MyPorject/ccd/apps/web-demo
@ccd/web-demo:type-check: > vue-tsc -p tsconfig.json --noEmit
@ccd/web-demo:type-check:

 Tasks:    22 successful, 22 total
Cached:    0 cached, 22 total
  Time:    10.988s


[exit_code=0]
