{
  "repo_root": "/Users/cc/MyPorject/ccd",
  "git": {
    "branch": "main",
    "origin": "git@github.com:ichichuang/ccd.git",
    "remotes": [
      "origin\tgit@github.com:ichichuang/ccd.git (fetch)",
      "origin\tgit@github.com:ichichuang/ccd.git (push)"
    ]
  },
  "github": {
    "exists": true,
    "workflows": [
      ".github/workflows/ci.yml",
      ".github/workflows/deploy.yml"
    ],
    "issue_templates": [
      ".github/ISSUE_TEMPLATE/bug_report.md",
      ".github/ISSUE_TEMPLATE/feature_request.md"
    ],
    "pull_request_templates": [
      ".github/PULL_REQUEST_TEMPLATE.md"
    ],
    "codeowners": [
      ".github/CODEOWNERS"
    ],
    "dependabot": [],
    "actions_configs": []
  }
}
