=== ls vue-charts ===
total 32
drwxr-xr-x  10 cc  staff  320 Jun  1 02:07 .
drwxr-xr-x  12 cc  staff  384 May 26 13:35 ..
drwxr-xr-x@  4 cc  staff  128 May 20 14:00 .turbo
drwxr-xr-x@ 11 cc  staff  352 Jun  1 02:07 dist
drwxr-xr-x  14 cc  staff  448 May 27 12:24 node_modules
-rw-r--r--@  1 cc  staff  983 May 27 12:59 package.json
drwxr-xr-x   9 cc  staff  288 May 20 15:02 src
-rw-r--r--@  1 cc  staff  295 May 27 13:49 tsconfig.build.json
-rw-r--r--@  1 cc  staff  575 May 27 14:18 tsconfig.json
-rw-r--r--   1 cc  staff  685 May 27 12:24 vite.config.ts
=== package.json ===
{
  "name": "@ccd/vue-charts",
  "version": "1.0.38",
  "private": true,
  "type": "module",
  "sideEffects": false,
  "exports": {
    ".": {
      "types": "./dist/index.d.ts",
      "import": "./dist/index.js",
      "default": "./dist/index.js"
    }
  },
  "scripts": {
    "build": "rm -rf dist && rm -f ../../node_modules/.tmp/packages-vue-charts.tsbuildinfo && vite build --config vite.config.ts && vue-tsc -p tsconfig.build.json",
    "type-check": "vue-tsc -p tsconfig.json --noEmit",
    "typecheck": "pnpm type-check",
    "test": "vitest run --passWithNoTests"
  },
  "dependencies": {
    "@ccd/design-tokens": "workspace:*",
    "@vueuse/core": "^13.9.0",
    "echarts": "^6.0.0",
    "vue": "^3.5.12",
    "vue-echarts": "^8.0.0",
    "vue-i18n": "^10.0.8"
  },
  "devDependencies": {
    "@vue/tsconfig": "^0.7.0",
    "typescript": "^5.8.3",
    "vue-tsc": "^2.2.10"
  },
  "main": "./dist/index.js",
  "module": "./dist/index.js",
  "types": "./dist/index.d.ts"
}
=== dist before (after rebuild) ===
packages/vue-charts/dist/UseEcharts/UseEcharts.vue.d.ts
packages/vue-charts/dist/UseEcharts/connectGroupRegistry.d.ts
packages/vue-charts/dist/UseEcharts/echarts-registry.d.ts
packages/vue-charts/dist/UseEcharts/echarts-render-core.d.ts
packages/vue-charts/dist/UseEcharts/echarts-setup.d.ts
packages/vue-charts/dist/UseEcharts/index.d.ts
packages/vue-charts/dist/UseEcharts/useChartElementSize.d.ts
packages/vue-charts/dist/UseEcharts/utils/constants.d.ts
packages/vue-charts/dist/UseEcharts/utils/types.d.ts
packages/vue-charts/dist/chartUtils.d.ts
packages/vue-charts/dist/echarts-adapter.d.ts
packages/vue-charts/dist/echarts-setup.js
packages/vue-charts/dist/guards.d.ts
packages/vue-charts/dist/index.d.ts
packages/vue-charts/dist/index.js
packages/vue-charts/dist/sizeMetrics.d.ts
packages/vue-charts/dist/useChartTheme/applyAxisStyles.d.ts
packages/vue-charts/dist/useChartTheme/applyBoxplotStyles.d.ts
packages/vue-charts/dist/useChartTheme/applyBrushStyles.d.ts
packages/vue-charts/dist/useChartTheme/applyCandlestickStyles.d.ts
=== vue-charts build ===
rendering chunks...
computing gzip size...
dist/echarts-setup.js   0.07 kB │ gzip:  0.09 kB
dist/index.js          89.94 kB │ gzip: 21.36 kB
✓ built in 216ms
=== dist after build ===
-rw-r--r--@ 1 cc  staff    576 Jun  1 02:07 packages/vue-charts/dist/index.d.ts
-rw-r--r--@ 1 cc  staff  89938 Jun  1 02:07 packages/vue-charts/dist/index.js
=== dist absent test ===
index.d.ts absent after rm
=== web-demo type-check without dist ===
src/views/example/system-configuration/size.vue(5,37): error TS2307: Cannot find module '@ccd/vue-charts' or its corresponding type declarations.
src/views/example/utils/color-utils.vue(11,38): error TS2307: Cannot find module '@ccd/vue-charts' or its corresponding type declarations.
/Users/cc/MyPorject/ccd/apps/web-demo:
 ERR_PNPM_RECURSIVE_RUN_FIRST_FAIL  @ccd/web-demo@1.0.38 type-check: `vue-tsc -p tsconfig.json --noEmit`
Exit status 2
=== rebuild vue-charts ===
dist/echarts-setup.js   0.07 kB │ gzip:  0.09 kB
dist/index.js          89.94 kB │ gzip: 21.36 kB
✓ built in 181ms
=== index.d.ts after rebuild ===
-rw-r--r--@ 1 cc  staff  576 Jun  1 02:07 packages/vue-charts/dist/index.d.ts
