=== git branch ===
main
=== git rev-parse ===
ab1d23d6
=== git log -12 ===
ab1d23d6 docs(architecture): 补充 P10c 剩余工作区分类与提交建议证据
06a949f3 docs(architecture): 闭合 P10 状态台账与提交后验证证据
a34d9a34 docs(governance): 同步 PrimeVue 规则中的 vue-ui 包路径
cd4cdccc docs(architecture): 同步 NO_GO 状态、问题台账与修复证据
9a91e1bc chore(governance): 同步架构治理策略与生成产物
68bc8acd chore(desktop): 收敛桌面应用 TypeScript 构建边界
1ddf1d5f refactor(web-demo): 收敛应用兼容门面与测试路径边界
c59c0727 refactor(platform): 抽取主题尺寸设备与布局纯能力到公共平台包
b12652c1 chore(tooling): 强化架构边界、API 报告与主题工具校验
cc255d1a chore(repo): remove architecture optimization plan
67ec6cf5 test(http): expand request layer coverage
a5b7d17f feat(auth): 实现认证恢复重试与 fail-closed 策略
=== git status ===
 M apps/web-demo/src/types/auto-imports.d.ts
?? docs/ai-runs/20260601-020401-ccd-p10f-auto-imports-vue-charts-build-repair/command-logs/phase1-baseline.log
=== git diff --name-status ===
M	apps/web-demo/src/types/auto-imports.d.ts
=== git diff auto-imports ===
diff --git a/apps/web-demo/src/types/auto-imports.d.ts b/apps/web-demo/src/types/auto-imports.d.ts
index 793816b9..a6151e7a 100644
--- a/apps/web-demo/src/types/auto-imports.d.ts
+++ b/apps/web-demo/src/types/auto-imports.d.ts
@@ -402,41 +402,16 @@ declare global {
 // for type re-export
 declare global {
   // @ts-ignore
-  export type {
-    Component,
-    Slot,
-    Slots,
-    ComponentPublicInstance,
-    ComputedRef,
-    DirectiveBinding,
-    ExtractDefaultPropTypes,
-    ExtractPropTypes,
-    ExtractPublicPropTypes,
-    InjectionKey,
-    PropType,
-    Ref,
-    ShallowRef,
-    MaybeRef,
-    MaybeRefOrGetter,
-    VNode,
-    WritableComputedRef,
-  } from 'vue'
+  export type { Component, Slot, Slots, ComponentPublicInstance, ComputedRef, DirectiveBinding, ExtractDefaultPropTypes, ExtractPropTypes, ExtractPublicPropTypes, InjectionKey, PropType, Ref, ShallowRef, MaybeRef, MaybeRefOrGetter, VNode, WritableComputedRef } from 'vue'
   import('vue')
   // @ts-ignore
   export type { TableDrawerState } from '../stores/modules/ui/tableDrawer'
   import('../stores/modules/ui/tableDrawer')
   // @ts-ignore
-  export type {
-    BreadcrumbChildItem,
-    AdminBreadcrumbItem,
-  } from '../hooks/layout/useAdminBreadcrumbs'
+  export type { BreadcrumbChildItem, AdminBreadcrumbItem } from '../hooks/layout/useAdminBreadcrumbs'
   import('../hooks/layout/useAdminBreadcrumbs')
   // @ts-ignore
-  export type {
-    ContextMenuAction,
-    ContextMenuState,
-    UseAdminTabsReturn,
-  } from '../hooks/layout/useAdminTabs'
+  export type { ContextMenuAction, ContextMenuState, UseAdminTabsReturn } from '../hooks/layout/useAdminTabs'
   import('../hooks/layout/useAdminTabs')
   // @ts-ignore
   export type { UseLayoutRuntimeReturn } from '../hooks/layout/useLayoutRuntime'
=== git diff --check ===
