.ai/generated/architecture-snapshot.json
.ai/generated/governance-report.json
apps/web-demo/src/types/api.ts
apps/web-demo/src/types/auto-imports.d.ts
apps/web-demo/src/types/components.d.ts
apps/web-demo/src/types/design-state.ts
apps/web-demo/src/types/dto/auth.dto.ts
apps/web-demo/src/types/dto/system.dto.ts
apps/web-demo/src/types/env.d.ts
apps/web-demo/src/types/index.d.ts
apps/web-demo/src/types/index.ts
apps/web-demo/src/types/modules/router.d.ts
apps/web-demo/src/types/modules/utils.d.ts
apps/web-demo/src/types/modules/vue.d.ts
apps/web-demo/src/types/systems/device.d.ts
apps/web-demo/src/types/systems/layout.d.ts
apps/web-demo/src/types/systems/preferences.ts
apps/web-demo/src/types/systems/size.d.ts
apps/web-demo/src/types/systems/theme.d.ts
apps/web-demo/src/types/testing.d.ts
apps/web-demo/src/types/vue-custom.d.ts
apps/web-demo/src/types/vue-data-attributes.d.ts
docs/generated/api-surface-report.json
docs/generated/api-surface-report.md
docs/generated/architecture-overview.md
docs/generated/diagrams/adapter-topology.mmd
docs/generated/diagrams/governance-topology.mmd
docs/generated/diagrams/runtime-topology.mmd
docs/generated/governance-report.md
docs/generated/graphs/README.md
docs/generated/graphs/dependency-graph.json
docs/generated/graphs/environment-dependency-graph.mmd
docs/generated/graphs/package-dependency-graph.mmd
docs/generated/graphs/package-ownership-graph.mmd
docs/generated/graphs/runtime-boundary-graph.mmd
docs/generated/graphs/runtime-execution-graph.mmd
docs/generated/graphs/turbo-task-graph.mmd
docs/generated/graphs/workspace-graph.mmd
docs/generated/release/release-audit-report.json
docs/generated/release/release-audit-report.md
docs/generated/sbom.json
