docs/ai-runs/20260602-102647-ccd-post-go-app-public-layer-m2-batch-planning/reports/migration-batch-plan.md:92:## Batch F — Build/generator boundary utilities
docs/ai-runs/20260602-102647-ccd-post-go-app-public-layer-m2-batch-planning/reports/migration-batch-plan.md:98:build package owner and D-A002 forbids manifest/lockfile changes. M6 should
docs/ai-runs/20260602-102647-ccd-post-go-app-public-layer-m2-batch-planning/reports/migration-batch-plan.md:117:4. M6: classify build/generated app surfaces and preserve owner boundaries.
docs/ai-runs/20260602-102647-ccd-post-go-app-public-layer-m2-batch-planning/reports/final-status.md:14:- M6: classify build/generated ownership; do not create a build package.
docs/ai-runs/20260602-102647-ccd-post-go-app-public-layer-m2-batch-planning/reports/final-status.md:21:- No manual generated registry edits.
docs/ai-runs/20260602-102647-ccd-post-go-app-public-layer-m2-batch-planning/reports/validation-summary.md:15:package manifest, lockfile, generated registry, or guard source was changed.
docs/ai-runs/20260602-102647-ccd-post-go-app-public-layer-m2-batch-planning/reports/candidate-review-table.md:10:| `M6-BUILD-GENERATOR` | no approved package owner | `CLASSIFY_APP_OWNED_OR_GENERATED` | No package move; preserve build/generator boundaries. | M6 guard/governance/build validation. | No manifest/lockfile change. | Revert future M6 commit. | Low if classification-only. |
docs/ai-runs/20260602-102647-ccd-post-go-app-public-layer-m2-batch-planning/reports/candidate-review-table.md:19:| `GENERATED-PRIMEVUE-REGISTRY` | generator/build owner | `GENERATED_OWNED` | No manual edit. | Owning generator/build validation only. | Generated boundary preserved. | Re-run generator after revert if needed. | Medium if manually edited. |
docs/ai-runs/20260602-102647-ccd-post-go-app-public-layer-m2-batch-planning/reports/candidate-review-table.md:23:- Stop before any `package.json`, `pnpm-lock.yaml`, generated registry manual
docs/ai-runs/20260602-102647-ccd-post-go-app-public-layer-m2-batch-planning/reports/summary.md:14:- M6 should classify build/generated ownership without creating a new package.
docs/ai-runs/20260602-102647-ccd-post-go-app-public-layer-m2-batch-planning/reports/summary.md:22:- No production source, package manifest, lockfile, generated registry, or
docs/ai-runs/20260602-101620-ccd-post-go-app-public-layer-m1-inventory/reports/apps-public-capability-inventory.md:49:| apps/desktop/vite.config.ts | NEEDS_OWNER_DECISION | desktop | build/generator utility; no governed build package owner in current topology | M6-BUILD-GENERATOR |
docs/ai-runs/20260602-101620-ccd-post-go-app-public-layer-m1-inventory/reports/apps-public-capability-inventory.md:50:| apps/web-demo/build/compress.ts | NEEDS_OWNER_DECISION | web-demo | build/generator utility; no governed build package owner in current topology | M6-BUILD-GENERATOR |
docs/ai-runs/20260602-101620-ccd-post-go-app-public-layer-m1-inventory/reports/apps-public-capability-inventory.md:51:| apps/web-demo/build/html.ts | NEEDS_OWNER_DECISION | web-demo | build/generator utility; no governed build package owner in current topology | M6-BUILD-GENERATOR |
docs/ai-runs/20260602-101620-ccd-post-go-app-public-layer-m1-inventory/reports/apps-public-capability-inventory.md:52:| apps/web-demo/build/info.ts | NEEDS_OWNER_DECISION | web-demo | build/generator utility; no governed build package owner in current topology | M6-BUILD-GENERATOR |
docs/ai-runs/20260602-101620-ccd-post-go-app-public-layer-m1-inventory/reports/apps-public-capability-inventory.md:53:| apps/web-demo/build/optimize.ts | NEEDS_OWNER_DECISION | web-demo | build/generator utility; no governed build package owner in current topology | M6-BUILD-GENERATOR |
docs/ai-runs/20260602-101620-ccd-post-go-app-public-layer-m1-inventory/reports/apps-public-capability-inventory.md:54:| apps/web-demo/build/performance.ts | NEEDS_OWNER_DECISION | web-demo | build/generator utility; no governed build package owner in current topology | M6-BUILD-GENERATOR |
docs/ai-runs/20260602-101620-ccd-post-go-app-public-layer-m1-inventory/reports/apps-public-capability-inventory.md:55:| apps/web-demo/build/plugins.ts | NEEDS_OWNER_DECISION | web-demo | build/generator utility; no governed build package owner in current topology | M6-BUILD-GENERATOR |
docs/ai-runs/20260602-101620-ccd-post-go-app-public-layer-m1-inventory/reports/apps-public-capability-inventory.md:56:| apps/web-demo/build/resolvers/primevue.ts | NEEDS_OWNER_DECISION | web-demo | build/generator utility; no governed build package owner in current topology | M6-BUILD-GENERATOR |
docs/ai-runs/20260602-101620-ccd-post-go-app-public-layer-m1-inventory/reports/apps-public-capability-inventory.md:57:| apps/web-demo/build/utils.ts | NEEDS_OWNER_DECISION | web-demo | build/generator utility; no governed build package owner in current topology | M6-BUILD-GENERATOR |
docs/ai-runs/20260602-101620-ccd-post-go-app-public-layer-m1-inventory/reports/apps-public-capability-inventory.md:483:| apps/web-demo/vite.config.ts | NEEDS_OWNER_DECISION | web-demo | build/generator utility; no governed build package owner in current topology | M6-BUILD-GENERATOR |
docs/ai-runs/20260602-102647-ccd-post-go-app-public-layer-m2-batch-planning/reports/risk-notes.md:16:- Build/generator utilities have no governed package owner. M6 must classify
docs/ai-runs/20260602-102647-ccd-post-go-app-public-layer-m2-batch-planning/reports/risk-notes.md:32:- No manual generated registry edits.
docs/ai-runs/20260602-101620-ccd-post-go-app-public-layer-m1-inventory/reports/candidate-dependency-map.md:12:| M6-BUILD-GENERATOR | apps/web-demo/build/**; vite.config.ts | no current governed build package owner | Vite, process.env, package.json, PrimeVue resolver/generated typing | requires M6 owner decision; do not create package or manifest changes in M1 | M2_REVIEW |
docs/ai-runs/20260602-101620-ccd-post-go-app-public-layer-m1-inventory/reports/candidate-dependency-map.md:21:| GENERATED-PRIMEVUE-REGISTRY | apps/web-demo/src/types/components.d.ts; build/resolvers/primevue.ts | owning generators/build config | generated registry and PrimeVue resolver | guarded/generated-owned; only owning generator may change | GENERATED_OWNED |
