apps/web-demo/src/directives/swipe.ts:1:export { vSwipe } from '@ccd/vue-hooks'
apps/web-demo/src/sync/syncAction.ts:4:export function syncAction(type: string, payload: unknown): void {
apps/web-demo/src/hooks/modules/useAuth.spec.ts:43:vi.mock('@/stores', async () => {
apps/web-demo/src/hooks/modules/useAuth.spec.ts:47:vi.mock('@/stores/modules/system/theme', () => ({
apps/web-demo/src/hooks/modules/useAuth.spec.ts:48:  useThemeStore: () => ({ resetState: vi.fn() }),
apps/web-demo/src/hooks/modules/useAuth.spec.ts:50:vi.mock('@/stores/modules/system/size', () => ({
apps/web-demo/src/hooks/modules/useAuth.spec.ts:51:  useSizeStore: () => ({ resetState: vi.fn() }),
apps/web-demo/src/hooks/modules/useAuth.spec.ts:53:vi.mock('@/stores/modules/system/locale', () => ({
apps/web-demo/src/hooks/modules/useAuth.spec.ts:54:  useLocaleStore: () => ({ resetState: vi.fn() }),
apps/web-demo/src/hooks/modules/useAuth.spec.ts:56:vi.mock('@/stores/modules/system/layout', () => ({
apps/web-demo/src/hooks/modules/useAuth.spec.ts:57:  useLayoutStore: () => ({ resetState: vi.fn() }),
apps/web-demo/src/hooks/modules/useAuth.spec.ts:59:vi.mock('@/stores/modules/session/permission', () => ({
apps/web-demo/src/hooks/modules/useAuth.spec.ts:60:  usePermissionStore: () => ({ reset: vi.fn() }),
apps/web-demo/src/hooks/modules/useAuth.spec.ts:62:vi.mock('@/utils/safeStorage', () => ({
apps/web-demo/src/hooks/modules/useAuth.spec.ts:109:  const userModule = await import('@/stores/modules/session/user')
apps/web-demo/src/hooks/modules/useAuth.spec.ts:112:    useUserStore: userModule.useUserStore,
apps/web-demo/src/hooks/modules/useAuth.spec.ts:118:  window.$message = {
apps/web-demo/src/hooks/modules/useAuth.spec.ts:134:    delete window.$message
apps/web-demo/src/hooks/modules/useAuth.spec.ts:135:    delete window.$toast
apps/web-demo/src/hooks/modules/useAuth.spec.ts:140:    const { useAuth, useUserStore } = await loadAuthModules()
apps/web-demo/src/hooks/modules/useAuth.spec.ts:141:    const userStore = useUserStore()
apps/web-demo/src/hooks/modules/useAuth.spec.ts:142:    userStore.isLogin = true
apps/web-demo/src/hooks/modules/useAuth.spec.ts:143:    userStore.userInfo = baseUserInfo()
apps/web-demo/src/hooks/modules/useAuth.spec.ts:148:    expect(userStore.isLogin).toBe(false)
apps/web-demo/src/hooks/modules/useAuth.spec.ts:149:    expect(userStore.token).toBe('')
apps/web-demo/src/hooks/modules/useAuth.spec.ts:150:    expect(userStore.userInfo.permissions).toEqual([])
apps/web-demo/src/hooks/modules/useAuth.spec.ts:156:    const { useAuth, useUserStore } = await loadAuthModules()
apps/web-demo/src/hooks/modules/useAuth.spec.ts:157:    const userStore = useUserStore()
apps/web-demo/src/hooks/modules/useAuth.spec.ts:158:    userStore.token = 'invalid-token'
apps/web-demo/src/hooks/modules/useAuth.spec.ts:159:    userStore.isLogin = true
apps/web-demo/src/hooks/modules/useAuth.spec.ts:160:    userStore.userInfo = baseUserInfo()
apps/web-demo/src/hooks/modules/useAuth.spec.ts:168:    expect(userStore.isLogin).toBe(false)
apps/web-demo/src/hooks/modules/useAuth.spec.ts:169:    expect(userStore.token).toBe('')
apps/web-demo/src/hooks/modules/useAuth.spec.ts:176:    const { useAuth, useUserStore } = await loadAuthModules()
apps/web-demo/src/hooks/modules/useAuth.spec.ts:177:    const userStore = useUserStore()
apps/web-demo/src/hooks/modules/useAuth.spec.ts:178:    userStore.token = 'mock-token-1'
apps/web-demo/src/hooks/modules/useAuth.spec.ts:179:    userStore.isLogin = true
apps/web-demo/src/hooks/modules/useAuth.spec.ts:180:    userStore.userInfo = baseUserInfo()
apps/web-demo/src/hooks/modules/useAuth.spec.ts:187:    expect(userStore.isLogin).toBe(true)
apps/web-demo/src/hooks/modules/useAuth.spec.ts:188:    expect(userStore.token).toBe('mock-token-1')
apps/web-demo/src/hooks/modules/useAuth.spec.ts:196:    const { useAuth, useUserStore } = await loadAuthModules()
apps/web-demo/src/hooks/modules/useAuth.spec.ts:197:    const userStore = useUserStore()
apps/web-demo/src/hooks/modules/useAuth.spec.ts:198:    userStore.token = 'mock-token-1'
apps/web-demo/src/hooks/modules/useAuth.spec.ts:199:    userStore.isLogin = true
apps/web-demo/src/hooks/modules/useAuth.spec.ts:200:    userStore.userInfo = baseUserInfo()
apps/web-demo/src/hooks/modules/useAuth.spec.ts:211:    expect(userStore.userInfo.username).toBe('restored-admin')
apps/web-demo/src/hooks/modules/useAuth.spec.ts:212:    expect(userStore.isLogin).toBe(true)
apps/web-demo/src/hooks/modules/useAuth.spec.ts:219:    const { useAuth, useUserStore } = await loadAuthModules()
apps/web-demo/src/hooks/modules/useAuth.spec.ts:220:    const userStore = useUserStore()
apps/web-demo/src/hooks/modules/useAuth.spec.ts:221:    userStore.token = 'mock-token-1'
apps/web-demo/src/hooks/modules/useAuth.spec.ts:222:    userStore.isLogin = true
apps/web-demo/src/hooks/modules/useAuth.spec.ts:223:    userStore.userInfo = baseUserInfo()
apps/web-demo/src/hooks/modules/useAuth.spec.ts:235:    expect(userStore.isLogin).toBe(false)
apps/web-demo/src/hooks/modules/useAuth.spec.ts:236:    expect(userStore.token).toBe('')
apps/web-demo/src/hooks/modules/useAuth.spec.ts:243:    const { useAuth, useUserStore } = await loadAuthModules()
apps/web-demo/src/hooks/modules/useAuth.spec.ts:244:    const userStore = useUserStore()
apps/web-demo/src/hooks/modules/useAuth.spec.ts:245:    userStore.token = 'mock-token-1'
apps/web-demo/src/hooks/modules/useAuth.spec.ts:246:    userStore.isLogin = true
apps/web-demo/src/hooks/modules/useAuth.spec.ts:247:    userStore.userInfo = baseUserInfo()
apps/web-demo/src/hooks/modules/useAuth.spec.ts:255:    expect(userStore.isLogin).toBe(false)
apps/web-demo/src/hooks/modules/useAuth.spec.ts:256:    expect(userStore.token).toBe('')
apps/web-demo/src/hooks/modules/useAuth.spec.ts:257:    expect(userStore.userInfo.permissions).toEqual([])
apps/web-demo/src/hooks/modules/useAuth.spec.ts:265:    const { useAuth, useUserStore } = await loadAuthModules()
apps/web-demo/src/hooks/modules/useAuth.spec.ts:266:    const userStore = useUserStore()
apps/web-demo/src/hooks/modules/useAuth.spec.ts:267:    userStore.token = 'mock-token-1'
apps/web-demo/src/hooks/modules/useAuth.spec.ts:268:    userStore.isLogin = true
apps/web-demo/src/hooks/modules/useAuth.spec.ts:269:    userStore.userInfo = baseUserInfo()
apps/web-demo/src/hooks/modules/useAuth.spec.ts:282:    expect(userStore.isLogin).toBe(false)
apps/web-demo/src/hooks/modules/useAuth.spec.ts:283:    expect(userStore.token).toBe('')
apps/web-demo/src/hooks/modules/useAuth.spec.ts:289:    const { useAuth, useUserStore } = await loadAuthModules()
apps/web-demo/src/hooks/modules/useAuth.spec.ts:290:    const userStore = useUserStore()
apps/web-demo/src/hooks/modules/useAuth.spec.ts:291:    userStore.token = 'mock-token-1'
apps/web-demo/src/hooks/modules/useAuth.spec.ts:292:    userStore.isLogin = true
apps/web-demo/src/hooks/modules/useAuth.spec.ts:293:    userStore.userInfo = baseUserInfo()
apps/web-demo/src/hooks/modules/useAuth.spec.ts:300:    expect(userStore.isLogin).toBe(false)
apps/web-demo/src/hooks/modules/useAuth.spec.ts:301:    expect(userStore.userInfo.roles).toEqual([])
apps/web-demo/src/hooks/modules/useAuth.spec.ts:302:    expect(userStore.userInfo.permissions).toEqual([])
apps/web-demo/src/directives/tap.spec.ts:2:import { vTap as sharedTap } from '@ccd/vue-hooks'
apps/web-demo/src/router/utils/guardEffects.ts:8:import { t } from '@/locales'
apps/web-demo/src/router/utils/guardEffects.ts:15:import { usePermissionStore } from '@/stores/modules/session'
apps/web-demo/src/router/utils/guardEffects.ts:16:import { useLayoutStoreWithOut } from '@/stores/modules/system'
apps/web-demo/src/router/utils/guardEffects.ts:24: * 避免在守卫中调用 useI18n/useRoute 等 Composition API
apps/web-demo/src/router/utils/guardEffects.ts:31:    const permissionStore = usePermissionStore()
apps/web-demo/src/router/utils/guardEffects.ts:46:      document.title = stableTitle
apps/web-demo/src/router/utils/guardEffects.ts:77:    const layoutStore = useLayoutStoreWithOut()
apps/web-demo/src/router/utils/guardEffects.ts:79:      typeof document !== 'undefined' && document.getElementById('preloader-bg') !== null
apps/web-demo/src/router/utils/guardEffects.ts:92:    useLayoutStoreWithOut().beginPageLoading()
apps/web-demo/src/router/utils/guardEffects.ts:121:      useLayoutStoreWithOut().endPageLoading()
apps/web-demo/src/sync/syncAction.spec.ts:8:import { syncAction } from './syncAction'
apps/web-demo/src/sync/syncAction.spec.ts:10:describe('syncAction explicit registry boundary', () => {
apps/web-demo/src/sync/syncAction.spec.ts:20:    syncAction('missing:update', { value: 1 })
apps/web-demo/src/sync/syncAction.spec.ts:30:    syncAction('theme:update', { value: 1 })
apps/web-demo/src/hooks/modules/useDateUtils.ts:2: * DateUtils 集成 Composable
apps/web-demo/src/hooks/modules/useDateUtils.ts:6: * - 仅作为 `DateUtils` 的响应式代理层，不负责初始化（初始化由 `setupDateUtils` 完成）
apps/web-demo/src/hooks/modules/useDateUtils.ts:21:import DateUtils from '@/utils/date'
apps/web-demo/src/hooks/modules/useDateUtils.ts:23:import type { SupportedLocale } from '@/locales'
apps/web-demo/src/hooks/modules/useDateUtils.ts:24:import { useLocaleStore } from '@/stores/modules/system'
apps/web-demo/src/hooks/modules/useDateUtils.ts:32:export interface UseDateUtilsReturn {
apps/web-demo/src/hooks/modules/useDateUtils.ts:59:    options?: Parameters<typeof DateUtils.batchFormat>[2]
apps/web-demo/src/hooks/modules/useDateUtils.ts:60:  ) => ReturnType<typeof DateUtils.batchFormat>
apps/web-demo/src/hooks/modules/useDateUtils.ts:61:  smartParse: (input: string) => ReturnType<typeof DateUtils.smartParse> | null
apps/web-demo/src/hooks/modules/useDateUtils.ts:62:  now: () => ReturnType<typeof DateUtils.now> | null
apps/web-demo/src/hooks/modules/useDateUtils.ts:64:  nextWorkingDay: (date: DateInput) => ReturnType<typeof DateUtils.nextWorkingDay> | null
apps/web-demo/src/hooks/modules/useDateUtils.ts:71:  ) => ReturnType<typeof DateUtils.getAvailableTimezones>
apps/web-demo/src/hooks/modules/useDateUtils.ts:72:  getTimezonesByCountry: (countryCode: string) => ReturnType<typeof DateUtils.getTimezonesByCountry>
apps/web-demo/src/hooks/modules/useDateUtils.ts:73:  DateUtils: typeof DateUtils
apps/web-demo/src/hooks/modules/useDateUtils.ts:76:export function useDateUtils(): UseDateUtilsReturn {
apps/web-demo/src/hooks/modules/useDateUtils.ts:85:   * - DateUtils 的初始化 SSOT 在 `src/plugins/modules/date.ts`（setupDateUtils）
apps/web-demo/src/hooks/modules/useDateUtils.ts:90:  const localeStore = useLocaleStore()
apps/web-demo/src/hooks/modules/useDateUtils.ts:92:  // 初始化：从 store 推导初始 locale，并使用本地时区对齐 DateUtils
apps/web-demo/src/hooks/modules/useDateUtils.ts:93:  // （DateUtils 若已被 setupDateUtils 初始化，这里只会做轻量同步，不重复 init）
apps/web-demo/src/hooks/modules/useDateUtils.ts:99:    DateUtils.setTimezone(currentTimezone.value)
apps/web-demo/src/hooks/modules/useDateUtils.ts:101:    // 确保 DateUtils locale 已加载（若已加载则为 no-op）
apps/web-demo/src/hooks/modules/useDateUtils.ts:102:    await DateUtils.setLocale(locale)
apps/web-demo/src/hooks/modules/useDateUtils.ts:115:      // DateUtils 的 locale 同步交由 initWithFramework + mitt 驱动，这里只负责本地状态与初始化标记
apps/web-demo/src/hooks/modules/useDateUtils.ts:120:  // 监听 mitt timezoneChange，保证语言切换跟随时区时下拉框与 DateUtils 一致
apps/web-demo/src/hooks/modules/useDateUtils.ts:144:    return DateUtils.format(date, format, {
apps/web-demo/src/hooks/modules/useDateUtils.ts:160:    return DateUtils.fromNow(date, { fallback: 'Invalid Date' })
apps/web-demo/src/hooks/modules/useDateUtils.ts:172:    options?: Parameters<typeof DateUtils.batchFormat>[2]
apps/web-demo/src/hooks/modules/useDateUtils.ts:177:    return DateUtils.batchFormat(dates, format, options)
apps/web-demo/src/hooks/modules/useDateUtils.ts:184:   * - 已初始化：返回解析结果对象（由 DateUtils 定义）或解析失败时的 null
apps/web-demo/src/hooks/modules/useDateUtils.ts:190:    return DateUtils.smartParse(input)
apps/web-demo/src/hooks/modules/useDateUtils.ts:197:   * - 已初始化：返回当前时间（由 DateUtils.now() 决定具体类型）
apps/web-demo/src/hooks/modules/useDateUtils.ts:203:    return DateUtils.now()
apps/web-demo/src/hooks/modules/useDateUtils.ts:216:    return DateUtils.isWorkingDay(date)
apps/web-demo/src/hooks/modules/useDateUtils.ts:229:    return DateUtils.nextWorkingDay(date)
apps/web-demo/src/hooks/modules/useDateUtils.ts:239:    return DateUtils.formatIntl(date, currentLocale.value, currentTimezone.value, options)
apps/web-demo/src/hooks/modules/useDateUtils.ts:253:    return DateUtils.formatSmart(date, formatStyle, {
apps/web-demo/src/hooks/modules/useDateUtils.ts:270:    return DateUtils.formatI18n(date, formatKey, currentLocale.value, currentTimezone.value)
apps/web-demo/src/hooks/modules/useDateUtils.ts:312:    return DateUtils.format(date, formats[formatType])
apps/web-demo/src/hooks/modules/useDateUtils.ts:322:      await DateUtils.setLocale(locale)
apps/web-demo/src/hooks/modules/useDateUtils.ts:325:      console.error('Failed to set DateUtils locale:', error)
apps/web-demo/src/hooks/modules/useDateUtils.ts:334:      DateUtils.setTimezone(timezone)
apps/web-demo/src/hooks/modules/useDateUtils.ts:337:      console.error('Failed to set DateUtils timezone:', error)
apps/web-demo/src/hooks/modules/useDateUtils.ts:348:    return DateUtils.getAvailableTimezones(groupByContinent)
apps/web-demo/src/hooks/modules/useDateUtils.ts:358:    return DateUtils.getTimezonesByCountry(countryCode)
apps/web-demo/src/hooks/modules/useDateUtils.ts:403:    // 直接访问 DateUtils 的所有静态方法
apps/web-demo/src/hooks/modules/useDateUtils.ts:404:    DateUtils,
apps/web-demo/src/hooks/modules/useThemeSwitch.ts:8:import { useThemeStore } from '@/stores/modules/system'
apps/web-demo/src/hooks/modules/useThemeSwitch.ts:56:  const overlay = document.createElement('div')
apps/web-demo/src/hooks/modules/useThemeSwitch.ts:65:  document.body.appendChild(overlay)
apps/web-demo/src/hooks/modules/useThemeSwitch.ts:93:  document.documentElement.style.setProperty('--theme-transition-duration', `${durationMs}ms`)
apps/web-demo/src/hooks/modules/useThemeSwitch.ts:104:  const centerX = window.innerWidth / 2
apps/web-demo/src/hooks/modules/useThemeSwitch.ts:105:  const centerY = window.innerHeight / 2
apps/web-demo/src/hooks/modules/useThemeSwitch.ts:111:  document.documentElement.style.setProperty('--transition-x', `${centerX}px`)
apps/web-demo/src/hooks/modules/useThemeSwitch.ts:112:  document.documentElement.style.setProperty('--transition-y', `${centerY}px`)
apps/web-demo/src/hooks/modules/useThemeSwitch.ts:113:  document.documentElement.style.setProperty('--transition-radius', `${radius}px`)
apps/web-demo/src/hooks/modules/useThemeSwitch.ts:123:  const root = document.documentElement
apps/web-demo/src/hooks/modules/useThemeSwitch.ts:190:  const themeStore = useThemeStore()
apps/web-demo/src/hooks/modules/useThemeSwitch.ts:200:    const root = document.documentElement
apps/web-demo/src/hooks/modules/useThemeSwitch.ts:210:    const root = document.documentElement
apps/web-demo/src/hooks/modules/useThemeSwitch.ts:230:    void document.documentElement.offsetHeight
apps/web-demo/src/hooks/modules/useThemeSwitch.ts:233:      localStorage.setItem(RUNTIME_STORAGE_KEYS.themeMode, targetMode)
apps/web-demo/src/hooks/modules/useThemeSwitch.ts:322:    document.documentElement.setAttribute('data-transition', transitionModeToUse)
apps/web-demo/src/hooks/modules/useThemeSwitch.ts:336:      document.documentElement.classList.add('theme-transition')
apps/web-demo/src/hooks/modules/useThemeSwitch.ts:337:      document.documentElement.classList.add('is-view-transitioning')
apps/web-demo/src/hooks/modules/useThemeSwitch.ts:338:      document.documentElement.classList.add('theme-transition-recovery') // 关键：提前添加
apps/web-demo/src/hooks/modules/useThemeSwitch.ts:340:      const transition = document.startViewTransition(async () => {
apps/web-demo/src/hooks/modules/useThemeSwitch.ts:367:      document.documentElement.classList.remove('is-view-transitioning')
apps/web-demo/src/hooks/modules/useSystemPreferencesSync.ts:10:import { useUserStore } from '@/stores/modules/session'
apps/web-demo/src/hooks/modules/useSystemPreferencesSync.ts:27:  const userStore = useUserStore()
apps/web-demo/src/hooks/modules/useSystemPreferencesSync.ts:50:    if (!userStore.getToken || DEMO_MOCK_ENABLED) {
apps/web-demo/src/hooks/modules/useSystemPreferencesSync.ts:73:    if (!userStore.getToken || DEMO_MOCK_ENABLED) {
apps/web-demo/src/hooks/modules/useDialog.tsx:14:import { t } from '@/locales'
apps/web-demo/src/hooks/modules/useDialog.tsx:17:  dialogStore: ReturnType<typeof useDialogCore>['dialogStore']
apps/web-demo/src/hooks/modules/useProTableUrlSync.spec.ts:19:  useRoute: () => routerHarness.route,
apps/web-demo/src/hooks/modules/useProTableUrlSync.spec.ts:20:  useRouter: () => routerHarness.router,
apps/web-demo/src/hooks/modules/useLocale.ts:6: * - useLocale 作为 Store 的代理/快捷方式
apps/web-demo/src/hooks/modules/useLocale.ts:13:import type { SupportedLocale } from '@/locales'
apps/web-demo/src/hooks/modules/useLocale.ts:14:import { supportedLocales } from '@/locales'
apps/web-demo/src/hooks/modules/useLocale.ts:15:import { useI18n } from 'vue-i18n'
apps/web-demo/src/hooks/modules/useLocale.ts:16:import { useLocaleStore } from '@/stores/modules/system'
apps/web-demo/src/hooks/modules/useLocale.ts:31:  const { t, d, n } = useI18n()
apps/web-demo/src/hooks/modules/useLocale.ts:32:  const localeStore = useLocaleStore()
apps/web-demo/src/hooks/modules/useLocale.ts:54:      // 标题更新会由 usePageTitle 自动处理（监听 localeStore.locale）
apps/web-demo/src/directives/auth.spec.ts:50:      const el = document.createElement('div')
apps/web-demo/src/directives/auth.spec.ts:60:      const el = document.createElement('div')
apps/web-demo/src/directives/auth.spec.ts:69:      const el = document.createElement('div')
apps/web-demo/src/directives/auth.spec.ts:84:      const el = document.createElement('div')
apps/web-demo/src/directives/auth.spec.ts:96:      const btn = document.createElement('button')
apps/web-demo/src/directives/auth.spec.ts:105:      const div = document.createElement('div')
apps/web-demo/src/directives/auth.spec.ts:115:      const btn = document.createElement('button')
apps/web-demo/src/directives/auth.spec.ts:130:      const el = document.createElement('div')
apps/web-demo/src/directives/auth.spec.ts:141:      const el = document.createElement('div')
apps/web-demo/src/router/utils/guards.ts:4:import { usePermissionStore } from '@/stores/modules/session'
apps/web-demo/src/router/utils/guards.ts:33:    const permissionStore = usePermissionStore()
apps/web-demo/src/router/utils/guards.ts:45:    const permissionStore = usePermissionStore()
apps/web-demo/src/router/utils/guards.ts:83:    const permissionStore = usePermissionStore()
apps/web-demo/src/sync/systemPreferences/localPersist.ts:1:import { packDataSync, unpackDataSync } from '@/utils/safeStorage'
apps/web-demo/src/sync/systemPreferences/localPersist.ts:4:import { readLocalStorageValue, writeLocalStorageValue } from '@/utils/safeStorage'
apps/web-demo/src/directives/tap.ts:1:export { vTap } from '@ccd/vue-hooks'
apps/web-demo/src/hooks/modules/useAutoMitt.ts:3:import { createAutoMittHook } from '@ccd/vue-hooks'
apps/web-demo/src/router/utils/permission.ts:8:import { usePermissionStore } from '@/stores/modules/session'
apps/web-demo/src/router/utils/permission.ts:9:import { useUserStoreWithOut } from '@/stores/modules/session'
apps/web-demo/src/router/utils/permission.ts:62:    const userStore = useUserStoreWithOut()
apps/web-demo/src/router/utils/permission.ts:63:    if (!userStore.getIsLogin) return 'invalid'
apps/web-demo/src/router/utils/permission.ts:64:    if (userStore.invalidateIfSessionShapeInvalid()) return 'invalid'
apps/web-demo/src/router/utils/permission.ts:65:    if (validatedSessionToken === userStore.getToken) return 'valid'
apps/web-demo/src/router/utils/permission.ts:74:        validatedSessionToken = userStore.getToken
apps/web-demo/src/router/utils/permission.ts:83:        userStore.clearUserInfo()
apps/web-demo/src/router/utils/permission.ts:102:    const permissionStore = usePermissionStore()
apps/web-demo/src/router/utils/permission.ts:103:    const userStore = useUserStoreWithOut()
apps/web-demo/src/router/utils/permission.ts:104:    let isLogin: boolean = userStore.isLogin
apps/web-demo/src/router/utils/permission.ts:125:              userStore.userInfo.roles,
apps/web-demo/src/router/utils/permission.ts:126:              userStore.userInfo.permissions
apps/web-demo/src/router/utils/permission.ts:192:    const permissionStore = usePermissionStore()
apps/web-demo/src/sync/systemPreferences/register.ts:3:  useLayoutStore,
apps/web-demo/src/sync/systemPreferences/register.ts:4:  useLocaleStore,
apps/web-demo/src/sync/systemPreferences/register.ts:5:  useSizeStore,
apps/web-demo/src/sync/systemPreferences/register.ts:6:  useThemeStore,
apps/web-demo/src/sync/systemPreferences/register.ts:7:} from '@/stores/modules/system'
apps/web-demo/src/sync/systemPreferences/register.ts:59:    const themeStore = useThemeStore()
apps/web-demo/src/sync/systemPreferences/register.ts:76:    const sizeStore = useSizeStore()
apps/web-demo/src/sync/systemPreferences/register.ts:88:    const layoutStore = useLayoutStore()
apps/web-demo/src/sync/systemPreferences/register.ts:106:    const localeStore = useLocaleStore()
apps/web-demo/src/hooks/modules/usePermissionRoutes.ts:3:import { usePermissionStore } from '@/stores/modules/session'
apps/web-demo/src/hooks/modules/usePermissionRoutes.ts:83:    const permissionStore = usePermissionStore()
apps/web-demo/src/directives/longPress.spec.ts:2:import { vLongPress as sharedLongPress } from '@ccd/vue-hooks'
apps/web-demo/src/hooks/modules/useAuth.ts:1:import { useUserStore, useUserStoreWithOut } from '@/stores/modules/session'
apps/web-demo/src/hooks/modules/useAuth.ts:19: * 指令 / 非 setup 上下文可用的权限校验（与 composable `hasAuth` 逻辑一致，读 userStore SSOT）
apps/web-demo/src/hooks/modules/useAuth.ts:25:  const perms: string[] = useUserStoreWithOut().userInfo.permissions
apps/web-demo/src/hooks/modules/useAuth.ts:37: * 数据流：API → useAuth → Store → View（符合 §3.6 数据层规则）
apps/web-demo/src/hooks/modules/useAuth.ts:108:  if (window.$message?.warn) {
apps/web-demo/src/hooks/modules/useAuth.ts:109:    window.$message.warn(message, title)
apps/web-demo/src/hooks/modules/useAuth.ts:113:  if (window.$toast?.dangerIn) {
apps/web-demo/src/hooks/modules/useAuth.ts:114:    window.$toast.dangerIn('top-center', title, message)
apps/web-demo/src/hooks/modules/useAuth.ts:183:  const userStore = useUserStore()
apps/web-demo/src/hooks/modules/useAuth.ts:196:    return roles.some(r => userStore.userInfo.roles.includes(r))
apps/web-demo/src/hooks/modules/useAuth.ts:204:   * 使用 composable 内已有的 userStore，避免 hasAuthCodes 二次调用 useUserStoreWithOut()
apps/web-demo/src/hooks/modules/useAuth.ts:210:    const perms: string[] = userStore.userInfo.permissions
apps/web-demo/src/hooks/modules/useAuth.ts:222:    const perms: string[] = userStore.userInfo.permissions
apps/web-demo/src/hooks/modules/useAuth.ts:232:    await userStore.applyLoginResult(result)
apps/web-demo/src/hooks/modules/useAuth.ts:245:    if (!userStore.token) {
apps/web-demo/src/hooks/modules/useAuth.ts:247:        userStore.isLogin ||
apps/web-demo/src/hooks/modules/useAuth.ts:248:        userStore.userInfo.userId ||
apps/web-demo/src/hooks/modules/useAuth.ts:249:        userStore.userInfo.roles.length > 0 ||
apps/web-demo/src/hooks/modules/useAuth.ts:250:        userStore.userInfo.permissions.length > 0
apps/web-demo/src/hooks/modules/useAuth.ts:252:        userStore.clearUserInfo()
apps/web-demo/src/hooks/modules/useAuth.ts:259:      const userInfo: UserInfo = await requestRestoredUserInfoWithPolicy(userStore.token)
apps/web-demo/src/hooks/modules/useAuth.ts:260:      userStore.applyRestoredUserInfo(userInfo)
apps/web-demo/src/hooks/modules/useAuth.ts:270:      userStore.clearUserInfo()
apps/web-demo/src/directives/swipe.spec.ts:2:import { vSwipe as sharedSwipe } from '@ccd/vue-hooks'
apps/web-demo/src/sync/systemPreferences/runtime.ts:10:import { syncAction } from '@/sync/syncAction'
apps/web-demo/src/sync/systemPreferences/runtime.ts:60:  syncAction(resolveSyncType(storeId), buildPayload(storeId))
apps/web-demo/src/router/utils/helper.ts:8:import router, { routeUtils } from '@/router'
apps/web-demo/src/router/utils/helper.ts:10:import { usePermissionStore } from '@/stores/modules/session'
apps/web-demo/src/router/utils/helper.ts:25: * NON-STATE CHANNEL: explicitly excluded from syncAction / registry.
apps/web-demo/src/router/utils/helper.ts:41:          const permissionStore = usePermissionStore()
apps/web-demo/src/router/utils/helper.ts:66:    const permissionStore = usePermissionStore()
apps/web-demo/src/router/utils/helper.ts:84:      const permissionStore = usePermissionStore()
apps/web-demo/src/router/utils/helper.ts:108:    const location = window.location
apps/web-demo/src/router/utils/helper.ts:264:      window.open(url, '_blank')
apps/web-demo/src/router/utils/helper.ts:290:    const permissionStore = usePermissionStore()
apps/web-demo/src/router/utils/helper.ts:304:    const win = window.open(url, '_blank')
apps/web-demo/src/sync/systemPreferences/model.ts:4:import { supportedLocales, type SupportedLocale } from '@/locales'
apps/web-demo/src/sync/systemPreferences/model.ts:6:  useLayoutStore,
apps/web-demo/src/sync/systemPreferences/model.ts:7:  useLocaleStore,
apps/web-demo/src/sync/systemPreferences/model.ts:8:  useSizeStore,
apps/web-demo/src/sync/systemPreferences/model.ts:9:  useThemeStore,
apps/web-demo/src/sync/systemPreferences/model.ts:10:} from '@/stores/modules/system'
apps/web-demo/src/sync/systemPreferences/model.ts:66:  const themeStore = useThemeStore()
apps/web-demo/src/sync/systemPreferences/model.ts:67:  const sizeStore = useSizeStore()
apps/web-demo/src/sync/systemPreferences/model.ts:68:  const layoutStore = useLayoutStore()
apps/web-demo/src/sync/systemPreferences/model.ts:69:  const localeStore = useLocaleStore()
apps/web-demo/src/sync/systemPreferences/model.ts:110:  const themeStore = useThemeStore()
apps/web-demo/src/sync/systemPreferences/model.ts:111:  const sizeStore = useSizeStore()
apps/web-demo/src/sync/systemPreferences/model.ts:112:  const layoutStore = useLayoutStore()
apps/web-demo/src/sync/systemPreferences/model.ts:113:  const localeStore = useLocaleStore()
apps/web-demo/src/hooks/modules/useProTableUrlSync.ts:61:  const route = useRoute()
apps/web-demo/src/hooks/modules/useProTableUrlSync.ts:62:  const router = useRouter()
apps/web-demo/src/hooks/modules/useDialog.spec.ts:52:vi.mock('@/locales', () => ({
apps/web-demo/src/hooks/layout/useLoading.ts:50:import { useLayoutStoreWithOut } from '@/stores/modules/system'
apps/web-demo/src/hooks/layout/useLoading.ts:60:  const root = typeof document !== 'undefined' ? document.documentElement : null
apps/web-demo/src/hooks/layout/useLoading.ts:61:  const el = typeof document !== 'undefined' ? document.getElementById('preloader-bg') : null
apps/web-demo/src/hooks/layout/useLoading.ts:89:    window.addEventListener(RUNTIME_E2E_EVENTS.releasePreloader, doFadeOut, { once: true })
apps/web-demo/src/hooks/layout/useLoading.ts:108:  const layoutStore = useLayoutStoreWithOut()
apps/web-demo/src/directives/longPress.ts:1:export { vLongPress } from '@ccd/vue-hooks'
apps/web-demo/src/hooks/layout/usePageTitle.ts:16:import { useRoute } from 'vue-router'
apps/web-demo/src/hooks/layout/usePageTitle.ts:17:import { useI18n } from 'vue-i18n'
apps/web-demo/src/hooks/layout/usePageTitle.ts:113:  const route = useRoute()
apps/web-demo/src/hooks/layout/usePageTitle.ts:114:  const { t } = useI18n()
apps/web-demo/src/hooks/layout/usePageTitle.ts:147:   * 这样 useTitle 就能响应式地更新 document.title
apps/web-demo/src/hooks/layout/useAdminBreadcrumbs.ts:2:import { useRoute, useRouter } from 'vue-router'
apps/web-demo/src/hooks/layout/useAdminBreadcrumbs.ts:4:import { useI18n } from 'vue-i18n'
apps/web-demo/src/hooks/layout/useAdminBreadcrumbs.ts:7:import { getActiveDistance, goToRoute, type PrimeMenuModelItem } from '@/router/utils/helper'
apps/web-demo/src/hooks/layout/useAdminBreadcrumbs.ts:44:  const route = useRoute()
apps/web-demo/src/hooks/layout/useAdminBreadcrumbs.ts:45:  const router = useRouter()
apps/web-demo/src/hooks/layout/useAdminBreadcrumbs.ts:46:  const { t } = useI18n()
apps/web-demo/src/sync/systemPreferences/model.spec.ts:79:vi.mock('@/locales', () => ({
apps/web-demo/src/sync/systemPreferences/model.spec.ts:92:vi.mock('@/utils/safeStorage/piniaSerializer', () => ({
apps/web-demo/src/sync/systemPreferences/model.spec.ts:99:vi.mock('@/stores', async () => {
apps/web-demo/src/sync/systemPreferences/model.spec.ts:112:    const { useThemeStore, useSizeStore, useLayoutStore, useLocaleStore } =
apps/web-demo/src/sync/systemPreferences/model.spec.ts:113:      await import('@/stores/modules/system')
apps/web-demo/src/sync/systemPreferences/model.spec.ts:123:    const themeStore = useThemeStore()
apps/web-demo/src/sync/systemPreferences/model.spec.ts:124:    const sizeStore = useSizeStore()
apps/web-demo/src/sync/systemPreferences/model.spec.ts:125:    const layoutStore = useLayoutStore()
apps/web-demo/src/sync/systemPreferences/model.spec.ts:126:    const localeStore = useLocaleStore()
apps/web-demo/src/hooks/modules/useThemeSwitch.spec.ts:21:  if (globalThis.localStorage) return globalThis.localStorage
apps/web-demo/src/hooks/modules/useThemeSwitch.spec.ts:39:  Object.defineProperty(globalThis, 'localStorage', {
apps/web-demo/src/hooks/modules/useThemeSwitch.spec.ts:83:    document.documentElement.className = ''
apps/web-demo/src/hooks/modules/useThemeSwitch.spec.ts:84:    document.documentElement.style.cssText = ''
apps/web-demo/src/hooks/modules/useThemeSwitch.spec.ts:85:    document.documentElement.dataset.themeTransitioning = 'false'
apps/web-demo/src/hooks/modules/useThemeSwitch.spec.ts:86:    document.documentElement.removeAttribute('data-transition')
apps/web-demo/src/hooks/modules/useThemeSwitch.spec.ts:98:    const { useThemeStore } = await import('@/stores/modules/system/theme')
apps/web-demo/src/hooks/modules/useThemeSwitch.spec.ts:101:    const themeStore = useThemeStore()
apps/web-demo/src/hooks/modules/useThemeSwitch.spec.ts:169:    expect(document.documentElement.dataset.themeTransitioning).toBe('false')
apps/web-demo/src/hooks/modules/useThemeSwitch.spec.ts:175:    const { useThemeStore } = await import('@/stores/modules/system/theme')
apps/web-demo/src/hooks/modules/useThemeSwitch.spec.ts:178:    const themeStore = useThemeStore()
apps/web-demo/src/hooks/modules/useThemeSwitch.spec.ts:217:    expect(document.documentElement.style.getPropertyValue('--transition-x')).toBe('600px')
apps/web-demo/src/hooks/modules/useThemeSwitch.spec.ts:218:    expect(document.documentElement.style.getPropertyValue('--transition-y')).toBe('400px')
apps/web-demo/src/hooks/modules/useThemeSwitch.spec.ts:219:    expect(document.documentElement.style.getPropertyValue('--transition-radius')).toBe(
apps/web-demo/src/hooks/layout/useMenuRenderer.tsx:27:import { goToRoute, type PrimeMenuModelItem } from '@/router/utils/helper'
apps/web-demo/src/hooks/layout/useLoading.spec.ts:13:  if (globalThis.localStorage) return globalThis.localStorage
apps/web-demo/src/hooks/layout/useLoading.spec.ts:31:  Object.defineProperty(globalThis, 'localStorage', {
apps/web-demo/src/hooks/layout/useLoading.spec.ts:52:  document.body.innerHTML = ''
apps/web-demo/src/hooks/layout/useLoading.spec.ts:53:  document.documentElement.removeAttribute('data-preloader-state')
apps/web-demo/src/hooks/layout/useLoading.spec.ts:54:  document.documentElement.removeAttribute('data-app-ready')
apps/web-demo/src/hooks/layout/useLoading.spec.ts:56:  const [{ useLoading }, { useLayoutStoreWithOut }] = await Promise.all([
apps/web-demo/src/hooks/layout/useLoading.spec.ts:58:    import('@/stores/modules/system/layout'),
apps/web-demo/src/hooks/layout/useLoading.spec.ts:60:  const layoutStore = useLayoutStoreWithOut()
apps/web-demo/src/hooks/layout/useLayoutRuntime.ts:6:} from '@ccd/vue-app-platform'
apps/web-demo/src/hooks/layout/useLayoutRuntime.ts:7:import { useLayoutStore } from '@/stores/modules/system'
apps/web-demo/src/hooks/layout/useLayoutRuntime.ts:8:import { useDeviceStore } from '@/stores/modules/system'
apps/web-demo/src/hooks/layout/useLayoutRuntime.ts:64:  const layoutStore = useLayoutStore()
apps/web-demo/src/hooks/layout/useLayoutRuntime.ts:65:  const deviceStore = useDeviceStore()
apps/web-demo/src/hooks/layout/useLayoutRuntime.ts:106:      window.cancelAnimationFrame(expandShellFrameId)
apps/web-demo/src/hooks/layout/useLayoutRuntime.ts:110:      window.cancelAnimationFrame(expandShellCommitFrameId)
apps/web-demo/src/hooks/layout/useLayoutRuntime.ts:218:      expandShellFrameId = window.requestAnimationFrame(() => {
apps/web-demo/src/hooks/layout/useLayoutRuntime.ts:221:        expandShellCommitFrameId = window.requestAnimationFrame(() => {
apps/web-demo/src/hooks/layout/useNprogress.ts:56:  const existing = document.getElementById('nprogress')
apps/web-demo/src/hooks/layout/useNprogress.ts:59:  const root = document.createElement('div')
apps/web-demo/src/hooks/layout/useNprogress.ts:62:  const bar = document.createElement('div')
apps/web-demo/src/hooks/layout/useNprogress.ts:66:  const peg = document.createElement('div')
apps/web-demo/src/hooks/layout/useNprogress.ts:71:  document.body.appendChild(root)
apps/web-demo/src/hooks/layout/useNprogress.ts:107:  document.getElementById('nprogress')?.remove()
apps/web-demo/src/hooks/layout/useAdminTabs.spec.ts:12:  useRoute: () => routeState,
apps/web-demo/src/hooks/layout/useAdminTabs.spec.ts:13:  useRouter: () => ({ push: routerPush, replace: routerReplace }),
apps/web-demo/src/hooks/layout/useAdminTabs.spec.ts:16:  useI18n: () => ({ t: (key: string) => key }),
apps/web-demo/src/hooks/layout/useAdminTabs.spec.ts:45:vi.mock('@/stores/modules/session/user', () => ({
apps/web-demo/src/hooks/layout/useAdminTabs.spec.ts:46:  useUserStoreWithOut: () => ({ userInfo: { roles: ['user'], permissions: [] } }),
apps/web-demo/src/hooks/layout/useAdminTabs.spec.ts:48:vi.mock('@/utils/safeStorage/piniaSerializer', () => ({
apps/web-demo/src/hooks/layout/useAdminTabs.spec.ts:54:vi.mock('@/stores', async () => {
apps/web-demo/src/hooks/layout/useAdminTabs.spec.ts:61:  let usePermissionStore: typeof import('@/stores/modules/session/permission').usePermissionStore
apps/web-demo/src/hooks/layout/useAdminTabs.spec.ts:89:    usePermissionStore = (await import('@/stores/modules/session/permission')).usePermissionStore
apps/web-demo/src/hooks/layout/useAdminTabs.spec.ts:93:    const store = usePermissionStore()
apps/web-demo/src/hooks/layout/useAdminTabs.spec.ts:106:    const store = usePermissionStore()
apps/web-demo/src/hooks/layout/useAdminTabs.spec.ts:120:    const store = usePermissionStore()
apps/web-demo/src/hooks/layout/useAdminTabs.spec.ts:133:    const store = usePermissionStore()
apps/web-demo/src/hooks/layout/useAdminTabs.ts:1:import { useRoute, useRouter } from 'vue-router'
apps/web-demo/src/hooks/layout/useAdminTabs.ts:2:import { useI18n } from 'vue-i18n'
apps/web-demo/src/hooks/layout/useAdminTabs.ts:4:import { usePermissionStore } from '@/stores/modules/session/permission'
apps/web-demo/src/hooks/layout/useAdminTabs.ts:5:import { useAppElementSize } from '@ccd/vue-hooks'
apps/web-demo/src/hooks/layout/useAdminTabs.ts:39:  const route = useRoute()
apps/web-demo/src/hooks/layout/useAdminTabs.ts:40:  const router = useRouter()
apps/web-demo/src/hooks/layout/useAdminTabs.ts:41:  const { t } = useI18n()
apps/web-demo/src/hooks/layout/useAdminTabs.ts:42:  const permissionStore = usePermissionStore()
apps/web-demo/src/hooks/layout/useAdminTabs.ts:251:    document.addEventListener('click', closeContextMenu)
apps/web-demo/src/hooks/layout/useAdminTabs.ts:257:    document.removeEventListener('click', closeContextMenu)
