apps/web-demo/src/directives/auth.spec.ts
apps/web-demo/src/directives/auth.ts
apps/web-demo/src/directives/index.ts
apps/web-demo/src/directives/longPress.spec.ts
apps/web-demo/src/directives/longPress.ts
apps/web-demo/src/directives/swipe.spec.ts
apps/web-demo/src/directives/swipe.ts
apps/web-demo/src/directives/tap.spec.ts
apps/web-demo/src/directives/tap.ts
apps/web-demo/src/hooks/layout/useAdminBreadcrumbs.ts
apps/web-demo/src/hooks/layout/useAdminTabs.spec.ts
apps/web-demo/src/hooks/layout/useAdminTabs.ts
apps/web-demo/src/hooks/layout/useLayoutRuntime.ts
apps/web-demo/src/hooks/layout/useLoading.spec.ts
apps/web-demo/src/hooks/layout/useLoading.ts
apps/web-demo/src/hooks/layout/useMenuRenderer.tsx
apps/web-demo/src/hooks/layout/useMenuVisuals.ts
apps/web-demo/src/hooks/layout/useNprogress.ts
apps/web-demo/src/hooks/layout/usePageTitle.spec.ts
apps/web-demo/src/hooks/layout/usePageTitle.ts
apps/web-demo/src/hooks/modules/useAuth.spec.ts
apps/web-demo/src/hooks/modules/useAuth.ts
apps/web-demo/src/hooks/modules/useAutoMitt.spec.ts
apps/web-demo/src/hooks/modules/useAutoMitt.ts
apps/web-demo/src/hooks/modules/useDateUtils.ts
apps/web-demo/src/hooks/modules/useDialog.spec.ts
apps/web-demo/src/hooks/modules/useDialog.tsx
apps/web-demo/src/hooks/modules/useHttpRequest.spec.ts
apps/web-demo/src/hooks/modules/useHttpRequest.ts
apps/web-demo/src/hooks/modules/useLocale.ts
apps/web-demo/src/hooks/modules/usePermissionRoutes.ts
apps/web-demo/src/hooks/modules/useProTableUrlSync.spec.ts
apps/web-demo/src/hooks/modules/useProTableUrlSync.ts
apps/web-demo/src/hooks/modules/useRecordOverlay.tsx
apps/web-demo/src/hooks/modules/useSystemPreferencesSync.ts
apps/web-demo/src/hooks/modules/useThemeSwitch.spec.ts
apps/web-demo/src/hooks/modules/useThemeSwitch.ts
