packages/vue-app-platform/src/bootstrap.spec.ts
packages/vue-app-platform/src/bootstrap.ts
packages/vue-app-platform/src/index.ts
packages/vue-app-platform/src/layoutRuntime.spec.ts
packages/vue-app-platform/src/layoutRuntime.ts
packages/vue-app-platform/src/preloadError.spec.ts
packages/vue-app-platform/src/preloadError.ts
packages/vue-app-platform/src/preloader.dom.spec.ts
packages/vue-app-platform/src/preloader.spec.ts
packages/vue-app-platform/src/preloader.ts
packages/vue-app-platform/src/themeRuntime.spec.ts
packages/vue-app-platform/src/themeRuntime.ts
packages/vue-hooks/src/createAutoMittHook.spec.tsx
packages/vue-hooks/src/createAutoMittHook.ts
packages/vue-hooks/src/directives/index.ts
packages/vue-hooks/src/directives/install.spec.ts
packages/vue-hooks/src/directives/install.ts
packages/vue-hooks/src/directives/longPress.spec.ts
packages/vue-hooks/src/directives/longPress.ts
packages/vue-hooks/src/directives/swipe.spec.ts
packages/vue-hooks/src/directives/swipe.ts
packages/vue-hooks/src/directives/tap.spec.ts
packages/vue-hooks/src/directives/tap.ts
packages/vue-hooks/src/index.ts
packages/vue-hooks/src/useAppElementSize.ts
packages/vue-hooks/src/useInteraction/index.ts
packages/vue-hooks/src/useInteraction/types.ts
packages/vue-hooks/src/useInteraction/useDragAction.ts
packages/vue-hooks/src/useInteraction/useInteraction.ts
packages/vue-hooks/src/useInteraction/useLongPressAction.ts
packages/vue-hooks/src/useInteraction/useSwipeAction.ts
packages/vue-hooks/src/useInteraction/useTap.ts
