packages/vue-app-platform/src/preloadError.ts
export interface VitePreloadErrorRecoveryOptions {
  storage?: Pick<Storage, 'getItem' | 'setItem' | 'removeItem'>
  storageKey: string
  reload?: () => void
  logger?: Pick<Console, 'error'>
}

export function setupVitePreloadErrorRecovery(
  options: VitePreloadErrorRecoveryOptions
): () => void {
  if (typeof window === 'undefined') {
    return () => {}
  }

  const storage = options.storage ?? window.sessionStorage
  const reload = options.reload ?? (() => window.location.reload())
  const logger = options.logger ?? console
  const listener = (event: Event) => {
    event.preventDefault()

    const hasReloaded = storage.getItem(options.storageKey)
    if (!hasReloaded) {
      storage.setItem(options.storageKey, 'true')
      reload()
      return
    }

    logger.error('Vite chunk preload failed permanently.')
    storage.removeItem(options.storageKey)
  }

  window.addEventListener('vite:preloadError', listener as EventListener)

  return () => {
    window.removeEventListener('vite:preloadError', listener as EventListener)
  }
}
packages/vue-app-platform/src/layoutRuntime.ts
import { BREAKPOINTS, type BreakpointKey } from '@ccd/design-tokens'

export type DeviceType = 'Mobile' | 'Tablet' | 'PC'
export type Orientation = 'horizontal' | 'vertical'
export type AdminLayoutMode = 'vertical' | 'horizontal' | 'mix'
export type LayoutSidebarMode = 'hidden' | 'drawer' | 'inline' | 'overlay'
export type SidebarAnimationPhase = 'idle' | 'expanding' | 'collapsing'
export type SidebarState = 'expanded' | 'collapsing' | 'collapsed' | 'expanding' | 'expanded-shell'

export interface LayoutVisibilitySetting {
  showHeader: boolean
  showMenu: boolean
  showSidebar: boolean
  showBreadcrumb: boolean
  showBreadcrumbIcon: boolean
  showTabs: boolean
  showFooter: boolean
  showLogo: boolean
}

export const LAYOUT_MODULE_VISIBILITY_KEYS = [
  'showHeader',
  'showMenu',
  'showSidebar',
  'showBreadcrumb',
  'showBreadcrumbIcon',
  'showTabs',
  'showFooter',
  'showLogo',
] as const satisfies readonly (keyof LayoutVisibilitySetting)[]

export type LayoutModuleVisibilityKey = (typeof LAYOUT_MODULE_VISIBILITY_KEYS)[number]
export type LayoutModuleRestoreCache = Partial<
  Record<LayoutModuleVisibilityKey, Partial<LayoutVisibilitySetting>>
>

export interface LayoutModuleVisibilityChangeInput {
  mode: AdminLayoutMode
  key: LayoutModuleVisibilityKey
  visible: boolean
  visibility: LayoutVisibilitySetting
  restoreCache?: LayoutModuleRestoreCache
}

export interface LayoutModuleVisibilityChangeResult {
  visibility: LayoutVisibilitySetting
  restoreCache: LayoutModuleRestoreCache
}

export const LAYOUT_MODULE_DEPENDENCIES: Partial<
  Record<LayoutModuleVisibilityKey, readonly LayoutModuleVisibilityKey[]>
> = {
  showHeader: ['showLogo', 'showMenu'],
  showBreadcrumb: ['showBreadcrumbIcon'],
}

export const LAYOUT_MODULE_PARENT_REQUIREMENTS: Partial<
  Record<LayoutModuleVisibilityKey, LayoutModuleVisibilityKey>
> = {
  showLogo: 'showHeader',
  showMenu: 'showHeader',
  showBreadcrumbIcon: 'showBreadcrumb',
}

export const LAYOUT_MODE_HIDDEN_MODULES: Record<
  AdminLayoutMode,
  readonly LayoutModuleVisibilityKey[]
> = {
  vertical: ['showMenu'],
  horizontal: ['showSidebar'],
  mix: [],
}

export interface LayoutRuntimeDeviceInput {
  deviceType: DeviceType
  breakpoint: BreakpointKey
}

export interface LayoutRuntimeEffectiveModeInput extends LayoutRuntimeDeviceInput {
  preferredMode: AdminLayoutMode
}

export interface LayoutRuntimeInput extends LayoutRuntimeEffectiveModeInput {
  width: number
  height: number
  orientation: Orientation
  pixelRatio: number
  sidebarCollapse: boolean
  visibilitySettings: Record<AdminLayoutMode, LayoutVisibilitySetting>
  mobileDrawerOpen: boolean
  isLoading: boolean
  showBreadcrumbIcon: boolean
  sidebarFixed: boolean
  headerFixed: boolean
  enableTransition: boolean
}

export interface LayoutRuntimeDeviceFlags {
  isMobile: boolean
  isTablet: boolean
  isDesktop: boolean
}

export interface LayoutRuntimeSafeAreaInsets {
  top: string
  bottom: string
  left: string
  right: string
}

export interface LayoutRuntimeState extends LayoutRuntimeDeviceFlags {
  deviceType: DeviceType
  breakpoint: BreakpointKey
  orientation: Orientation
  width: number
  height: number
  pixelRatio: number
  effectiveMode: AdminLayoutMode
  sidebarMode: LayoutSidebarMode
  sidebarCollapsed: boolean
  sidebarVisible: boolean
  useDrawer: boolean
  overlaySidebar: boolean
  showHeader: boolean
  showLogo: boolean
  showLogoText: boolean
  showMenu: boolean
  showTopMenu: boolean
  showSidebar: boolean
  showSidebarToggle: boolean
  showBreadcrumb: boolean
  showBreadcrumbIcon: boolean
  showTabs: boolean
  showFooter: boolean
  showFullscreenAction: boolean
  showHeaderThemeAction: boolean
  showCompactThemeAction: boolean
  drawerOpen: boolean
  isLoading: boolean
  sidebarFixed: boolean
packages/vue-app-platform/src/themeRuntime.spec.ts
// @vitest-environment jsdom
import { describe, expect, it, vi } from 'vitest'
import type { ThemeCssVars } from '@ccd/design-tokens'
import { applyThemeVars } from './themeRuntime'

const vars = {
  '--background': '255 255 255',
  '--foreground': '0 0 0',
  '--primary': '10 20 30',
} as ThemeCssVars

describe('applyThemeVars', () => {
  it('updates theme variables while preserving non-theme inline styles', () => {
    const target = document.createElement('div')
    target.style.setProperty('--transition-x', '12px')

    applyThemeVars(vars, { target })

    expect(target.style.getPropertyValue('--transition-x')).toBe('12px')
    expect(target.style.getPropertyValue('--background')).toBe('255 255 255')
    expect(target.style.getPropertyValue('--primary')).toBe('10 20 30')
  })

  it('persists visual boot tokens only when storage is injected', () => {
    const target = document.createElement('div')
    const storage = { setItem: vi.fn() }

    applyThemeVars(vars, {
      target,
      storage,
      storageKeys: {
        themePrimary: 'theme-primary',
        themeBackground: 'theme-background',
      },
    })

    expect(storage.setItem).toHaveBeenCalledWith('theme-primary', '10 20 30')
    expect(storage.setItem).toHaveBeenCalledWith('theme-background', '255 255 255')
  })
})
packages/vue-app-platform/src/preloader.spec.ts
import { afterEach, describe, expect, it, vi } from 'vitest'
import { fadeOutNativePreloader } from './preloader'

describe('fadeOutNativePreloader', () => {
  afterEach(() => {
    vi.useRealTimers()
  })

  it('marks the app ready and removes the preloader after the delay', () => {
    vi.useFakeTimers()

    const addedClasses: string[] = []
    let removed = false
    const element = {
      classList: {
        add(className: string) {
          addedClasses.push(className)
        },
      },
      remove() {
        removed = true
      },
    } as unknown as HTMLElement

    const documentStub = {
      documentElement: {
        dataset: {} as DOMStringMap,
      },
      getElementById(id: string) {
        return id === 'preloader-bg' ? element : null
      },
    } as unknown as Document

    fadeOutNativePreloader({
      document: documentStub,
      removeDelayMs: 400,
    })

    expect(documentStub.documentElement.dataset.appReady).toBe('true')
    expect(documentStub.documentElement.dataset.runtimeLoading).toBe('false')
    expect(documentStub.documentElement.dataset.preloaderState).toBe('hidden')
    expect(addedClasses).toEqual(['preloader-fade-out'])
    expect(removed).toBe(false)

    vi.advanceTimersByTime(400)
    expect(removed).toBe(true)
  })

  it('tolerates missing preloader elements and optional ready marking', () => {
    const documentStub = {
      documentElement: {
        dataset: {
          appReady: 'false',
          runtimeLoading: 'true',
        } as DOMStringMap,
      },
      getElementById() {
        return null
      },
    } as unknown as Document

    fadeOutNativePreloader({
      document: documentStub,
      markReady: false,
    })

    expect(documentStub.documentElement.dataset.appReady).toBe('false')
    expect(documentStub.documentElement.dataset.runtimeLoading).toBe('true')
    expect(documentStub.documentElement.dataset.preloaderState).toBe('hidden')
  })
})
packages/vue-app-platform/src/preloadError.spec.ts
import { afterEach, describe, expect, it, vi } from 'vitest'
import { setupVitePreloadErrorRecovery } from './preloadError'

const SESSION_STORAGE_SLOT = ['session', 'Storage'].join('')

interface FakeWindow extends Pick<Window, 'addEventListener' | 'removeEventListener'> {
  location: {
    reload: () => void
  }
}

describe('setupVitePreloadErrorRecovery', () => {
  afterEach(() => {
    vi.unstubAllGlobals()
  })

  it('reloads once and clears the guard after a second failure', () => {
    const storageState = new Map<string, string>()
    const storage: Pick<Storage, 'getItem' | 'setItem' | 'removeItem'> = {
      getItem(key) {
        return storageState.get(key) ?? null
      },
      setItem(key, value) {
        storageState.set(key, value)
      },
      removeItem(key) {
        storageState.delete(key)
      },
    }
    const listeners = new Map<string, EventListener>()
    const reload = vi.fn()
    const error = vi.fn()
    const fakeWindow = {
      addEventListener(type: string, listener: EventListenerOrEventListenerObject) {
        listeners.set(type, listener as EventListener)
      },
      removeEventListener(type: string) {
        listeners.delete(type)
      },
      [SESSION_STORAGE_SLOT]: storage as unknown as Storage,
      location: {
        reload,
      },
    } as unknown as FakeWindow & Window

    vi.stubGlobal('window', fakeWindow)

    const cleanup = setupVitePreloadErrorRecovery({
      storageKey: 'ccd:test:vite-preload',
      logger: { error },
    })
    const event = new Event('vite:preloadError')
    const preventDefault = vi.spyOn(event, 'preventDefault')

    listeners.get('vite:preloadError')?.(event)
    expect(preventDefault).toHaveBeenCalledTimes(1)
    expect(storageState.get('ccd:test:vite-preload')).toBe('true')
    expect(reload).toHaveBeenCalledTimes(1)
    expect(error).not.toHaveBeenCalled()

    listeners.get('vite:preloadError')?.(new Event('vite:preloadError'))
    expect(error).toHaveBeenCalledWith('Vite chunk preload failed permanently.')
    expect(storageState.has('ccd:test:vite-preload')).toBe(false)

    cleanup()
    expect(listeners.has('vite:preloadError')).toBe(false)
  })

  it('returns a no-op cleanup when window is unavailable', () => {
    vi.stubGlobal('window', undefined)

    const cleanup = setupVitePreloadErrorRecovery({
      storageKey: 'ccd:test:vite-preload',
    })

    expect(cleanup).toBeTypeOf('function')
    expect(() => cleanup()).not.toThrow()
  })
})
packages/vue-app-platform/src/layoutRuntime.spec.ts
import { describe, expect, it } from 'vitest'
import {
  enforceLayoutModeVisibilityConstraints,
  LAYOUT_SAFE_AREA_INSETS,
  resolveLayoutModuleVisibilityChange,
  resolveLayoutEffectiveMode,
  resolveLayoutRuntime,
  resolveLayoutUseDrawer,
  type AdminLayoutMode,
  type LayoutModuleRestoreCache,
  type LayoutRuntimeInput,
  type LayoutVisibilitySetting,
} from './layoutRuntime'

const DEFAULT_LAYOUT_VISIBILITY_SETTINGS: Record<AdminLayoutMode, LayoutVisibilitySetting> = {
  vertical: {
    showHeader: true,
    showMenu: false,
    showSidebar: true,
    showBreadcrumb: true,
    showBreadcrumbIcon: true,
    showTabs: true,
    showFooter: true,
    showLogo: true,
  },
  horizontal: {
    showHeader: true,
    showMenu: true,
    showSidebar: false,
    showBreadcrumb: true,
    showBreadcrumbIcon: true,
    showTabs: true,
    showFooter: true,
    showLogo: true,
  },
  mix: {
    showHeader: true,
    showMenu: true,
    showSidebar: true,
    showBreadcrumb: true,
    showBreadcrumbIcon: true,
    showTabs: true,
    showFooter: true,
    showLogo: true,
  },
}

const baseInput = {
  deviceType: 'PC',
  breakpoint: 'xl',
  width: 1440,
  height: 960,
  orientation: 'horizontal',
  pixelRatio: 1,
  preferredMode: 'vertical',
  sidebarCollapse: false,
  visibilitySettings: DEFAULT_LAYOUT_VISIBILITY_SETTINGS,
  mobileDrawerOpen: false,
  isLoading: false,
  showBreadcrumbIcon: true,
  sidebarFixed: true,
  headerFixed: true,
  enableTransition: true,
} satisfies LayoutRuntimeInput

describe('layout runtime resolver', () => {
  it('keeps desktop in preferred inline sidebar mode', () => {
    const runtime = resolveLayoutRuntime(baseInput)

    expect(runtime.deviceType).toBe('PC')
    expect(runtime.effectiveMode).toBe('vertical')
    expect(runtime.useDrawer).toBe(false)
    expect(runtime.sidebarMode).toBe('inline')
    expect(runtime.sidebarVisible).toBe(true)
    expect(runtime.showSidebar).toBe(true)
    expect(runtime.showTopMenu).toBe(false)
  })

  it('forces phone layout to drawer mode without inline sidebar spacing', () => {
    const runtime = resolveLayoutRuntime({
      ...baseInput,
      deviceType: 'Mobile',
      breakpoint: 'xs',
      width: 390,
      height: 844,
      orientation: 'vertical',
      mobileDrawerOpen: true,
    })

    expect(runtime.effectiveMode).toBe('horizontal')
    expect(runtime.useDrawer).toBe(true)
    expect(runtime.sidebarMode).toBe('drawer')
    expect(runtime.sidebarVisible).toBe(false)
    expect(runtime.showSidebar).toBe(false)
    expect(runtime.showTopMenu).toBe(false)
    expect(runtime.drawerOpen).toBe(true)
  })

  it('keeps iPadOS wide tablet out of drawer while suppressing phantom sidebar', () => {
    const runtime = resolveLayoutRuntime({
      ...baseInput,
      deviceType: 'Tablet',
      breakpoint: 'md',
      width: 820,
      height: 1180,
      orientation: 'vertical',
      preferredMode: 'mix',
      mobileDrawerOpen: true,
    })

    expect(runtime.effectiveMode).toBe('horizontal')
    expect(runtime.useDrawer).toBe(false)
    expect(runtime.sidebarMode).toBe('hidden')
    expect(runtime.sidebarVisible).toBe(false)
    expect(runtime.drawerOpen).toBe(false)
  })

  it('uses drawer only for tablet split view below md', () => {
    expect(resolveLayoutUseDrawer({ deviceType: 'Tablet', width: 600 })).toBe(true)
    expect(resolveLayoutUseDrawer({ deviceType: 'Tablet', width: 820 })).toBe(false)
    expect(resolveLayoutUseDrawer({ deviceType: 'PC', width: 600 })).toBe(false)
  })

  it('does not mutate persisted collapse preference when sidebar is hidden', () => {
    const runtime = resolveLayoutRuntime({
      ...baseInput,
      breakpoint: 'sm',
      width: 640,
      sidebarCollapse: true,
    })

    expect(runtime.effectiveMode).toBe('horizontal')
    expect(runtime.sidebarMode).toBe('hidden')
    expect(runtime.sidebarCollapsed).toBe(false)
  })

  it('blocks drawer reopening while runtime loading is active', () => {
    const runtime = resolveLayoutRuntime({
      ...baseInput,
      deviceType: 'Mobile',
packages/vue-app-platform/src/index.ts
export { markAppBootstrapping, markAppReady, waitForStablePaint } from './bootstrap.js'
export {
  enforceLayoutModeVisibilityConstraints,
  enforceLayoutVisibilityParentRequirements,
  LAYOUT_MODE_HIDDEN_MODULES,
  LAYOUT_MODULE_DEPENDENCIES,
  LAYOUT_MODULE_PARENT_REQUIREMENTS,
  LAYOUT_MODULE_VISIBILITY_KEYS,
  isNarrowLayoutBreakpoint,
  LAYOUT_DRAWER_ROOT_STYLE,
  LAYOUT_DRAWER_SAFE_AREA_STYLE,
  LAYOUT_SAFE_AREA_INSETS,
  LAYOUT_SHELL_SAFE_AREA_STYLE,
  resolveLayoutDeviceFlags,
  resolveLayoutEffectiveMode,
  resolveLayoutModuleVisibilityChange,
  resolveLayoutRuntime,
  resolveLayoutUseDrawer,
  type AdminLayoutMode,
  type DeviceType,
  type LayoutModuleRestoreCache,
  type LayoutModuleVisibilityChangeInput,
  type LayoutModuleVisibilityChangeResult,
  type LayoutModuleVisibilityKey,
  type LayoutRuntimeDeviceFlags,
  type LayoutRuntimeDeviceInput,
  type LayoutRuntimeEffectiveModeInput,
  type LayoutRuntimeInput,
  type LayoutRuntimeSafeAreaInsets,
  type LayoutRuntimeState,
  type LayoutSidebarMode,
  type LayoutVisibilitySetting,
  type Orientation,
  type SidebarAnimationPhase,
  type SidebarState,
} from './layoutRuntime.js'
export { fadeOutNativePreloader, type FadeOutNativePreloaderOptions } from './preloader.js'
export {
  setupVitePreloadErrorRecovery,
  type VitePreloadErrorRecoveryOptions,
} from './preloadError.js'
export {
  applyThemeVars,
  type ApplyThemeVarsOptions,
  type ThemeRuntimeStorage,
  type ThemeRuntimeStorageKeys,
  type ThemeRuntimeTarget,
} from './themeRuntime.js'
packages/vue-app-platform/src/bootstrap.spec.ts
import { afterEach, describe, expect, it, vi } from 'vitest'
import { markAppBootstrapping, markAppReady, waitForStablePaint } from './bootstrap'

describe('bootstrap helpers', () => {
  afterEach(() => {
    vi.unstubAllGlobals()
  })

  it('waits for two animation frames when requestAnimationFrame is available', async () => {
    const callbacks: FrameRequestCallback[] = []
    let resolved = false

    vi.stubGlobal('requestAnimationFrame', (callback: FrameRequestCallback) => {
      callbacks.push(callback)
      return callbacks.length
    })

    const promise = waitForStablePaint().then(() => {
      resolved = true
    })

    expect(callbacks).toHaveLength(1)
    callbacks.shift()?.(0)
    expect(resolved).toBe(false)
    expect(callbacks).toHaveLength(1)

    callbacks.shift()?.(16)
    await promise
    expect(resolved).toBe(true)
  })

  it('falls back when requestAnimationFrame is unavailable', async () => {
    vi.stubGlobal('requestAnimationFrame', undefined)
    await expect(waitForStablePaint()).resolves.toBeUndefined()
  })

  it('marks app bootstrapping and ready states on the document element', () => {
    const documentStub = {
      documentElement: {
        dataset: {} as DOMStringMap,
      },
    } as unknown as Document

    markAppBootstrapping(documentStub)
    expect(documentStub.documentElement.dataset.appReady).toBe('false')
    expect(documentStub.documentElement.dataset.runtimeLoading).toBe('true')

    markAppReady(documentStub)
    expect(documentStub.documentElement.dataset.appReady).toBe('true')
    expect(documentStub.documentElement.dataset.runtimeLoading).toBe('false')
  })
})
packages/vue-app-platform/src/preloader.dom.spec.ts
import { afterEach, describe, expect, it, vi } from 'vitest'

import { fadeOutNativePreloader } from './preloader'

describe('fadeOutNativePreloader DOM regression', () => {
  afterEach(() => {
    vi.useRealTimers()
    document.body.innerHTML = ''
    document.documentElement.removeAttribute('data-app-ready')
    document.documentElement.removeAttribute('data-runtime-loading')
    document.documentElement.removeAttribute('data-preloader-state')
  })

  it('marks the document ready and removes the native preloader from the DOM', () => {
    vi.useFakeTimers()
    document.body.innerHTML = '<div id="preloader-bg"></div>'

    fadeOutNativePreloader({ removeDelayMs: 25 })

    const preloader = document.getElementById('preloader-bg')
    expect(document.documentElement.dataset.appReady).toBe('true')
    expect(document.documentElement.dataset.runtimeLoading).toBe('false')
    expect(document.documentElement.dataset.preloaderState).toBe('hidden')
    expect(preloader?.classList.contains('preloader-fade-out')).toBe(true)

    vi.advanceTimersByTime(25)

    expect(document.getElementById('preloader-bg')).toBeNull()
  })
})
packages/vue-app-platform/src/preloader.ts
import { markAppReady } from './bootstrap.js'

export interface FadeOutNativePreloaderOptions {
  document?: Document
  elementId?: string
  fadeClass?: string
  removeDelayMs?: number
  markReady?: boolean
}

function resolveDocument(documentOverride?: Document): Document | undefined {
  if (documentOverride) return documentOverride
  if (typeof document !== 'undefined') return document
  return undefined
}

export function fadeOutNativePreloader(options: FadeOutNativePreloaderOptions = {}): void {
  const activeDocument = resolveDocument(options.document)
  if (!activeDocument) return

  const {
    elementId = 'preloader-bg',
    fadeClass = 'preloader-fade-out',
    removeDelayMs = 450,
    markReady = true,
  } = options

  if (markReady) {
    markAppReady(activeDocument)
  }
  activeDocument.documentElement.dataset.preloaderState = 'hidden'

  const preloader = activeDocument.getElementById(elementId)
  if (!preloader) return

  preloader.classList.add(fadeClass)
  globalThis.setTimeout(() => {
    preloader.remove()
  }, removeDelayMs)
}
packages/vue-app-platform/src/bootstrap.ts
function resolveDocument(documentOverride?: Document): Document | undefined {
  if (documentOverride) return documentOverride
  if (typeof document !== 'undefined') return document
  return undefined
}

export function waitForStablePaint(): Promise<void> {
  const raf = globalThis.requestAnimationFrame
  if (typeof raf === 'function') {
    return new Promise(resolve => {
      raf(() => {
        raf(() => resolve())
      })
    })
  }
  if (typeof globalThis.setTimeout === 'function') {
    return new Promise(resolve => {
      globalThis.setTimeout(resolve, 0)
    })
  }
  return Promise.resolve()
}

export function markAppBootstrapping(documentOverride?: Document): void {
  const activeDocument = resolveDocument(documentOverride)
  if (!activeDocument) return

  activeDocument.documentElement.dataset.appReady = 'false'
  activeDocument.documentElement.dataset.runtimeLoading = 'true'
}

export function markAppReady(documentOverride?: Document): void {
  const activeDocument = resolveDocument(documentOverride)
  if (!activeDocument) return

  activeDocument.documentElement.dataset.appReady = 'true'
  activeDocument.documentElement.dataset.runtimeLoading = 'false'
}
packages/vue-app-platform/src/themeRuntime.ts
import type { ThemeCssVars } from '@ccd/design-tokens'

export interface ThemeRuntimeStorageKeys {
  themePrimary: string
  themeBackground: string
}

export interface ThemeRuntimeStorage {
  setItem: (key: string, value: string) => void
}

export interface ThemeRuntimeTarget {
  style: CSSStyleDeclaration
}

export interface ApplyThemeVarsOptions {
  target: ThemeRuntimeTarget
  storage?: ThemeRuntimeStorage
  storageKeys?: ThemeRuntimeStorageKeys
}

export function applyThemeVars(vars: ThemeCssVars, options: ApplyThemeVarsOptions): void {
  const { style } = options.target
  const currentStyles: Record<string, string> = {}
  const themeVarKeys = new Set(Object.keys(vars))

  for (let i = 0; i < style.length; i++) {
    const prop = style[i]
    if (!themeVarKeys.has(prop)) {
      currentStyles[prop] = style.getPropertyValue(prop)
    }
  }

  const allStyles = { ...currentStyles, ...vars }
  style.cssText = Object.entries(allStyles)
    .map(([key, value]) => `${key}: ${value}`)
    .join('; ')

  const storage = options.storage
  const storageKeys = options.storageKeys
  if (!storage || !storageKeys) return

  const primary = vars['--primary']
  if (primary) {
    storage.setItem(storageKeys.themePrimary, primary)
  }

  const background = vars['--background']
  if (background) {
    storage.setItem(storageKeys.themeBackground, background)
  }
}
