     321 README.md
     158 docs/en/architecture-contract.md
     141 docs/zh/02-architecture.md
      68 docs/architecture/ownership-boundaries.md
      41 docs/adr/ADR-005-common-platform-layer-terminology.md
      35 docs/adr/ADR-006-approval-gated-architecture-lanes.md
     591 docs/ai-plan/DECISIONS.md
     363 docs/ai-plan/STATUS.md
      70 docs/runtime/runtime-isolation.md
      56 docs/runtime/web-runtime.md
      35 docs/runtime/desktop-runtime.md
     186 .ai/governance/policies/topology.json
      46 .ai/governance/policies/runtime.json
      22 .ai/governance/policies/api.json
     138 scripts/architecture/validate-boundaries.mjs
      81 scripts/architecture/check-runtime-leaks.mjs
      93 scripts/architecture/check-api-surface.mjs
     863 scripts/ai-architecture-guard.mjs
      56 .dependency-cruiser.cjs
       3 pnpm-workspace.yaml
     289 package.json
      20 packages/contracts/package.json
      23 packages/core/package.json
      28 packages/design-tokens/package.json
      24 packages/shared-utils/package.json
      48 packages/unocss-preset/package.json
      23 packages/vue-app-platform/package.json
      36 packages/vue-charts/package.json
      25 packages/vue-hooks/package.json
      26 packages/vue-primevue-adapter/package.json
      47 packages/vue-ui/package.json
      42 apps/desktop/package.json
      70 apps/web-demo/package.json
      48 apps/web-demo/tsconfig.json
      50 apps/desktop/tsconfig.json
     652 CCD_ARCHITECTURE_ISSUE_REPAIR_LOG.md
    1423 docs/ai-plan/ARCHITECTURE_ISSUE_REPAIR_LOG.md
    6241 total
