## browser_globals (97)
apps/desktop/src/App.vue
apps/desktop/src/main.ts
apps/desktop/src/theme/index.ts
apps/desktop/src/views/DesktopHome.vue
apps/web-demo/src/App.vue
apps/web-demo/src/hooks/layout/useAdminTabs.ts
apps/web-demo/src/hooks/layout/useLayoutRuntime.ts
apps/web-demo/src/hooks/layout/useLoading.ts
apps/web-demo/src/hooks/layout/useNprogress.ts
apps/web-demo/src/hooks/layout/usePageTitle.ts
apps/web-demo/src/hooks/modules/useAuth.ts
apps/web-demo/src/hooks/modules/useThemeSwitch.ts
apps/web-demo/src/layouts/components/AppPrimeVueGlobals.vue
apps/web-demo/src/layouts/components/AsyncErrorFallback.vue
apps/web-demo/src/layouts/components/ContextMenuProvider.vue
apps/web-demo/src/layouts/components/admin/AdminHeader.vue
apps/web-demo/src/layouts/components/admin/AdminMenuPopup.tsx
apps/web-demo/src/layouts/components/admin/AdminSidebarMenuInline.tsx
apps/web-demo/src/layouts/components/admin/AdminTabsBar.tsx
apps/web-demo/src/layouts/index.vue
apps/web-demo/src/layouts/modules/LayoutAdmin.tsx
apps/web-demo/src/layouts/modules/LayoutFullScreen.vue
apps/web-demo/src/layouts/modules/LayoutRatio.vue
apps/web-demo/src/locales/index.ts
apps/web-demo/src/main.ts
apps/web-demo/src/plugins/modules/errorHandler.ts
apps/web-demo/src/plugins/modules/proform.ts
apps/web-demo/src/router/modules/example.ts
apps/web-demo/src/router/utils/guardEffects.ts
apps/web-demo/src/router/utils/helper.ts
apps/web-demo/src/stores/modules/system/device.ts
apps/web-demo/src/stores/modules/system/locale.ts
apps/web-demo/src/utils/date/dateUtils.ts
apps/web-demo/src/utils/date/timezone.ts
apps/web-demo/src/utils/deviceSync.ts
apps/web-demo/src/utils/http/connection.ts
apps/web-demo/src/utils/http/interceptors.ts
apps/web-demo/src/utils/http/methods.ts
apps/web-demo/src/utils/http/policies/notificationPolicy.ts
apps/web-demo/src/utils/http/uploadManager.ts
apps/web-demo/src/utils/runtime/e2e.ts
apps/web-demo/src/utils/safeStorage/core.ts
apps/web-demo/src/utils/safeStorage/storageMaintenance.ts
apps/web-demo/src/utils/theme/engine.ts
apps/web-demo/src/utils/theme/lottieThemeUtils.ts
apps/web-demo/src/utils/theme/mode.ts
apps/web-demo/src/utils/theme/sizeEngine.ts
apps/web-demo/src/utils/theme/transitions.ts
apps/web-demo/src/views/dashboard/index.vue
apps/web-demo/src/views/example/architecture/router-meta/external-link.vue
apps/web-demo/src/views/example/architecture/router-meta/reuse-window.vue
apps/web-demo/src/views/example/architecture/router-meta/router-meta-index.vue
apps/web-demo/src/views/example/architecture/stores/size.vue
apps/web-demo/src/views/example/common/constants.vue
apps/web-demo/src/views/example/components/c-scrollbar/index.vue
apps/web-demo/src/views/example/components/icons/configs/iconLists.generated.ts
apps/web-demo/src/views/example/components/icons/index.vue
apps/web-demo/src/views/example/components/primevue-collection/overview/composables/usePrimeVueScrollSpy.ts
apps/web-demo/src/views/example/components/primevue-collection/pro-form/advanced/index.vue
apps/web-demo/src/views/example/components/primevue-collection/pro-form/api-events/index.vue
apps/web-demo/src/views/example/components/primevue-collection/pro-form/basic/index.vue
apps/web-demo/src/views/example/components/primevue-collection/pro-form/dag/index.vue
apps/web-demo/src/views/example/components/primevue-collection/pro-form/group/index.vue
apps/web-demo/src/views/example/components/primevue-collection/pro-form/playground/index.vue
apps/web-demo/src/views/example/components/primevue-collection/pro-form/plugins/index.vue
apps/web-demo/src/views/example/components/primevue-collection/pro-form/reactions/index.vue
apps/web-demo/src/views/example/components/primevue-collection/pro-form/validation/index.vue
apps/web-demo/src/views/example/components/primevue-collection/pro-table/advanced/index.vue
apps/web-demo/src/views/example/components/primevue-collection/pro-table/columns/columns.tsx
apps/web-demo/src/views/example/components/primevue-collection/toast/index.vue
apps/web-demo/src/views/example/components/use-echarts/index.vue
apps/web-demo/src/views/example/hooks/layout-page-title.vue
apps/web-demo/src/views/example/hooks/use-auth.vue
apps/web-demo/src/views/example/system-configuration/layout.vue
apps/web-demo/src/views/example/system-configuration/size.vue
apps/web-demo/src/views/example/system-configuration/theme.vue
apps/web-demo/src/views/example/system-configuration/unocss.vue
apps/web-demo/src/views/example/utils/device-sync.vue
apps/web-demo/src/views/login/components/HeaderActions.vue
apps/web-demo/src/views/login/composables/useLoginSubmit.ts
apps/web-demo/src/views/login/index.vue
apps/web-demo/src/views/notfound/403.vue
apps/web-demo/src/views/notfound/404.vue
apps/web-demo/src/views/notfound/500.vue
packages/design-tokens/src/index.ts
packages/design-tokens/src/size.ts
packages/unocss-preset/src/shortcuts/semanticShortcuts.ts
packages/vue-app-platform/src/bootstrap.ts
packages/vue-app-platform/src/preloadError.ts
packages/vue-app-platform/src/preloader.ts
packages/vue-charts/src/chartUtils.ts
packages/vue-hooks/src/useAppElementSize.ts
packages/vue-ui/src/CScrollbar/CScrollbar.vue
packages/vue-ui/src/CScrollbar/utils/types.ts
packages/vue-ui/src/PrimeDialog/PrimeDialog.vue
packages/vue-ui/src/ProTable/ProTable.vue
packages/vue-ui/src/ProTable/engine/engines/export.ts
## storage (18)
apps/web-demo/src/constants/runtime.ts
apps/web-demo/src/hooks/modules/useThemeSwitch.ts
apps/web-demo/src/plugins/modules/proform.ts
apps/web-demo/src/stores/modules/session/permission.ts
apps/web-demo/src/stores/modules/session/user.ts
apps/web-demo/src/stores/modules/system/layout.ts
apps/web-demo/src/stores/modules/system/locale.ts
apps/web-demo/src/stores/modules/system/size.ts
apps/web-demo/src/stores/modules/system/theme.ts
apps/web-demo/src/utils/runtime/e2e.ts
apps/web-demo/src/utils/safeStorage/core.ts
apps/web-demo/src/utils/safeStorage/storageMaintenance.ts
apps/web-demo/src/utils/theme/engine.ts
apps/web-demo/src/utils/theme/sizeEngine.ts
apps/web-demo/src/views/example/components/primevue-collection/pro-form/advanced/index.vue
apps/web-demo/src/views/example/components/primevue-collection/pro-table/advanced/index.vue
packages/vue-app-platform/src/preloadError.ts
packages/vue-ui/src/ProForm/engine/config.ts
## network (14)
apps/web-demo/src/layouts/components/LoadingLottie.vue
apps/web-demo/src/layouts/index.vue
apps/web-demo/src/utils/date/timezone.ts
apps/web-demo/src/utils/http/connection.ts
apps/web-demo/src/utils/http/instance.ts
apps/web-demo/src/utils/http/interceptors.ts
apps/web-demo/src/utils/http/methods.ts
apps/web-demo/src/utils/http/policies/authRefreshPolicy.ts
apps/web-demo/src/utils/http/types.ts
apps/web-demo/src/views/example/hooks/use-http-request.vue
packages/vue-ui/src/ProTable/ProTable.vue
packages/vue-ui/src/ProTable/engine/core/TableController.ts
packages/vue-ui/src/ProTable/engine/types/props.ts
packages/vue-ui/src/ProTable/engine/types/tableState.ts
## timers (26)
apps/web-demo/src/api/auth/auth.api.ts
apps/web-demo/src/api/system/system.api.ts
apps/web-demo/src/hooks/layout/useAdminTabs.ts
apps/web-demo/src/hooks/layout/useLayoutRuntime.ts
apps/web-demo/src/hooks/layout/useLoading.ts
apps/web-demo/src/hooks/layout/useNprogress.ts
apps/web-demo/src/hooks/modules/usePermissionRoutes.ts
apps/web-demo/src/hooks/modules/useThemeSwitch.ts
apps/web-demo/src/layouts/components/admin/AdminMenuPopup.tsx
apps/web-demo/src/router/utils/guardEffects.ts
apps/web-demo/src/stores/modules/system/device.ts
apps/web-demo/src/utils/date/timezone.ts
apps/web-demo/src/utils/http/connection.ts
apps/web-demo/src/utils/http/methods.ts
apps/web-demo/src/views/example/components/primevue-collection/pro-table/virtual/index.vue
apps/web-demo/src/views/example/components/use-echarts/index.vue
packages/vue-app-platform/src/bootstrap.ts
packages/vue-app-platform/src/preloader.ts
packages/vue-charts/src/UseEcharts/UseEcharts.vue
packages/vue-charts/src/UseEcharts/echarts-render-core.ts
packages/vue-charts/src/UseEcharts/useChartElementSize.ts
packages/vue-ui/src/CScrollbar/CScrollbar.vue
packages/vue-ui/src/PrimeDialog/useDialog.ts
packages/vue-ui/src/ProForm/engine/core/FormController.ts
packages/vue-ui/src/ProForm/engine/validation/ValidationEngine.ts
packages/vue-ui/src/ProTable/VirtualGridRenderer.vue
## console (32)
apps/desktop/src/adapters/index.ts
apps/web-demo/src/adapters/logger.adapter.ts
apps/web-demo/src/hooks/modules/useAuth.ts
apps/web-demo/src/hooks/modules/useDateUtils.ts
apps/web-demo/src/hooks/modules/useLocale.ts
apps/web-demo/src/hooks/modules/usePermissionRoutes.ts
apps/web-demo/src/hooks/modules/useThemeSwitch.ts
apps/web-demo/src/layouts/components/AnimateRouterView.vue
apps/web-demo/src/layouts/components/LoadingLottie.vue
apps/web-demo/src/stores/modules/system/layout.ts
apps/web-demo/src/stores/modules/system/locale.ts
apps/web-demo/src/stores/modules/system/size.ts
apps/web-demo/src/stores/modules/system/theme.ts
apps/web-demo/src/sync/systemPreferences/runtime.ts
apps/web-demo/src/utils/date/dateUtils.ts
apps/web-demo/src/utils/date/timezone.ts
apps/web-demo/src/utils/theme/observability.ts
apps/web-demo/src/views/example/components/primevue-collection/prime-dialog/index.vue
apps/web-demo/src/views/example/components/primevue-collection/pro-form/advanced/index.vue
apps/web-demo/src/views/example/components/primevue-collection/pro-form/basic/index.vue
apps/web-demo/src/views/example/components/primevue-collection/pro-form/dag/index.vue
apps/web-demo/src/views/example/components/primevue-collection/pro-form/group/index.vue
apps/web-demo/src/views/example/components/primevue-collection/pro-form/playground/index.vue
apps/web-demo/src/views/example/components/primevue-collection/pro-form/plugins/index.vue
apps/web-demo/src/views/example/components/primevue-collection/pro-form/reactions/index.vue
apps/web-demo/src/views/example/components/use-echarts/configs/dynamicChartConfig.ts
packages/vue-primevue-adapter/src/theme/colorAdapter.ts
packages/vue-ui/src/Icons/Icons.vue
packages/vue-ui/src/ProForm/engine/utils/logger.ts
packages/vue-ui/src/ProForm/index.vue
packages/vue-ui/src/ProTable/ProTable.vue
packages/vue-ui/src/ProTable/VirtualGridRenderer.vue
## crypto (4)
apps/web-demo/src/sync/socket.ts
apps/web-demo/src/utils/http/methods.ts
apps/web-demo/src/utils/http/uploadManager.ts
apps/web-demo/src/utils/safeStorage/crypto.ts
## tauri (1)
apps/desktop/src/adapters/index.ts
