{
  "perIssueSections": 45,
  "registryRows": 45,
  "fileRows": 100,
  "pkgRows": 12,
  "runtimeRows": 8,
  "issueIds": [
    "A-01",
    "A-02",
    "A-03",
    "B-01",
    "B-02",
    "B-03",
    "B-04",
    "B-05",
    "B-06",
    "B-07",
    "B-08",
    "B-09",
    "B-10",
    "B-11",
    "C-01",
    "C-02",
    "C-03",
    "C-04",
    "C-05",
    "C-06",
    "D-01",
    "D-02",
    "D-03",
    "D-04",
    "D-05",
    "D-06",
    "D-07",
    "D-08",
    "D-09",
    "D-10",
    "D-11",
    "E-01",
    "E-02",
    "E-03",
    "E-04",
    "E-05",
    "E-06",
    "E-07",
    "F-01",
    "F-02",
    "F-03",
    "F-04",
    "G-01",
    "G-02",
    "G-03"
  ]
}
