$ rg -n safeStorage|packDataSync|unpackDataSync|compressToBase64|decompressFromBase64|lzstring|storageCodec|stringifyJsonStorageValue|parseJsonStorageValue|createPiniaEncryptedSerializer apps packages
apps/web-demo/src/locales/lang/example/en-US.ts:84:        safeStorage: 'SafeStorage',
apps/web-demo/src/locales/lang/example/zh-CN.ts:84:        safeStorage: '安全加密存储',
packages/shared-utils/src/index.ts:9:  parseJsonStorageValue,
packages/shared-utils/src/index.ts:10:  stringifyJsonStorageValue,
packages/shared-utils/src/index.ts:13:} from './storageCodec.js'
packages/shared-utils/src/storageCodec.spec.ts:2:import { parseJsonStorageValue, stringifyJsonStorageValue } from './storageCodec'
packages/shared-utils/src/storageCodec.spec.ts:4:describe('storageCodec', () => {
packages/shared-utils/src/storageCodec.spec.ts:6:    const encoded = stringifyJsonStorageValue({ theme: 'dark', density: 2 })
packages/shared-utils/src/storageCodec.spec.ts:11:    expect(parseJsonStorageValue(encoded.value)).toEqual({
packages/shared-utils/src/storageCodec.spec.ts:18:    const result = parseJsonStorageValue('{')
packages/shared-utils/src/storageCodec.spec.ts:24:    const result = stringifyJsonStorageValue(undefined)
packages/shared-utils/src/storageCodec.ts:5:export function stringifyJsonStorageValue(value: unknown): JsonStorageStringifyResult {
packages/shared-utils/src/storageCodec.ts:16:export function parseJsonStorageValue<T = unknown>(value: string): JsonStorageParseResult<T> {
apps/web-demo/src/router/modules/example.ts:718:      meta: { titleKey: 'router.example.utils.safeStorage', rank: 0, icon: 'i-lucide-lock' },
apps/web-demo/src/utils/safeStorage/piniaSerializer.ts:3:import { packDataSync, unpackDataSync } from './core'
apps/web-demo/src/utils/safeStorage/piniaSerializer.ts:7: * 使用 safeStorage 的加密和压缩逻辑
apps/web-demo/src/utils/safeStorage/piniaSerializer.ts:12:export const createPiniaEncryptedSerializer = (secret?: string) => {
apps/web-demo/src/utils/safeStorage/piniaSerializer.ts:19:      return secret ? packDataSync(value, secret) : packDataSync(value)
apps/web-demo/src/utils/safeStorage/piniaSerializer.ts:38:      const result = secret ? unpackDataSync(value, secret) : unpackDataSync(value)
apps/web-demo/src/utils/safeStorage/piniaSerializer.ts:63:export default createPiniaEncryptedSerializer()
apps/web-demo/src/constants/runtime.ts:5: * Business persistence must still follow safeStorage and Pinia serializer rules.
apps/web-demo/src/utils/safeStorage/safeStorage.ts:1:import { packData, unpackData, packDataSync, unpackDataSync } from './core'
apps/web-demo/src/utils/safeStorage/safeStorage.ts:8:export const compressAndEncryptSync = packDataSync
apps/web-demo/src/utils/safeStorage/safeStorage.ts:9:export const decryptAndDecompressSync = unpackDataSync
apps/web-demo/src/utils/safeStorage/safeStorage.ts:22:export const encryptAndCompressSync = packDataSync
apps/web-demo/src/utils/safeStorage/safeStorage.ts:26:export const decompressAndDecryptSync = unpackDataSync
apps/web-demo/src/utils/safeStorage/index.ts:2:export * from './lzstring'
apps/web-demo/src/utils/safeStorage/index.ts:4:export * from './safeStorage'
apps/web-demo/src/utils/safeStorage/piniaSerializer.spec.ts:2:import { createPiniaEncryptedSerializer } from './piniaSerializer'
apps/web-demo/src/utils/safeStorage/piniaSerializer.spec.ts:4:describe('createPiniaEncryptedSerializer', () => {
apps/web-demo/src/utils/safeStorage/piniaSerializer.spec.ts:6:    const serializer = createPiniaEncryptedSerializer('unit-test-secret')
apps/web-demo/src/utils/safeStorage/piniaSerializer.spec.ts:17:    const serializer = createPiniaEncryptedSerializer('unit-test-secret')
apps/web-demo/src/utils/safeStorage/piniaSerializer.spec.ts:28:    const serializer = createPiniaEncryptedSerializer('unit-test-secret')
apps/web-demo/src/utils/safeStorage/lzstring.ts:5:  return LZString.compressToBase64(str)
apps/web-demo/src/utils/safeStorage/lzstring.ts:10:  return LZString.decompressFromBase64(str)
apps/web-demo/src/plugins/modules/proform.ts:10:import { packDataSync, unpackDataSync } from '@/utils/safeStorage'
apps/web-demo/src/plugins/modules/proform.ts:20:  const value = unpackDataSync<Record<string, unknown>>(
apps/web-demo/src/plugins/modules/proform.ts:35:    pack: data => packDataSync(data, import.meta.env.VITE_PUBLIC_STORAGE_OBFUSCATION_KEY),
apps/web-demo/src/hooks/modules/useAuth.spec.ts:62:vi.mock('@/utils/safeStorage', () => ({
apps/web-demo/src/hooks/modules/useAuth.spec.ts:63:  createPiniaEncryptedSerializer: () => ({
apps/web-demo/src/utils/http/requestLayer.spec.ts:108:vi.mock('@/utils/safeStorage', () => ({
apps/web-demo/src/hooks/layout/useAdminTabs.spec.ts:48:vi.mock('@/utils/safeStorage/piniaSerializer', () => ({
apps/web-demo/src/hooks/layout/useAdminTabs.spec.ts:49:  createPiniaEncryptedSerializer: () => ({
apps/web-demo/src/utils/http/interceptors.ts:6:import { compressAndEncryptSync, decryptAndDecompressSync } from '@/utils/safeStorage'
apps/web-demo/src/utils/http/interceptors.spec.ts:20:vi.mock('@/utils/safeStorage', () => ({
apps/web-demo/src/utils/theme/sizeEngine.ts:16:import { unpackDataSync } from '@/utils/safeStorage/core'
apps/web-demo/src/utils/theme/sizeEngine.ts:373:    // Payload is still safeStorage-packed by useSizeStore's encrypted serializer.
apps/web-demo/src/utils/theme/sizeEngine.ts:379:    const state = unpackDataSync<SizePersistState>(raw)
apps/web-demo/src/sync/systemPreferences/localPersist.ts:1:import { packDataSync, unpackDataSync } from '@/utils/safeStorage'
apps/web-demo/src/sync/systemPreferences/localPersist.ts:4:import { readLocalStorageValue, writeLocalStorageValue } from '@/utils/safeStorage'
apps/web-demo/src/sync/systemPreferences/localPersist.ts:12:  const packed = packDataSync(preferences)
apps/web-demo/src/sync/systemPreferences/localPersist.ts:21:  return unpackDataSync<SystemPreferences>(raw)
apps/web-demo/src/sync/systemPreferences/model.spec.ts:92:vi.mock('@/utils/safeStorage/piniaSerializer', () => ({
apps/web-demo/src/sync/systemPreferences/model.spec.ts:93:  createPiniaEncryptedSerializer: () => ({
apps/web-demo/src/views/example/utils/safe-storage.vue:4:import { compressAndEncryptSync, decryptAndDecompressSync } from '@/utils/safeStorage'
apps/web-demo/src/stores/modules/session/user.ts:9:import { createPiniaEncryptedSerializer, removeLocalStorageKeysWhere } from '@/utils/safeStorage'
apps/web-demo/src/stores/modules/session/user.ts:161:    serializer: createPiniaEncryptedSerializer(), // 用户信息需要加密存储
apps/web-demo/src/stores/modules/session/permission.ts:6:import { createPiniaEncryptedSerializer } from '@/utils/safeStorage/piniaSerializer'
apps/web-demo/src/stores/modules/session/permission.ts:118:const _permissionSerializer = createPiniaEncryptedSerializer()
apps/web-demo/src/stores/modules/session/permission.spec.ts:86:vi.mock('@/utils/safeStorage/piniaSerializer', () => ({
apps/web-demo/src/stores/modules/session/permission.spec.ts:87:  createPiniaEncryptedSerializer: () => ({
apps/web-demo/src/stores/modules/session/user.spec.ts:45:vi.mock('@/utils/safeStorage', () => ({
apps/web-demo/src/stores/modules/session/user.spec.ts:46:  createPiniaEncryptedSerializer: () => ({
apps/web-demo/src/stores/modules/session/user.spec.ts:52:vi.mock('@/utils/safeStorage/piniaSerializer', () => ({
apps/web-demo/src/stores/modules/session/user.spec.ts:53:  createPiniaEncryptedSerializer: () => ({
apps/web-demo/src/stores/modules/session/user.spec.ts:151:      const { removeLocalStorageKeysWhere } = await import('@/utils/safeStorage')
apps/web-demo/src/stores/modules/system/theme.spec.ts:45:vi.mock('@/utils/safeStorage/piniaSerializer', () => ({
apps/web-demo/src/stores/modules/system/theme.spec.ts:46:  createPiniaEncryptedSerializer: () => ({
apps/web-demo/src/utils/safeStorage/core.ts:2:import { parseJsonStorageValue, stringifyJsonStorageValue } from '@ccd/shared-utils'
apps/web-demo/src/utils/safeStorage/core.ts:6:import * as LZ from './lzstring'
apps/web-demo/src/utils/safeStorage/core.ts:80:export function packDataSync(value: unknown, secret?: string): string {
apps/web-demo/src/utils/safeStorage/core.ts:83:    const json = stringifyJsonStorageValue(value)
apps/web-demo/src/utils/safeStorage/core.ts:101:export function unpackDataSync<T>(value: string, secret?: string): T | null {
apps/web-demo/src/utils/safeStorage/core.ts:134:    const parsed = parseJsonStorageValue<T>(decompressed)
apps/web-demo/src/utils/safeStorage/core.ts:147:    const json = stringifyJsonStorageValue(value)
apps/web-demo/src/utils/safeStorage/core.ts:192:    const parsed = parseJsonStorageValue<T>(decompressed)
apps/web-demo/src/utils/safeStorage/core.ts:199:export const safeStorageSyncCodec: SyncStorageCodec<unknown> = {
apps/web-demo/src/utils/safeStorage/core.ts:200:  encode: packDataSync,
apps/web-demo/src/utils/safeStorage/core.ts:201:  decode: unpackDataSync,
apps/web-demo/src/utils/safeStorage/core.ts:204:export const safeStorageCodec: StorageCodec<unknown> = {
apps/web-demo/src/stores/modules/system/theme.ts:17:import { createPiniaEncryptedSerializer } from '@/utils/safeStorage/piniaSerializer'
apps/web-demo/src/stores/modules/system/theme.ts:167:    serializer: createPiniaEncryptedSerializer(),
apps/web-demo/src/stores/modules/system/layout.spec.ts:19:vi.mock('@/utils/safeStorage/piniaSerializer', () => ({
apps/web-demo/src/stores/modules/system/layout.spec.ts:20:  createPiniaEncryptedSerializer: () => ({
apps/web-demo/src/stores/modules/system/size.ts:5:import { createPiniaEncryptedSerializer } from '@/utils/safeStorage/piniaSerializer'
apps/web-demo/src/stores/modules/system/size.ts:64:    serializer: createPiniaEncryptedSerializer(),
apps/web-demo/src/stores/modules/system/size.spec.ts:57:vi.mock('@/utils/safeStorage/piniaSerializer', () => ({
apps/web-demo/src/stores/modules/system/size.spec.ts:58:  createPiniaEncryptedSerializer: () => ({
apps/web-demo/src/stores/modules/system/layout.ts:8:import { createPiniaEncryptedSerializer } from '@/utils/safeStorage/piniaSerializer'
apps/web-demo/src/stores/modules/system/layout.ts:459:    serializer: createPiniaEncryptedSerializer(),

[exit=0]
