$ git diff --name-status
M	.ai/generated/governance-report.json
M	.ai/governance/policies/api.json
M	.ai/governance/policies/runtime.json
M	.ai/governance/policies/topology.json
M	.ai/rules/components/00-primevue-ecosystem.mdc
M	.ai/rules/components/01-primevue-pt-styling.mdc
M	.ai/rules/components/02-pro-components.mdc
M	apps/web-demo/src/types/auto-imports.d.ts
M	docs/ai-plan/DECISIONS.md
M	docs/architecture/ownership-boundaries.md
M	docs/en/architecture-contract.md
M	docs/generated/api-surface-report.json
M	docs/generated/api-surface-report.md
M	docs/generated/governance-report.md
M	docs/generated/graphs/README.md
M	docs/generated/graphs/dependency-graph.json
M	docs/generated/graphs/package-dependency-graph.mmd
M	docs/runtime/desktop-runtime.md
M	docs/runtime/runtime-isolation.md
M	docs/runtime/web-runtime.md
M	docs/zh/02-architecture.md
M	scripts/architecture/check-api-surface.mjs
M	scripts/architecture/check-runtime-leaks.mjs
M	scripts/architecture/validate-boundaries.mjs
M	scripts/normalize-generated-output.mjs

[exit=0]
