$ rg runtime surfaces for M8 touched/candidate files
packages/design-tokens/src/size.ts:101: * 禁止加入 presetUno 已占用的类名片段（如 full / screen / min / max），否则会覆盖默认 w-full、w-screen 等，导致布局异常。
apps/web-demo/src/utils/theme/engine.ts:68:    target: document.documentElement,
apps/web-demo/src/utils/theme/engine.ts:69:    storage: localStorage,
apps/web-demo/src/utils/theme/sizeEngine.ts:45:  const root = document.documentElement
apps/web-demo/src/utils/theme/sizeEngine.ts:84:  const root = document.documentElement
apps/web-demo/src/utils/theme/sizeEngine.ts:118:  const root = document.documentElement
apps/web-demo/src/utils/theme/sizeEngine.ts:132: * 专为 preload() 路径设计，将 applySizeTheme + applyRootFontSize
apps/web-demo/src/utils/theme/sizeEngine.ts:140:  const root = document.documentElement
apps/web-demo/src/utils/theme/sizeEngine.ts:188:export function preload(): void {
apps/web-demo/src/utils/theme/sizeEngine.ts:189:  if (typeof document === 'undefined') return
apps/web-demo/src/utils/theme/sizeEngine.ts:194:    // Technical first-paint exception: preload must read before Pinia mounts.
apps/web-demo/src/utils/theme/sizeEngine.ts:195:    // Payload is still safeStorage-packed by useSizeStore's encrypted serializer.
apps/web-demo/src/utils/theme/sizeEngine.ts:196:    raw = localStorage.getItem(SIZE_PERSIST_KEY)
apps/web-demo/src/utils/theme/sizeEngine.ts:223:  const pixelRatio = typeof window !== 'undefined' ? window.devicePixelRatio || 1 : 1
apps/web-demo/src/utils/theme/sizeEngine.ts:233: * 解析尺寸模式对应的预设（与 size store / preload 同源回退链）
packages/design-tokens/src/index.ts:326: * 禁止加入 presetUno 已占用的类名片段（如 full / screen / min / max），否则会覆盖默认 w-full、w-screen 等，导致布局异常。
packages/design-tokens/src/index.ts:2002:/** 过渡时长选项（主色色块从浅到深 + i18n labelKey）
apps/web-demo/src/stores/modules/system/size.ts:1:import { defineStore } from 'pinia'
apps/web-demo/src/stores/modules/system/size.ts:6:import { syncAction } from '@/sync/syncAction'
apps/web-demo/src/stores/modules/system/size.ts:13:export const useSizeStore = defineStore('size', {
apps/web-demo/src/stores/modules/system/size.ts:47:        syncAction('size:update', {
apps/web-demo/src/stores/modules/system/size.ts:63:    storage: localStorage,
apps/web-demo/src/stores/modules/system/layout.ts:6:import { useDeviceStore } from '@/stores/modules/system/device'
apps/web-demo/src/stores/modules/system/layout.ts:12:import { syncAction } from '@/sync/syncAction'
apps/web-demo/src/stores/modules/system/layout.ts:14: * 缓存 deviceStore，避免 effectiveMode getter 每次求值都调用 useDeviceStore()。
apps/web-demo/src/stores/modules/system/layout.ts:18:let _deviceStore: ReturnType<typeof useDeviceStore> | null = null
apps/web-demo/src/stores/modules/system/layout.ts:19:import { defineStore } from 'pinia'
apps/web-demo/src/stores/modules/system/layout.ts:79:export const useLayoutStore = defineStore('layout', {
apps/web-demo/src/stores/modules/system/layout.ts:110:      if (!_deviceStore) _deviceStore = useDeviceStore()
apps/web-demo/src/stores/modules/system/layout.ts:162:      syncAction('layout:update', {
apps/web-demo/src/stores/modules/system/layout.ts:457:    key: `${import.meta.env.VITE_PINIA_PERSIST_KEY_PREFIX}-layout`,
apps/web-demo/src/stores/modules/system/layout.ts:458:    storage: localStorage,
apps/web-demo/src/stores/modules/system/layout.ts:464:/** 在 setup 外使用（如 useLoading、router guard）时使用 */
apps/web-demo/src/stores/modules/system/layout.ts:465:export const useLayoutStoreWithOut = () => useLayoutStore(store)
apps/web-demo/src/utils/deviceSync.ts:3: * 供 mount 前逻辑（如 sizeEngine.preload）使用，与 stores/modules/device.ts 判定一致
apps/web-demo/src/utils/deviceSync.ts:19: * 使用 screen.width/height（物理屏幕尺寸），与 device.ts:initHardwareInfo 对齐
apps/web-demo/src/utils/deviceSync.ts:22:  if (typeof navigator === 'undefined' || typeof window === 'undefined') return 'PC'
apps/web-demo/src/utils/deviceSync.ts:23:  const ua: string = navigator.userAgent
apps/web-demo/src/utils/deviceSync.ts:24:  const screenShortSide: number = Math.min(window.screen.width, window.screen.height)
apps/web-demo/src/utils/deviceSync.ts:30:  const isIPadOS: boolean = isMac && navigator.maxTouchPoints > 1
apps/web-demo/src/utils/deviceSync.ts:43:  if (typeof navigator === 'undefined') return 'Unknown'
apps/web-demo/src/utils/deviceSync.ts:44:  const ua: string = navigator.userAgent
apps/web-demo/src/utils/deviceSync.ts:45:  const isIPadOS: boolean = /Macintosh/i.test(ua) && navigator.maxTouchPoints > 1
apps/web-demo/src/utils/deviceSync.ts:60:  if (typeof window === 'undefined') return 'xs'
apps/web-demo/src/utils/deviceSync.ts:61:  const w: number = width ?? window.innerWidth
apps/web-demo/src/stores/modules/system/device.ts:2:import { defineStore } from 'pinia'
apps/web-demo/src/stores/modules/system/device.ts:23:let lastResizeViewportWidth = typeof window === 'undefined' ? 0 : window.innerWidth
apps/web-demo/src/stores/modules/system/device.ts:24:let lastResizeViewportHeight = typeof window === 'undefined' ? 0 : window.innerHeight
apps/web-demo/src/stores/modules/system/device.ts:40:const INITIAL_WIDTH: number = typeof window === 'undefined' ? 0 : window.innerWidth
apps/web-demo/src/stores/modules/system/device.ts:41:const INITIAL_HEIGHT: number = typeof window === 'undefined' ? 0 : window.innerHeight
apps/web-demo/src/stores/modules/system/device.ts:45:export const useDeviceStore = defineStore('device', {
apps/web-demo/src/stores/modules/system/device.ts:53:    pixelRatio: typeof window === 'undefined' ? 1 : window.devicePixelRatio || 1,
apps/web-demo/src/stores/modules/system/device.ts:54:    screenWidth: typeof window === 'undefined' ? 0 : window.screen.width,
apps/web-demo/src/stores/modules/system/device.ts:55:    screenHeight: typeof window === 'undefined' ? 0 : window.screen.height,
apps/web-demo/src/stores/modules/system/device.ts:88:      (typeof window !== 'undefined' && 'ontouchstart' in window),
apps/web-demo/src/stores/modules/system/device.ts:142:      const pageW = window.innerWidth
apps/web-demo/src/stores/modules/system/device.ts:143:      const pageH = window.innerHeight
apps/web-demo/src/stores/modules/system/device.ts:147:      this.screenWidth = window.screen.width
apps/web-demo/src/stores/modules/system/device.ts:148:      this.screenHeight = window.screen.height
apps/web-demo/src/stores/modules/system/device.ts:149:      this.pixelRatio = window.devicePixelRatio || 1
apps/web-demo/src/stores/modules/system/device.ts:170:      if (typeof window === 'undefined') {
apps/web-demo/src/stores/modules/system/device.ts:181:      lastResizeViewportWidth = window.innerWidth
apps/web-demo/src/stores/modules/system/device.ts:182:      lastResizeViewportHeight = window.innerHeight
apps/web-demo/src/stores/modules/system/device.ts:187:        const w = window.innerWidth
apps/web-demo/src/stores/modules/system/device.ts:188:        const h = window.innerHeight
apps/web-demo/src/stores/modules/system/device.ts:213:        viewportRafId = window.requestAnimationFrame(() => {
apps/web-demo/src/stores/modules/system/device.ts:233:        if (document.visibilityState === 'visible') {
apps/web-demo/src/stores/modules/system/device.ts:239:        useEventListener(window, 'resize', markResizing),
apps/web-demo/src/stores/modules/system/device.ts:240:        useEventListener(window, 'resize', handleResize),
apps/web-demo/src/stores/modules/system/device.ts:241:        useEventListener(window, 'orientationchange', handleImmediateViewportSync),
apps/web-demo/src/stores/modules/system/device.ts:242:        useEventListener(window, 'pageshow', handleImmediateViewportSync),
apps/web-demo/src/stores/modules/system/device.ts:243:        useEventListener(document, 'visibilitychange', handleVisibility),
apps/web-demo/src/stores/modules/system/device.ts:246:      if (window.visualViewport) {
apps/web-demo/src/stores/modules/system/device.ts:248:          useEventListener(window.visualViewport, 'resize', handleVisualViewportResize)
apps/web-demo/src/stores/modules/system/device.ts:251:          useEventListener(window.visualViewport, 'scroll', handleVisualViewportResize)
apps/web-demo/src/stores/modules/system/device.ts:259:          window.cancelAnimationFrame(viewportRafId)
apps/web-demo/src/App.vue:10:const sizeStore = useSizeStore()
apps/web-demo/src/App.vue:11:const deviceStore = useDeviceStore()
apps/web-demo/src/App.vue:12:const themeStore = useThemeStore()
apps/web-demo/src/App.vue:16:if (typeof window !== 'undefined') {
apps/web-demo/src/App.vue:39:    document.documentElement.classList.toggle('app-resizing', resizing)
apps/web-demo/src/App.vue:46:  const permissionStore = usePermissionStore()
apps/web-demo/src/App.vue:57:  document.documentElement.classList.remove('app-resizing')
apps/web-demo/src/App.vue:63:  <div class="layout-screen layout-full text-foreground font-sans antialiased">
apps/web-demo/src/main.ts:18:import router from '@/router'
apps/web-demo/src/main.ts:21:import { preload } from '@/utils/theme/sizeEngine'
apps/web-demo/src/main.ts:29:  if (typeof document !== 'undefined') preload()
apps/web-demo/src/main.ts:40:  await router.isReady()
apps/web-demo/src/main.ts:54:  const preloader = document.getElementById('preloader-bg')
apps/web-demo/src/main.ts:58:    const container = document.createElement('div')
apps/web-demo/src/main.ts:64:    const title = document.createElement('p')
apps/web-demo/src/main.ts:69:    const detail = document.createElement('p')
apps/web-demo/src/main.ts:74:    const retryButton = document.createElement('button')
apps/web-demo/src/main.ts:85:      window.location.reload()

[exit:0]
