Legend: production dependency, optional only, dev only

ccd@1.0.38 /Users/cc/MyPorject/ccd (PRIVATE)

dependencies:
@primeuix/themes 2.0.3
@primevue/core 4.5.4
@primevue/forms 4.5.4
@primevue/icons 4.5.4
primevue 4.5.4

devDependencies:
@primevue/auto-import-resolver 4.5.4

@ccd/desktop@1.0.38 /Users/cc/MyPorject/ccd/apps/desktop (PRIVATE)

dependencies:
@primeuix/themes 2.0.3
@primevue/core 4.5.4
primevue 4.5.4

@ccd/web-demo@1.0.38 /Users/cc/MyPorject/ccd/apps/web-demo (PRIVATE)

dependencies:
@primeuix/themes 2.0.3
@primevue/core 4.5.4
@primevue/forms 4.5.4
@primevue/icons 4.5.4
primevue 4.5.4

devDependencies:
@primevue/auto-import-resolver 4.5.4

@ccd/vue-primevue-adapter@1.0.38 /Users/cc/MyPorject/ccd/packages/vue-primevue-adapter (PRIVATE)

dependencies:
@primeuix/themes 2.0.3
@primevue/core 4.5.4
primevue 4.5.4

@ccd/vue-ui@1.0.38 /Users/cc/MyPorject/ccd/packages/vue-ui (PRIVATE)

dependencies:
primevue 4.5.4
