  'apps/web-demo/src/assets/styles/theme/transitions.scss',
  'apps/web-demo/src/assets/styles/theme/modes/circle.scss',
  'apps/web-demo/src/assets/styles/theme/modes/curtain.scss',
  'apps/web-demo/src/assets/styles/theme/modes/diamond.scss',
  'apps/web-demo/src/assets/styles/theme/modes/fade.scss',
  'apps/web-demo/src/assets/styles/theme/modes/glitch.scss',
  'apps/web-demo/src/assets/styles/theme/modes/implosion.scss',
])

const approvedDirectTransportFiles = new Set([
  'apps/web-demo/src/sync/runtime.ts',
  'apps/web-demo/src/sync/socket.ts',
  // Route window lifecycle coordination is infrastructure, not state synchronization.
  'apps/web-demo/src/router/utils/helper.ts',
])

const stripJsComments = content =>
  content.replace(/\/\*[\s\S]*?\*\//g, '').replace(/(^|[^:])\/\/.*$/gm, '$1')

const approvedPrimeVueAppImportFiles = new Set([
  'apps/desktop/src/plugins/index.ts',
  'apps/web-demo/build/plugins.ts',
  'apps/web-demo/src/hooks/layout/useAdminBreadcrumbs.ts',
  'apps/web-demo/src/layouts/components/AppPrimeVueGlobals.vue',
  'apps/web-demo/src/layouts/components/admin/AdminSidebarMenuCollapsed.tsx',
  'apps/web-demo/src/layouts/components/admin/AdminSidebarMenuInline.tsx',
  'apps/web-demo/src/plugins/modules/primevue.ts',
  'apps/web-demo/src/router/utils/helper.ts',
  'apps/web-demo/src/types/components.d.ts',
  'apps/web-demo/src/views/dashboard/index.vue',
  'apps/web-demo/src/views/example/hooks/layout-breadcrumbs.vue',
  'apps/web-demo/src/views/example/hooks/use-app-element-size.vue',
  'apps/web-demo/src/views/example/system-configuration/layout.vue',
])

const isPrimeVueCollectionExampleFile = relPath =>
  relPath.startsWith('apps/web-demo/src/views/example/components/primevue-collection/')

const isPrimeVueModule = specifier =>
  specifier === 'primevue' || specifier.startsWith('primevue/') || specifier.startsWith('@primevue/')

const isTestFile = relPath => /\.(?:spec|test)\.(?:ts|tsx|js|jsx|mjs|cjs)$/.test(relPath)
const isVueUiInternalFile = relPath => relPath.startsWith('packages/vue-ui/src/')
const isPrimeVueAdapterFile = relPath => relPath.startsWith('packages/vue-primevue-adapter/src/')

const extractPrimeVueReferences = content => {
  const references = []
  const staticImportExportPattern =
    /^\s*(import|export)\s+(?!['"])(?:type\s+)?[\s\S]*?\sfrom\s*['"]([^'"]+)['"]/gm
  let staticMatch
  while ((staticMatch = staticImportExportPattern.exec(content)) !== null) {
    const specifier = staticMatch[2]
    if (isPrimeVueModule(specifier)) {
      references.push({
        kind: staticMatch[1] === 'export' ? 'export-from' : 'import-from',
        specifier,
      })
    }
  }

  const dynamicImportPattern = /\bimport\s*\(\s*['"]([^'"]+)['"]\s*\)/g
  let dynamicMatch
  while ((dynamicMatch = dynamicImportPattern.exec(content)) !== null) {
    const specifier = dynamicMatch[1]
    if (isPrimeVueModule(specifier)) {
      references.push({ kind: 'import-call', specifier })
    }
  }

  return references
}

const primeVueBoundaryFiles = scanFiles(['apps/**/*.{ts,tsx,vue,js,mjs}', 'packages/**/*.{ts,tsx,vue,js,mjs}'], {
  ignore: ['**/dist/**', '**/node_modules/**'],
})
for (const relPath of primeVueBoundaryFiles) {
  const references = extractPrimeVueReferences(stripJsComments(readText(relPath)))
  if (references.length === 0) continue

  if (isVueUiInternalFile(relPath)) {
    const publicExports = references.filter(reference => reference.kind === 'export-from')
    for (const reference of publicExports) {
      fail(
        'primevue-public-api-leak',
        relPath,
        `@ccd/vue-ui must not publicly re-export raw PrimeVue modules such as "${reference.specifier}"`
      )
    }
    continue
  }

  if (isPrimeVueAdapterFile(relPath) || isTestFile(relPath)) continue
  if (isPrimeVueCollectionExampleFile(relPath)) continue
  if (approvedPrimeVueAppImportFiles.has(relPath)) continue

  const [reference] = references
  fail(
    'primevue-direct-import-boundary',
    relPath,
    `Direct PrimeVue module "${reference.specifier}" is allowed only inside @ccd/vue-ui internals, @ccd/vue-primevue-adapter, tests, or the approved app exact allowlist`
  )
}

const blockedGeneratedCodePatterns = aiPolicy.blockedGeneratedCodePatterns.map(rule => ({
  ...rule,
  regex: new RegExp(rule.pattern),
}))
const aiAllowedRuntimeAccessPaths = aiPolicy.allowedRuntimeAccessPaths ?? []

const isGlobAllowed = (relPath, patterns) =>
  patterns.some(pattern => {
    if (pattern.endsWith('/**')) {
      return relPath.startsWith(pattern.slice(0, -3))
    }
    return relPath === pattern
  })
