packages/vue-ui/src/CcdPrimeControls/index.ts:9:import { defineComponent, h, ref, type Component } from 'vue'
packages/vue-ui/src/CcdPrimeControls/index.ts:53:      return () => h(component, { ...attrs, ref: innerRef }, slots)
packages/vue-ui/src/ProForm/README.md:1330:return h(renderer, props)
packages/vue-ui/src/ProForm/README.md:2023:return h(Renderer, props)
packages/vue-ui/src/ProTable/VirtualGridRenderer.vue:6:import { computed, h, nextTick, ref, useTemplateRef } from 'vue'
packages/vue-ui/src/ProTable/VirtualGridRenderer.vue:224:    return h(Tag, { value: enumItem.label, severity: enumItem.severity })
packages/vue-ui/src/ProTable/ProTable.vue:517:    return h(Tag, { value: enumItem.label, severity: enumItem.severity })
packages/vue-ui/src/CScrollbar/CScrollbar.spec.ts:5:import { defineComponent, h, nextTick } from 'vue'
packages/vue-ui/src/CScrollbar/CScrollbar.spec.ts:17:      return h('div', this.$slots.default?.())
packages/vue-ui/src/CScrollbar/CScrollbar.spec.ts:32:      return h('span', {
packages/vue-ui/src/CScrollbar/CScrollbar.spec.ts:71:      return h(
packages/vue-ui/src/CScrollbar/CScrollbar.spec.ts:107:          h(
packages/vue-ui/src/CScrollbar/CScrollbar.spec.ts:114:            () => h('div', { style: 'height: 1200px' })
packages/vue-ui/src/ProForm/renderers/PrimeVueRenderer.spec.ts:4:import { defineComponent, h, provide } from 'vue'
packages/vue-ui/src/ProForm/renderers/PrimeVueRenderer.spec.ts:16:      return () => h(PrimeVueRenderer, { field })
apps/web-demo/src/layouts/modules/LayoutAdmin.spec.ts:50:      return () => h('div', { [`data-testid`]: name }, slots.default?.())
apps/web-demo/src/layouts/modules/LayoutAdmin.spec.ts:84:            ? vue.h(
apps/web-demo/src/layouts/modules/LayoutAdmin.spec.ts:89:                  vue.h('div', { 'data-layout-drawer': 'true' })) as ReturnType<typeof vue.h>
apps/web-demo/src/layouts/modules/LayoutAdmin.spec.ts:107:      return () => h('div', { 'data-testid': 'ContextMenuProvider' }, slots.default?.())
apps/web-demo/src/layouts/modules/LayoutAdmin.spec.ts:136:          ? h(
apps/web-demo/src/layouts/modules/LayoutAdmin.spec.ts:139:              slots.container?.() ?? slots.default?.() ?? h('div', { 'data-layout-drawer': 'true' })
apps/web-demo/src/layouts/components/admin/AdminSidebarMenu.tsx:2:import { h, type PropType } from 'vue'
apps/web-demo/src/layouts/components/admin/AdminSidebarMenu.tsx:97:        ? h(inlineSidebarMenu, {
apps/web-demo/src/layouts/components/admin/AdminSidebarMenu.tsx:105:        : h(collapsedSidebarMenu, {
