e2e/qa-regression.spec.ts:178:      await expect(page.locator('.p-dialog')).toBeVisible()
e2e/global-setup.ts:48:    await page.locator('.p-dialog').waitFor({ state: 'visible', timeout: 30000 })
e2e/visual-token-foundation.spec.ts:121:    await openRouteWithMixLayout(page, '/example/primevue-collection/overview')
e2e/visual-token-foundation.spec.ts:134:      .filter({ hasText: /PrimeVue|组件合集/ })
e2e/visual-token-foundation.spec.ts:143:      .filter({ hasText: 'PrimeVue 概览' })
e2e/visual-token-foundation.spec.ts:186:      .filter({ hasText: 'PrimeVue 概览' })
e2e/visual-token-foundation.spec.ts:193:  test('PrimeVue form controls expose hover and focus feedback @visual', async ({ page }) => {
e2e/visual-token-foundation.spec.ts:195:    await openRoute(page, '/example/primevue-collection/overview')
e2e/visual/first-paint.spec.ts:12:      window.localStorage.setItem('theme-mode', 'light')
e2e/visual/first-paint.spec.ts:26:      window.localStorage.setItem('theme-mode', 'dark')
e2e/theme-switch-interaction.spec.ts:23:      document.documentElement.dataset.themeMode === mode &&
e2e/theme-switch-interaction.spec.ts:24:      document.documentElement.dataset.themeTransitioning === 'false' &&
e2e/theme-switch-interaction.spec.ts:42:async function openPrimeVueOverview(page: Page): Promise<void> {
e2e/theme-switch-interaction.spec.ts:43:  await gotoVisual(page, '/example/primevue-collection/overview')
e2e/theme-switch-interaction.spec.ts:57:    return Array.from(document.querySelectorAll<HTMLButtonElement>('button.p-button-raised'))
e2e/theme-switch-interaction.spec.ts:76:  const toast = page.locator('.p-toast.p-toast-top-center').first()
e2e/theme-switch-interaction.spec.ts:93:test.describe('theme switch interaction', () => {
e2e/theme-switch-interaction.spec.ts:124:  test('PrimeVue raised buttons stay visibly elevated in dark mode', async ({ page }) => {
e2e/theme-switch-interaction.spec.ts:127:    await openPrimeVueOverview(page)
e2e/sidebar-route-sync.spec.ts:46:  '[data-layout-sidebar="true"] .p-panelmenu-header-content:has(a.admin-sidebar-menu__item[href$="#/dashboard"])'
e2e/sidebar-route-sync.spec.ts:50:  '[data-layout-sidebar="true"] a.admin-sidebar-menu__item[href*="/example/primevue-collection/overview"]'
e2e/sidebar-route-sync.spec.ts:52:  '[data-layout-sidebar="true"] .admin-sidebar-menu__visual-row:has(a.admin-sidebar-menu__item[href*="/example/primevue-collection/overview"])'
e2e/sidebar-route-sync.spec.ts:54:  '[data-layout-sidebar="true"] .p-panelmenu-item-content:has(a.admin-sidebar-menu__item[href*="/example/primevue-collection/overview"])'
e2e/sidebar-route-sync.spec.ts:56:  '[data-layout-sidebar="true"] .p-panelmenu-header-content:has-text("系统配置")'
e2e/sidebar-route-sync.spec.ts:252:  test('direct first load /#/example/primevue-collection/overview keeps route-owned and project active markers aligned', async ({
e2e/sidebar-route-sync.spec.ts:257:    await directPage.goto('/?e2e=visual#/example/primevue-collection/overview', {
e2e/sidebar-route-sync.spec.ts:262:    await expect(directPage).toHaveURL(/#\/example\/primevue-collection\/overview$/)
e2e/sidebar-route-sync.spec.ts:296:      .filter({ hasText: 'PrimeVue' })
e2e/layout-runtime-geometry.spec.ts:474:      drawerRoot: rect('.p-drawer'),
e2e/layout-runtime-geometry.spec.ts:476:      drawerMask: rect('.p-drawer-mask, .p-overlay-mask'),
e2e/layout-runtime-geometry.spec.ts:754:  test('ProTable basic route keeps a non-zero table geometry', async ({ page }) => {
e2e/layout-runtime-geometry.spec.ts:757:    await page.goto(withVisualMode('/example/primevue-collection/pro-table/basic'), {
e2e/layout-runtime-geometry.spec.ts:762:    await expect(page.locator('.p-datatable')).toBeVisible({ timeout: 15000 })
e2e/layout-runtime-geometry.spec.ts:774:        datatable: measure('.p-datatable'),
e2e/layout-runtime-geometry.spec.ts:775:        tableContainer: measure('.p-datatable-table-container'),
e2e/layout-runtime-geometry.spec.ts:776:        tbody: measure('.p-datatable-tbody'),
e2e/layout-runtime-geometry.spec.ts:777:        rowCount: document.querySelectorAll('.p-datatable-tbody > tr').length,
e2e/helpers/app.ts:50:  await page.waitForFunction(() => document.documentElement.dataset.themeTransitioning !== 'true')
e2e/global-context-menu-theme-icon.spec.ts:16:  const item = page.getByRole('menu').locator('.global-context-menu__theme-toggle')
e2e/global-context-menu-theme-icon.spec.ts:32:test('global context menu theme toggle icon follows light and dark DOM state', async ({ page }) => {
e2e/global-context-menu-theme-icon.spec.ts:41:  await page.getByRole('menu').locator('.global-context-menu__theme-toggle').click()
e2e/visual/theme-switch.spec.ts:10:test.describe('theme switching visual regression', () => {
e2e/visual/theme-switch.spec.ts:20:  test('theme switch example reaches stable dark and light states', async ({ page }) => {
e2e/visual/theme-switch.spec.ts:26:    await gotoVisual(page, '/example/hooks/composables/use-theme-switch')
e2e/visual/theme-switch.spec.ts:30:    const pageRoot = page.locator('#use-theme-switch-page')
e2e/visual/theme-switch.spec.ts:32:    await expect(pageRoot).toHaveScreenshot('use-theme-switch-light.png')
e2e/visual/theme-switch.spec.ts:34:    await page.locator('#theme-mode-dark-animated').click()
e2e/visual/theme-switch.spec.ts:36:    await expect(pageRoot).toHaveScreenshot('use-theme-switch-dark.png')
e2e/visual/theme-switch.spec.ts:38:    await page.locator('#theme-mode-light-animated').click()
e2e/visual/theme-switch.spec.ts:40:    await expect(pageRoot).toHaveScreenshot('use-theme-switch-light-return.png')
e2e/visual/theme-switch.spec.ts:49:    await gotoVisual(page, '/example/system-configuration/theme')
e2e/visual/theme-switch.spec.ts:52:    await expect(page.locator('#theme-system-page')).toBeVisible({ timeout: 15000 })
e2e/visual/theme-switch.spec.ts:54:    await expect(page).toHaveScreenshot('theme-system-page.png', {
