apps/web-demo/package.json:65:    "@primevue/auto-import-resolver": "^4.5.4",
apps/web-demo/build/resolvers/primevue.ts:1:import { PrimeVueResolver } from '@primevue/auto-import-resolver'
apps/web-demo/build/resolvers/primevue.ts:4:  return PrimeVueResolver()
apps/web-demo/src/types/components.d.ts:11:    Accordion: typeof import('primevue/accordion')['default']
apps/web-demo/src/types/components.d.ts:12:    AccordionContent: typeof import('primevue/accordioncontent')['default']
apps/web-demo/src/types/components.d.ts:13:    AccordionHeader: typeof import('primevue/accordionheader')['default']
apps/web-demo/src/types/components.d.ts:14:    AccordionPanel: typeof import('primevue/accordionpanel')['default']
apps/web-demo/src/types/components.d.ts:16:    AutoComplete: typeof import('primevue/autocomplete')['default']
apps/web-demo/src/types/components.d.ts:17:    Avatar: typeof import('primevue/avatar')['default']
apps/web-demo/src/types/components.d.ts:18:    Badge: typeof import('primevue/badge')['default']
apps/web-demo/src/types/components.d.ts:19:    Breadcrumb: typeof import('primevue/breadcrumb')['default']
apps/web-demo/src/types/components.d.ts:20:    Button: typeof import('primevue/button')['default']
apps/web-demo/src/types/components.d.ts:21:    ButtonGroup: typeof import('primevue/buttongroup')['default']
apps/web-demo/src/types/components.d.ts:22:    Card: typeof import('primevue/card')['default']
apps/web-demo/src/types/components.d.ts:23:    Checkbox: typeof import('primevue/checkbox')['default']
apps/web-demo/src/types/components.d.ts:24:    Chip: typeof import('primevue/chip')['default']
apps/web-demo/src/types/components.d.ts:25:    Column: typeof import('primevue/column')['default']
apps/web-demo/src/types/components.d.ts:27:    DataTable: typeof import('primevue/datatable')['default']
apps/web-demo/src/types/components.d.ts:28:    DatePicker: typeof import('primevue/datepicker')['default']
apps/web-demo/src/types/components.d.ts:29:    Divider: typeof import('primevue/divider')['default']
apps/web-demo/src/types/components.d.ts:30:    Drawer: typeof import('primevue/drawer')['default']
apps/web-demo/src/types/components.d.ts:32:    Fieldset: typeof import('primevue/fieldset')['default']
apps/web-demo/src/types/components.d.ts:33:    FileUpload: typeof import('primevue/fileupload')['default']
apps/web-demo/src/types/components.d.ts:34:    FloatLabel: typeof import('primevue/floatlabel')['default']
apps/web-demo/src/types/components.d.ts:35:    IconField: typeof import('primevue/iconfield')['default']
apps/web-demo/src/types/components.d.ts:37:    Image: typeof import('primevue/image')['default']
apps/web-demo/src/types/components.d.ts:38:    InlineMessage: typeof import('primevue/inlinemessage')['default']
apps/web-demo/src/types/components.d.ts:39:    InputIcon: typeof import('primevue/inputicon')['default']
apps/web-demo/src/types/components.d.ts:40:    InputMask: typeof import('primevue/inputmask')['default']
apps/web-demo/src/types/components.d.ts:41:    InputNumber: typeof import('primevue/inputnumber')['default']
apps/web-demo/src/types/components.d.ts:42:    InputText: typeof import('primevue/inputtext')['default']
apps/web-demo/src/types/components.d.ts:43:    Knob: typeof import('primevue/knob')['default']
apps/web-demo/src/types/components.d.ts:44:    Listbox: typeof import('primevue/listbox')['default']
apps/web-demo/src/types/components.d.ts:45:    Menu: typeof import('primevue/menu')['default']
apps/web-demo/src/types/components.d.ts:46:    Message: typeof import('primevue/message')['default']
apps/web-demo/src/types/components.d.ts:47:    MultiSelect: typeof import('primevue/multiselect')['default']
apps/web-demo/src/types/components.d.ts:48:    Panel: typeof import('primevue/panel')['default']
apps/web-demo/src/types/components.d.ts:49:    Password: typeof import('primevue/password')['default']
apps/web-demo/src/types/components.d.ts:50:    Popover: typeof import('primevue/popover')['default']
apps/web-demo/src/types/components.d.ts:52:    ProgressBar: typeof import('primevue/progressbar')['default']
apps/web-demo/src/types/components.d.ts:53:    ProgressSpinner: typeof import('primevue/progressspinner')['default']
apps/web-demo/src/types/components.d.ts:55:    RadioButton: typeof import('primevue/radiobutton')['default']
apps/web-demo/src/types/components.d.ts:56:    Rating: typeof import('primevue/rating')['default']
apps/web-demo/src/types/components.d.ts:59:    Select: typeof import('primevue/select')['default']
apps/web-demo/src/types/components.d.ts:60:    SelectButton: typeof import('primevue/selectbutton')['default']
apps/web-demo/src/types/components.d.ts:61:    Skeleton: typeof import('primevue/skeleton')['default']
apps/web-demo/src/types/components.d.ts:62:    Slider: typeof import('primevue/slider')['default']
apps/web-demo/src/types/components.d.ts:63:    SplitButton: typeof import('primevue/splitbutton')['default']
apps/web-demo/src/types/components.d.ts:64:    Splitter: typeof import('primevue/splitter')['default']
apps/web-demo/src/types/components.d.ts:65:    SplitterPanel: typeof import('primevue/splitterpanel')['default']
apps/web-demo/src/types/components.d.ts:66:    Step: typeof import('primevue/step')['default']
apps/web-demo/src/types/components.d.ts:67:    StepList: typeof import('primevue/steplist')['default']
apps/web-demo/src/types/components.d.ts:68:    StepPanel: typeof import('primevue/steppanel')['default']
apps/web-demo/src/types/components.d.ts:69:    StepPanels: typeof import('primevue/steppanels')['default']
apps/web-demo/src/types/components.d.ts:70:    Stepper: typeof import('primevue/stepper')['default']
apps/web-demo/src/types/components.d.ts:71:    Tab: typeof import('primevue/tab')['default']
apps/web-demo/src/types/components.d.ts:72:    TabList: typeof import('primevue/tablist')['default']
apps/web-demo/src/types/components.d.ts:73:    TabPanel: typeof import('primevue/tabpanel')['default']
apps/web-demo/src/types/components.d.ts:74:    TabPanels: typeof import('primevue/tabpanels')['default']
apps/web-demo/src/types/components.d.ts:75:    Tabs: typeof import('primevue/tabs')['default']
apps/web-demo/src/types/components.d.ts:76:    Tag: typeof import('primevue/tag')['default']
apps/web-demo/src/types/components.d.ts:77:    Textarea: typeof import('primevue/textarea')['default']
apps/web-demo/src/types/components.d.ts:78:    ToggleSwitch: typeof import('primevue/toggleswitch')['default']
apps/web-demo/src/types/components.d.ts:82:    Tooltip: typeof import('primevue/tooltip')['default']
