docs/ai-runs/20260602-101620-ccd-post-go-app-public-layer-m1-inventory/reports/app-owned-justification-register.md:5:| App shell/bootstrap | main.ts, App.vue, index.html, plugins/** | APP_OWNED_PLUGIN_SHELL | Creates concrete app, installs router/i18n/stores/PrimeVue services, owns preloader/error shell. |
docs/ai-runs/20260602-101620-ccd-post-go-app-public-layer-m1-inventory/reports/app-owned-justification-register.md:21:- `pnpm ai:guard -- --format=json` passed in M0 and current PrimeVue direct surfaces are either package-owned, generated, app build config, or test mocks.
docs/ai-runs/20260602-102647-ccd-post-go-app-public-layer-m2-batch-planning/reports/migration-batch-plan.md:66:The app-owned DOM write and PrimeVue size source remain in `apps/desktop`.
docs/ai-runs/20260602-102647-ccd-post-go-app-public-layer-m2-batch-planning/reports/migration-batch-plan.md:71:## Batch D — UI primitives and PrimeVue wrappers
docs/ai-runs/20260602-102647-ccd-post-go-app-public-layer-m2-batch-planning/reports/migration-batch-plan.md:75:M1 found no remaining production app direct PrimeVue import that is safe and
docs/ai-runs/20260602-102647-ccd-post-go-app-public-layer-m2-batch-planning/reports/migration-batch-plan.md:80:M5 should validate guard posture and record `NOT_APPLICABLE` unless a later
docs/ai-runs/20260602-102647-ccd-post-go-app-public-layer-m2-batch-planning/reports/migration-batch-plan.md:108:Guard hardening must not weaken existing PrimeVue, runtime, generated-file, or
docs/ai-runs/20260602-102647-ccd-post-go-app-public-layer-m2-batch-planning/reports/migration-batch-plan.md:116:3. M5: validate UI/PrimeVue guard posture and record no eligible source move.
docs/ai-runs/20260602-101620-ccd-post-go-app-public-layer-m1-inventory/reports/apps-public-capability-inventory.md:148:| apps/web-demo/src/hooks/modules/useDialog.spec.ts | APP_COMPATIBILITY_FACADE | web-demo | app i18n/router convenience facade over @ccd/vue-ui | - |
docs/ai-runs/20260602-101620-ccd-post-go-app-public-layer-m1-inventory/reports/apps-public-capability-inventory.md:149:| apps/web-demo/src/hooks/modules/useDialog.tsx | APP_COMPATIBILITY_FACADE | web-demo | app i18n/router convenience facade over @ccd/vue-ui | - |
docs/ai-runs/20260602-101620-ccd-post-go-app-public-layer-m1-inventory/reports/apps-public-capability-inventory.md:154:| apps/web-demo/src/hooks/modules/useProTableUrlSync.spec.ts | APP_COMPATIBILITY_FACADE | web-demo | app i18n/router convenience facade over @ccd/vue-ui | - |
docs/ai-runs/20260602-101620-ccd-post-go-app-public-layer-m1-inventory/reports/apps-public-capability-inventory.md:155:| apps/web-demo/src/hooks/modules/useProTableUrlSync.ts | APP_COMPATIBILITY_FACADE | web-demo | app i18n/router convenience facade over @ccd/vue-ui | - |
docs/ai-runs/20260602-101620-ccd-post-go-app-public-layer-m1-inventory/reports/apps-public-capability-inventory.md:167:| apps/web-demo/src/layouts/components/AppPrimeVueGlobals.vue | APP_OWNED_ROUTE_OR_FEATURE | web-demo | app layout/global shell/admin chrome surface | - |
docs/ai-runs/20260602-101620-ccd-post-go-app-public-layer-m1-inventory/reports/apps-public-capability-inventory.md:399:| apps/web-demo/src/views/example/components/primevue-collection/overview/composables/usePrimeVueScrollSpy.ts | DEMO_OR_SHOWCASE | web-demo | example/showcase route surface; not shared package API | - |
docs/ai-runs/20260602-102647-ccd-post-go-app-public-layer-m2-batch-planning/reports/candidate-review-table.md:17:| `FACADE-VUE-UI` | already package-backed | `APP_COMPATIBILITY_FACADE` | No source move. | Existing UI tests/build if touched. | None. | Not applicable. | Low. |
docs/ai-runs/20260602-102647-ccd-post-go-app-public-layer-m2-batch-planning/reports/candidate-review-table.md:19:| `GENERATED-PRIMEVUE-REGISTRY` | generator/build owner | `GENERATED_OWNED` | No manual edit. | Owning generator/build validation only. | Generated boundary preserved. | Re-run generator after revert if needed. | Medium if manually edited. |
docs/ai-runs/20260602-102647-ccd-post-go-app-public-layer-m2-batch-planning/reports/summary.md:9:- Vue hooks, UI/PrimeVue wrappers, build/generator movement, DTO/schema
docs/ai-runs/20260602-102647-ccd-post-go-app-public-layer-m2-batch-planning/reports/summary.md:12:- M4 and M5 are expected to be validation/classification lanes unless new
docs/ai-runs/20260602-101620-ccd-post-go-app-public-layer-m1-inventory/reports/risk-notes.md:9:| PrimeVue residual surfaces | OPEN | Current direct surfaces remain package-owned, generated, app build config, or test mocks; M1 did not weaken guards. |
docs/ai-runs/20260602-102647-ccd-post-go-app-public-layer-m2-batch-planning/reports/final-status.md:13:- M5: expected guard validation/classification only for UI/PrimeVue surfaces.
docs/ai-runs/20260602-101620-ccd-post-go-app-public-layer-m1-inventory/reports/candidate-dependency-map.md:12:| M6-BUILD-GENERATOR | apps/web-demo/build/**; vite.config.ts | no current governed build package owner | Vite, process.env, package.json, PrimeVue resolver/generated typing | requires M6 owner decision; do not create package or manifest changes in M1 | M2_REVIEW |
docs/ai-runs/20260602-101620-ccd-post-go-app-public-layer-m1-inventory/reports/candidate-dependency-map.md:19:| FACADE-VUE-UI | useDialog; useProTableUrlSync; proform/protable plugin shells | @ccd/vue-ui plus app router/i18n injection | router/i18n/storage capability injection | M11/D-020 classify as app facade/plugin shell | APP_COMPATIBILITY_FACADE |
docs/ai-runs/20260602-101620-ccd-post-go-app-public-layer-m1-inventory/reports/candidate-dependency-map.md:21:| GENERATED-PRIMEVUE-REGISTRY | apps/web-demo/src/types/components.d.ts; build/resolvers/primevue.ts | owning generators/build config | generated registry and PrimeVue resolver | guarded/generated-owned; only owning generator may change | GENERATED_OWNED |
docs/ai-runs/20260602-101620-ccd-post-go-app-public-layer-m1-inventory/reports/candidate-dependency-map.md:29:- `@ccd/vue-hooks`, `@ccd/vue-ui`, `@ccd/vue-primevue-adapter`, and `@ccd/vue-charts` already own the main reusable Vue/UI/PrimeVue/chart surfaces.
docs/ai-runs/20260602-102647-ccd-post-go-app-public-layer-m2-batch-planning/reports/risk-notes.md:27:  PrimeVue, generated-file, and package-boundary checks.
