packages/vue-primevue-adapter/src/directives.ts
packages/vue-primevue-adapter/src/index.ts
packages/vue-primevue-adapter/src/menuTypes.ts
packages/vue-primevue-adapter/src/overlayTypes.ts
packages/vue-primevue-adapter/src/services.spec.ts
packages/vue-primevue-adapter/src/services.ts
packages/vue-primevue-adapter/src/theme/colorAdapter.ts
packages/vue-primevue-adapter/src/theme/presetComponents/base.ts
packages/vue-primevue-adapter/src/theme/presetComponents/data.ts
packages/vue-primevue-adapter/src/theme/presetComponents/form.ts
packages/vue-primevue-adapter/src/theme/presetComponents/index.ts
packages/vue-primevue-adapter/src/theme/presetComponents/menuNavMisc.ts
packages/vue-primevue-adapter/src/theme/presetComponents/overlay.ts
packages/vue-primevue-adapter/src/theme/presetPrimitive.ts
packages/vue-primevue-adapter/src/theme/presetSemantic.ts
packages/vue-primevue-adapter/src/theme/primevuePreset.ts
packages/vue-primevue-adapter/src/theme/primevueThemeEngine.ts
packages/vue-primevue-adapter/src/theme/primevueThemeHelpers.ts
packages/vue-primevue-adapter/src/theme/ptPresets/buttonPt.ts
packages/vue-primevue-adapter/src/theme/ptPresets/formControlsPt.ts
packages/vue-primevue-adapter/src/theme/ptPresets/menuPt.ts
packages/vue-primevue-adapter/src/toastIcons.ts
packages/vue-ui/src/AnimateWrapper/AnimateWrapper.vue
packages/vue-ui/src/AnimateWrapper/index.ts
packages/vue-ui/src/AnimateWrapper/utils/constants.ts
packages/vue-ui/src/AnimateWrapper/utils/types.ts
packages/vue-ui/src/CScrollbar/CScrollbar.spec.ts
packages/vue-ui/src/CScrollbar/CScrollbar.vue
packages/vue-ui/src/CScrollbar/index.ts
packages/vue-ui/src/CScrollbar/utils/constants.ts
packages/vue-ui/src/CScrollbar/utils/memory.ts
packages/vue-ui/src/CScrollbar/utils/types.ts
packages/vue-ui/src/CcdPrimeControls/CcdTag.spec.ts
packages/vue-ui/src/CcdPrimeControls/index.ts
packages/vue-ui/src/EmptyState/EmptyState.vue
packages/vue-ui/src/EmptyState/index.ts
packages/vue-ui/src/EmptyState/types.ts
packages/vue-ui/src/Icons/Icons.vue
packages/vue-ui/src/Icons/index.ts
packages/vue-ui/src/Icons/utils/helper.ts
packages/vue-ui/src/Icons/utils/types.ts
packages/vue-ui/src/PrimeDialog/MessageContent.tsx
packages/vue-ui/src/PrimeDialog/PrimeDialog.vue
packages/vue-ui/src/PrimeDialog/defaultContentRenderer.tsx
packages/vue-ui/src/PrimeDialog/index.ts
packages/vue-ui/src/PrimeDialog/runtime.ts
packages/vue-ui/src/PrimeDialog/useDialog.spec.ts
packages/vue-ui/src/PrimeDialog/useDialog.ts
packages/vue-ui/src/PrimeDialog/utils/constants.ts
packages/vue-ui/src/PrimeDialog/utils/types.ts
packages/vue-ui/src/ProForm/README.md
packages/vue-ui/src/ProForm/engine/config.ts
packages/vue-ui/src/ProForm/engine/constants.ts
packages/vue-ui/src/ProForm/engine/core/FormController.spec.ts
packages/vue-ui/src/ProForm/engine/core/FormController.ts
packages/vue-ui/src/ProForm/engine/core/LifecycleManager.ts
packages/vue-ui/src/ProForm/engine/core/TransactionManager.ts
packages/vue-ui/src/ProForm/engine/dependency/DependencyGraph.ts
packages/vue-ui/src/ProForm/engine/dependency/Scheduler.ts
packages/vue-ui/src/ProForm/engine/hooks/syncFormState.ts
packages/vue-ui/src/ProForm/engine/hooks/useField.ts
packages/vue-ui/src/ProForm/engine/hooks/useFieldArray.ts
packages/vue-ui/src/ProForm/engine/hooks/useForm.ts
packages/vue-ui/src/ProForm/engine/hooks/useFormContext.ts
packages/vue-ui/src/ProForm/engine/logic/ComputedEngine.ts
packages/vue-ui/src/ProForm/engine/logic/DisableEngine.ts
packages/vue-ui/src/ProForm/engine/logic/ReactionEngine.ts
packages/vue-ui/src/ProForm/engine/logic/RequiredEngine.ts
packages/vue-ui/src/ProForm/engine/logic/VisibilityEngine.ts
packages/vue-ui/src/ProForm/engine/persistence/DraftStorage.spec.ts
packages/vue-ui/src/ProForm/engine/persistence/DraftStorage.ts
packages/vue-ui/src/ProForm/engine/plugins/PluginManager.ts
packages/vue-ui/src/ProForm/engine/registry/FieldRegistry.ts
packages/vue-ui/src/ProForm/engine/schema/SchemaNormalizer.ts
packages/vue-ui/src/ProForm/engine/state/SubscriptionStore.ts
packages/vue-ui/src/ProForm/engine/types/index.ts
packages/vue-ui/src/ProForm/engine/types/props.ts
packages/vue-ui/src/ProForm/engine/utils/breakpoint.ts
packages/vue-ui/src/ProForm/engine/utils/logger.ts
packages/vue-ui/src/ProForm/engine/validation/ValidationEngine.ts
packages/vue-ui/src/ProForm/engine/validation/schemaResolver.spec.ts
packages/vue-ui/src/ProForm/engine/validation/schemaResolver.ts
packages/vue-ui/src/ProForm/index.ts
packages/vue-ui/src/ProForm/index.vue
packages/vue-ui/src/ProForm/renderers/PrimeVueRenderer.spec.ts
packages/vue-ui/src/ProForm/renderers/PrimeVueRenderer.vue
packages/vue-ui/src/ProForm/renderers/ProFormNode.vue
packages/vue-ui/src/ProForm/renderers/components/ProCheckbox.vue
packages/vue-ui/src/ProForm/renderers/components/ProDatePicker.vue
packages/vue-ui/src/ProForm/renderers/components/ProInputMask.vue
packages/vue-ui/src/ProForm/renderers/components/ProInputNumber.vue
packages/vue-ui/src/ProForm/renderers/components/ProInputText.vue
packages/vue-ui/src/ProForm/renderers/components/ProMultiSelect.vue
packages/vue-ui/src/ProForm/renderers/components/ProRadio.vue
packages/vue-ui/src/ProForm/renderers/components/ProRating.vue
packages/vue-ui/src/ProForm/renderers/components/ProSelect.vue
packages/vue-ui/src/ProForm/renderers/components/ProSlider.vue
packages/vue-ui/src/ProForm/renderers/components/ProSwitch.vue
packages/vue-ui/src/ProForm/renderers/components/ProTextarea.vue
packages/vue-ui/src/ProForm/renderers/components/ProUpload.vue
packages/vue-ui/src/ProForm/renderers/registerBuiltinFields.ts
packages/vue-ui/src/ProTable/ProTable.vue
packages/vue-ui/src/ProTable/README.md
packages/vue-ui/src/ProTable/VirtualGridRenderer.vue
packages/vue-ui/src/ProTable/components/ProTableCell.tsx
packages/vue-ui/src/ProTable/components/ProTableColumnSettings.vue
packages/vue-ui/src/ProTable/components/ProTableCrudFormModalBody.tsx
packages/vue-ui/src/ProTable/components/ProTableCrudViewModalBody.tsx
packages/vue-ui/src/ProTable/components/ProTablePagination.vue
packages/vue-ui/src/ProTable/components/ProTableToolbar.vue
packages/vue-ui/src/ProTable/engine/config.ts
packages/vue-ui/src/ProTable/engine/config/apiAdapter.spec.ts
packages/vue-ui/src/ProTable/engine/config/apiAdapter.ts
packages/vue-ui/src/ProTable/engine/core/TableController.spec.ts
packages/vue-ui/src/ProTable/engine/core/TableController.ts
packages/vue-ui/src/ProTable/engine/engines/columnVisibility.ts
packages/vue-ui/src/ProTable/engine/engines/export.ts
packages/vue-ui/src/ProTable/engine/engines/filtering.ts
packages/vue-ui/src/ProTable/engine/engines/pagination.ts
packages/vue-ui/src/ProTable/engine/engines/selection.ts
packages/vue-ui/src/ProTable/engine/engines/sorting.ts
packages/vue-ui/src/ProTable/engine/hooks/useProTable.ts
packages/vue-ui/src/ProTable/engine/hooks/useProTableColumnSettingsStorage.ts
packages/vue-ui/src/ProTable/engine/hooks/useProTableInfiniteScroll.ts
packages/vue-ui/src/ProTable/engine/hooks/useProTableUrlSync.ts
packages/vue-ui/src/ProTable/engine/types/column.ts
packages/vue-ui/src/ProTable/engine/types/props.ts
packages/vue-ui/src/ProTable/engine/types/tableState.ts
packages/vue-ui/src/ProTable/index.ts
packages/vue-ui/src/ProTable/presets/dataTablePt.ts
packages/vue-ui/src/index.ts
packages/vue-ui/src/types/vue-data-attributes.ts
