.ai/governance/policies/topology.json:25:      "allowedWorkspaceDependencies": ["@ccd/design-tokens"],
.ai/governance/policies/topology.json:34:      "allowedWorkspaceDependencies": ["@ccd/contracts"],
.ai/governance/policies/topology.json:44:      "allowedWorkspaceDependencies": [],
.ai/governance/policies/topology.json:54:      "allowedWorkspaceDependencies": ["@ccd/design-tokens"],
.ai/governance/policies/topology.json:64:      "allowedWorkspaceDependencies": [],
.ai/governance/policies/topology.json:74:      "allowedWorkspaceDependencies": [],
.ai/governance/policies/topology.json:84:      "allowedWorkspaceDependencies": [],
.ai/governance/policies/topology.json:94:      "allowedWorkspaceDependencies": [],
.ai/governance/policies/topology.json:104:      "allowedWorkspaceDependencies": ["@ccd/design-tokens"],
.ai/governance/policies/topology.json:114:      "allowedWorkspaceDependencies": [],
.ai/governance/policies/topology.json:124:      "allowedWorkspaceDependencies": [
.ai/governance/policies/topology.json:145:      "allowedWorkspaceDependencies": [
docs/generated/governance-report.md:15:- @ccd/contracts -> @ccd/design-tokens
docs/generated/governance-report.md:17:- @ccd/design-tokens: no declared workspace dependencies
docs/generated/governance-report.md:19:- @ccd/shared-utils: no declared workspace dependencies
docs/generated/governance-report.md:20:- @ccd/vue-hooks: no declared workspace dependencies
docs/generated/governance-report.md:21:- @ccd/vue-app-platform: no declared workspace dependencies
docs/generated/governance-report.md:22:- @ccd/vue-ui: no declared workspace dependencies
docs/generated/governance-report.md:24:- @ccd/vue-charts: no declared workspace dependencies
docs/generated/governance-report.md:26:- @ccd/desktop -> @ccd/contracts, @ccd/core, @ccd/design-tokens, @ccd/unocss-preset, @ccd/vue-app-platform
docs/ai-plan/ARCHITECTURE_ISSUE_REPAIR_LOG.md:138:| C-03 | C | P0 | OPEN | boundary validator | governance script | `scripts/architecture/validate-boundaries.mjs` | topology-aware validator | Validator does not enforce `allowedWorkspaceDependencies`. | Policy can drift from manifests. | M1 | `pnpm validate:governance` | script scan | `.ai/governance/policies/topology.json`, `packages/*/package.json`, `apps/*/package.json` |  | Direct cause of E issues. |
docs/ai-plan/ARCHITECTURE_ISSUE_REPAIR_LOG.md:598:- Problem: Generated report says `@ccd/contracts -> @ccd/design-tokens`; manifest has no workspace deps.
