$ git status --short --untracked-files=all
 M docs/ai-plan/ARCHITECTURE_ISSUE_REPAIR_LOG.md
 M docs/ai-plan/FINAL_GO_NO_GO.md
 M docs/ai-plan/STATUS.md
 M docs/generated/api-surface-report.json
 M docs/generated/api-surface-report.md
?? docs/ai-runs/20260601-164744-ccd-p21a-api-surface-generated-sync-after-ccdtag/command-logs/git-branch-show-current.log
?? docs/ai-runs/20260601-164744-ccd-p21a-api-surface-generated-sync-after-ccdtag/command-logs/git-diff-api-surface-md.log
?? docs/ai-runs/20260601-164744-ccd-p21a-api-surface-generated-sync-after-ccdtag/command-logs/git-diff-auto-imports.log
?? docs/ai-runs/20260601-164744-ccd-p21a-api-surface-generated-sync-after-ccdtag/command-logs/git-diff-check-final.log
?? docs/ai-runs/20260601-164744-ccd-p21a-api-surface-generated-sync-after-ccdtag/command-logs/git-diff-check.log
?? docs/ai-runs/20260601-164744-ccd-p21a-api-surface-generated-sync-after-ccdtag/command-logs/git-diff-name-status-after-validate-1.log
?? docs/ai-runs/20260601-164744-ccd-p21a-api-surface-generated-sync-after-ccdtag/command-logs/git-diff-name-status-after-validate-2.log
?? docs/ai-runs/20260601-164744-ccd-p21a-api-surface-generated-sync-after-ccdtag/command-logs/git-diff-name-status-generated.log
?? docs/ai-runs/20260601-164744-ccd-p21a-api-surface-generated-sync-after-ccdtag/command-logs/git-fetch-origin-main.log
?? docs/ai-runs/20260601-164744-ccd-p21a-api-surface-generated-sync-after-ccdtag/command-logs/git-log-oneline-12.log
?? docs/ai-runs/20260601-164744-ccd-p21a-api-surface-generated-sync-after-ccdtag/command-logs/git-rev-parse-head.log
?? docs/ai-runs/20260601-164744-ccd-p21a-api-surface-generated-sync-after-ccdtag/command-logs/git-rev-parse-origin-main.log
?? docs/ai-runs/20260601-164744-ccd-p21a-api-surface-generated-sync-after-ccdtag/command-logs/git-status-short-final.log
?? docs/ai-runs/20260601-164744-ccd-p21a-api-surface-generated-sync-after-ccdtag/command-logs/git-status-short.log
?? docs/ai-runs/20260601-164744-ccd-p21a-api-surface-generated-sync-after-ccdtag/command-logs/grep-ccdtag-baseline.log
?? docs/ai-runs/20260601-164744-ccd-p21a-api-surface-generated-sync-after-ccdtag/command-logs/grep-ccdtag-generated.log
?? docs/ai-runs/20260601-164744-ccd-p21a-api-surface-generated-sync-after-ccdtag/command-logs/pnpm-ai-doctor-open.log
?? docs/ai-runs/20260601-164744-ccd-p21a-api-surface-generated-sync-after-ccdtag/command-logs/pnpm-ai-doctor.log
?? docs/ai-runs/20260601-164744-ccd-p21a-api-surface-generated-sync-after-ccdtag/command-logs/pnpm-ai-guard-json.log
?? docs/ai-runs/20260601-164744-ccd-p21a-api-surface-generated-sync-after-ccdtag/command-logs/pnpm-api-report-final.log
?? docs/ai-runs/20260601-164744-ccd-p21a-api-surface-generated-sync-after-ccdtag/command-logs/pnpm-api-report.log
?? docs/ai-runs/20260601-164744-ccd-p21a-api-surface-generated-sync-after-ccdtag/command-logs/pnpm-build-desktop.log
?? docs/ai-runs/20260601-164744-ccd-p21a-api-surface-generated-sync-after-ccdtag/command-logs/pnpm-build-web-demo.log
?? docs/ai-runs/20260601-164744-ccd-p21a-api-surface-generated-sync-after-ccdtag/command-logs/pnpm-docs-commands.log
?? docs/ai-runs/20260601-164744-ccd-p21a-api-surface-generated-sync-after-ccdtag/command-logs/pnpm-prettier-auto-imports.log
?? docs/ai-runs/20260601-164744-ccd-p21a-api-surface-generated-sync-after-ccdtag/command-logs/pnpm-test-run.log
?? docs/ai-runs/20260601-164744-ccd-p21a-api-surface-generated-sync-after-ccdtag/command-logs/pnpm-type-check.log
?? docs/ai-runs/20260601-164744-ccd-p21a-api-surface-generated-sync-after-ccdtag/command-logs/pnpm-validate-governance-baseline.log
?? docs/ai-runs/20260601-164744-ccd-p21a-api-surface-generated-sync-after-ccdtag/command-logs/pnpm-validate-governance-final.log
?? docs/ai-runs/20260601-164744-ccd-p21a-api-surface-generated-sync-after-ccdtag/command-logs/pnpm-validate-governance-pass-1.log
?? docs/ai-runs/20260601-164744-ccd-p21a-api-surface-generated-sync-after-ccdtag/command-logs/pnpm-validate-governance-pass-2.log
?? docs/ai-runs/20260601-164744-ccd-p21a-api-surface-generated-sync-after-ccdtag/command-logs/repo-root-cursor-check.log
?? docs/ai-runs/20260601-164744-ccd-p21a-api-surface-generated-sync-after-ccdtag/command-logs/root-duplicate-check.log
?? docs/ai-runs/20260601-164744-ccd-p21a-api-surface-generated-sync-after-ccdtag/reports/api-surface-drift-root-cause.md
?? docs/ai-runs/20260601-164744-ccd-p21a-api-surface-generated-sync-after-ccdtag/reports/generated-before-after.md
?? docs/ai-runs/20260601-164744-ccd-p21a-api-surface-generated-sync-after-ccdtag/reports/summary.md
?? docs/ai-runs/20260601-164744-ccd-p21a-api-surface-generated-sync-after-ccdtag/reports/validation-summary.md
