$ pnpm e2e:smoke
started_at=2026-05-30T03:56:04.502Z
ended_at=2026-05-30T03:56:20.633Z
exit_code=0


> ccd@1.0.38 e2e:smoke /Users/cc/MyPorject/ccd
> playwright test e2e/qa-regression.spec.ts e2e/views-route-smoke.spec.ts --grep-invert "@visual|@perf"


Running 10 tests using 6 workers

  ✓   4 [chromium] › e2e/qa-regression.spec.ts:154:5 › QA full regression repair matrix › mobile dashboard keeps a visible layout tree (3.7s)
  ✓   5 [chromium] › e2e/qa-regression.spec.ts:154:5 › QA full regression repair matrix › desktop dashboard keeps a visible layout tree (4.1s)
  ✓   3 [chromium] › e2e/qa-regression.spec.ts:154:5 › QA full regression repair matrix › tablet dashboard keeps a visible layout tree (4.3s)
  ✓   6 [chromium] › e2e/qa-regression.spec.ts:214:3 › QA full regression repair matrix › dashboard fixed tab survives non-dashboard redirect and destructive actions (4.5s)
  ✓   1 [chromium] › e2e/qa-regression.spec.ts:194:3 › QA full regression repair matrix › login route and logout redirect chain are stable (4.9s)
  ✓   2 [chromium] › e2e/qa-regression.spec.ts:274:3 › QA full regression repair matrix › hard refresh preserves dashboard through auth store rehydration (5.0s)
  ✓   7 [chromium] › e2e/qa-regression.spec.ts:295:3 › QA full regression repair matrix › delayed storage reads do not collapse authenticated dashboard reload (3.4s)
  ✓   8 [chromium] › e2e/qa-regression.spec.ts:330:3 › QA full regression repair matrix › invalid mid-session token refresh redirects without blank shell (4.1s)
  ✓  10 [chromium] › e2e/views-route-smoke.spec.ts:5:3 › view route smoke coverage › renders login, dashboard, and not-found views through the router (4.1s)
  ✓   9 [chromium] › e2e/qa-regression.spec.ts:370:3 › QA full regression repair matrix › multi-tab logout conflict converges to login without stale dashboard (5.3s)

  10 passed (15.5s)

[2m[WebServer] [22m(node:65402) Warning: The 'NO_COLOR' env is ignored due to the 'FORCE_COLOR' env being set.
[2m[WebServer] [22m(Use `node --trace-warnings ...` to show where the warning was created)
[2m[WebServer] [22m(node:65403) Warning: The 'NO_COLOR' env is ignored due to the 'FORCE_COLOR' env being set.
[2m[WebServer] [22m(Use `node --trace-warnings ...` to show where the warning was created)
(node:65418) Warning: The 'NO_COLOR' env is ignored due to the 'FORCE_COLOR' env being set.
(Use `node --trace-warnings ...` to show where the warning was created)
(node:65420) Warning: The 'NO_COLOR' env is ignored due to the 'FORCE_COLOR' env being set.
(Use `node --trace-warnings ...` to show where the warning was created)
(node:65417) Warning: The 'NO_COLOR' env is ignored due to the 'FORCE_COLOR' env being set.
(Use `node --trace-warnings ...` to show where the warning was created)
(node:65421) Warning: The 'NO_COLOR' env is ignored due to the 'FORCE_COLOR' env being set.
(Use `node --trace-warnings ...` to show where the warning was created)
(node:65419) Warning: The 'NO_COLOR' env is ignored due to the 'FORCE_COLOR' env being set.
(Use `node --trace-warnings ...` to show where the warning was created)
(node:65416) Warning: The 'NO_COLOR' env is ignored due to the 'FORCE_COLOR' env being set.
(Use `node --trace-warnings ...` to show where the warning was created)
(node:65416) Warning: The 'NO_COLOR' env is ignored due to the 'FORCE_COLOR' env being set.
(Use `node --trace-warnings ...` to show where the warning was created)
(node:65417) Warning: The 'NO_COLOR' env is ignored due to the 'FORCE_COLOR' env being set.
(Use `node --trace-warnings ...` to show where the warning was created)
(node:65421) Warning: The 'NO_COLOR' env is ignored due to the 'FORCE_COLOR' env being set.
(Use `node --trace-warnings ...` to show where the warning was created)
(node:65419) Warning: The 'NO_COLOR' env is ignored due to the 'FORCE_COLOR' env being set.
(Use `node --trace-warnings ...` to show where the warning was created)
(node:65418) Warning: The 'NO_COLOR' env is ignored due to the 'FORCE_COLOR' env being set.
(Use `node --trace-warnings ...` to show where the warning was created)
(node:65420) Warning: The 'NO_COLOR' env is ignored due to the 'FORCE_COLOR' env being set.
(Use `node --trace-warnings ...` to show where the warning was created)
