$ find apps -maxdepth 4 -type d | sort
apps
apps/desktop
apps/desktop/.turbo
apps/desktop/node_modules
apps/desktop/node_modules/.bin
apps/desktop/node_modules/.vite
apps/desktop/node_modules/.vite-temp
apps/desktop/node_modules/.vite/deps
apps/desktop/node_modules/.vue-global-types
apps/desktop/node_modules/@ccd
apps/desktop/node_modules/@primeuix
apps/desktop/node_modules/@primevue
apps/desktop/node_modules/@tauri-apps
apps/desktop/node_modules/@types
apps/desktop/node_modules/@vitejs
apps/desktop/src
apps/desktop/src-tauri
apps/desktop/src-tauri/capabilities
apps/desktop/src/adapters
apps/desktop/src/bootstrap
apps/desktop/src/plugins
apps/desktop/src/router
apps/desktop/src/theme
apps/desktop/src/views
apps/web-demo
apps/web-demo/.turbo
apps/web-demo/build
apps/web-demo/build/resolvers
apps/web-demo/node_modules
apps/web-demo/node_modules/.bin
apps/web-demo/node_modules/.progress
apps/web-demo/node_modules/.vite
apps/web-demo/node_modules/.vite-temp
apps/web-demo/node_modules/.vite/deps
apps/web-demo/node_modules/.vite/vitest
apps/web-demo/node_modules/.vue-global-types
apps/web-demo/node_modules/@ccd
apps/web-demo/node_modules/@primeuix
apps/web-demo/node_modules/@primevue
apps/web-demo/node_modules/@tanstack
apps/web-demo/node_modules/@types
apps/web-demo/node_modules/@vitejs
apps/web-demo/node_modules/@vueuse
apps/web-demo/public
apps/web-demo/public/lottie
apps/web-demo/src
apps/web-demo/src/adapters
apps/web-demo/src/adapters/charts
apps/web-demo/src/api
apps/web-demo/src/api/auth
apps/web-demo/src/api/example
apps/web-demo/src/api/system
apps/web-demo/src/assets
apps/web-demo/src/assets/icons
apps/web-demo/src/assets/images
apps/web-demo/src/assets/styles
apps/web-demo/src/components
apps/web-demo/src/constants
apps/web-demo/src/constants/enums
apps/web-demo/src/constants/theme
apps/web-demo/src/directives
apps/web-demo/src/hooks
apps/web-demo/src/hooks/layout
apps/web-demo/src/hooks/modules
apps/web-demo/src/infra
apps/web-demo/src/infra/auth
apps/web-demo/src/infra/router
apps/web-demo/src/infra/shared
apps/web-demo/src/layouts
apps/web-demo/src/layouts/components
apps/web-demo/src/layouts/modules
apps/web-demo/src/layouts/runtime
apps/web-demo/src/locales
apps/web-demo/src/locales/lang
apps/web-demo/src/plugins
apps/web-demo/src/plugins/modules
apps/web-demo/src/router
apps/web-demo/src/router/modules
apps/web-demo/src/router/utils
apps/web-demo/src/stores
apps/web-demo/src/stores/modules
apps/web-demo/src/sync
apps/web-demo/src/sync/systemPreferences
apps/web-demo/src/types
apps/web-demo/src/types/dto
apps/web-demo/src/types/modules
apps/web-demo/src/types/systems
apps/web-demo/src/utils
apps/web-demo/src/utils/date
apps/web-demo/src/utils/http
apps/web-demo/src/utils/runtime
apps/web-demo/src/utils/safeStorage
apps/web-demo/src/utils/theme
apps/web-demo/src/views
apps/web-demo/src/views/dashboard
apps/web-demo/src/views/example
apps/web-demo/src/views/login
apps/web-demo/src/views/notfound
exit_code=0
