$ rg -n @ccd/ apps
apps/desktop/src/views/DesktopHome.vue:2:import { createCoreRuntime } from '@ccd/core'
apps/desktop/src/views/DesktopHome.vue:3:import { generateIdFromKey } from '@ccd/shared-utils'
apps/desktop/src/views/DesktopHome.vue:4:import { useAppElementSize } from '@ccd/vue-hooks'
apps/desktop/src/views/DesktopHome.vue:5:import { CcdButton as Button, Icons } from '@ccd/vue-ui'
apps/desktop/src/main.ts:1:import '@ccd/vue-ui/style.css'
apps/desktop/src/main.ts:10:} from '@ccd/vue-app-platform'
apps/desktop/package.json:2:  "name": "@ccd/desktop",
apps/desktop/package.json:17:    "@ccd/contracts": "workspace:*",
apps/desktop/package.json:18:    "@ccd/core": "workspace:*",
apps/desktop/package.json:19:    "@ccd/design-tokens": "workspace:*",
apps/desktop/package.json:20:    "@ccd/shared-utils": "workspace:*",
apps/desktop/package.json:21:    "@ccd/unocss-preset": "workspace:*",
apps/desktop/package.json:22:    "@ccd/vue-app-platform": "workspace:*",
apps/desktop/package.json:23:    "@ccd/vue-hooks": "workspace:*",
apps/desktop/package.json:24:    "@ccd/vue-primevue-adapter": "workspace:*",
apps/desktop/package.json:25:    "@ccd/vue-ui": "workspace:*",
apps/desktop/vite.config.ts:4:import { createCcdUnoConfig } from '@ccd/unocss-preset'
apps/desktop/src/theme/index.ts:13:} from '@ccd/design-tokens'
apps/desktop/src/theme/index.ts:14:import type { CompleteThemeModeConfig, SizeCssVars, SizeMode, SizePreset, ThemeCssVars } from '@ccd/design-tokens'
apps/desktop/src/theme/index.ts:15:import type { PrimeVueSizeSource } from '@ccd/vue-primevue-adapter'
apps/desktop/src/plugins/index.ts:2:import { installPrimeVueRuntime } from '@ccd/vue-primevue-adapter'
apps/desktop/src/adapters/index.ts:7:} from '@ccd/core'
apps/web-demo/package.json:2:  "name": "@ccd/web-demo",
apps/web-demo/package.json:16:    "@ccd/contracts": "workspace:*",
apps/web-demo/package.json:17:    "@ccd/core": "workspace:*",
apps/web-demo/package.json:18:    "@ccd/shared-utils": "workspace:*",
apps/web-demo/package.json:19:    "@ccd/vue-app-platform": "workspace:*",
apps/web-demo/package.json:20:    "@ccd/vue-hooks": "workspace:*",
apps/web-demo/package.json:47:    "@ccd/design-tokens": "workspace:*",
apps/web-demo/package.json:48:    "@ccd/unocss-preset": "workspace:*",
apps/web-demo/package.json:49:    "@ccd/vue-ui": "workspace:*",
apps/web-demo/package.json:50:    "@ccd/vue-primevue-adapter": "workspace:*",
apps/web-demo/package.json:51:    "@ccd/vue-charts": "workspace:*"
apps/web-demo/build/plugins.ts:10:import { getCustomIconClasses, invalidateIconCaches } from '@ccd/unocss-preset'
apps/web-demo/build/plugins.ts:201:    AnimateWrapper: '@ccd/vue-ui',
apps/web-demo/build/plugins.ts:202:    CScrollbar: '@ccd/vue-ui',
apps/web-demo/build/plugins.ts:203:    EmptyState: '@ccd/vue-ui',
apps/web-demo/build/plugins.ts:204:    Icons: '@ccd/vue-ui',
apps/web-demo/build/plugins.ts:205:    ProForm: '@ccd/vue-ui',
apps/web-demo/build/plugins.ts:206:    ProTable: '@ccd/vue-ui',
apps/web-demo/src/directives/swipe.ts:1:export { vSwipe } from '@ccd/vue-hooks'
apps/web-demo/build/html.ts:4:import { THEME_PRESETS, DEFAULT_THEME_MODE, DEFAULT_THEME_NAME } from '@ccd/design-tokens'
apps/web-demo/src/constants/theme.ts:1:export * from '@ccd/design-tokens'
apps/web-demo/src/directives/tap.spec.ts:2:import { vTap as sharedTap } from '@ccd/vue-hooks'
apps/web-demo/src/constants/theme/colorUsage.ts:1:export * from '@ccd/design-tokens'
apps/web-demo/src/directives/swipe.spec.ts:2:import { vSwipe as sharedSwipe } from '@ccd/vue-hooks'
apps/web-demo/src/directives/auth.spec.ts:5:import { castValue } from '@ccd/shared-utils'
apps/web-demo/src/constants/size.ts:1:export * from '@ccd/design-tokens'
apps/web-demo/src/directives/tap.ts:1:export { vTap } from '@ccd/vue-hooks'
apps/web-demo/src/directives/longPress.ts:1:export { vLongPress } from '@ccd/vue-hooks'
apps/web-demo/src/directives/longPress.spec.ts:2:import { vLongPress as sharedLongPress } from '@ccd/vue-hooks'
apps/web-demo/src/constants/sizeScale.ts:1:export * from '@ccd/design-tokens'
apps/web-demo/src/types/components.d.ts:15:    AnimateWrapper: typeof import('@ccd/vue-ui')['AnimateWrapper']
apps/web-demo/src/types/components.d.ts:26:    CScrollbar: typeof import('@ccd/vue-ui')['CScrollbar']
apps/web-demo/src/types/components.d.ts:31:    EmptyState: typeof import('@ccd/vue-ui')['EmptyState']
apps/web-demo/src/types/components.d.ts:36:    Icons: typeof import('@ccd/vue-ui')['Icons']
apps/web-demo/src/types/components.d.ts:51:    ProForm: typeof import('@ccd/vue-ui')['ProForm']
apps/web-demo/src/types/components.d.ts:54:    ProTable: typeof import('@ccd/vue-ui')['ProTable']
apps/web-demo/src/router/utils/helper.ts:9:import { generateIdFromKey } from '@ccd/shared-utils'
apps/web-demo/src/router/utils/helper.ts:12:import type { PrimeVueMenuItem } from '@ccd/vue-primevue-adapter'
apps/web-demo/src/types/modules/router.d.ts:2:import type { AnimateName } from '@ccd/vue-ui'
apps/web-demo/src/infra/router/routeProvider.ts:1:import { createCapabilityBridge } from '@ccd/shared-utils'
apps/web-demo/src/constants/breakpoints.ts:1:export * from '@ccd/design-tokens'
apps/web-demo/src/main.ts:5:import '@ccd/vue-ui/style.css'
apps/web-demo/src/main.ts:13:} from '@ccd/vue-app-platform'
apps/web-demo/src/infra/auth/tokenProvider.ts:9:import { createCapabilityBridge } from '@ccd/shared-utils'
apps/web-demo/src/plugins/index.ts:12:import { installInteractionDirectives } from '@ccd/vue-hooks'
apps/web-demo/src/plugins/setupPlugins.spec.ts:54:vi.mock('@ccd/vue-hooks', () => ({
apps/web-demo/src/types/systems/device.d.ts:2:import type { BreakpointKey } from '@ccd/design-tokens'
apps/web-demo/src/adapters/logger.adapter.ts:1:import type { Logger } from '@ccd/core'
apps/web-demo/src/adapters/charts/UseEcharts.vue:4:import { UseEcharts as PackageUseEcharts } from '@ccd/vue-charts'
apps/web-demo/src/adapters/charts/UseEcharts.vue:10:} from '@ccd/vue-charts'
apps/web-demo/src/hooks/modules/useThemeSwitch.ts:9:import { THEME_PRESETS, DEFAULT_THEME_NAME } from '@ccd/design-tokens'
apps/web-demo/src/hooks/modules/useThemeSwitch.ts:10:import type { ThemeMode, ThemeTransitionMode } from '@ccd/design-tokens'
apps/web-demo/src/hooks/modules/useThemeSwitch.ts:14:import { rgbToHex } from '@ccd/design-tokens'
apps/web-demo/src/layouts/modules/LayoutAdmin.spec.ts:127:vi.mock('@ccd/vue-ui', () => ({
apps/web-demo/src/hooks/modules/useProTableUrlSync.spec.ts:3:import type { UseProTableUrlSyncOptions, UseProTableUrlSyncReturn } from '@ccd/vue-ui'
apps/web-demo/src/hooks/layout/useAdminTabs.spec.ts:18:vi.mock('@ccd/vue-hooks', () => ({
apps/web-demo/src/hooks/layout/useAdminTabs.spec.ts:41:vi.mock('@ccd/shared-utils', () => ({
apps/web-demo/src/layouts/runtime/layoutRuntime.spec.ts:8:} from '@ccd/vue-app-platform'
apps/web-demo/src/stores/modules/session/permission.spec.ts:79:vi.mock('@ccd/shared-utils', () => ({
apps/web-demo/src/utils/http/requestLayer.spec.ts:7:import { castValue } from '@ccd/shared-utils'
apps/web-demo/src/hooks/modules/useSystemPreferencesSync.ts:18:import { castValue } from '@ccd/shared-utils'
apps/web-demo/src/layouts/modules/LayoutAdmin.tsx:3:import { CcdDrawer as Drawer } from '@ccd/vue-ui'
apps/web-demo/src/layouts/modules/LayoutAdmin.tsx:20:import { Icons } from '@ccd/vue-ui'
apps/web-demo/src/layouts/modules/LayoutAdmin.tsx:21:import { CScrollbar } from '@ccd/vue-ui'
apps/web-demo/src/hooks/layout/useMenuRenderer.tsx:13:import { Icons } from '@ccd/vue-ui'
apps/web-demo/src/layouts/runtime/layoutRuntime.ts:11:} from '@ccd/vue-app-platform'
apps/web-demo/src/layouts/runtime/layoutRuntime.ts:27:} from '@ccd/vue-app-platform'
apps/web-demo/src/layouts/modules/LayoutFullScreen.vue:6:import { CScrollbar } from '@ccd/vue-ui'
apps/web-demo/src/layouts/modules/LayoutFullScreen.vue:7:import type { CScrollbar as CScrollbarComponent } from '@ccd/vue-ui'
apps/web-demo/src/hooks/layout/useLayoutRuntime.ts:6:} from '@ccd/vue-app-platform'
apps/web-demo/src/stores/modules/session/permission.ts:1:import { deepClone, generateIdFromKey } from '@ccd/shared-utils'
apps/web-demo/src/hooks/modules/useDialog.tsx:13:} from '@ccd/vue-ui'
apps/web-demo/src/views/login/components/LoginForm.vue:4:import type { FormSchema, ProFormExpose } from '@ccd/vue-ui'
apps/web-demo/src/layouts/index.vue:6:import type { AnimateName } from '@ccd/vue-ui'
apps/web-demo/src/layouts/index.vue:7:import { AnimateWrapper } from '@ccd/vue-ui'
apps/web-demo/src/utils/theme/metadata.ts:1:export * from '@ccd/design-tokens'
apps/web-demo/src/hooks/layout/useAdminBreadcrumbs.ts:6:import type { PrimeVueTieredMenuInstance } from '@ccd/vue-primevue-adapter'
apps/web-demo/src/utils/guards.ts:1:export { isRecord } from '@ccd/shared-utils'
apps/web-demo/src/layouts/components/LoadingLottie.vue:8:import type { SizeScaleKey } from '@ccd/design-tokens'
apps/web-demo/src/layouts/components/LoadingLottie.vue:9:import { LOADING_SIZE_CSS } from '@ccd/design-tokens'
apps/web-demo/src/hooks/modules/useRecordOverlay.tsx:7:} from '@ccd/vue-ui'
apps/web-demo/src/hooks/modules/useRecordOverlay.tsx:8:import type { DialogOptions } from '@ccd/vue-ui'
apps/web-demo/src/utils/http/interceptors.ts:7:import { castValue } from '@ccd/shared-utils'
apps/web-demo/src/hooks/layout/useAdminTabs.ts:5:import { useAppElementSize } from '@ccd/vue-hooks'
apps/web-demo/src/hooks/layout/useAdminTabs.ts:6:import type { CScrollbar } from '@ccd/vue-ui'
apps/web-demo/src/hooks/modules/useDialog.spec.ts:2:import type { DialogOptions } from '@ccd/vue-ui'
apps/web-demo/src/hooks/modules/useDialog.spec.ts:47:vi.mock('@ccd/vue-ui', () => ({
apps/web-demo/src/layouts/components/Loading.vue:10:import type { SizeScaleKey } from '@ccd/design-tokens'
apps/web-demo/src/utils/theme/fingerprint.ts:5:import { fnv1a, stableSerializeRecord } from '@ccd/shared-utils'
apps/web-demo/src/hooks/modules/usePermissionRoutes.ts:2:import { deepClone } from '@ccd/shared-utils'
apps/web-demo/src/plugins/modules/primevue.spec.ts:47:vi.mock('@ccd/vue-primevue-adapter', () => ({
apps/web-demo/src/stores/modules/system/theme.spec.ts:5:import type { ThemePreset } from '@ccd/design-tokens'
apps/web-demo/src/stores/modules/system/theme.spec.ts:21:vi.mock('@ccd/design-tokens', async importOriginal => ({
apps/web-demo/src/stores/modules/system/theme.spec.ts:22:  ...(await importOriginal<typeof import('@ccd/design-tokens')>()),
apps/web-demo/src/plugins/modules/protable.ts:2:import { PRO_TABLE_URL_SYNC_ADAPTER_KEY } from '@ccd/vue-ui'
apps/web-demo/src/hooks/modules/useAutoMitt.ts:3:import { createAutoMittHook } from '@ccd/vue-hooks'
apps/web-demo/src/views/login/index.vue:2:import { BREAKPOINTS } from '@ccd/design-tokens'
apps/web-demo/src/stores/modules/system/theme.ts:7:} from '@ccd/design-tokens'
apps/web-demo/src/stores/modules/system/theme.ts:8:import type { ThemeMode, ThemeTransitionDuration, ThemeTransitionMode } from '@ccd/design-tokens'
apps/web-demo/src/hooks/modules/useProTableUrlSync.ts:6:} from '@ccd/vue-ui'
apps/web-demo/src/plugins/modules/proform.ts:2:import type { ProFormDateFormatter } from '@ccd/vue-ui'
apps/web-demo/src/plugins/modules/proform.ts:7:} from '@ccd/vue-ui'
apps/web-demo/src/utils/safeStorage/index.ts:5: * - JSON codec: `@ccd/shared-utils` (`stringifyJsonStorageValue`, `parseJsonStorageValue`)
apps/web-demo/src/utils/theme/lottieThemeUtils.ts:7:import { deepClone } from '@ccd/shared-utils'
apps/web-demo/src/utils/safeStorage/storageMaintenance.ts:1:import type { SafeStorageAdapter, SafeStoragePolicy, StorageScope } from '@ccd/contracts'
apps/web-demo/src/stores/modules/system/device.ts:8:} from '@ccd/design-tokens'
apps/web-demo/src/stores/modules/system/device.ts:10:import { debounceFn } from '@ccd/shared-utils'
apps/web-demo/src/stores/modules/system/device.ts:14:import { resolveLayoutDeviceFlags } from '@ccd/vue-app-platform'
apps/web-demo/src/stores/modules/system/layout.ts:7:import { castValue, deepClone } from '@ccd/shared-utils'
apps/web-demo/src/stores/modules/system/layout.ts:15:} from '@ccd/vue-app-platform'
apps/web-demo/src/layouts/components/AppPrimeVueGlobals.vue:4: * PrimeVue 运行时组件与服务通过 @ccd/vue-primevue-adapter facade 注入。
apps/web-demo/src/layouts/components/AppPrimeVueGlobals.vue:8:import { PrimeDialog } from '@ccd/vue-ui'
apps/web-demo/src/layouts/components/AppPrimeVueGlobals.vue:21:} from '@ccd/vue-primevue-adapter'
apps/web-demo/src/views/dashboard/configs/alerts.ts:1:import type { ProTableColumn, ProTableValueEnum } from '@ccd/vue-ui'
apps/web-demo/src/views/dashboard/configs/alerts.ts:3:import { formatSerialId } from '@ccd/shared-utils'
apps/web-demo/src/plugins/modules/primevue.ts:8:import { installPrimeVueRuntime } from '@ccd/vue-primevue-adapter'
apps/web-demo/src/plugins/modules/primevue.ts:9:import { PRIME_DIALOG_RUNTIME_CONFIG_KEY } from '@ccd/vue-ui'
apps/web-demo/src/utils/safeStorage/core.ts:2:import { parseJsonStorageValue, stringifyJsonStorageValue } from '@ccd/shared-utils'
apps/web-demo/src/utils/safeStorage/core.ts:3:import type { SyncStorageCodec, StorageCodec } from '@ccd/contracts'
apps/web-demo/src/stores/modules/system/device.spec.ts:6:vi.mock('@ccd/shared-utils', () => ({
apps/web-demo/src/utils/theme/sizeEngine.spec.ts:9:} from '@ccd/design-tokens'
apps/web-demo/src/utils/theme/sizeEngine.spec.ts:10:import type { SizePreset } from '@ccd/design-tokens'
apps/web-demo/src/layouts/components/AppContainer.vue:3:import { scrollbarMemoryProviderKey } from '@ccd/vue-ui'
apps/web-demo/src/layouts/components/AppContainer.vue:7:import type { CScrollbar } from '@ccd/vue-ui'
apps/web-demo/src/layouts/components/GlobalSetting/useGlobalSettingsDialog.tsx:1:import type { DialogOptions } from '@ccd/vue-ui'
apps/web-demo/src/utils/theme/sizeEngine.ts:14:} from '@ccd/design-tokens'
apps/web-demo/src/utils/theme/sizeEngine.ts:21:} from '@ccd/design-tokens'
apps/web-demo/src/utils/theme/sizeEngine.ts:31:export type { RootFontSizeContext, RootFontSizeDecision } from '@ccd/design-tokens'
apps/web-demo/src/plugins/modules/scrollbar.ts:1:import { CScrollbar } from '@ccd/vue-ui'
apps/web-demo/src/sync/runtime.ts:10:import { castValue } from '@ccd/shared-utils'
apps/web-demo/src/stores/modules/system/size.ts:2:import { SIZE_PRESETS, DEFAULT_SIZE_NAME } from '@ccd/design-tokens'
apps/web-demo/src/views/example/hooks/use-app-element-size.vue:2:import { useAppElementSize } from '@ccd/vue-hooks'
apps/web-demo/src/views/example/hooks/use-app-element-size.vue:3:import type { UseElementSizeOptions } from '@ccd/vue-hooks'
apps/web-demo/src/views/example/hooks/use-app-element-size.vue:4:import { CcdTag } from '@ccd/vue-ui'
apps/web-demo/src/layouts/components/GlobalSetting/SettingsContent.vue:12:} from '@ccd/design-tokens'
apps/web-demo/src/layouts/components/GlobalSetting/SettingsContent.vue:13:import type { ThemeMode, ThemeTransitionDuration, ThemeTransitionMode } from '@ccd/design-tokens'
apps/web-demo/src/layouts/components/GlobalSetting/SettingsContent.vue:14:import { SIZE_PRESETS } from '@ccd/design-tokens'
apps/web-demo/src/layouts/components/GlobalSetting/SettingsContent.vue:22:} from '@ccd/vue-ui'
apps/web-demo/src/layouts/components/GlobalSetting/SettingsContent.vue:23:import { CScrollbar } from '@ccd/vue-ui'
apps/web-demo/src/layouts/components/GlobalSetting/SettingsContent.vue:24:import { Icons } from '@ccd/vue-ui'
apps/web-demo/src/layouts/components/admin/AdminBreadcrumbBar.vue:2:import { CcdTieredMenu as TieredMenu } from '@ccd/vue-ui'
apps/web-demo/src/layouts/components/admin/AdminBreadcrumbBar.vue:3:import { Icons } from '@ccd/vue-ui'
apps/web-demo/src/layouts/components/User/index.vue:3:import { CcdButton as Button, CcdPopover as Popover } from '@ccd/vue-ui'
apps/web-demo/src/layouts/components/admin/AdminSidebar.tsx:3:import { CScrollbar } from '@ccd/vue-ui'
apps/web-demo/src/layouts/components/admin/AdminSidebar.tsx:4:import type { SidebarState } from '@ccd/vue-app-platform'
apps/web-demo/src/layouts/components/admin/AdminSidebarMenuInline.tsx:1:import { applyUniqueRoot, toRecord } from '@ccd/shared-utils'
apps/web-demo/src/layouts/components/admin/AdminSidebarMenuInline.tsx:2:import { primeVueTooltipDirective } from '@ccd/vue-primevue-adapter'
apps/web-demo/src/layouts/components/admin/AdminSidebarMenuInline.tsx:7:import { CcdPanelMenu as PanelMenu, Icons } from '@ccd/vue-ui'
apps/web-demo/src/layouts/components/admin/AdminSidebarMenuInline.tsx:20:import { useAppElementSize } from '@ccd/vue-hooks'
apps/web-demo/src/layouts/components/admin/AdminSidebarMenuInline.tsx:25:import type { SidebarState } from '@ccd/vue-app-platform'
apps/web-demo/src/sync/socket.ts:2:import { castValue } from '@ccd/shared-utils'
apps/web-demo/src/layouts/components/admin/AdminSidebarMenuCollapsed.tsx:1:import { primeVueTooltipDirective } from '@ccd/vue-primevue-adapter'
apps/web-demo/src/layouts/components/admin/AdminSidebarMenuCollapsed.tsx:5:import { Icons } from '@ccd/vue-ui'
apps/web-demo/src/views/example/hooks/layout-breadcrumbs.vue:2:import { CcdTieredMenu as TieredMenu } from '@ccd/vue-ui'
apps/web-demo/src/views/example/hooks/layout-breadcrumbs.vue:3:import { Icons } from '@ccd/vue-ui'
apps/web-demo/src/utils/theme/engine.ts:4: * Pure token derivation lives in `@ccd/design-tokens`.
apps/web-demo/src/utils/theme/engine.ts:5: * Browser theme application is delegated to `@ccd/vue-app-platform` with app-owned
apps/web-demo/src/utils/theme/engine.ts:11:import type { ThemeCssVars } from '@ccd/design-tokens'
apps/web-demo/src/utils/theme/engine.ts:12:import { applyThemeVars } from '@ccd/vue-app-platform'
apps/web-demo/src/utils/theme/engine.ts:42:} from '@ccd/design-tokens/theme-engine'
apps/web-demo/src/utils/theme/engine.ts:64:} from '@ccd/design-tokens/theme-engine'
apps/web-demo/src/views/dashboard/configs/quickAction.ts:1:import type { FormSchema } from '@ccd/vue-ui'
apps/web-demo/src/utils/theme/colors.ts:1:export * from '@ccd/design-tokens'
apps/web-demo/src/views/dashboard/hooks/useChartOptions.ts:4:import { getChartSystemVariables, parseEChartsOption } from '@ccd/vue-charts'
apps/web-demo/src/layouts/components/admin/AdminMenuPopup.tsx:1:import { CcdTieredMenu as TieredMenu } from '@ccd/vue-ui'
apps/web-demo/src/layouts/components/admin/AdminHeader.vue:2:import { Icons } from '@ccd/vue-ui'
apps/web-demo/src/layouts/components/admin/AdminHeader.vue:13:import { useAppElementSize } from '@ccd/vue-hooks'
apps/web-demo/src/views/example/hooks/use-pro-table.vue:2:import type { ColumnRenderParams, ProTableColumn } from '@ccd/vue-ui'
apps/web-demo/src/views/example/hooks/use-pro-table.vue:3:import { useProTable } from '@ccd/vue-ui'
apps/web-demo/src/views/dashboard/index.vue:3:import type { FormState } from '@ccd/vue-ui'
apps/web-demo/src/views/dashboard/index.vue:5:import { CcdButton as Button } from '@ccd/vue-ui'
apps/web-demo/src/views/dashboard/index.vue:23:const loadProForm = () => import('@ccd/vue-ui').then(module => module.ProForm)
apps/web-demo/src/layouts/components/admin/adminSidebarMenu.shared.ts:1:import { applyUniqueRoot } from '@ccd/shared-utils'
apps/web-demo/src/sync/systemPreferences/guards.ts:2:import { castValue } from '@ccd/shared-utils'
apps/web-demo/src/sync/systemPreferences/model.spec.ts:11:vi.mock('@ccd/design-tokens', async importOriginal => ({
apps/web-demo/src/sync/systemPreferences/model.spec.ts:12:  ...(await importOriginal<typeof import('@ccd/design-tokens')>()),
apps/web-demo/src/layouts/components/admin/AdminSidebarMenu.tsx:1:import { areExpandedKeyRecordsEqual } from '@ccd/shared-utils'
apps/web-demo/src/layouts/components/admin/AdminSidebarMenu.tsx:12:import type { SidebarState } from '@ccd/vue-app-platform'
apps/web-demo/src/utils/theme/engine.spec.ts:23:import { THEME_PRESETS } from '@ccd/design-tokens'
apps/web-demo/src/layouts/components/admin/AdminTabsBar.tsx:2:import { CScrollbar } from '@ccd/vue-ui'
apps/web-demo/src/layouts/components/admin/AdminTabsBar.tsx:3:import { Icons } from '@ccd/vue-ui'
apps/web-demo/src/sync/systemPreferences/model.ts:2:import { DEFAULT_SIZE_NAME, SIZE_PRESETS } from '@ccd/design-tokens'
apps/web-demo/src/sync/systemPreferences/model.ts:3:import { DEFAULT_THEME_MODE, DEFAULT_THEME_NAME, THEME_PRESETS } from '@ccd/design-tokens'
apps/web-demo/src/sync/systemPreferences/model.ts:16:import { deepClone } from '@ccd/shared-utils'
apps/web-demo/src/views/example/architecture/system-states/index.vue:2:import { SIZE_SCALE_KEYS, type SizeScaleKey } from '@ccd/design-tokens'
apps/web-demo/src/views/example/hooks/use-chart-theme.vue:3:import type { ChartOpacityConfig, ChartThemeRuntimeState } from '@ccd/vue-charts'
apps/web-demo/src/views/example/hooks/use-chart-theme.vue:4:import { useChartTheme } from '@ccd/vue-charts'
apps/web-demo/src/views/example/utils/ids.vue:4:import { generateIdFromKey, generateUniqueId } from '@ccd/shared-utils'
apps/web-demo/src/utils/deviceSync.ts:10:} from '@ccd/design-tokens'
apps/web-demo/src/views/example/utils/strings-format.vue:4:import { toKebabCase } from '@ccd/shared-utils'
apps/web-demo/src/views/example/utils/type-casters.vue:4:import { castValue } from '@ccd/shared-utils'
apps/web-demo/src/views/example/common/constants.vue:6:import { SIZE_PRESETS } from '@ccd/design-tokens'
apps/web-demo/src/views/example/utils/color-utils.vue:10:} from '@ccd/design-tokens'
apps/web-demo/src/views/example/utils/color-utils.vue:11:import { generateChartPalette } from '@ccd/vue-charts'
apps/web-demo/src/views/example/system-configuration/breakpoints.vue:2:import { BREAKPOINTS, type BreakpointKey } from '@ccd/design-tokens'
apps/web-demo/src/views/example/system-configuration/breakpoints.vue:3:import { SIZE_SCALE_KEYS } from '@ccd/design-tokens'
apps/web-demo/src/views/example/system-configuration/breakpoints.vue:4:import { useAppElementSize } from '@ccd/vue-hooks'
apps/web-demo/src/views/example/system-configuration/unocss.vue:2:import { semanticShortcuts } from '@ccd/unocss-preset'
apps/web-demo/src/views/example/utils/lodash.vue:4:import { debounceFn, deepClone, deepEqual } from '@ccd/shared-utils'
apps/web-demo/src/views/example/architecture/adapters/echarts-adapter.vue:2:import { parseEChartsOption } from '@ccd/vue-charts'
apps/web-demo/src/views/example/architecture/adapters/echarts-adapter.vue:84:              value="@ccd/vue-charts"
apps/web-demo/src/views/example/components/animate-wrapper/index.vue:2:import type { AnimateName, AnimateSpeed } from '@ccd/vue-ui'
apps/web-demo/src/views/example/system-configuration/size.vue:2:import { LAYOUT_DIMENSION_KEYS, SIZE_PRESETS } from '@ccd/design-tokens'
apps/web-demo/src/views/example/system-configuration/size.vue:3:import { SIZE_SCALE_KEYS, type SizeScaleKey } from '@ccd/design-tokens'
apps/web-demo/src/views/example/system-configuration/size.vue:5:import { radiusPx, spacingPx } from '@ccd/vue-charts'
apps/web-demo/src/views/example/system-configuration/layout.vue:4:import type { PrimeVuePopoverInstance } from '@ccd/vue-primevue-adapter'
apps/web-demo/src/views/example/system-configuration/theme.vue:2:import { DEFAULT_THEME_NAME, THEME_PRESETS, getPresetPrimaryColor } from '@ccd/design-tokens'
apps/web-demo/src/views/example/system-configuration/theme.vue:3:import { ACCENT_USAGE, COLOR_USAGE, PRIMARY_USAGE } from '@ccd/design-tokens'
apps/web-demo/src/views/example/system-configuration/theme.vue:4:import { COLOR_FAMILIES, THEME_ENGINE } from '@ccd/design-tokens'
apps/web-demo/src/views/example/components/c-scrollbar/index.vue:2:import type { ScrollbarInstance, ScrollbarVisibility } from '@ccd/vue-ui'
apps/web-demo/src/views/example/components/icons/index.vue:4:import type { FlipDirection, IconAnimation, IconSize } from '@ccd/vue-ui'
apps/web-demo/src/views/example/components/use-echarts/index.vue:7:import type { ChartInstance } from '@ccd/vue-charts'
apps/web-demo/src/views/example/components/use-echarts/index.vue:11:import { castValue } from '@ccd/shared-utils'
apps/web-demo/src/views/example/components/use-echarts/index.vue:18:} from '@ccd/vue-charts'
apps/web-demo/src/views/example/architecture/stores/theme.vue:2:import { THEME_PRESETS } from '@ccd/design-tokens'
apps/web-demo/src/views/example/architecture/stores/table-drawer.vue:2:import { castRecord, castValue } from '@ccd/shared-utils'
apps/web-demo/src/views/example/architecture/stores/size.vue:2:import { SIZE_PRESETS } from '@ccd/design-tokens'
apps/web-demo/src/views/example/components/icons/components/IconControls.vue:2:import type { IconSize, IconAnimation, FlipDirection } from '@ccd/vue-ui'
apps/web-demo/src/views/example/components/icons/components/IconControls.vue:3:import { SIZE_SCALE_KEYS, type SizeScaleKey } from '@ccd/design-tokens'
apps/web-demo/src/views/example/components/primevue-collection/overview/index.vue:6:} from '@ccd/vue-primevue-adapter'
apps/web-demo/src/views/example/components/use-echarts/configs/customThemeConfig.ts:2:import type { ChartThemeConfig } from '@ccd/vue-charts'
apps/web-demo/src/views/example/components/primevue-collection/prime-dialog/index.vue:2:import { CcdButton as Button, Icons, type DialogPosition } from '@ccd/vue-ui'
apps/web-demo/src/views/example/components/primevue-collection/overview/composables/usePrimeVueScrollSpy.ts:6:import type { ScrollbarInstance } from '@ccd/vue-ui'
apps/web-demo/src/views/example/components/primevue-collection/pro-form/validation/index.vue:4:import type { FormSchema, ProFormExpose, UseFormOptions, ValidationResolver } from '@ccd/vue-ui'
apps/web-demo/src/views/example/components/primevue-collection/pro-form/validation/index.vue:15:import { DraftStorage } from '@ccd/vue-ui'
apps/web-demo/src/views/example/components/primevue-collection/pro-form/playground/index.vue:4:import type { FormSchema, FormState, ProFormExpose } from '@ccd/vue-ui'
apps/web-demo/src/views/example/components/primevue-collection/pro-form/dag/index.vue:4:import type { FormSchema, FormState, ProFormExpose } from '@ccd/vue-ui'
apps/web-demo/src/views/example/components/primevue-collection/pro-form/group/index.vue:4:import type { FormSchema } from '@ccd/vue-ui'
apps/web-demo/src/views/example/components/primevue-collection/pro-table/columns/columns.tsx:1:import { CcdButton as Button, Icons } from '@ccd/vue-ui'
apps/web-demo/src/views/example/components/primevue-collection/pro-table/columns/columns.tsx:2:import type { ColumnRenderParams, ProTableColumn } from '@ccd/vue-ui'
apps/web-demo/src/views/example/components/primevue-collection/pro-form/api-events/index.vue:4:import type { FormSchema, FormState, ProFormExpose } from '@ccd/vue-ui'
apps/web-demo/src/views/example/components/primevue-collection/pro-form/advanced/index.vue:5:import type { FormSchema, ProFormExpose } from '@ccd/vue-ui'
apps/web-demo/src/views/example/components/primevue-collection/pro-form/advanced/index.vue:14:} from '@ccd/vue-ui'
apps/web-demo/src/views/example/components/primevue-collection/pro-form/advanced/index.vue:16:import { castValue } from '@ccd/shared-utils'
apps/web-demo/src/views/example/components/primevue-collection/pro-form/reactions/index.vue:4:import type { FormSchema, FormState, ProFormExpose, ReactionContext } from '@ccd/vue-ui'
apps/web-demo/src/views/example/components/primevue-collection/pro-table/columns/index.vue:4:import { formatSerialId } from '@ccd/shared-utils'
apps/web-demo/src/views/example/components/primevue-collection/pro-table/columns/index.vue:5:import { useAppElementSize } from '@ccd/vue-hooks'
apps/web-demo/src/views/example/components/primevue-collection/pro-form/plugins/components/ColorPickerFieldAdapter.tsx:2:import { castValue } from '@ccd/shared-utils'
apps/web-demo/src/views/example/components/primevue-collection/pro-form/plugins/components/ColorPickerField.tsx:3:import { CcdInputText as InputText } from '@ccd/vue-ui'
apps/web-demo/src/views/example/components/primevue-collection/pro-form/plugins/components/MyColorCustomInput.tsx:2:import { CcdInputText as InputText, useField, useFormContext } from '@ccd/vue-ui'
apps/web-demo/src/views/example/components/primevue-collection/pro-form/basic/index.vue:4:import type { FormSchema, FormState, ProFormExpose } from '@ccd/vue-ui'
apps/web-demo/src/views/example/components/primevue-collection/pro-table/form-table-combo/components/SearchPanel.vue:2:import type { ProFormExpose } from '@ccd/vue-ui'
apps/web-demo/src/views/example/components/primevue-collection/pro-table/shared/apiExecutor.ts:1:import type { ProTableApiExecutor } from '@ccd/vue-ui'
apps/web-demo/src/views/example/components/primevue-collection/pro-table/basic/columns.tsx:1:import type { ColumnRenderParams, ProTableColumn } from '@ccd/vue-ui'
apps/web-demo/src/views/example/components/primevue-collection/pro-table/form-table-combo/components/TablePanel.vue:14:} from '@ccd/vue-ui'
apps/web-demo/src/views/example/components/primevue-collection/pro-form/plugins/index.vue:4:import type { FieldRegistryItem, FormSchema, ProFormExpose, ProFormPlugin } from '@ccd/vue-ui'
apps/web-demo/src/views/example/components/primevue-collection/pro-form/plugins/index.vue:5:import { ProFormPlugins } from '@ccd/vue-ui'
apps/web-demo/src/views/example/components/primevue-collection/pro-form/plugins/index.vue:6:import { DEMO_COLOR_PICKER_DEFAULT_HEX } from '@ccd/design-tokens'
apps/web-demo/src/views/example/components/primevue-collection/pro-table/api-events/columns.tsx:1:import type { ColumnRenderParams, ProTableColumn } from '@ccd/vue-ui'
apps/web-demo/src/views/example/components/primevue-collection/pro-table/server/columns.tsx:2:import { CcdTag as Tag, type ColumnRenderParams, type ProTableColumn } from '@ccd/vue-ui'
apps/web-demo/src/views/example/components/primevue-collection/pro-table/basic/index.vue:3:import { formatSerialId } from '@ccd/shared-utils'
apps/web-demo/src/views/example/components/primevue-collection/pro-table/form-table-combo/config.tsx:1:import type { FormSchema } from '@ccd/vue-ui'
apps/web-demo/src/views/example/components/primevue-collection/pro-table/form-table-combo/config.tsx:2:import type { ColumnRenderParams, ProTableColumn } from '@ccd/vue-ui'
apps/web-demo/src/views/example/components/primevue-collection/pro-table/api-events/index.vue:2:import type { FilterState, ProTableLoadParams, SortState } from '@ccd/vue-ui'
apps/web-demo/src/views/example/components/primevue-collection/pro-table/advanced/index.vue:2:import { usePrimeVueConfirmService as useConfirm } from '@ccd/vue-primevue-adapter'
apps/web-demo/src/views/example/components/primevue-collection/pro-table/virtual/columns.tsx:1:import type { ProTableColumn } from '@ccd/vue-ui'
apps/web-demo/src/views/example/components/primevue-collection/pro-table/advanced/configs/columns.tsx:1:import { CcdButton as Button, type ColumnRenderParams, type ProTableColumn } from '@ccd/vue-ui'
apps/web-demo/src/views/example/components/primevue-collection/pro-table/virtual/index.vue:2:import type { ProTableColumn } from '@ccd/vue-ui'
apps/web-demo/src/views/example/components/primevue-collection/pro-table/virtual/index.vue:4:import { formatSerialId } from '@ccd/shared-utils'
exit_code=0
