$ rg --files apps
apps/desktop/src/router/index.ts
apps/desktop/src/router/routes.ts
apps/desktop/src/views/DesktopHome.vue
apps/desktop/src/theme/index.ts
apps/desktop/src/adapters/index.ts
apps/desktop/tsconfig.json
apps/desktop/src/plugins/index.ts
apps/desktop/src/main.ts
apps/desktop/vite.config.ts
apps/desktop/index.html
apps/desktop/src/App.vue
apps/desktop/package.json
apps/desktop/src-tauri/capabilities/default.json
apps/desktop/src-tauri/tauri.conf.json
apps/web-demo/package.json
apps/web-demo/public/lottie/airplane.json
apps/web-demo/public/lottie/003.json
apps/web-demo/public/lottie/loading-003.json
apps/web-demo/public/lottie/loading-002.json
apps/web-demo/public/face.png
apps/web-demo/index.html
apps/web-demo/src/router/modules/core.ts
apps/web-demo/src/router/modules/dashboard.ts
apps/web-demo/src/router/modules/example.ts
apps/web-demo/src/router/index.ts
apps/web-demo/src/router/utils/moduleLoader.spec.ts
apps/web-demo/src/router/utils/accessControl.ts
apps/web-demo/src/router/utils/guardEffects.ts
apps/web-demo/src/router/utils/guards.ts
apps/web-demo/src/router/utils/index.ts
apps/web-demo/src/router/utils/permission.ts
apps/web-demo/src/router/utils/dynamic.ts
apps/web-demo/src/router/utils/menu.ts
apps/web-demo/src/router/utils/resolver.ts
apps/web-demo/src/router/utils/helper.ts
apps/web-demo/src/router/utils/transform.ts
apps/web-demo/src/router/utils/moduleLoader.ts
apps/web-demo/src/stores/modules/session/user.ts
apps/web-demo/src/stores/modules/session/permission.spec.ts
apps/web-demo/src/stores/modules/session/index.ts
apps/web-demo/src/stores/modules/session/permission.ts
apps/web-demo/src/stores/modules/session/user.spec.ts
apps/web-demo/src/stores/modules/system/theme.spec.ts
apps/web-demo/src/stores/modules/system/theme.ts
apps/web-demo/src/stores/modules/system/index.ts
apps/web-demo/src/stores/modules/system/device.ts
apps/web-demo/src/stores/modules/system/layout.ts
apps/web-demo/src/stores/modules/system/layout.spec.ts
apps/web-demo/src/stores/modules/system/device.spec.ts
apps/web-demo/src/stores/modules/system/locale.spec.ts
apps/web-demo/src/stores/modules/system/size.ts
apps/web-demo/src/stores/modules/system/locale.ts
apps/web-demo/src/stores/modules/system/size.spec.ts
apps/web-demo/src/stores/modules/ui/index.ts
apps/web-demo/src/assets/icons/custom/juejin.svg
apps/web-demo/src/stores/modules/ui/tableDrawer.spec.ts
apps/web-demo/src/stores/modules/ui/tableDrawer.ts
apps/web-demo/src/stores/index.ts
apps/web-demo/src/constants/theme.spec.ts
apps/web-demo/src/constants/layout-menu.ts
apps/web-demo/src/constants/theme.ts
apps/web-demo/src/constants/runtime.spec.ts
apps/web-demo/src/constants/layout.ts
apps/web-demo/src/assets/styles/animate-lite.scss
apps/web-demo/src/constants/theme/colorUsage.ts
apps/web-demo/src/constants/size.ts
apps/web-demo/src/constants/runtime.ts
apps/web-demo/src/constants/sizeScale.ts
apps/web-demo/src/constants/enums.spec.ts
apps/web-demo/src/constants/business.ts
apps/web-demo/src/assets/styles/theme/data-region-transitions.scss
apps/web-demo/src/constants/enums/orderStatus.ts
apps/web-demo/src/constants/enums/taskBoard.ts
apps/web-demo/src/constants/enums/index.ts
apps/web-demo/src/constants/enums/gender.ts
apps/web-demo/src/constants/enums/transactionLedger.ts
apps/web-demo/src/constants/enums/employee.ts
apps/web-demo/src/constants/enums/product.ts
apps/web-demo/src/constants/enums/userAccountStatus.ts
apps/web-demo/src/constants/enums/dashboardAlert.ts
apps/web-demo/src/constants/http.ts
apps/web-demo/src/constants/locale.ts
apps/web-demo/src/constants/router.ts
apps/web-demo/src/constants/size.spec.ts
apps/web-demo/src/constants/brand.ts
apps/web-demo/src/constants/breakpoints.ts
apps/web-demo/src/constants/validation.ts
apps/web-demo/src/constants/mock.ts
apps/web-demo/src/assets/styles/theme/modes/circle.scss
apps/web-demo/src/assets/styles/theme/modes/glitch.scss
apps/web-demo/src/assets/styles/theme/modes/diamond.scss
apps/web-demo/src/assets/styles/theme/modes/fade.scss
apps/web-demo/src/assets/styles/theme/modes/implosion.scss
apps/web-demo/src/assets/styles/theme/modes/curtain.scss
apps/web-demo/src/assets/styles/theme/transitions.scss
apps/web-demo/src/assets/styles/custom-nprogress.scss
apps/web-demo/src/assets/styles/ambient-orb-animations.scss
apps/web-demo/src/assets/styles/interaction.scss
apps/web-demo/src/assets/styles/reset.scss
apps/web-demo/src/assets/styles/custom-primevue.scss
apps/web-demo/src/assets/images/face.png
apps/web-demo/src/assets/images/default-avatar.png
apps/web-demo/src/plugins/modules/primevue.spec.ts
apps/web-demo/src/plugins/modules/protable.ts
apps/web-demo/src/plugins/modules/proform.ts
apps/web-demo/src/plugins/modules/stores.ts
apps/web-demo/src/plugins/modules/errorHandler.spec.ts
apps/web-demo/src/plugins/modules/locales.ts
apps/web-demo/src/plugins/modules/router.ts
apps/web-demo/src/plugins/modules/errorHandler.ts
apps/web-demo/src/plugins/modules/primevue.ts
apps/web-demo/src/plugins/modules/date.ts
apps/web-demo/src/plugins/modules/authBridge.ts
apps/web-demo/src/plugins/modules/scrollbar.ts
apps/web-demo/src/plugins/setupPlugins.spec.ts
apps/web-demo/src/plugins/index.ts
apps/web-demo/src/main.ts
apps/web-demo/src/locales/index.ts
apps/web-demo/src/locales/primevue-en-US.ts
apps/web-demo/src/locales/lang/en-US.ts
apps/web-demo/src/views/login/components/LoginShell.vue
apps/web-demo/src/views/login/components/HeaderActions.vue
apps/web-demo/src/views/login/components/BrandPanel.vue
apps/web-demo/src/views/login/components/LoginForm.vue
apps/web-demo/src/views/login/types.ts
apps/web-demo/src/locales/lang/utils/mergeLocale.ts
apps/web-demo/src/views/login/composables/useLoginSubmit.ts
apps/web-demo/src/views/login/index.vue
apps/web-demo/src/locales/lang/example/en-US.ts
apps/web-demo/src/locales/lang/example/zh-CN.ts
apps/web-demo/src/locales/lang/zh-CN.ts
apps/web-demo/src/views/dashboard/page.state.ts
apps/web-demo/src/locales/lang/core/en-US.ts
apps/web-demo/src/locales/lang/core/zh-CN.ts
apps/web-demo/src/locales/primevue-zh-CN.ts
apps/web-demo/src/locales/primevue-locales.ts
apps/web-demo/src/views/dashboard/configs/alerts.ts
apps/web-demo/src/views/dashboard/configs/quickAction.ts
apps/web-demo/src/views/dashboard/hooks/useChartOptions.ts
apps/web-demo/src/views/dashboard/index.vue
apps/web-demo/src/types/auto-imports.d.ts
apps/web-demo/src/types/modules/vue.d.ts
apps/web-demo/src/types/modules/router.d.ts
apps/web-demo/src/types/modules/utils.d.ts
apps/web-demo/src/types/systems/size.d.ts
apps/web-demo/src/types/systems/layout.d.ts
apps/web-demo/src/types/systems/preferences.ts
apps/web-demo/src/types/systems/device.d.ts
apps/web-demo/src/types/systems/theme.d.ts
apps/web-demo/src/types/index.d.ts
apps/web-demo/src/types/index.ts
apps/web-demo/src/types/components.d.ts
apps/web-demo/src/types/vue-custom.d.ts
apps/web-demo/src/types/vue-data-attributes.d.ts
apps/web-demo/src/types/api.ts
apps/web-demo/src/types/env.d.ts
apps/web-demo/src/types/design-state.ts
apps/web-demo/src/types/testing.d.ts
apps/web-demo/src/views/example/hooks/use-theme-switch.vue
apps/web-demo/src/views/example/hooks/layout-menu-visuals.vue
apps/web-demo/src/views/example/hooks/use-app-element-size.vue
apps/web-demo/src/views/example/hooks/layout-page-title.vue
apps/web-demo/src/views/example/hooks/use-date-utils.vue
apps/web-demo/src/views/example/hooks/layout-breadcrumbs.vue
apps/web-demo/src/views/example/hooks/layout-loading.vue
apps/web-demo/src/views/example/hooks/use-locale.vue
apps/web-demo/src/views/example/hooks/use-auto-mitt.vue
apps/web-demo/src/views/example/hooks/use-chart-theme.vue
apps/web-demo/src/views/example/hooks/use-auth.vue
apps/web-demo/src/views/example/hooks/layout-nprogress.vue
apps/web-demo/src/views/example/hooks/layout-admin-tabs.vue
apps/web-demo/src/views/example/hooks/use-http-request.vue
apps/web-demo/src/views/example/hooks/use-pro-table.vue
apps/web-demo/src/views/example/hooks/use-permission-routes.vue
apps/web-demo/src/types/dto/system.dto.ts
apps/web-demo/src/types/dto/auth.dto.ts
apps/web-demo/src/views/example/architecture/permission/permission-auths.vue
apps/web-demo/src/views/example/architecture/permission/permission-roles.vue
apps/web-demo/src/infra/router/routeProvider.spec.ts
apps/web-demo/src/infra/router/routeProvider.ts
apps/web-demo/src/views/example/architecture/adapters/echarts-adapter.vue
apps/web-demo/src/views/example/architecture/adapters/http-adapter.vue
apps/web-demo/src/directives/swipe.ts
apps/web-demo/src/directives/auth.ts
apps/web-demo/src/directives/tap.spec.ts
apps/web-demo/src/directives/index.ts
apps/web-demo/src/directives/swipe.spec.ts
apps/web-demo/src/directives/tap.ts
apps/web-demo/src/directives/longPress.spec.ts
apps/web-demo/src/directives/auth.spec.ts
apps/web-demo/src/directives/longPress.ts
apps/web-demo/vite.config.ts
apps/web-demo/src/views/example/architecture/stores/permission.vue
apps/web-demo/src/views/example/architecture/stores/locale.vue
apps/web-demo/src/views/example/architecture/stores/layout.vue
apps/web-demo/src/views/example/architecture/stores/table-drawer.vue
apps/web-demo/src/views/example/architecture/stores/device.vue
apps/web-demo/src/views/example/architecture/stores/theme.vue
apps/web-demo/src/views/example/architecture/stores/user.vue
apps/web-demo/src/views/example/architecture/stores/size.vue
apps/web-demo/build/performance.ts
apps/web-demo/build/info.ts
apps/web-demo/tsconfig.json
apps/web-demo/build/compress.ts
apps/web-demo/build/utils.ts
apps/web-demo/build/optimize.ts
apps/web-demo/src/views/example/architecture/router-meta/transition.vue
apps/web-demo/src/views/example/architecture/router-meta/reuse-window.vue
apps/web-demo/src/views/example/architecture/router-meta/ratio-layout.vue
apps/web-demo/build/plugins.ts
apps/web-demo/src/views/example/architecture/router-meta/hide-breadcrumb.vue
apps/web-demo/build/html.ts
apps/web-demo/src/views/example/architecture/router-meta/external-link.vue
apps/web-demo/src/views/example/architecture/router-meta/router-meta-index.vue
apps/web-demo/src/views/example/architecture/router-meta/hidden-tag.vue
apps/web-demo/src/views/example/architecture/router-meta/keep-alive.vue
apps/web-demo/src/views/example/architecture/system-states/index.vue
apps/web-demo/build/resolvers/primevue.ts
apps/web-demo/src/views/example/architecture/infra/token-provider.vue
apps/web-demo/src/views/example/architecture/infra/route-provider.vue
apps/web-demo/src/layouts/index.vue
apps/web-demo/src/infra/auth/tokenProvider.spec.ts
apps/web-demo/src/infra/auth/tokenProvider.ts
apps/web-demo/src/App.vue
apps/web-demo/src/api/system/system.api.ts
apps/web-demo/src/api/system/preferences.api.ts
apps/web-demo/src/api/README.md
apps/web-demo/src/utils/guards.ts
apps/web-demo/src/sync/registry.ts
apps/web-demo/src/sync/syncAction.ts
apps/web-demo/src/sync/runtime.ts
apps/web-demo/src/sync/syncAction.spec.ts
apps/web-demo/src/sync/setup.ts
apps/web-demo/src/sync/socket.ts
apps/web-demo/src/views/example/components/animate-wrapper/index.vue
apps/web-demo/src/layouts/modules/LayoutAdmin.spec.ts
apps/web-demo/src/layouts/modules/LayoutRatio.vue
apps/web-demo/src/layouts/modules/LayoutAdmin.tsx
apps/web-demo/src/layouts/modules/LayoutFullScreen.vue
apps/web-demo/src/api/example/users.ts
apps/web-demo/src/api/example/todos.ts
apps/web-demo/src/api/example/httpAdvanced.ts
apps/web-demo/src/api/example/users.spec.ts
apps/web-demo/src/utils/safeStorage/piniaSerializer.ts
apps/web-demo/src/utils/safeStorage/safeStorage.ts
apps/web-demo/src/utils/safeStorage/index.ts
apps/web-demo/src/utils/safeStorage/storageMaintenance.ts
apps/web-demo/src/utils/safeStorage/lzstring.ts
apps/web-demo/src/utils/safeStorage/core.ts
apps/web-demo/src/utils/safeStorage/crypto.ts
apps/web-demo/src/utils/safeStorage/piniaSerializer.spec.ts
apps/web-demo/src/utils/mitt.ts
apps/web-demo/src/sync/systemPreferences/localPersist.ts
apps/web-demo/src/sync/systemPreferences/guards.ts
apps/web-demo/src/sync/systemPreferences/register.ts
apps/web-demo/src/sync/systemPreferences/index.ts
apps/web-demo/src/sync/systemPreferences/runtime.ts
apps/web-demo/src/sync/systemPreferences/model.ts
apps/web-demo/src/sync/systemPreferences/middleware.spec.ts
apps/web-demo/src/sync/systemPreferences/model.spec.ts
apps/web-demo/src/sync/systemPreferences/socket.ts
apps/web-demo/src/sync/systemPreferences/middleware.ts
apps/web-demo/src/sync/systemPreferences/state.ts
apps/web-demo/src/sync/middleware.ts
apps/web-demo/src/adapters/http.adapter.ts
apps/web-demo/src/adapters/http.adapter.spec.ts
apps/web-demo/src/api/auth/auth.api.ts
apps/web-demo/src/views/notfound/500.vue
apps/web-demo/src/views/notfound/404.vue
apps/web-demo/src/views/notfound/403.vue
apps/web-demo/src/views/example/system-configuration/size.vue
apps/web-demo/src/views/example/common/types.vue
apps/web-demo/src/views/example/common/constants.vue
apps/web-demo/src/views/example/common/enums.vue
apps/web-demo/src/views/example/components/icons/configs/iconLists.generated.ts
apps/web-demo/src/utils/http/instance.ts
apps/web-demo/src/utils/http/requestLayer.spec.ts
apps/web-demo/src/utils/http/validation.spec.ts
apps/web-demo/src/utils/http/index.ts
apps/web-demo/src/utils/http/methods.ts
apps/web-demo/src/utils/http/interceptors.ts
apps/web-demo/src/utils/http/uploadManager.ts
apps/web-demo/src/utils/http/types.ts
apps/web-demo/src/layouts/runtime/layoutRuntime.spec.ts
apps/web-demo/src/layouts/runtime/layoutRuntime.ts
apps/web-demo/src/layouts/components/AmbientBackground.vue
apps/web-demo/src/layouts/components/AsyncErrorFallback.vue
apps/web-demo/src/layouts/components/ContextMenuProvider.vue
apps/web-demo/src/layouts/components/ParentView.vue
apps/web-demo/src/layouts/components/AppPrimeVueGlobals.vue
apps/web-demo/src/layouts/components/ToastMessageContent.vue
apps/web-demo/src/adapters/charts/UseEcharts.vue
apps/web-demo/src/adapters/logger.adapter.ts
apps/web-demo/src/layouts/components/LoadingLottie.vue
apps/web-demo/src/layouts/components/Loading.vue
apps/web-demo/src/layouts/components/LoadingFallback.vue
apps/web-demo/src/layouts/components/AnimateRouterView.vue
apps/web-demo/src/views/example/utils/ids.vue
apps/web-demo/src/views/example/utils/type-casters.vue
apps/web-demo/src/views/example/utils/safe-storage.vue
apps/web-demo/src/views/example/utils/lodash.vue
apps/web-demo/src/views/example/utils/http-advanced.vue
apps/web-demo/src/views/example/utils/device-sync.vue
apps/web-demo/src/views/example/utils/color-utils.vue
apps/web-demo/src/views/example/utils/strings-format.vue
apps/web-demo/src/hooks/modules/useAuth.spec.ts
apps/web-demo/src/hooks/modules/useThemeSwitch.ts
apps/web-demo/src/hooks/modules/useProTableUrlSync.spec.ts
apps/web-demo/src/hooks/modules/useSystemPreferencesSync.ts
apps/web-demo/src/hooks/modules/useHttpRequest.ts
apps/web-demo/src/hooks/modules/useDialog.tsx
apps/web-demo/src/hooks/modules/useRecordOverlay.tsx
apps/web-demo/src/hooks/modules/useAuth.ts
apps/web-demo/src/hooks/modules/useThemeSwitch.spec.ts
apps/web-demo/src/hooks/modules/useDateUtils.ts
apps/web-demo/src/hooks/modules/useLocale.ts
apps/web-demo/src/hooks/modules/useAutoMitt.ts
apps/web-demo/src/hooks/modules/useHttpRequest.spec.ts
apps/web-demo/src/hooks/modules/useDialog.spec.ts
apps/web-demo/src/hooks/modules/useProTableUrlSync.ts
apps/web-demo/src/hooks/modules/usePermissionRoutes.ts
apps/web-demo/src/hooks/modules/useAutoMitt.spec.ts
apps/web-demo/src/utils/http/policies/httpPolicies.spec.ts
apps/web-demo/src/utils/http/policies/responseDecodePolicy.ts
apps/web-demo/src/utils/http/policies/schemaValidationPolicy.ts
apps/web-demo/src/utils/http/policies/notificationPolicy.ts
apps/web-demo/src/utils/http/policies/errorMappingPolicy.ts
apps/web-demo/src/utils/http/policies/authRefreshPolicy.ts
apps/web-demo/src/utils/http/connection.ts
apps/web-demo/src/utils/http/errors.ts
apps/web-demo/src/utils/http/interceptors.spec.ts
apps/web-demo/src/utils/http/validation.ts
apps/web-demo/src/utils/runtime/e2e.ts
apps/web-demo/src/views/example/components/empty-state/index.vue
apps/web-demo/src/layouts/components/BaseLottieLoader/index.ts
apps/web-demo/src/layouts/components/BaseLottieLoader/BaseLottieLoader.vue
apps/web-demo/src/layouts/components/BaseLottieLoader/loadingCircle.json
apps/web-demo/src/layouts/components/AppContainer.vue
apps/web-demo/src/layouts/components/GlobalSetting/useGlobalSettingsDialog.tsx
apps/web-demo/src/layouts/components/GlobalSetting/SettingsContent.vue
apps/web-demo/src/layouts/components/GlobalSetting/index.vue
apps/web-demo/src/hooks/layout/useAdminTabs.ts
apps/web-demo/src/hooks/layout/useAdminBreadcrumbs.ts
apps/web-demo/src/views/example/components/use-echarts/index.vue
apps/web-demo/src/views/example/system-configuration/unocss.vue
apps/web-demo/src/views/example/system-configuration/layout.vue
apps/web-demo/src/views/example/system-configuration/theme.vue
apps/web-demo/src/views/example/system-configuration/breakpoints.vue
apps/web-demo/src/utils/theme/patch.ts
apps/web-demo/src/utils/theme/metrics.ts
apps/web-demo/src/utils/theme/colors.spec.ts
apps/web-demo/src/utils/theme/color.ts
apps/web-demo/src/utils/theme/metadata.ts
apps/web-demo/src/utils/theme/compiler.ts
apps/web-demo/src/utils/theme/fingerprint.ts
apps/web-demo/src/utils/theme/graph.ts
apps/web-demo/src/utils/theme/derive.ts
apps/web-demo/src/utils/theme/lottieThemeUtils.ts
apps/web-demo/src/utils/theme/cache.ts
apps/web-demo/src/utils/theme/observability.ts
apps/web-demo/src/utils/theme/tokens.ts
apps/web-demo/src/utils/theme/sizeEngine.spec.ts
apps/web-demo/src/utils/theme/sizeEngine.ts
apps/web-demo/src/utils/theme/mode.ts
apps/web-demo/src/utils/theme/inspect.ts
apps/web-demo/src/utils/theme/validate.ts
apps/web-demo/src/utils/theme/engine.ts
apps/web-demo/src/utils/theme/transitions.ts
apps/web-demo/src/utils/theme/resolver.ts
apps/web-demo/src/utils/theme/engine.spec.ts
apps/web-demo/src/utils/theme/validate.spec.ts
apps/web-demo/src/utils/theme/diff.ts
apps/web-demo/src/utils/theme/colors.ts
apps/web-demo/src/hooks/layout/useLoading.ts
apps/web-demo/src/hooks/layout/useAdminTabs.spec.ts
apps/web-demo/src/hooks/layout/usePageTitle.ts
apps/web-demo/src/hooks/layout/useNprogress.ts
apps/web-demo/src/hooks/layout/useLayoutRuntime.ts
apps/web-demo/src/hooks/layout/useMenuVisuals.ts
apps/web-demo/src/hooks/layout/useLoading.spec.ts
apps/web-demo/src/hooks/layout/usePageTitle.spec.ts
apps/web-demo/src/hooks/layout/useMenuRenderer.tsx
apps/web-demo/src/views/example/components/c-scrollbar/index.vue
apps/web-demo/src/utils/date/index.ts
apps/web-demo/src/utils/date/constants.ts
apps/web-demo/src/utils/date/types.ts
apps/web-demo/src/utils/date/dateUtils.ts
apps/web-demo/src/utils/date/timezone.ts
apps/web-demo/src/utils/deviceSync.ts
apps/web-demo/src/views/example/components/use-echarts/configs/advancedChartConfig.ts
apps/web-demo/src/views/example/components/icons/index.vue
apps/web-demo/src/views/example/components/use-echarts/configs/connectChartConfig.ts
apps/web-demo/src/views/example/components/use-echarts/configs/eventsRefConfig.ts
apps/web-demo/src/views/example/components/use-echarts/configs/customThemeConfig.ts
apps/web-demo/src/views/example/components/use-echarts/configs/dynamicChartConfig.ts
apps/web-demo/src/views/example/components/use-echarts/configs/basicChartConfig.ts
apps/web-demo/src/layouts/components/User/index.vue
apps/web-demo/src/views/example/components/primevue-collection/toast/index.vue
apps/web-demo/src/views/example/components/icons/components/IconControls.vue
apps/web-demo/src/views/example/components/use-echarts/components/GlobalControls.vue
apps/web-demo/src/views/example/components/use-echarts/components/ChartDemoCard.vue
apps/web-demo/src/views/example/architecture/directives/auth.vue
apps/web-demo/src/layouts/components/admin/AdminSidebar.tsx
apps/web-demo/src/layouts/components/admin/AdminMenuPopup.tsx
apps/web-demo/src/layouts/components/admin/adminSidebarMenu.shared.ts
apps/web-demo/src/layouts/components/admin/AdminTabsBar.tsx
apps/web-demo/src/layouts/components/admin/AdminFooterBar.tsx
apps/web-demo/src/layouts/components/admin/AdminSidebarLogo.tsx
apps/web-demo/src/layouts/components/admin/AdminSidebarMenu.tsx
apps/web-demo/src/layouts/components/admin/AdminSidebarMenuCollapsed.tsx
apps/web-demo/src/layouts/components/admin/AdminHeader.vue
apps/web-demo/src/layouts/components/admin/AdminSidebarMenuInline.tsx
apps/web-demo/src/layouts/components/admin/adminSidebarMenu.shared.spec.ts
apps/web-demo/src/layouts/components/admin/AdminBreadcrumbBar.vue
apps/web-demo/src/views/example/components/primevue-collection/prime-dialog/index.vue
apps/web-demo/src/views/example/components/primevue-collection/overview/composables/usePrimeVueScrollSpy.ts
apps/web-demo/src/views/example/components/primevue-collection/overview/index.vue
apps/web-demo/src/views/example/components/primevue-collection/pro-form/validation/index.vue
apps/web-demo/src/views/example/components/primevue-collection/pro-table/infinite/columns.tsx
apps/web-demo/src/views/example/components/primevue-collection/pro-table/infinite/index.vue
apps/web-demo/src/views/example/components/primevue-collection/pro-form/api-events/index.vue
apps/web-demo/src/views/example/components/primevue-collection/pro-table/shared/apiExecutor.ts
apps/web-demo/src/views/example/components/primevue-collection/pro-table/columns/columns.tsx
apps/web-demo/src/views/example/components/primevue-collection/pro-table/columns/index.vue
apps/web-demo/src/views/example/components/primevue-collection/pro-form/basic/index.vue
apps/web-demo/src/views/example/components/primevue-collection/pro-table/server/columns.tsx
apps/web-demo/src/views/example/components/primevue-collection/pro-table/server/index.vue
apps/web-demo/src/views/example/components/primevue-collection/pro-form/reactions/index.vue
apps/web-demo/src/views/example/components/primevue-collection/pro-table/form-table-combo/components/SearchPanel.vue
apps/web-demo/src/views/example/components/primevue-collection/pro-table/form-table-combo/components/TablePanel.vue
apps/web-demo/src/views/example/components/primevue-collection/pro-table/form-table-combo/config.tsx
apps/web-demo/src/views/example/components/primevue-collection/pro-table/form-table-combo/index.vue
apps/web-demo/src/views/example/components/primevue-collection/pro-table/basic/columns.tsx
apps/web-demo/src/views/example/components/primevue-collection/pro-table/basic/index.vue
apps/web-demo/src/views/example/components/primevue-collection/pro-form/dag/index.vue
apps/web-demo/src/views/example/components/primevue-collection/pro-table/api-events/columns.tsx
apps/web-demo/src/views/example/components/primevue-collection/pro-table/api-events/index.vue
apps/web-demo/src/views/example/components/primevue-collection/pro-table/virtual/columns.tsx
apps/web-demo/src/views/example/components/primevue-collection/pro-table/virtual/index.vue
apps/web-demo/src/views/example/components/primevue-collection/pro-table/advanced/configs/columns.tsx
apps/web-demo/src/views/example/components/primevue-collection/pro-table/advanced/index.vue
apps/web-demo/src/views/example/components/primevue-collection/pro-form/plugins/components/ColorPickerFieldAdapter.tsx
apps/web-demo/src/views/example/components/primevue-collection/pro-form/plugins/components/ColorPickerField.tsx
apps/web-demo/src/views/example/components/primevue-collection/pro-form/plugins/components/MyColorCustomInput.tsx
apps/web-demo/src/views/example/components/primevue-collection/pro-form/plugins/index.vue
apps/web-demo/src/views/example/components/primevue-collection/pro-form/playground/index.vue
apps/web-demo/src/views/example/components/primevue-collection/pro-form/advanced/index.vue
apps/web-demo/src/views/example/components/primevue-collection/pro-form/group/index.vue
exit_code=0
