$ sed package manifests and package indexes
{
  "name": "@ccd/web-demo",
  "version": "1.0.38",
  "private": true,
  "type": "module",
  "scripts": {
    "prebuild": "pnpm --workspace-root build:shared-config",
    "dev": "vite --host 127.0.0.1",
    "build": "vue-tsc -p tsconfig.json --noEmit && vite build",
    "preview": "vite preview",
    "type-check": "vue-tsc -p tsconfig.json --noEmit",
    "typecheck": "pnpm type-check",
    "test": "vitest run --passWithNoTests"
  },
  "dependencies": {
    "@ccd/contracts": "workspace:*",
    "@ccd/core": "workspace:*",
    "@ccd/shared-utils": "workspace:*",
    "@ccd/vue-app-platform": "workspace:*",
    "@ccd/vue-hooks": "workspace:*",
    "@primeuix/themes": "^2.0.3",
    "@primevue/core": "^4.5.4",
    "@primevue/forms": "^4.5.4",
    "@primevue/icons": "^4.5.4",
    "@tanstack/vue-virtual": "^3.13.23",
    "@vueuse/core": "^13.9.0",
    "alova": "^3.3.3",
    "crypto-es": "^3.1.2",
    "dayjs": "^1.11.13",
    "echarts": "^6.0.0",
    "gsap": "^3.14.2",
    "lodash-es": "^4.17.21",
    "lz-string": "^1.5.0",
    "mitt": "^3.0.1",
    "overlayscrollbars": "^2.14.0",
    "overlayscrollbars-vue": "^0.5.9",
    "pinia": "^3.0.3",
    "pinia-plugin-persistedstate": "^4.7.1",
    "primevue": "^4.5.4",
    "uuid": "^13.0.0",
    "vue": "^3.5.12",
    "vue-echarts": "^8.0.0",
    "vue-i18n": "^10.0.8",
    "vue-router": "^4.4.5",
    "vue3-lottie": "^3.3.1",
    "zod": "^4.3.6",
    "@ccd/design-tokens": "workspace:*",
    "@ccd/unocss-preset": "workspace:*",
    "@ccd/vue-ui": "workspace:*",
    "@ccd/vue-primevue-adapter": "workspace:*",
    "@ccd/vue-charts": "workspace:*"
  },
  "devDependencies": {
    "@types/node": "^24.12.4",
    "@vitejs/plugin-vue": "^6.0.3",
    "@vitejs/plugin-vue-jsx": "^5.1.3",
    "typescript": "^5.8.3",
    "vite": "^7.3.3",
    "vue-tsc": "^2.2.10",
    "unocss": "^66.6.0",
    "vite-plugin-compression": "^0.5.1",
    "vite-plugin-progress": "^0.0.7",
    "unplugin-auto-import": "^20.0.0",
    "unplugin-vue-components": "^28.8.0",
    "@primevue/auto-import-resolver": "^4.5.4",
    "postcss-pxtorem": "^6.1.0",
    "rollup-plugin-visualizer": "^6.0.3",
    "sass": "^1.97.3"
  }
}
{
  "name": "@ccd/desktop",
  "version": "1.0.38",
  "private": true,
  "type": "module",
  "scripts": {
    "prebuild": "pnpm --workspace-root build:shared-config",
    "dev": "vite --host 127.0.0.1",
    "build": "vue-tsc -p tsconfig.json --noEmit && vite build",
    "preview": "vite preview",
    "type-check": "vue-tsc -p tsconfig.json --noEmit",
    "tauri": "tauri",
    "typecheck": "pnpm type-check",
    "test": "vitest run --passWithNoTests"
  },
  "dependencies": {
    "@ccd/contracts": "workspace:*",
    "@ccd/core": "workspace:*",
    "@ccd/design-tokens": "workspace:*",
    "@ccd/shared-utils": "workspace:*",
    "@ccd/unocss-preset": "workspace:*",
    "@ccd/vue-app-platform": "workspace:*",
    "@ccd/vue-hooks": "workspace:*",
    "@ccd/vue-primevue-adapter": "workspace:*",
    "@ccd/vue-ui": "workspace:*",
    "@primeuix/themes": "^2.0.3",
    "@primevue/core": "^4.5.4",
    "@tauri-apps/api": "^2.9.1",
    "primevue": "^4.5.4",
    "typescript": "^5.8.3",
    "vite": "^7.3.3",
    "vue": "^3.5.12",
    "vue-router": "^4.4.5",
    "vue-tsc": "^2.2.10"
  },
  "devDependencies": {
    "@types/node": "^24.12.4",
    "@vitejs/plugin-vue": "^6.0.3",
    "unocss": "^66.6.0",
    "@tauri-apps/cli": "^2.9.1"
  }
}
export { deepClone, deepEqual, deepMerge, objectGet, debounceFn, throttleFn } from './lodashes.js'
export { generateIdFromKey, generateUniqueId } from './ids.js'
export { formatSerialId } from './idGenerator.js'
export { toKebabCase } from './strings.js'
export { castArray, castRecord, castValue } from './typeCasters.js'
export { applyUniqueRoot, areExpandedKeyRecordsEqual, isRecord, toRecord } from './recordGuards.js'
export { fnv1a, stableSerializeRecord } from './stableFingerprint.js'
export {
  parseJsonStorageValue,
  stringifyJsonStorageValue,
  type JsonStorageParseResult,
  type JsonStorageStringifyResult,
} from './storageCodec.js'
export {
  createCapabilityBridge,
  type CapabilityBridge,
  type CapabilityBridgeOptions,
} from './createCapabilityBridge.js'
import type {
  CompleteThemePreset,
  SizeMode,
  SizePreset,
  SizeScaleKey,
  ThemePreset,
  ThemeTransitionDuration,
} from './types'

export type {
  ColorTokenState,
  CompleteColorTokenState,
  CompleteThemeModeConfig,
  CompleteThemePreset,
  FontSizeCssVarName,
  RadiusCssVarName,
  SizeCssVarName,
  SizeCssVars,
  SizeMode,
  SizePreset,
  SizeScaleKey,
  SpacingCssVarName,
  StaticSizeCssVarName,
  ThemeCssVars,
  ThemeMode,
  ThemeModeConfig,
  ThemePreset,
  ThemeTransitionDuration,
  ThemeTransitionMode,
  TransitionCssVarName,
} from './types'

export {
  createSortedBreakpoints,
  resolveBreakpointFromWidth,
  resolveDeviceTypeFromInputs,
  resolveOrientationFromViewport,
  resolveOsTypeFromUserAgent,
  resolveViewportMetrics,
  SORTED_BREAKPOINTS,
} from './deviceResolver.js'
export type {
  BreakpointResolverSource,
  BreakpointThresholdMap,
  DeviceResolverDeviceType,
  DeviceResolverOrientation,
  DeviceResolverOsType,
  DeviceTypeResolverInput,
  SortedBreakpointEntry,
  ViewportMetrics,
  ViewportMetricsInput,
} from './deviceResolver.js'

export {
  SIZE_FONT_VAR_PREFIX,
  decideLayoutDimensions,
  decideRootFontSize,
  deriveRuntimeFontSizeVars,
  generateSizeVars,
  getScopedContentSizeVars,
  resolveSizePreset,
} from './sizeResolver.js'
export type {
  RootFontSizeContext,
  RootFontSizeDecision,
  SizeResolverDeviceType,
} from './sizeResolver.js'

/**
 * 尺寸阶梯键名定义 (xs -> 5xl)
 * 保持与 Breakpoints 命名一致，降低心智负担
 */
export const SIZE_SCALE_KEYS = ['xs', 'sm', 'md', 'lg', 'xl', '2xl', '3xl', '4xl', '5xl'] as const
export interface SizeScaleMatrixEntry {
  key: SizeScaleKey
  fontRatio: number
  spacingRatio: number
  radiusRatio: number
  layoutRatio: number
  loadingSizeCss: number | string
  transitionMs: number
}

/**
 * 尺寸阶梯矩阵 SSOT。
 * - fontRatio：相对于 --font-size-base
 * - spacingRatio：相对于 --spacing-unit
 * - radiusRatio：相对于 SizePreset.radius
 * - layoutRatio：PC 断点布局缩放，Mobile/Tablet 固定 1
 * - loadingSizeCss：Loading 动画正方形边长
 * - transitionMs：过渡时长阶梯
 */
export const SIZE_SCALE_MATRIX: readonly SizeScaleMatrixEntry[] = [
  {
    key: 'xs',
    fontRatio: 0.82,
    spacingRatio: 1,
    radiusRatio: 0.25,
    layoutRatio: 0.95,
    loadingSizeCss: 'min(12vw, 12vh)',
    transitionMs: 180,
  },
  {
    key: 'sm',
    fontRatio: 0.96,
    spacingRatio: 2,
    radiusRatio: 0.5,
    layoutRatio: 0.98,
    loadingSizeCss: 'min(20vw, 20vh)',
    transitionMs: 280,
  },
  {
    key: 'md',
    fontRatio: 1,
    spacingRatio: 4,
    radiusRatio: 1,
    layoutRatio: 1,
    loadingSizeCss: 'min(32vw, 32vh)',
    transitionMs: 320,
  },
  {
    key: 'lg',
    fontRatio: 1.125,
    spacingRatio: 6,
    radiusRatio: 1.5,
    layoutRatio: 1,
    loadingSizeCss: 'min(42vw, 42vh)',
    transitionMs: 420,
  },
  {
    key: 'xl',
    fontRatio: 1.2,
    spacingRatio: 8,
    radiusRatio: 2,
    layoutRatio: 1.05,
    loadingSizeCss: 'min(60vw, 60vh)',
    transitionMs: 480,
  },
  {
    key: '2xl',
    fontRatio: 1.5,
    spacingRatio: 12,
    radiusRatio: 2.5,
    layoutRatio: 1.1,
    loadingSizeCss: 'min(78vw, 78vh)',
    transitionMs: 580,
  },
  {
    key: '3xl',
    fontRatio: 1.875,
    spacingRatio: 16,
    radiusRatio: 3,
    layoutRatio: 1.15,
    loadingSizeCss: 'min(82vw, 82vh)',
    transitionMs: 680,
  },
  {
    key: '4xl',
    fontRatio: 2.25,
    spacingRatio: 24,
    radiusRatio: 3.5,
    layoutRatio: 1.2,
    loadingSizeCss: 'min(90vw, 90vh)',
    transitionMs: 780,
  },
  {
    key: '5xl',
    fontRatio: 3,
    spacingRatio: 32,
    radiusRatio: 999,
    layoutRatio: 1.25,
    loadingSizeCss: 'min(100vw, 100vh)',
    transitionMs: 880,
  },
]

function deriveSizeScaleRecord<K extends Exclude<keyof SizeScaleMatrixEntry, 'key'>>(
  field: K
): Record<SizeScaleKey, SizeScaleMatrixEntry[K]> {
  return SIZE_SCALE_MATRIX.reduce(
    (acc, entry) => ({
      ...acc,
      [entry.key]: entry[field],
    }),
    {} as Record<SizeScaleKey, SizeScaleMatrixEntry[K]>
  )
}

/**
 * @deprecated Prefer SIZE_SCALE_MATRIX as the SSOT.
 */
export const FONT_SCALE_RATIOS = deriveSizeScaleRecord('fontRatio')

/**
 * @deprecated Prefer SIZE_SCALE_MATRIX as the SSOT.
 */
export const SPACING_SCALE_RATIOS = deriveSizeScaleRecord('spacingRatio')

/**
 * @deprecated Prefer SIZE_SCALE_MATRIX as the SSOT.
 */
export const RADIUS_SCALE_RATIOS = deriveSizeScaleRecord('radiusRatio')

/**
 * @deprecated Prefer SIZE_SCALE_MATRIX as the SSOT.
 */
export const LAYOUT_SCALE_RATIOS = deriveSizeScaleRecord('layoutRatio')

/**
 * @deprecated Prefer SIZE_SCALE_MATRIX as the SSOT.
 */
export const LOADING_SIZE_CSS = deriveSizeScaleRecord('loadingSizeCss')

/**
 * @deprecated Prefer SIZE_SCALE_MATRIX as the SSOT.
 */
export const TRANSITION_SCALE_MS = deriveSizeScaleRecord('transitionMs')

/* eslint-disable @typescript-eslint/naming-convention */

export { useAppElementSize } from './useAppElementSize.js'
export type { UseAppElementSizeReturn, UseElementSizeOptions } from './useAppElementSize.js'
export { createAutoMittHook } from './createAutoMittHook.js'
export {
  useDragAction,
  useInteraction,
  useLongPressAction,
  useSwipeAction,
  useTap,
} from './useInteraction/index.js'
export type {
  InteractionTarget,
  SwipeDirection,
  UseDragActionOptions,
  UseDragActionReturn,
  UseInteractionReturn,
  UseLongPressActionOptions,
  UseLongPressActionReturn,
  UseSwipeActionOptions,
  UseSwipeActionReturn,
  UseTapOptions,
  UseTapReturn,
} from './useInteraction/index.js'
export { installInteractionDirectives, vLongPress, vSwipe, vTap } from './directives/index.js'
export type { InteractionDirectiveInstallOptions } from './directives/index.js'
export { markAppBootstrapping, markAppReady, waitForStablePaint } from './bootstrap.js'
export {
  enforceLayoutModeVisibilityConstraints,
  enforceLayoutVisibilityParentRequirements,
  LAYOUT_MODE_HIDDEN_MODULES,
  LAYOUT_MODULE_DEPENDENCIES,
  LAYOUT_MODULE_PARENT_REQUIREMENTS,
  LAYOUT_MODULE_VISIBILITY_KEYS,
  isNarrowLayoutBreakpoint,
  LAYOUT_DRAWER_ROOT_STYLE,
  LAYOUT_DRAWER_SAFE_AREA_STYLE,
  LAYOUT_SAFE_AREA_INSETS,
  LAYOUT_SHELL_SAFE_AREA_STYLE,
  resolveLayoutDeviceFlags,
  resolveLayoutEffectiveMode,
  resolveLayoutModuleVisibilityChange,
  resolveLayoutRuntime,
  resolveLayoutUseDrawer,
  type AdminLayoutMode,
  type DeviceType,
  type LayoutModuleRestoreCache,
  type LayoutModuleVisibilityChangeInput,
  type LayoutModuleVisibilityChangeResult,
  type LayoutModuleVisibilityKey,
  type LayoutRuntimeDeviceFlags,
  type LayoutRuntimeDeviceInput,
  type LayoutRuntimeEffectiveModeInput,
  type LayoutRuntimeInput,
  type LayoutRuntimeSafeAreaInsets,
  type LayoutRuntimeState,
  type LayoutSidebarMode,
  type LayoutVisibilitySetting,
  type Orientation,
  type SidebarAnimationPhase,
  type SidebarState,
} from './layoutRuntime.js'
export { fadeOutNativePreloader, type FadeOutNativePreloaderOptions } from './preloader.js'
export {
  setupVitePreloadErrorRecovery,
  type VitePreloadErrorRecoveryOptions,
} from './preloadError.js'
export {
  applyThemeVars,
  type ApplyThemeVarsOptions,
  type ThemeRuntimeStorage,
  type ThemeRuntimeStorageKeys,
  type ThemeRuntimeTarget,
} from './themeRuntime.js'
import './types/vue-data-attributes'

export { default as AnimateWrapper } from './AnimateWrapper/AnimateWrapper.vue'
export type * from './AnimateWrapper/utils/types'

export { default as CScrollbar } from './CScrollbar/CScrollbar.vue'
export type * from './CScrollbar/utils/types'
export {
  DEFAULT_BACK_TO_TOP_OFFSET_PX,
  DEFAULT_BACK_TO_TOP_THRESHOLD,
  DEFAULT_SCROLLBAR_AUTO_HIDE_DELAY_MS,
  DEFAULT_SCROLLBAR_MEMORY_THROTTLE_MS,
  defaultScrollbarProps,
  resolveScrollbarAutoHide,
} from './CScrollbar/utils/constants'
export { scrollbarMemoryProviderKey } from './CScrollbar/utils/memory'

export { default as EmptyState } from './EmptyState/EmptyState.vue'
export type * from './EmptyState/types'

export { default as Icons } from './Icons/Icons.vue'
export * from './Icons/utils/helper'
export type * from './Icons/utils/types'

export {
  CcdButton,
  CcdDrawer,
  CcdInputText,
  CcdPanelMenu,
  CcdPopover,
  CcdSelect,
  CcdSelectButton,
  CcdTag,
  CcdTieredMenu,
  CcdToggleSwitch,
} from './CcdPrimeControls'

export { ProForm } from './ProForm'
export {
  configureProFormDraftStorage,
  DraftStorage,
  PRO_FORM_DATE_FORMATTER_KEY,
  ProFormPlugins,
  registerBuiltinFields,
  resetProFormDraftStorage,
  useField,
  useFieldArray,
  useForm,
  useFormContext,
} from './ProForm'
export type {
  FieldArrayItem,
  FieldArrayReturn,
  FieldReaction,
  FieldRegistryItem,
  FieldSchema,
  FieldState,
  FormContext,
  FormSchema,
  FormSchemaNode,
  FormState,
  ProFormDateFormatter,
  ProFormDraftStorageAdapter,
  ProFormExpose,
  ProFormPlugin,
  ProFormPluginContext,
  ProFormProps,
  ReactionAction,
  ReactionContext,
  SelectOption,
  UseFieldReturn,
  UseFormOptions,
  UseFormReturn,
  ValidationResolver,
  ValidationResult,
} from './ProForm'

export {
  PRO_TABLE_URL_SYNC_ADAPTER_KEY,
  ProTable,
  ProTableCrudFormModalBody,
  ProTableCrudViewModalBody,
  useProTable,
} from './ProTable'
export type {
  ColumnRenderParams,
  ColumnSettingsState,
  FetchState,
  FilterState,
  HeightMode,
  PaginationConfig,
  PaginationState,
  ProTableApiConfig,
  ProTableApiExecutor,
  ProTableApiExecutorContext,
  ProTableApiFn,
  ProTableApiMethod,
  ProTableApiQueryParams,
  ProTableColumn,
  ProTableExposed,
  ProTableLoadParams,
  ProTableProps,
  ProTableRequestResult,
  ProTableSearchParams,
  ProTableUrlSyncAdapter,
  ProTableUrlSyncOptions,
  ProTableValueEnum,
  ProTableValueEnumItem,
  RequestConfig,
  RequestFn,
  SearchPathResolver,
  SelectionState,
  SortState,
  StandardTableParams,
  TableState,
  UseProTableUrlSyncOptions,
  UseProTableUrlSyncReturn,
} from './ProTable'

export {
  PrimeDialog,
  PrimeDialogMessageContent,
  PRIME_DIALOG_RUNTIME_CONFIG_KEY,
  useDialogCore,
} from './PrimeDialog'
export type {
  ArgsType,
  ButtonProps,
  DialogOptions,
  DialogOptionsBase,
  DialogPosition,
  EventType,
  PrimeDialogRuntimeConfig,
} from './PrimeDialog'
import type { PrimeVueConfiguration } from '@primevue/core/config'
import type { App } from 'vue'
import PrimeVue from 'primevue/config'
import { createCustomPreset, type PrimeVueSizeSource } from './theme/primevuePreset'
import {
  formControlsPt,
  OVERLAY_GLASS_CLASS,
  OVERLAY_GLASS_COMPACT_CLASS,
} from './theme/ptPresets/formControlsPt'
import { menuPt } from './theme/ptPresets/menuPt'
import { buttonPt } from './theme/ptPresets/buttonPt'
import {
  DEFAULT_PRIMEVUE_TOAST_LIFE_MS,
  PrimeVueGlobalConfirmPopup,
  PrimeVueGlobalDynamicDialog,
  PrimeVueGlobalToast,
  PRIMEVUE_TOAST_GROUP_BY_POSITION,
  applyPrimeVueLocale,
  clearPrimeVueGlobalMessageApis,
  clearPrimeVueToastGroups,
  createPrimeVueGlobalMessageApis,
  createPrimeVueMessageApi,
  createPrimeVueToastApi,
  installPrimeVueServices,
  mountPrimeVueGlobalMessageApis,
  resolvePrimeVueLocale,
  usePrimeVueConfirmService,
  usePrimeVueRuntimeConfig,
  usePrimeVueToastService,
  type PrimeVueConfirmOptions,
  type PrimeVueConfirmService,
  type PrimeVueGlobalMessageApis,
  type PrimeVueGlobalMessageTarget,
  type PrimeVueMessageApi,
  type PrimeVueRuntimeConfig,
  type PrimeVueServiceInstallOptions,
  type PrimeVueToastApi,
  type PrimeVueToastMessageOptions,
  type PrimeVueToastPosition,
  type PrimeVueToastServiceLike,
  type PrimeVueToastSeverity,
} from './services.js'
import { primeVueTooltipDirective } from './directives.js'
import { PRIMEVUE_TOAST_FALLBACK_ICON, PRIMEVUE_TOAST_SEVERITY_ICONS } from './toastIcons.js'

export type { PrimeVueMenuItem, PrimeVueTieredMenuInstance } from './menuTypes.js'
export type { PrimeVuePopoverInstance } from './overlayTypes.js'
export {
  DEFAULT_PRIMEVUE_TOAST_LIFE_MS,
  PrimeVueGlobalConfirmPopup,
  PrimeVueGlobalDynamicDialog,
  PrimeVueGlobalToast,
  PRIMEVUE_TOAST_FALLBACK_ICON,
  PRIMEVUE_TOAST_GROUP_BY_POSITION,
  PRIMEVUE_TOAST_SEVERITY_ICONS,
  applyPrimeVueLocale,
  clearPrimeVueGlobalMessageApis,
  clearPrimeVueToastGroups,
  createCustomPreset,
  createPrimeVueGlobalMessageApis,
  createPrimeVueMessageApi,
  createPrimeVueToastApi,
  formControlsPt,
  installPrimeVueServices,
  menuPt,
  mountPrimeVueGlobalMessageApis,
  primeVueTooltipDirective,
  resolvePrimeVueLocale,
  usePrimeVueConfirmService,
  usePrimeVueRuntimeConfig,
  usePrimeVueToastService,
}
export type { PrimeVueSizeSource }
export type {
  PrimeVueConfirmOptions,
  PrimeVueConfirmService,
  PrimeVueGlobalMessageApis,
  PrimeVueGlobalMessageTarget,
  PrimeVueMessageApi,
  PrimeVueRuntimeConfig,
  PrimeVueServiceInstallOptions,
  PrimeVueToastApi,
  PrimeVueToastMessageOptions,
  PrimeVueToastPosition,
  PrimeVueToastServiceLike,
  PrimeVueToastSeverity,
}

const OVERLAY_GLASS_SHELL_CLASS = 'glass-shell transform-gpu will-change-transform'
const BG_TRANSPARENT = 'bg-transparent'
const BG_TRANSPARENT_IMPORTANT = '!bg-transparent'
const TEXT_FOREGROUND = 'text-foreground'

export const tabsPt = {
  tabs: {
    root: { class: OVERLAY_GLASS_SHELL_CLASS },
  },
  tablist: {
    root: { class: BG_TRANSPARENT_IMPORTANT },
    tabList: { class: BG_TRANSPARENT_IMPORTANT },
    content: { class: BG_TRANSPARENT_IMPORTANT },
  },
  tabpanels: {
    root: { class: BG_TRANSPARENT_IMPORTANT },
  },
  tabpanel: {
    root: { class: BG_TRANSPARENT_IMPORTANT },
    content: { class: BG_TRANSPARENT_IMPORTANT },
  },
  tab: {
    root: { class: BG_TRANSPARENT_IMPORTANT },
  },
} as const

export const overlayPt = {
  drawer: {
    root: { class: OVERLAY_GLASS_CLASS },
    header: { class: BG_TRANSPARENT },
    title: { class: BG_TRANSPARENT },
    content: { class: BG_TRANSPARENT },
    footer: { class: BG_TRANSPARENT },
    mask: { class: BG_TRANSPARENT_IMPORTANT },
  },
  popover: {
    root: { class: OVERLAY_GLASS_COMPACT_CLASS },
    content: { class: BG_TRANSPARENT },
  },
  overlaypanel: {
    root: { class: OVERLAY_GLASS_COMPACT_CLASS },
    content: { class: BG_TRANSPARENT },
  },
  confirmpopup: {
    root: { class: OVERLAY_GLASS_COMPACT_CLASS },
    content: { class: BG_TRANSPARENT },
    message: { class: TEXT_FOREGROUND },
    footer: { class: BG_TRANSPARENT },
  },
} as const

export const splitterPt = {
  splitter: {
    root: { class: `${OVERLAY_GLASS_SHELL_CLASS} border-border overflow-hidden` },
    handle: { class: BG_TRANSPARENT },
  },
} as const

export const primeVueAdapterPt = {
  ...buttonPt,
  ...menuPt,
  ...formControlsPt,
  ...overlayPt,
  ...tabsPt,
  ...splitterPt,
} as const

export interface CreatePrimeVueAdapterConfigOptions {
  sizeSource: PrimeVueSizeSource
  locale?: PrimeVueConfiguration['locale']
}

export interface PrimeVueRuntimeInstallOptions extends CreatePrimeVueAdapterConfigOptions {
  services?: PrimeVueServiceInstallOptions | false
}

export function createPrimeVueAdapterConfig(
  options: CreatePrimeVueAdapterConfigOptions
): PrimeVueConfiguration {
  return {
    theme: {
      preset: createCustomPreset(options.sizeSource),
      options: {
        prefix: 'p',
        darkModeSelector: '.dark',
      },
    },
    pt: primeVueAdapterPt,
    ptOptions: {
      mergeSections: true,
      mergeProps: true,
    },
    ripple: true,
    locale: options.locale,
  }
}

export function installPrimeVueRuntime(app: App, options: PrimeVueRuntimeInstallOptions): void {
  app.use(PrimeVue, createPrimeVueAdapterConfig(options))

  if (options.services !== false) {
    installPrimeVueServices(app, options.services)
  }
}
export { default as UseEcharts } from './UseEcharts/UseEcharts.vue'
export * from './UseEcharts/utils/types'
export * from './UseEcharts/utils/constants'
export * from './UseEcharts/echarts-registry'
export * from './UseEcharts/echarts-render-core'
export * from './echarts-adapter'
export * from './chartUtils'
export * from './sizeMetrics'
export * from './useChartTheme'
export * from './useChartTheme/constants'
export * from './useChartTheme/defaults'
export type { ChartThemeRuntimeState } from './useChartTheme/types'
export * from './useChartTheme/utils'
exit_code=0
