$ rg --files packages | sort
packages/contracts/package.json
packages/contracts/src/crypto.ts
packages/contracts/src/environment.ts
packages/contracts/src/filesystem.ts
packages/contracts/src/http/auth.ts
packages/contracts/src/http/error.ts
packages/contracts/src/http/index.ts
packages/contracts/src/http/request.ts
packages/contracts/src/http/response.ts
packages/contracts/src/http/retry.ts
packages/contracts/src/http/timeout.ts
packages/contracts/src/http/transport.ts
packages/contracts/src/index.ts
packages/contracts/src/logger.ts
packages/contracts/src/network.ts
packages/contracts/src/scheduler.ts
packages/contracts/src/storage.ts
packages/contracts/tsconfig.json
packages/core/package.json
packages/core/src/index.ts
packages/core/tsconfig.json
packages/design-tokens/package.json
packages/design-tokens/src/breakpoints.ts
packages/design-tokens/src/colorUsage.ts
packages/design-tokens/src/colors.ts
packages/design-tokens/src/deviceResolver.spec.ts
packages/design-tokens/src/deviceResolver.ts
packages/design-tokens/src/index.ts
packages/design-tokens/src/metadata.ts
packages/design-tokens/src/size.ts
packages/design-tokens/src/sizeResolver.spec.ts
packages/design-tokens/src/sizeResolver.ts
packages/design-tokens/src/sizeScale.ts
packages/design-tokens/src/theme-engine/cache.ts
packages/design-tokens/src/theme-engine/color.ts
packages/design-tokens/src/theme-engine/compiler.ts
packages/design-tokens/src/theme-engine/derive.ts
packages/design-tokens/src/theme-engine/diff.ts
packages/design-tokens/src/theme-engine/fingerprint.ts
packages/design-tokens/src/theme-engine/graph.ts
packages/design-tokens/src/theme-engine/index.spec.ts
packages/design-tokens/src/theme-engine/index.ts
packages/design-tokens/src/theme-engine/inspect.ts
packages/design-tokens/src/theme-engine/metadata.ts
packages/design-tokens/src/theme-engine/metrics.ts
packages/design-tokens/src/theme-engine/model.ts
packages/design-tokens/src/theme-engine/observability.ts
packages/design-tokens/src/theme-engine/patch.ts
packages/design-tokens/src/theme-engine/resolver.ts
packages/design-tokens/src/theme-engine/tokens.ts
packages/design-tokens/src/theme-engine/validate.ts
packages/design-tokens/src/theme.ts
packages/design-tokens/src/types.ts
packages/design-tokens/tsconfig.json
packages/shared-utils/package.json
packages/shared-utils/src/createCapabilityBridge.spec.ts
packages/shared-utils/src/createCapabilityBridge.ts
packages/shared-utils/src/idGenerator.ts
packages/shared-utils/src/ids.ts
packages/shared-utils/src/import-meta.d.ts
packages/shared-utils/src/index.ts
packages/shared-utils/src/lodashes.ts
packages/shared-utils/src/recordGuards.spec.ts
packages/shared-utils/src/recordGuards.ts
packages/shared-utils/src/stableFingerprint.spec.ts
packages/shared-utils/src/stableFingerprint.ts
packages/shared-utils/src/storageCodec.spec.ts
packages/shared-utils/src/storageCodec.ts
packages/shared-utils/src/strings.ts
packages/shared-utils/src/typeCasters.spec.ts
packages/shared-utils/src/typeCasters.ts
packages/shared-utils/tsconfig.json
packages/unocss-preset/package.json
packages/unocss-preset/src/browser.ts
packages/unocss-preset/src/index.ts
packages/unocss-preset/src/node-config.ts
packages/unocss-preset/src/safelist/index.ts
packages/unocss-preset/src/shortcuts/semanticShortcuts.ts
packages/unocss-preset/src/theme/colors.ts
packages/unocss-preset/src/theme/index.ts
packages/unocss-preset/tsconfig.json
packages/vue-app-platform/package.json
packages/vue-app-platform/src/bootstrap.spec.ts
packages/vue-app-platform/src/bootstrap.ts
packages/vue-app-platform/src/index.ts
packages/vue-app-platform/src/layoutRuntime.spec.ts
packages/vue-app-platform/src/layoutRuntime.ts
packages/vue-app-platform/src/preloadError.spec.ts
packages/vue-app-platform/src/preloadError.ts
packages/vue-app-platform/src/preloader.dom.spec.ts
packages/vue-app-platform/src/preloader.spec.ts
packages/vue-app-platform/src/preloader.ts
packages/vue-app-platform/src/themeRuntime.spec.ts
packages/vue-app-platform/src/themeRuntime.ts
packages/vue-app-platform/tsconfig.json
packages/vue-charts/package.json
packages/vue-charts/src/UseEcharts/UseEcharts.vue
packages/vue-charts/src/UseEcharts/connectGroupRegistry.spec.ts
packages/vue-charts/src/UseEcharts/connectGroupRegistry.ts
packages/vue-charts/src/UseEcharts/echarts-registry.ts
packages/vue-charts/src/UseEcharts/echarts-render-core.spec.ts
packages/vue-charts/src/UseEcharts/echarts-render-core.ts
packages/vue-charts/src/UseEcharts/echarts-setup.ts
packages/vue-charts/src/UseEcharts/index.ts
packages/vue-charts/src/UseEcharts/useChartElementSize.spec.ts
packages/vue-charts/src/UseEcharts/useChartElementSize.ts
packages/vue-charts/src/UseEcharts/utils/constants.ts
packages/vue-charts/src/UseEcharts/utils/types.ts
packages/vue-charts/src/chartUtils.ts
packages/vue-charts/src/echarts-adapter.ts
packages/vue-charts/src/guards.ts
packages/vue-charts/src/index.ts
packages/vue-charts/src/sizeMetrics.ts
packages/vue-charts/src/useChartTheme/applyAxisStyles.ts
packages/vue-charts/src/useChartTheme/applyBoxplotStyles.ts
packages/vue-charts/src/useChartTheme/applyBrushStyles.ts
packages/vue-charts/src/useChartTheme/applyCandlestickStyles.ts
packages/vue-charts/src/useChartTheme/applyDataZoomStyles.ts
packages/vue-charts/src/useChartTheme/applyEffectScatterStyles.ts
packages/vue-charts/src/useChartTheme/applyFontStyles.ts
packages/vue-charts/src/useChartTheme/applyFunnelStyles.ts
packages/vue-charts/src/useChartTheme/applyGaugeStyles.ts
packages/vue-charts/src/useChartTheme/applyGraphStyles.ts
packages/vue-charts/src/useChartTheme/applyHeatmapStyles.ts
packages/vue-charts/src/useChartTheme/applyLegendStyles.ts
packages/vue-charts/src/useChartTheme/applyLinesStyles.ts
packages/vue-charts/src/useChartTheme/applyParallelStyles.ts
packages/vue-charts/src/useChartTheme/applyPictorialBarStyles.ts
packages/vue-charts/src/useChartTheme/applyPieStyles.ts
packages/vue-charts/src/useChartTheme/applyRadarStyles.ts
packages/vue-charts/src/useChartTheme/applySankeyStyles.ts
packages/vue-charts/src/useChartTheme/applySeriesStyles.ts
packages/vue-charts/src/useChartTheme/applySunburstStyles.ts
packages/vue-charts/src/useChartTheme/applyThemeRiverStyles.ts
packages/vue-charts/src/useChartTheme/applyTitleStyles.ts
packages/vue-charts/src/useChartTheme/applyToolboxStyles.ts
packages/vue-charts/src/useChartTheme/applyTooltipStyles.ts
packages/vue-charts/src/useChartTheme/applyTreeStyles.ts
packages/vue-charts/src/useChartTheme/applyTreemapStyles.ts
packages/vue-charts/src/useChartTheme/applyVisualMapStyles.ts
packages/vue-charts/src/useChartTheme/constants.ts
packages/vue-charts/src/useChartTheme/defaults.ts
packages/vue-charts/src/useChartTheme/index.ts
packages/vue-charts/src/useChartTheme/mergeAdvancedConfigs.ts
packages/vue-charts/src/useChartTheme/types.ts
packages/vue-charts/src/useChartTheme/utils.ts
packages/vue-charts/tsconfig.build.json
packages/vue-charts/tsconfig.json
packages/vue-charts/vite.config.ts
packages/vue-hooks/package.json
packages/vue-hooks/src/createAutoMittHook.spec.tsx
packages/vue-hooks/src/createAutoMittHook.ts
packages/vue-hooks/src/directives/index.ts
packages/vue-hooks/src/directives/install.spec.ts
packages/vue-hooks/src/directives/install.ts
packages/vue-hooks/src/directives/longPress.spec.ts
packages/vue-hooks/src/directives/longPress.ts
packages/vue-hooks/src/directives/swipe.spec.ts
packages/vue-hooks/src/directives/swipe.ts
packages/vue-hooks/src/directives/tap.spec.ts
packages/vue-hooks/src/directives/tap.ts
packages/vue-hooks/src/index.ts
packages/vue-hooks/src/useAppElementSize.ts
packages/vue-hooks/src/useInteraction/index.ts
packages/vue-hooks/src/useInteraction/types.ts
packages/vue-hooks/src/useInteraction/useDragAction.ts
packages/vue-hooks/src/useInteraction/useInteraction.ts
packages/vue-hooks/src/useInteraction/useLongPressAction.ts
packages/vue-hooks/src/useInteraction/useSwipeAction.ts
packages/vue-hooks/src/useInteraction/useTap.ts
packages/vue-hooks/tsconfig.json
packages/vue-primevue-adapter/package.json
packages/vue-primevue-adapter/src/directives.ts
packages/vue-primevue-adapter/src/index.ts
packages/vue-primevue-adapter/src/menuTypes.ts
packages/vue-primevue-adapter/src/overlayTypes.ts
packages/vue-primevue-adapter/src/services.spec.ts
packages/vue-primevue-adapter/src/services.ts
packages/vue-primevue-adapter/src/theme/colorAdapter.ts
packages/vue-primevue-adapter/src/theme/presetComponents/base.ts
packages/vue-primevue-adapter/src/theme/presetComponents/data.ts
packages/vue-primevue-adapter/src/theme/presetComponents/form.ts
packages/vue-primevue-adapter/src/theme/presetComponents/index.ts
packages/vue-primevue-adapter/src/theme/presetComponents/menuNavMisc.ts
packages/vue-primevue-adapter/src/theme/presetComponents/overlay.ts
packages/vue-primevue-adapter/src/theme/presetPrimitive.ts
packages/vue-primevue-adapter/src/theme/presetSemantic.ts
packages/vue-primevue-adapter/src/theme/primevuePreset.ts
packages/vue-primevue-adapter/src/theme/primevueThemeEngine.ts
packages/vue-primevue-adapter/src/theme/primevueThemeHelpers.ts
packages/vue-primevue-adapter/src/theme/ptPresets/buttonPt.ts
packages/vue-primevue-adapter/src/theme/ptPresets/formControlsPt.ts
packages/vue-primevue-adapter/src/theme/ptPresets/menuPt.ts
packages/vue-primevue-adapter/src/toastIcons.ts
packages/vue-primevue-adapter/tsconfig.json
packages/vue-ui/README.md
packages/vue-ui/package.json
packages/vue-ui/src/AnimateWrapper/AnimateWrapper.vue
packages/vue-ui/src/AnimateWrapper/index.ts
packages/vue-ui/src/AnimateWrapper/utils/constants.ts
packages/vue-ui/src/AnimateWrapper/utils/types.ts
packages/vue-ui/src/CScrollbar/CScrollbar.spec.ts
packages/vue-ui/src/CScrollbar/CScrollbar.vue
packages/vue-ui/src/CScrollbar/index.ts
packages/vue-ui/src/CScrollbar/utils/constants.ts
packages/vue-ui/src/CScrollbar/utils/memory.ts
packages/vue-ui/src/CScrollbar/utils/types.ts
packages/vue-ui/src/CcdPrimeControls/CcdTag.spec.ts
packages/vue-ui/src/CcdPrimeControls/index.ts
packages/vue-ui/src/EmptyState/EmptyState.vue
packages/vue-ui/src/EmptyState/index.ts
packages/vue-ui/src/EmptyState/types.ts
packages/vue-ui/src/Icons/Icons.vue
packages/vue-ui/src/Icons/index.ts
packages/vue-ui/src/Icons/utils/helper.ts
packages/vue-ui/src/Icons/utils/types.ts
packages/vue-ui/src/PrimeDialog/MessageContent.tsx
packages/vue-ui/src/PrimeDialog/PrimeDialog.vue
packages/vue-ui/src/PrimeDialog/defaultContentRenderer.tsx
packages/vue-ui/src/PrimeDialog/index.ts
packages/vue-ui/src/PrimeDialog/runtime.ts
packages/vue-ui/src/PrimeDialog/useDialog.spec.ts
packages/vue-ui/src/PrimeDialog/useDialog.ts
packages/vue-ui/src/PrimeDialog/utils/constants.ts
packages/vue-ui/src/PrimeDialog/utils/types.ts
packages/vue-ui/src/ProForm/README.md
packages/vue-ui/src/ProForm/engine/config.ts
packages/vue-ui/src/ProForm/engine/constants.ts
packages/vue-ui/src/ProForm/engine/core/FormController.spec.ts
packages/vue-ui/src/ProForm/engine/core/FormController.ts
packages/vue-ui/src/ProForm/engine/core/LifecycleManager.ts
packages/vue-ui/src/ProForm/engine/core/TransactionManager.ts
packages/vue-ui/src/ProForm/engine/dependency/DependencyGraph.ts
packages/vue-ui/src/ProForm/engine/dependency/Scheduler.ts
packages/vue-ui/src/ProForm/engine/hooks/syncFormState.ts
packages/vue-ui/src/ProForm/engine/hooks/useField.ts
packages/vue-ui/src/ProForm/engine/hooks/useFieldArray.ts
packages/vue-ui/src/ProForm/engine/hooks/useForm.ts
packages/vue-ui/src/ProForm/engine/hooks/useFormContext.ts
packages/vue-ui/src/ProForm/engine/logic/ComputedEngine.ts
packages/vue-ui/src/ProForm/engine/logic/DisableEngine.ts
packages/vue-ui/src/ProForm/engine/logic/ReactionEngine.ts
packages/vue-ui/src/ProForm/engine/logic/RequiredEngine.ts
packages/vue-ui/src/ProForm/engine/logic/VisibilityEngine.ts
packages/vue-ui/src/ProForm/engine/persistence/DraftStorage.spec.ts
packages/vue-ui/src/ProForm/engine/persistence/DraftStorage.ts
packages/vue-ui/src/ProForm/engine/plugins/PluginManager.ts
packages/vue-ui/src/ProForm/engine/registry/FieldRegistry.ts
packages/vue-ui/src/ProForm/engine/schema/SchemaNormalizer.ts
packages/vue-ui/src/ProForm/engine/state/SubscriptionStore.ts
packages/vue-ui/src/ProForm/engine/types/index.ts
packages/vue-ui/src/ProForm/engine/types/props.ts
packages/vue-ui/src/ProForm/engine/utils/breakpoint.ts
packages/vue-ui/src/ProForm/engine/utils/logger.ts
packages/vue-ui/src/ProForm/engine/validation/ValidationEngine.ts
packages/vue-ui/src/ProForm/engine/validation/schemaResolver.spec.ts
packages/vue-ui/src/ProForm/engine/validation/schemaResolver.ts
packages/vue-ui/src/ProForm/index.ts
packages/vue-ui/src/ProForm/index.vue
packages/vue-ui/src/ProForm/renderers/PrimeVueRenderer.spec.ts
packages/vue-ui/src/ProForm/renderers/PrimeVueRenderer.vue
packages/vue-ui/src/ProForm/renderers/ProFormNode.vue
packages/vue-ui/src/ProForm/renderers/components/ProCheckbox.vue
packages/vue-ui/src/ProForm/renderers/components/ProDatePicker.vue
packages/vue-ui/src/ProForm/renderers/components/ProInputMask.vue
packages/vue-ui/src/ProForm/renderers/components/ProInputNumber.vue
packages/vue-ui/src/ProForm/renderers/components/ProInputText.vue
packages/vue-ui/src/ProForm/renderers/components/ProMultiSelect.vue
packages/vue-ui/src/ProForm/renderers/components/ProRadio.vue
packages/vue-ui/src/ProForm/renderers/components/ProRating.vue
packages/vue-ui/src/ProForm/renderers/components/ProSelect.vue
packages/vue-ui/src/ProForm/renderers/components/ProSlider.vue
packages/vue-ui/src/ProForm/renderers/components/ProSwitch.vue
packages/vue-ui/src/ProForm/renderers/components/ProTextarea.vue
packages/vue-ui/src/ProForm/renderers/components/ProUpload.vue
packages/vue-ui/src/ProForm/renderers/registerBuiltinFields.ts
packages/vue-ui/src/ProTable/ProTable.vue
packages/vue-ui/src/ProTable/README.md
packages/vue-ui/src/ProTable/VirtualGridRenderer.vue
packages/vue-ui/src/ProTable/components/ProTableCell.tsx
packages/vue-ui/src/ProTable/components/ProTableColumnSettings.vue
packages/vue-ui/src/ProTable/components/ProTableCrudFormModalBody.tsx
packages/vue-ui/src/ProTable/components/ProTableCrudViewModalBody.tsx
packages/vue-ui/src/ProTable/components/ProTablePagination.vue
packages/vue-ui/src/ProTable/components/ProTableToolbar.vue
packages/vue-ui/src/ProTable/engine/config.ts
packages/vue-ui/src/ProTable/engine/config/apiAdapter.spec.ts
packages/vue-ui/src/ProTable/engine/config/apiAdapter.ts
packages/vue-ui/src/ProTable/engine/core/TableController.spec.ts
packages/vue-ui/src/ProTable/engine/core/TableController.ts
packages/vue-ui/src/ProTable/engine/engines/columnVisibility.ts
packages/vue-ui/src/ProTable/engine/engines/export.ts
packages/vue-ui/src/ProTable/engine/engines/filtering.ts
packages/vue-ui/src/ProTable/engine/engines/pagination.ts
packages/vue-ui/src/ProTable/engine/engines/selection.ts
packages/vue-ui/src/ProTable/engine/engines/sorting.ts
packages/vue-ui/src/ProTable/engine/hooks/useProTable.ts
packages/vue-ui/src/ProTable/engine/hooks/useProTableColumnSettingsStorage.ts
packages/vue-ui/src/ProTable/engine/hooks/useProTableInfiniteScroll.ts
packages/vue-ui/src/ProTable/engine/hooks/useProTableUrlSync.ts
packages/vue-ui/src/ProTable/engine/types/column.ts
packages/vue-ui/src/ProTable/engine/types/props.ts
packages/vue-ui/src/ProTable/engine/types/tableState.ts
packages/vue-ui/src/ProTable/index.ts
packages/vue-ui/src/ProTable/presets/dataTablePt.ts
packages/vue-ui/src/index.ts
packages/vue-ui/src/types/vue-data-attributes.ts
packages/vue-ui/tsconfig.build.json
packages/vue-ui/tsconfig.json
packages/vue-ui/vite.config.ts
exit_code=0
