$ rg prior migration evidence keywords
docs/ai-runs/20260601-161000-ccd-p16a-conditional-go-consistency-repair/reports/status-consistency-analysis.md:8:| `ARCHITECTURE_ISSUE_REPAIR_LOG.md` §11 | Last entry P10F stated "architecture remains NO_GO" while §0 had `CONDITIONAL_GO` |
docs/ai-runs/20260601-161000-ccd-p16a-conditional-go-consistency-repair/reports/status-consistency-analysis.md:9:| `DECISIONS.md` | G-02 P15 owner acceptance not formalized; C-06 residual acceptance not distinguished from full resolution |
docs/ai-runs/20260601-161000-ccd-p16a-conditional-go-consistency-repair/reports/status-consistency-analysis.md:10:| `FINAL_GO_NO_GO.md` / `STATUS.md` | Already `CONDITIONAL_GO`; needed P16a milestone and push-state notes only |
docs/ai-runs/20260601-161000-ccd-p16a-conditional-go-consistency-repair/reports/status-consistency-analysis.md:14:1. §0 YAML: `document_version: 2026-06-01.p16a`, `current_lane: P16a conditional-go consistency repair`, `blocked_count: 0`, `accepted_residual_debt: [C-06, G-02]`.
docs/ai-runs/20260601-161000-ccd-p16a-conditional-go-consistency-repair/reports/status-consistency-analysis.md:15:2. §11: Appended P11–P16 + P16a entries (append-only; P10F historical NO_GO preserved).
docs/ai-runs/20260601-161000-ccd-p16a-conditional-go-consistency-repair/reports/status-consistency-analysis.md:16:3. `DECISIONS.md`: New `G-02` section; D-017 P14/P16 notes with accepted-debt vs resolved vs full-GO distinction.
docs/ai-runs/20260601-161000-ccd-p16a-conditional-go-consistency-repair/reports/status-consistency-analysis.md:17:4. `STATUS.md` / `FINAL_GO_NO_GO.md`: P16a milestone, evidence dir, unpushed commit list.
docs/ai-runs/20260601-161000-ccd-p16a-conditional-go-consistency-repair/reports/status-consistency-analysis.md:23:| `FINAL_GO_NO_GO.md` | `CONDITIONAL_GO`, Full GO: no |
docs/ai-runs/20260601-161000-ccd-p16a-conditional-go-consistency-repair/reports/status-consistency-analysis.md:24:| `STATUS.md` | `CONDITIONAL_GO` |
docs/ai-runs/20260601-161000-ccd-p16a-conditional-go-consistency-repair/reports/status-consistency-analysis.md:25:| `ARCHITECTURE_ISSUE_REPAIR_LOG.md` §0 | `CONDITIONAL_GO` |
docs/ai-runs/20260601-161000-ccd-p16a-conditional-go-consistency-repair/reports/status-consistency-analysis.md:26:| Implementation log terminus | `P16A_CONDITIONAL_GO_CONSISTENCY_REPAIRED` |
docs/ai-runs/20260601-161000-ccd-p16a-conditional-go-consistency-repair/reports/status-consistency-analysis.md:28:No stale `Final decision: NO_GO` lines remain in top-level decision surfaces.
docs/ai-runs/20260601-161000-ccd-p16a-conditional-go-consistency-repair/reports/accepted-residual-debt-register.md:3:Owner-accepted residual debt supporting `CONDITIONAL_GO`. None of these items authorize full GO.
docs/ai-runs/20260601-161000-ccd-p16a-conditional-go-consistency-repair/reports/accepted-residual-debt-register.md:5:## C-06 — PrimeVue allowlist remainder
docs/ai-runs/20260601-161000-ccd-p16a-conditional-go-consistency-repair/reports/accepted-residual-debt-register.md:12:| Distinction | Accepted residual debt ≠ resolved issue ≠ full GO |
docs/ai-runs/20260601-161000-ccd-p16a-conditional-go-consistency-repair/reports/accepted-residual-debt-register.md:22:| Distinction | Accepted deferred debt ≠ resolved issue ≠ full GO |
docs/ai-runs/20260601-161000-ccd-p16a-conditional-go-consistency-repair/reports/accepted-residual-debt-register.md:39:| Basis | Validation green + explicit owner-accepted residual debt for C-06 and G-02 |
docs/ai-runs/20260601-161000-ccd-p16a-conditional-go-consistency-repair/reports/accepted-residual-debt-register.md:40:| Distinction | Conditional completion gate ≠ full GO |
docs/ai-plan/EXECUTION_MODE_MATRIX.md:20:- Use worktree only for M9, M10, or M11 after explicit approval.
.ai/runtime/repair_list.template.md:33:Parser compatibility requirement:
.ai/runtime/repair_list.template.md:64:| Core                   | Runtime-neutral platform facade                             | `packages/core/**`                                                                                                                               |
.ai/runtime/repair_list.template.md:255:- [ ] [P2-Vite8-Progress] Remove or replace `vite-plugin-progress` if it adds no measurable value or blocks Vite 8 compatibility.
.ai/runtime/repair_list.template.md:282:- [ ] [P2-Deps-Vueuse] Upgrade `@vueuse/core` in an isolated lane after checking compatibility with existing hooks and auto-imports.
.ai/runtime/repair_list.template.md:458:8. Run isolated Vite 8 compatibility lane.
docs/ai-runs/20260601-161000-ccd-p16a-conditional-go-consistency-repair/reports/summary.md:3:- **Status**: `P16A_CONDITIONAL_GO_CONSISTENCY_REPAIRED`
docs/ai-runs/20260601-161000-ccd-p16a-conditional-go-consistency-repair/reports/summary.md:4:- **Final decision**: `CONDITIONAL_GO`
docs/ai-runs/20260601-161000-ccd-p16a-conditional-go-consistency-repair/reports/summary.md:10:- Baseline commit (pre-P16a): `f86b3bb0` (P16 final GO/NO-GO reconciliation)
docs/ai-runs/20260601-161000-ccd-p16a-conditional-go-consistency-repair/reports/summary.md:18:| `docs/ai-plan/DECISIONS.md` | G-02 P15 owner acceptance; D-017 P14/P16 C-06 residual acceptance |
docs/ai-runs/20260601-161000-ccd-p16a-conditional-go-consistency-repair/reports/summary.md:20:| `docs/ai-plan/FINAL_GO_NO_GO.md` | P16a reconciliation note |
docs/ai-runs/20260601-161000-ccd-p16a-conditional-go-consistency-repair/reports/summary.md:26:| Final status after repair | `CONDITIONAL_GO` (consistent across surfaces) |
docs/ai-runs/20260601-161000-ccd-p16a-conditional-go-consistency-repair/reports/summary.md:27:| Full GO authorized | **no** |
docs/ai-runs/20260601-161000-ccd-p16a-conditional-go-consistency-repair/reports/summary.md:34:1. **C-06**: 8 exact PrimeVue allowlist rows + showcase (E3 long-lived per D-017 Option D)
docs/ai-plan/FINAL_ARTIFACTS_REQUIRED.md:3:## `FINAL_GO_NO_GO.md`
docs/ai-plan/FINAL_ARTIFACTS_REQUIRED.md:7:- final status: `GO`, `CONDITIONAL_GO`, or `NO_GO`;
docs/ai-runs/20260601-161000-ccd-p16a-conditional-go-consistency-repair/reports/push-readiness-after-p16a.md:23:2. Confirm `FINAL_GO_NO_GO.md` reads `CONDITIONAL_GO` with Full GO: no
docs/ai-runs/20260601-161000-ccd-p16a-conditional-go-consistency-repair/reports/push-readiness-after-p16a.md:28:## Full GO
docs/ai-runs/20260601-161000-ccd-p16a-conditional-go-consistency-repair/reports/push-readiness-after-p16a.md:30:Full GO remains **unauthorized**. Residual C-06, G-02, and M12 E3 debt must be code-closed or separately re-approved before any full GO declaration.
.ai/runtime/repair_list.md:33:Parser compatibility requirement:
.ai/runtime/repair_list.md:64:| Core | Runtime-neutral platform facade | `packages/core/**` |
.ai/runtime/repair_list.md:144:- [x] [P0-PackageExports-Audit] Audit all `packages/*/package.json` manifests for direct `src` exports and build-output compliance. Result: all non-app workspace packages except `packages/vue-charts` currently align with the contract; `apps/web-demo` and `apps/desktop` remain app-local source-entry exceptions, not shared package contract violations.
.ai/runtime/repair_list.md:222:- [x] [P2-HttpMethodBuilders] Added example API Method builders and documented the request calling model: server-state/loading/cache/dedupe APIs prefer Method builders with `useHttpRequest`; one-shot compatibility wrappers remain explicitly imperative.
.ai/runtime/repair_list.md:223:- [x] [P2-HttpRawTransportAllowlist] Documented and enforced raw transport exceptions for HTTP infrastructure, timezone probe, and the app-local Lottie asset loader.
.ai/runtime/repair_list.md:231:- [x] [P1-Guard-SFCMacroOrder] D-023 FORMALLY_RESOLVED by owner/architect decision: current guard coverage is sufficient for Full GO; stricter guard work requires a future approved lane. Evidence: docs/ai-runs/20260601-221034-ccd-full-remediation-d023-g02-closure/reports/g02-closure-table.md.
.ai/runtime/repair_list.md:232:- [x] [P1-Guard-TypeAssertions] D-023 FORMALLY_RESOLVED by owner/architect decision: current guard coverage is sufficient for Full GO; stricter guard work requires a future approved lane. Evidence: docs/ai-runs/20260601-221034-ccd-full-remediation-d023-g02-closure/reports/g02-closure-table.md.
.ai/runtime/repair_list.md:233:- [x] [P1-Guard-AutoMitt] D-023 FORMALLY_RESOLVED by owner/architect decision: current guard coverage is sufficient for Full GO; stricter guard work requires a future approved lane. Evidence: docs/ai-runs/20260601-221034-ccd-full-remediation-d023-g02-closure/reports/g02-closure-table.md.
.ai/runtime/repair_list.md:234:- [x] [P1-Guard-ComposableReturnTypes] D-023 FORMALLY_RESOLVED by owner/architect decision: current guard coverage is sufficient for Full GO; stricter guard work requires a future approved lane. Evidence: docs/ai-runs/20260601-221034-ccd-full-remediation-d023-g02-closure/reports/g02-closure-table.md.
.ai/runtime/repair_list.md:235:- [x] [P1-Guard-DynamicUnoCSS] D-023 FORMALLY_RESOLVED by owner/architect decision: current guard coverage is sufficient for Full GO; stricter guard work requires a future approved lane. Evidence: docs/ai-runs/20260601-221034-ccd-full-remediation-d023-g02-closure/reports/g02-closure-table.md.
.ai/runtime/repair_list.md:236:- [x] [P1-Guard-RuleContradictions] D-023 FORMALLY_RESOLVED by owner/architect decision: current guard coverage is sufficient for Full GO; stricter guard work requires a future approved lane. Evidence: docs/ai-runs/20260601-221034-ccd-full-remediation-d023-g02-closure/reports/g02-closure-table.md.
.ai/runtime/repair_list.md:237:- [x] [P1-Guard-DesignTokenCanonical] D-023 FORMALLY_RESOLVED by owner/architect decision: current guard coverage is sufficient for Full GO; stricter guard work requires a future approved lane. Evidence: docs/ai-runs/20260601-221034-ccd-full-remediation-d023-g02-closure/reports/g02-closure-table.md.
.ai/runtime/repair_list.md:238:- [x] [P1-Guard-OwnerSignoff] D-023 FORMALLY_RESOLVED by owner/architect decision: current guard coverage is sufficient for Full GO; stricter guard work requires a future approved lane. Evidence: docs/ai-runs/20260601-221034-ccd-full-remediation-d023-g02-closure/reports/g02-closure-table.md.
.ai/runtime/repair_list.md:242:Rationale: safeStorage has cross-app value, but browser storage access and obfuscation policy must not leak into `packages/core` or `packages/contracts`.
.ai/runtime/repair_list.md:248:- [x] [P2-AppStorage-AppAdapter] Kept browser `localStorage` / `sessionStorage` policy and adapter implementation in `apps/web-demo/src/utils/safeStorage/**`; `packages/core` remains untouched.
.ai/runtime/repair_list.md:264:- [x] [P2-Vite8-Branch] D-023 FORMALLY_RESOLVED by operator decision: Vite major migration is not a Full GO prerequisite; keep current Vite 7 on main and require a future isolated branch for any upgrade. Evidence: docs/ai-runs/20260601-221034-ccd-full-remediation-d023-g02-closure/reports/g02-closure-table.md.
.ai/runtime/repair_list.md:265:- [x] [P2-Vite8-Inventory] Inventoried Vite/Rollup/esbuild-specific current surface in `apps/web-demo/vite.config.ts`, `apps/web-demo/build/**`, `apps/desktop/vite.config.ts`, `packages/vue-ui/vite.config.ts`, and `packages/vue-charts/vite.config.ts`; evidence: `docs/ai-runs/20260529-070550-ccd-architecture-repair/command-logs/M9-T1-20260529-081820-vite-inventory.log` and `reports/M9-vite8-approval-gate.md`.
.ai/runtime/repair_list.md:266:- [x] [P2-Vite8-OptimizeDeps] D-023 FORMALLY_RESOLVED by operator decision: Vite major migration is not a Full GO prerequisite; keep current Vite 7 on main and require a future isolated branch for any upgrade. Evidence: docs/ai-runs/20260601-221034-ccd-full-remediation-d023-g02-closure/reports/g02-closure-table.md.
.ai/runtime/repair_list.md:267:- [x] [P2-Vite8-Oxc] D-023 FORMALLY_RESOLVED by operator decision: Vite major migration is not a Full GO prerequisite; keep current Vite 7 on main and require a future isolated branch for any upgrade. Evidence: docs/ai-runs/20260601-221034-ccd-full-remediation-d023-g02-closure/reports/g02-closure-table.md.
.ai/runtime/repair_list.md:268:- [x] [P2-Vite8-Minify] D-023 FORMALLY_RESOLVED by operator decision: Vite major migration is not a Full GO prerequisite; keep current Vite 7 on main and require a future isolated branch for any upgrade. Evidence: docs/ai-runs/20260601-221034-ccd-full-remediation-d023-g02-closure/reports/g02-closure-table.md.
.ai/runtime/repair_list.md:269:- [x] [P2-Vite8-Chunks] D-023 FORMALLY_RESOLVED by operator decision: Vite major migration is not a Full GO prerequisite; keep current Vite 7 on main and require a future isolated branch for any upgrade. Evidence: docs/ai-runs/20260601-221034-ccd-full-remediation-d023-g02-closure/reports/g02-closure-table.md.
.ai/runtime/repair_list.md:270:- [x] [P2-Vite8-ECharts] D-023 FORMALLY_RESOLVED by operator decision: Vite major migration is not a Full GO prerequisite; keep current Vite 7 on main and require a future isolated branch for any upgrade. Evidence: docs/ai-runs/20260601-221034-ccd-full-remediation-d023-g02-closure/reports/g02-closure-table.md.
.ai/runtime/repair_list.md:271:- [x] [P2-Vite8-Compression] D-023 FORMALLY_RESOLVED by operator decision: Vite major migration is not a Full GO prerequisite; keep current Vite 7 on main and require a future isolated branch for any upgrade. Evidence: docs/ai-runs/20260601-221034-ccd-full-remediation-d023-g02-closure/reports/g02-closure-table.md.
.ai/runtime/repair_list.md:272:- [x] [P2-Vite8-Progress] Removed active `vite-plugin-progress` usage and recorded compatibility notes (`keep: false`) in `apps/web-demo/build/plugins.ts` during P2 BUILD-003; cosmetic plugin no longer blocks future Vite 8 lane review. Evidence: `docs/ai-runs/20260530-104228-ccd-p2-governance-css-build-modernization/reports/p2-governance-css-build-modernization.md` (BUILD-003), ledger `[x] [P2-CSS-BuildPluginCompatibility]`, P18 stale-entry closure `docs/ai-runs/20260601-180000-ccd-p18-g02-repair-ledger-debt-closure/reports/p18-selected-closure-batch.md`.
.ai/runtime/repair_list.md:273:- [x] [P2-Vite8-Validation] D-023 FORMALLY_RESOLVED by operator decision: Vite major migration is not a Full GO prerequisite; keep current Vite 7 on main and require a future isolated branch for any upgrade. Evidence: docs/ai-runs/20260601-221034-ccd-full-remediation-d023-g02-closure/reports/g02-closure-table.md.
.ai/runtime/repair_list.md:298:- [x] [P2-Deps-Outdated] Ran dependency inventory without package/lockfile mutation; evidence: `docs/ai-runs/20260529-070550-ccd-architecture-repair/command-logs/M10-T1-20260529-081950-pnpm-deps-outdated.log`, `command-logs/M10-T1-20260529-082010-pnpm-outdated-json.log`, and `reports/M10-dependency-approval-gate.md`.
.ai/runtime/repair_list.md:299:- [x] [P2-Deps-Vueuse] D-023 FORMALLY_RESOLVED by operator decision: dependency modernization is not a Full GO prerequisite; no manifest or lockfile change is authorized in this program, and future upgrades require single-dependency lanes. Evidence: docs/ai-runs/20260601-221034-ccd-full-remediation-d023-g02-closure/reports/g02-closure-table.md.
.ai/runtime/repair_list.md:300:- [x] [P2-Deps-VueTooling] D-023 FORMALLY_RESOLVED by operator decision: dependency modernization is not a Full GO prerequisite; no manifest or lockfile change is authorized in this program, and future upgrades require single-dependency lanes. Evidence: docs/ai-runs/20260601-221034-ccd-full-remediation-d023-g02-closure/reports/g02-closure-table.md.
.ai/runtime/repair_list.md:301:- [x] [P2-Deps-ESLint] D-023 FORMALLY_RESOLVED by operator decision: dependency modernization is not a Full GO prerequisite; no manifest or lockfile change is authorized in this program, and future upgrades require single-dependency lanes. Evidence: docs/ai-runs/20260601-221034-ccd-full-remediation-d023-g02-closure/reports/g02-closure-table.md.
.ai/runtime/repair_list.md:302:- [x] [P2-Deps-PrimeVue] D-023 FORMALLY_RESOLVED by operator decision: dependency modernization is not a Full GO prerequisite; no manifest or lockfile change is authorized in this program, and future upgrades require single-dependency lanes. Evidence: docs/ai-runs/20260601-221034-ccd-full-remediation-d023-g02-closure/reports/g02-closure-table.md.
.ai/runtime/repair_list.md:303:- [x] [P2-Deps-Alova] D-023 FORMALLY_RESOLVED by operator decision: dependency modernization is not a Full GO prerequisite; no manifest or lockfile change is authorized in this program, and future upgrades require single-dependency lanes. Evidence: docs/ai-runs/20260601-221034-ccd-full-remediation-d023-g02-closure/reports/g02-closure-table.md.
.ai/runtime/repair_list.md:304:- [x] [P2-Deps-Playwright] D-023 FORMALLY_RESOLVED by operator decision: dependency modernization is not a Full GO prerequisite; no manifest or lockfile change is authorized in this program, and future upgrades require single-dependency lanes. Evidence: docs/ai-runs/20260601-221034-ccd-full-remediation-d023-g02-closure/reports/g02-closure-table.md.
.ai/runtime/repair_list.md:305:- [x] [P2-Deps-Validation] D-023 FORMALLY_RESOLVED by operator decision: dependency modernization is not a Full GO prerequisite; no manifest or lockfile change is authorized in this program, and future upgrades require single-dependency lanes. Evidence: docs/ai-runs/20260601-221034-ccd-full-remediation-d023-g02-closure/reports/g02-closure-table.md.
.ai/runtime/repair_list.md:313:- [x] [P2-CSS-PxToRemAudit] Audited `postcss-pxtorem` usage in `apps/web-demo/vite.config.ts`; evidence: `docs/ai-runs/20260529-070550-ccd-architecture-repair/command-logs/M8-T1-20260529-080113-css-pxtorem-audit.log` and `docs/ai-runs/20260529-070550-ccd-architecture-repair/reports/M8-css-pxtorem.md`.
.ai/runtime/repair_list.md:314:- [x] [P2-CSS-TokenFirst] Preserved token/UnoCSS generated styles outside global px-to-rem conversion by adding file-level UnoCSS exclusions without authored CSS rewrites; validation: `M8-20260529-081500-final-web-demo-type-check.log` and `M8-20260529-081515-final-pnpm-build-web-demo.log`.
.ai/runtime/repair_list.md:316:- [x] [P2-CSS-PrimeVue] Preserved `node_modules` exclusion for PrimeVue and third-party CSS; build validation passed in `M8-20260529-081515-final-pnpm-build-web-demo.log`.
.ai/runtime/repair_list.md:317:- [x] [P2-CSS-BuildPluginCompatibility] Added build plugin compatibility notes and removed active `vite-plugin-progress` usage without changing functional build plugins.
.ai/runtime/repair_list.md:320:- [x] [P2-CSS-Mobile] Captured production mobile screenshots for `/login` and dashboard after the CSS config change; evidence: `screenshots/M8-login-mobile.png`, `screenshots/M8-dashboard-mobile.png`, and `reports/M8-production-screenshot-metrics.json`.
.ai/runtime/repair_list.md:342:- [x] [P2-GitHub-BranchProtection] Documented recommended `main` branch protection in D-008 and the M7 report; no remote GitHub settings were changed.
.ai/runtime/repair_list.md:344:- [x] [P2-GitHub-Codeowners] D-023 FORMALLY_RESOLVED by operator decision: GitHub template/CODEOWNERS refinements are not Full GO prerequisites; current local governance remains sufficient, and no .github or remote change is authorized. Evidence: docs/ai-runs/20260601-221034-ccd-full-remediation-d023-g02-closure/reports/g02-closure-table.md.
.ai/runtime/repair_list.md:345:- [x] [P2-GitHub-Templates] D-023 FORMALLY_RESOLVED by operator decision: GitHub template/CODEOWNERS refinements are not Full GO prerequisites; current local governance remains sufficient, and no .github or remote change is authorized. Evidence: docs/ai-runs/20260601-221034-ccd-full-remediation-d023-g02-closure/reports/g02-closure-table.md.
.ai/runtime/repair_list.md:347:- [x] [P2-GitHub-Dependencies] Recorded dependency modernization policy in D-006 and M7 report; no dependency automation or upgrades were added without approval.
.ai/runtime/repair_list.md:353:2026-05-30 P3 execution audit: no Login Diorama source lane was started because M11 operator approval and prerequisite stability are still missing. Evidence lives under `docs/ai-runs/20260530-114939-ccd-p3-feature-and-runtime-refactors/`.
.ai/runtime/repair_list.md:366:- [x] [P3-Login-Rules] D-023 FORMALLY_RESOLVED by product/operator decision: Login Diorama is not a Full GO prerequisite; current login behavior remains canonical; no login files were edited.
.ai/runtime/repair_list.md:367:- [x] [P3-Login-Context] D-023 FORMALLY_RESOLVED by product/operator decision: Login Diorama is not a Full GO prerequisite; current login behavior remains canonical; top-K login implementation context was not built because the lane is not approved.
.ai/runtime/repair_list.md:368:- [x] [P3-Login-PrimeVue] D-023 FORMALLY_RESOLVED by product/operator decision: Login Diorama is not a Full GO prerequisite; current login behavior remains canonical; PrimeVue API verification is deferred until an approved login lane.
.ai/runtime/repair_list.md:369:- [x] [P3-Login-Constraints] D-023 FORMALLY_RESOLVED by product/operator decision: Login Diorama is not a Full GO prerequisite; current login behavior remains canonical; no login implementation changes were made.
.ai/runtime/repair_list.md:373:- [x] [P3-Login-Layout] D-023 FORMALLY_RESOLVED by product/operator decision: Login Diorama is not a Full GO prerequisite; current login behavior remains canonical; Login Diorama layout was not implemented.
.ai/runtime/repair_list.md:374:- [x] [P3-Login-Composition] D-023 FORMALLY_RESOLVED by product/operator decision: Login Diorama is not a Full GO prerequisite; current login behavior remains canonical; brand/layout composition was not changed.
.ai/runtime/repair_list.md:375:- [x] [P3-Login-Password] D-023 FORMALLY_RESOLVED by product/operator decision: Login Diorama is not a Full GO prerequisite; current login behavior remains canonical; password shell was not changed.
.ai/runtime/repair_list.md:376:- [x] [P3-Login-Depth] D-023 FORMALLY_RESOLVED by product/operator decision: Login Diorama is not a Full GO prerequisite; current login behavior remains canonical; dark-mode elevation was not changed.
.ai/runtime/repair_list.md:377:- [x] [P3-Login-VisualNoise] D-023 FORMALLY_RESOLVED by product/operator decision: Login Diorama is not a Full GO prerequisite; current login behavior remains canonical; visual hierarchy was not changed.
.ai/runtime/repair_list.md:378:- [x] [P3-Login-Shell] D-023 FORMALLY_RESOLVED by product/operator decision: Login Diorama is not a Full GO prerequisite; current login behavior remains canonical; panel shell was not changed.
.ai/runtime/repair_list.md:379:- [x] [P3-Login-Grid] D-023 FORMALLY_RESOLVED by product/operator decision: Login Diorama is not a Full GO prerequisite; current login behavior remains canonical; panel grid was not changed.
.ai/runtime/repair_list.md:380:- [x] [P3-Login-FormZone] D-023 FORMALLY_RESOLVED by product/operator decision: Login Diorama is not a Full GO prerequisite; current login behavior remains canonical; form zone was not changed.
.ai/runtime/repair_list.md:381:- [x] [P3-Login-StageZone] D-023 FORMALLY_RESOLVED by product/operator decision: Login Diorama is not a Full GO prerequisite; current login behavior remains canonical; character stage zone was not changed.
.ai/runtime/repair_list.md:382:- [x] [P3-Login-Breakout] D-023 FORMALLY_RESOLVED by product/operator decision: Login Diorama is not a Full GO prerequisite; current login behavior remains canonical; character breakout positioning was not changed.
.ai/runtime/repair_list.md:383:- [x] [P3-Login-TopControls] D-023 FORMALLY_RESOLVED by product/operator decision: Login Diorama is not a Full GO prerequisite; current login behavior remains canonical; top controls were not changed.
.ai/runtime/repair_list.md:384:- [x] [P3-Login-BottomLinks] D-023 FORMALLY_RESOLVED by product/operator decision: Login Diorama is not a Full GO prerequisite; current login behavior remains canonical; bottom links were not changed.
.ai/runtime/repair_list.md:388:- [x] [P3-Login-ProForm] D-023 FORMALLY_RESOLVED by product/operator decision: Login Diorama is not a Full GO prerequisite; current login behavior remains canonical; ProForm integration was not changed.
.ai/runtime/repair_list.md:389:- [x] [P3-Login-Presets] D-023 FORMALLY_RESOLVED by product/operator decision: Login Diorama is not a Full GO prerequisite; current login behavior remains canonical; demo account presets were not changed.
.ai/runtime/repair_list.md:390:- [x] [P3-Login-Username] D-023 FORMALLY_RESOLVED by product/operator decision: Login Diorama is not a Full GO prerequisite; current login behavior remains canonical; username focus wiring was not changed.
.ai/runtime/repair_list.md:391:- [x] [P3-Login-PasswordState] D-023 FORMALLY_RESOLVED by product/operator decision: Login Diorama is not a Full GO prerequisite; current login behavior remains canonical; password reaction state was not changed.
.ai/runtime/repair_list.md:392:- [x] [P3-Login-PasswordShell] D-023 FORMALLY_RESOLVED by product/operator decision: Login Diorama is not a Full GO prerequisite; current login behavior remains canonical; password shell was not rebuilt.
.ai/runtime/repair_list.md:393:- [x] [P3-Login-Submit] D-023 FORMALLY_RESOLVED by product/operator decision: Login Diorama is not a Full GO prerequisite; current login behavior remains canonical; submit flow was not changed.
.ai/runtime/repair_list.md:394:- [x] [P3-Login-Feedback] D-023 FORMALLY_RESOLVED by product/operator decision: Login Diorama is not a Full GO prerequisite; current login behavior remains canonical; login failure feedback was not changed.
.ai/runtime/repair_list.md:398:- [x] [P3-Login-Reuse] D-023 FORMALLY_RESOLVED by product/operator decision: Login Diorama is not a Full GO prerequisite; current login behavior remains canonical; `AnimatedCharacters` was not changed.
.ai/runtime/repair_list.md:399:- [x] [P3-Login-Scaling] D-023 FORMALLY_RESOLVED by product/operator decision: Login Diorama is not a Full GO prerequisite; current login behavior remains canonical; character stage scaling was not changed.
.ai/runtime/repair_list.md:400:- [x] [P3-Login-Floor] D-023 FORMALLY_RESOLVED by product/operator decision: Login Diorama is not a Full GO prerequisite; current login behavior remains canonical; stage floor/shadow was not added.
.ai/runtime/repair_list.md:401:- [x] [P3-Login-Overflow] D-023 FORMALLY_RESOLVED by product/operator decision: Login Diorama is not a Full GO prerequisite; current login behavior remains canonical; overflow behavior was not changed.
.ai/runtime/repair_list.md:402:- [x] [P3-Login-ReducedMotion] D-023 FORMALLY_RESOLVED by product/operator decision: Login Diorama is not a Full GO prerequisite; current login behavior remains canonical; motion behavior was not changed.
.ai/runtime/repair_list.md:406:- [x] [P3-Login-Tokens] D-023 FORMALLY_RESOLVED by product/operator decision: Login Diorama is not a Full GO prerequisite; current login behavior remains canonical; no login token usage was changed.
.ai/runtime/repair_list.md:407:- [x] [P3-Login-Sizing] D-023 FORMALLY_RESOLVED by product/operator decision: Login Diorama is not a Full GO prerequisite; current login behavior remains canonical; no login sizing was changed.
.ai/runtime/repair_list.md:408:- [x] [P3-Login-Shortcuts] D-023 FORMALLY_RESOLVED by product/operator decision: Login Diorama is not a Full GO prerequisite; current login behavior remains canonical; no UnoCSS shortcuts were added.
.ai/runtime/repair_list.md:409:- [x] [P3-Login-Borders] D-023 FORMALLY_RESOLVED by product/operator decision: Login Diorama is not a Full GO prerequisite; current login behavior remains canonical; no border utilities were changed.
.ai/runtime/repair_list.md:410:- [x] [P3-Login-ZIndex] D-023 FORMALLY_RESOLVED by product/operator decision: Login Diorama is not a Full GO prerequisite; current login behavior remains canonical; no z-index strategy was changed.
.ai/runtime/repair_list.md:411:- [x] [P3-Login-RuleOf7] D-023 FORMALLY_RESOLVED by product/operator decision: Login Diorama is not a Full GO prerequisite; current login behavior remains canonical; no login template utilities were changed.
.ai/runtime/repair_list.md:412:- [x] [P3-Login-Deep] D-023 FORMALLY_RESOLVED by product/operator decision: Login Diorama is not a Full GO prerequisite; current login behavior remains canonical; no new `:deep(.p-*)` selectors were added.
.ai/runtime/repair_list.md:416:- [x] [P3-Login-Desktop] D-023 FORMALLY_RESOLVED by product/operator decision: Login Diorama is not a Full GO prerequisite; current login behavior remains canonical; desktop diorama layout was not implemented.
.ai/runtime/repair_list.md:417:- [x] [P3-Login-Tablet] D-023 FORMALLY_RESOLVED by product/operator decision: Login Diorama is not a Full GO prerequisite; current login behavior remains canonical; tablet layout was not changed.
.ai/runtime/repair_list.md:418:- [x] [P3-Login-Mobile] D-023 FORMALLY_RESOLVED by product/operator decision: Login Diorama is not a Full GO prerequisite; current login behavior remains canonical; mobile layout was not changed.
.ai/runtime/repair_list.md:419:- [x] [P3-Login-MobileGrid] D-023 FORMALLY_RESOLVED by product/operator decision: Login Diorama is not a Full GO prerequisite; current login behavior remains canonical; mobile grid behavior was not changed.
.ai/runtime/repair_list.md:420:- [x] [P3-Login-SafeArea] D-023 FORMALLY_RESOLVED by product/operator decision: Login Diorama is not a Full GO prerequisite; current login behavior remains canonical; safe-area behavior was not changed.
.ai/runtime/repair_list.md:424:- [x] [P3-Login-Static] D-023 FORMALLY_RESOLVED by product/operator decision: Login Diorama is not a Full GO prerequisite; current login behavior remains canonical; no login code changes were made, so focused eslint was not applicable.
.ai/runtime/repair_list.md:425:- [x] [P3-Login-Type] D-023 FORMALLY_RESOLVED by product/operator decision: Login Diorama is not a Full GO prerequisite; current login behavior remains canonical; no focused refactor was made, so login-specific type validation was not applicable.
.ai/runtime/repair_list.md:426:- [x] [P3-Login-Governance] D-023 FORMALLY_RESOLVED by product/operator decision: Login Diorama is not a Full GO prerequisite; current login behavior remains canonical; no imports, boundaries, or runtime adapters were touched.
.ai/runtime/repair_list.md:427:- [x] [P3-Login-Browser] D-023 FORMALLY_RESOLVED by product/operator decision: Login Diorama is not a Full GO prerequisite; current login behavior remains canonical; no Login Diorama screenshots were captured for an unimplemented refactor.
.ai/runtime/repair_list.md:428:- [x] [P3-Login-Responsive] D-023 FORMALLY_RESOLVED by product/operator decision: Login Diorama is not a Full GO prerequisite; current login behavior remains canonical; responsive Diorama validation was not applicable.
.ai/runtime/repair_list.md:429:- [x] [P3-Login-Interaction] D-023 FORMALLY_RESOLVED by product/operator decision: Login Diorama is not a Full GO prerequisite; current login behavior remains canonical; interaction validation was not applicable.
.ai/runtime/repair_list.md:430:- [x] [P3-Login-Regression] D-023 FORMALLY_RESOLVED by product/operator decision: Login Diorama is not a Full GO prerequisite; current login behavior remains canonical; password-shell regression validation was not applicable.
.ai/runtime/repair_list.md:448:- [x] [P4-NewOrganization-Deferred] D-023 FORMALLY_RESOLVED by owner decision: strategic expansion work is not a Full GO prerequisite and remains future-charter work outside this remediation program. Evidence: docs/ai-runs/20260601-221034-ccd-full-remediation-d023-g02-closure/reports/g02-closure-table.md.
.ai/runtime/repair_list.md:449:- [x] [P4-Starter-Deferred] D-023 FORMALLY_RESOLVED by owner decision: strategic expansion work is not a Full GO prerequisite and remains future-charter work outside this remediation program. Evidence: docs/ai-runs/20260601-221034-ccd-full-remediation-d023-g02-closure/reports/g02-closure-table.md.
.ai/runtime/repair_list.md:450:- [x] [P4-DesignSystem-Deferred] D-023 FORMALLY_RESOLVED by owner decision: strategic expansion work is not a Full GO prerequisite and remains future-charter work outside this remediation program. Evidence: docs/ai-runs/20260601-221034-ccd-full-remediation-d023-g02-closure/reports/g02-closure-table.md.
.ai/runtime/repair_list.md:451:- [x] [P4-RekaUI-Deferred] D-023 FORMALLY_RESOLVED by owner decision: strategic expansion work is not a Full GO prerequisite and remains future-charter work outside this remediation program. Evidence: docs/ai-runs/20260601-221034-ccd-full-remediation-d023-g02-closure/reports/g02-closure-table.md.
.ai/runtime/repair_list.md:452:- [x] [P4-TanStackQuery-Deferred] D-023 FORMALLY_RESOLVED by owner decision: strategic expansion work is not a Full GO prerequisite and remains future-charter work outside this remediation program. Evidence: docs/ai-runs/20260601-221034-ccd-full-remediation-d023-g02-closure/reports/g02-closure-table.md.
.ai/runtime/repair_list.md:453:- [x] [P4-DesktopDriftCI] D-023 FORMALLY_RESOLVED by owner/operator decision: desktop drift CI is not a Full GO prerequisite; manual desktop validation remains sufficient until a future CI lane is approved. Evidence: docs/ai-runs/20260601-221034-ccd-full-remediation-d023-g02-closure/reports/g02-closure-table.md.
.ai/runtime/repair_list.md:481:8. Run isolated Vite 8 compatibility lane.
docs/ai-plan/PROPOSED_FILE_STRUCTURE.md:17:    FINAL_GO_NO_GO.md
docs/ai-plan/PROPOSED_FILE_STRUCTURE.md:46:- `FINAL_GO_NO_GO.md`: final decision template.
docs/ai-plan/DECISIONS.md:142:- `C-06` remains `OPEN` because app direct imports still depend on exact allowlists and the `apps/web-demo/src/views/example/components/primevue-collection/**` showcase exception.
docs/ai-plan/DECISIONS.md:143:- `apps/web-demo/src/hooks/modules/useProTableUrlSync.ts` and `apps/web-demo/src/plugins/modules/protable.ts` are classified as app-local ProTable URL-sync compatibility surfaces (`B-12`); router coupling stays in the app and is injected into `@ccd/vue-ui`.
docs/ai-plan/DECISIONS.md:144:- App-local classification does not approve indefinite app ownership. M5 owns safeStorage/theme/size/device cleanup planning.
docs/ai-plan/DECISIONS.md:145:- Evidence: `docs/ai-runs/20260531-104447-ccd-m4-primevue-app-local-classification/reports/`.
docs/ai-plan/DECISIONS.md:339:## D-016 — B-07 safeStorage crypto owner decision
docs/ai-plan/DECISIONS.md:343:- Approved option: **Option A** — keep crypto/HMAC/obfuscation/Web Crypto implementation app-owned under `apps/web-demo/src/utils/safeStorage/crypto.ts`
docs/ai-plan/DECISIONS.md:348:`apps/web-demo/src/utils/safeStorage/crypto.ts` owns AES/HMAC behavior, Web Crypto fallback, `crypto-es`, and app logger coupling. M5 marked `B-07` as `BLOCKED` because moving this implementation into `packages/core`, `packages/contracts`, or a shared package without an owner decision would blur runtime and security boundaries.
docs/ai-plan/DECISIONS.md:352:1. Keep crypto/HMAC/obfuscation app-owned; move only pure JSON/storage serialization helpers later.
docs/ai-plan/DECISIONS.md:356:5. Defer all safeStorage crypto movement and extract non-crypto codec helpers first.
docs/ai-plan/DECISIONS.md:362:Crypto/HMAC/obfuscation/Web Crypto implementation remains permanently app-owned under `apps/web-demo/src/utils/safeStorage/crypto.ts` and app adapters. Pure JSON codec helpers remain in `@ccd/shared-utils` (already established by M7). Compression remains app-owned per D-019 (B-08 Option A).
docs/ai-plan/DECISIONS.md:368:The non-crypto codec/compression work can reduce app-local residue without touching security-sensitive runtime behavior. `packages/contracts` may hold type-only shapes only after an approved API need exists. `packages/core` has no proven crypto orchestration need.
docs/ai-plan/DECISIONS.md:373:- Option 3 is rejected now because `packages/core` must remain a minimal runtime-neutral facade and no multi-runtime orchestration value is proven.
docs/ai-plan/DECISIONS.md:378:- Persisted storage payload compatibility can regress if codec boundaries change without fixtures.
docs/ai-plan/DECISIONS.md:380:- Leaving crypto app-owned keeps `B-07` blocked until the owner records the final ownership decision.
docs/ai-plan/DECISIONS.md:386:- focused safeStorage round-trip and key-rotation tests
docs/ai-plan/DECISIONS.md:388:- Pinia serializer compatibility tests
docs/ai-plan/DECISIONS.md:409:- Authorization effect at time of review: `B-07` remained `BLOCKED` for crypto ownership.
docs/ai-plan/DECISIONS.md:411:### M7 safeStorage codec foundation note
docs/ai-plan/DECISIONS.md:413:> **Historical (superseded):** Pre-P1 M7 snapshot. Authoritative status is recorded in **P1 post-M16 owner decision (2026-06-01)** below.
docs/ai-plan/DECISIONS.md:416:- M7 established the non-crypto JSON codec foundation as already package-owned by `@ccd/shared-utils` and already consumed by `apps/web-demo/src/utils/safeStorage/core.ts`.
docs/ai-plan/DECISIONS.md:417:- M7 did not move compression because `@ccd/shared-utils` does not declare `lz-string` and this lane forbids package manifest/lockfile changes.
docs/ai-plan/DECISIONS.md:418:- M7 did not move or modify AES, HMAC, Web Crypto, obfuscation-key resolution, app logger wiring, `import.meta.env`, browser storage, or Pinia serializer behavior.
docs/ai-plan/DECISIONS.md:419:- Decision log status at time of review: `PROPOSED`; `B-07` remained `BLOCKED`.
docs/ai-plan/DECISIONS.md:421:### M7a validation closure note
docs/ai-plan/DECISIONS.md:423:> **Historical (superseded):** Pre-P1 M7a snapshot. Authoritative status is recorded in **P1 post-M16 owner decision (2026-06-01)** below.
docs/ai-plan/DECISIONS.md:426:- M7a repaired the test-only cwd-sensitive path in `apps/web-demo/src/utils/http/requestLayer.spec.ts` that made `pnpm --filter @ccd/web-demo test` resolve `apps/web-demo/apps/web-demo/src/utils/http`.
docs/ai-plan/DECISIONS.md:427:- The repair changed only test path normalization. It did not change HTTP runtime behavior, safeStorage runtime behavior, package manifests, lockfile, generated outputs manually, AES, HMAC, Web Crypto, obfuscation-key resolution, app logger wiring, `import.meta.env`, browser storage, or Pinia serializer behavior.
docs/ai-plan/DECISIONS.md:428:- M7 strict validation is now closed as `M7_SCOPE_ACCEPTED_VALIDATION_CLOSED`.
docs/ai-plan/DECISIONS.md:429:- Decision log status at time of review: `PROPOSED`; `B-07` remained `BLOCKED`.
docs/ai-plan/DECISIONS.md:431:### M8 theme-size resolver note
docs/ai-plan/DECISIONS.md:433:> **Historical (superseded):** Pre-P1 M8 snapshot. Authoritative status is recorded in **P1 post-M16 owner decision (2026-06-01)** below.
docs/ai-plan/DECISIONS.md:436:- M8 did not move or modify safeStorage crypto, HMAC, Web Crypto, compression ownership, obfuscation-key resolution, app logger wiring, `import.meta.env`, browser storage ownership, or Pinia serializer behavior.
docs/ai-plan/DECISIONS.md:437:- Decision log status at time of review: `PROPOSED`; `B-07` remained `BLOCKED`.
docs/ai-plan/DECISIONS.md:445:- Decision log status at time of review: `PROPOSED`; `B-07` remained `BLOCKED`.
docs/ai-plan/DECISIONS.md:454:- Decision log status at time of review: `PROPOSED`; `B-07` remained `BLOCKED`.
docs/ai-plan/DECISIONS.md:461:- Approved scope: crypto/HMAC/Web Crypto/obfuscation-key resolution remain app-owned; no crypto migration into packages.
docs/ai-plan/DECISIONS.md:462:- Authorization effect: `D-016` is `APPROVED`; `B-07` is resolved as app-owned terminal boundary (`DONE` in architecture issue repair log).
docs/ai-plan/DECISIONS.md:463:- Non-crypto safeStorage cleanup may proceed in P4 only within approved non-crypto scope.
docs/ai-plan/DECISIONS.md:467:## D-017 — C-06 PrimeVue allowlist reduction strategy
docs/ai-plan/DECISIONS.md:476:M4 classified current PrimeVue imports and M5 found 0 allowlist rows removable without source migration. `C-06` remains `OPEN` because app direct imports still depend on exact allowlists, generated typing, app shell/plugin exceptions, and the path-scoped showcase exception.
docs/ai-plan/DECISIONS.md:535:- Authorization effect at time of review: `C-06` remained `OPEN`; `M12-primevue-allowlist-reduction` remained blocked.
docs/ai-plan/DECISIONS.md:543:- Decision log status at time of review: `PROPOSED`; `C-06` remained `OPEN`.
docs/ai-plan/DECISIONS.md:552:- Decision log status at time of review: `PROPOSED`; `C-06` remained `OPEN`.
docs/ai-plan/DECISIONS.md:566:- Authorization effect: `M12-primevue-allowlist-reduction` is **APPROVED** and unlocked for P14 implementation; `C-06` remains `OPEN` until reduction completes or owner accepts residual debt; Options A+D guard posture remains in force for new non-showcase imports.
docs/ai-plan/DECISIONS.md:572:- Implementation result: exact allowlist reduced 13→8 rows via E1/E2 adapter and vue-ui facades; E4 boundary review only; E3 showcase remains deferred per Option D.
docs/ai-plan/DECISIONS.md:573:- Issue status: `C-06` remains `OPEN` (residual); `M12` is `PARTIAL`. This is **reduction progress**, not full resolution of `C-06`.
docs/ai-plan/DECISIONS.md:575:### P16 post-P15 owner acceptance — C-06 residual debt (2026-06-01)
docs/ai-plan/DECISIONS.md:580:- Distinction: **accepted residual debt** (basis for `CONDITIONAL_GO`) is not the same as **resolved issue** (`C-06` remains `OPEN`) or **full GO** (not authorized while this debt persists).
docs/ai-plan/DECISIONS.md:600:- Distinction: **accepted deferred debt** (basis for `CONDITIONAL_GO` completion gate G-03) is not the same as **resolved issue** (ledger tasks not closed) or **full GO** (not authorized while open count persists).
docs/ai-plan/DECISIONS.md:615:## D-019 — B-08 safeStorage compression owner decision
docs/ai-plan/DECISIONS.md:619:- Approved option: **Option A** — keep `lz-string` compression app-owned under `apps/web-demo/src/utils/safeStorage/lzstring.ts`
docs/ai-plan/DECISIONS.md:623:M7 found compression is pure but depends on `lz-string`, which is declared only in `apps/web-demo/package.json`. Moving compression to `@ccd/shared-utils` would require manifest and lockfile changes plus persisted-format parity tests.
docs/ai-plan/DECISIONS.md:629:Compression remains app-owned. Do not add `lz-string` to `@ccd/shared-utils` in this program. P5 compression migration lane is skipped.
docs/ai-plan/DECISIONS.md:633:- `B-08` resolves as app-owned terminal boundary (`DONE` in architecture issue repair log).
docs/ai-plan/DECISIONS.md:643:## D-018 — M8 design-tokens size resolver public API
docs/ai-plan/DECISIONS.md:650:M8 was explicitly authorized as the `theme-size resolver foundation execution and evidence lane`. The lane required moving or exposing only runtime-neutral theme/size calculation while preserving app-owned DOM, storage, preload, and Pinia behavior.
docs/ai-plan/DECISIONS.md:664:`apps/web-demo/src/utils/theme/sizeEngine.ts` remains the app compatibility facade and may delegate to these package helpers. DOM writes, preload, `localStorage`, browser device collection, and Pinia stores remain app-owned.
docs/ai-plan/DECISIONS.md:666:This decision does not approve package manifest changes, lockfile changes, DOM/preload migration, store migration, PrimeVue allowlist reduction, safeStorage crypto movement, or runtime enforcement weakening.
docs/ai-plan/DECISIONS.md:671:- app size facade spec
docs/ai-plan/DECISIONS.md:685:## D-019 — M10 vue-app-platform layout visibility reducer public API
docs/ai-plan/DECISIONS.md:692:M10 was authorized only for runtime-neutral pure state helper extraction from system stores. The layout store contained deterministic parent/child module visibility constraints, per-mode hidden-module constraints, and restore-cache behavior embedded inside Pinia actions.
docs/ai-plan/DECISIONS.md:703:`apps/web-demo/src/stores/modules/system/layout.ts` remains the Pinia owner and delegates only pure visibility reduction. Store ID, state shape, persisted key/pick list, `syncAction`, loading counters, mobile drawer runtime state, device-store dependency, and app singleton access remain app-owned.
docs/ai-plan/DECISIONS.md:726:## D-020 — M11 hook-facade convergence verification
docs/ai-plan/DECISIONS.md:733:M11 was authorized only for behavior-preserving app hook/facade convergence. The inspected surfaces were `useAutoMitt`, `useDialog`, `useProTableUrlSync`, and the ProForm/ProTable plugin integration shells.
docs/ai-plan/DECISIONS.md:737:Do not move production behavior in M11:
docs/ai-plan/DECISIONS.md:740:- `apps/web-demo/src/hooks/modules/useDialog.tsx` stays as the app translated dialog convenience facade over `@ccd/vue-ui` dialog core.
docs/ai-plan/DECISIONS.md:742:- `apps/web-demo/src/plugins/modules/proform.ts` and `apps/web-demo/src/plugins/modules/protable.ts` stay app-owned capability injection shells.
docs/ai-plan/DECISIONS.md:744:M11 adds focused tests for current facade behavior and records eligibility evidence. This does not mark `B-01`, `B-02`, or `B-12` resolved.
docs/ai-plan/DECISIONS.md:748:This decision does not approve package manifest changes, lockfile changes, raw PrimeVue export changes, PrimeVue allowlist reduction, dialog UX changes, ProTable URL query behavior changes, or moving app router/i18n/storage/date capabilities into packages.
docs/ai-plan/DECISIONS.md:754:- focused app facade Vitest specs
docs/ai-plan/DECISIONS.md:760:- `docs/ai-runs/20260531-192122-ccd-m11-hook-facade-convergence/reports/hook-facade-eligibility.md`
docs/ai-plan/DECISIONS.md:761:- `docs/ai-runs/20260531-192122-ccd-m11-hook-facade-convergence/reports/summary.md`
docs/ai-plan/DECISIONS.md:776:Root theme tooling must consume `@ccd/design-tokens/theme-engine` public exports for pure theme color, generation, and contrast validation helpers. The app theme utilities remain app compatibility/runtime facades and must not be imported by root scripts.
docs/ai-plan/DECISIONS.md:834:- `docs/ai-runs/20260529-070550-ccd-architecture-repair/reports/M7-governance-github.md`
docs/ai-plan/DECISIONS.md:886:M7 inventory found local GitHub governance files already present:
docs/ai-plan/DECISIONS.md:926:- `docs/ai-runs/20260529-070550-ccd-architecture-repair/command-logs/M7-T1-20260529-075728-governance-github-inventory.log`
docs/ai-plan/DECISIONS.md:927:- `docs/ai-runs/20260529-070550-ccd-architecture-repair/reports/M7-governance-github.md`
docs/ai-plan/DECISIONS.md:941:`packages/core` remains a minimal runtime-neutral orchestration/facade package and may depend only on `@ccd/contracts`.
docs/ai-plan/DECISIONS.md:1039:- `DOC-003` and runtime-ledger `P3-Login-*` remain deferred/blocked pending M11 product/owner approval and prerequisite stability.
docs/ai-plan/DECISIONS.md:1052:## P17 note — C-06 residual PrimeVue exact allowlist reduction (no approval-semantics change)
docs/ai-plan/DECISIONS.md:1059:P17 executed one narrow, authorized residual-reduction slice against C-06 after P16a/P16d. It continues the D-017 Option E staged PrimeVue allowlist reduction (the same mechanism used by P14 E1/E2/E4).
docs/ai-plan/DECISIONS.md:1063:- Added adapter-owned type facade `PrimeVuePopoverInstance = InstanceType<typeof Popover>` in `packages/vue-primevue-adapter/src/overlayTypes.ts`, exported from the adapter public surface (mirroring the existing `PrimeVueTieredMenuInstance` facade).
docs/ai-plan/DECISIONS.md:1064:- Replaced the type-only direct import `import type Popover from 'primevue/popover'` in `apps/web-demo/src/views/example/system-configuration/layout.vue` with the adapter facade.
docs/ai-plan/DECISIONS.md:1070:- C-06 remains `OPEN` owner-accepted residual debt (7 exact rows + showcase remain).
docs/ai-plan/DECISIONS.md:1071:- M12 remains `PARTIAL`. G-02 remains `ACCEPTED_DEFERRED_DEBT`. Final status remains `CONDITIONAL_GO`. Full GO remains unauthorized.
docs/ai-plan/DECISIONS.md:1086:ID note: the menu identifiers `D-020`–`D-024` are P23 residual-debt closure-lane labels and are recorded here as menu items only. They intentionally do **not** reuse the existing `## D-020` (M11) / `## D-021` (M13a) decision headings above; the canonical menu lives in `docs/ai-runs/20260601-173110-ccd-p23-conditional-go-residual-debt-final-review/reports/future-owner-decision-menu.md`. Listing here adds future decision options without approving them and does not change `CONDITIONAL_GO`, C-06, G-02, or M12.
docs/ai-plan/DECISIONS.md:1088:- **D-020 (PROPOSED) — PrimeVue bootstrap install adapter lane (C-06 R1/R4):** introduce an adapter-owned `installPrimeVueRuntime` bootstrap API and migrate desktop + web plugin installs together, preserving locale/size-store coupling and the dialog runtime provide. Decision owner: owner. Risk: high. Not approved.
docs/ai-plan/DECISIONS.md:1089:- **D-021 (PROPOSED) — PrimeVue build resolver / generated registry lane (C-06 R2/R5):** move `PrimeVueResolver` into a governed build package or change the `unplugin-vue-components` resolver/registry so generated types reference `@ccd/vue-ui`/adapter facades, then regenerate `components.d.ts`. Decision owner: operator + owner. Risk: high. Not approved.
docs/ai-plan/DECISIONS.md:1090:- **D-022 (PROPOSED) — AppPrimeVueGlobals global shell facade lane (C-06 R3):** provide adapter/vue-ui Toast/ConfirmPopup/DynamicDialog shell facades + composable re-exports preserving the six Toast groups, locale watch, route dialog reset, and `window.$toast`/`$message`, then migrate the layout host off direct imports. Decision owner: owner. Risk: high. Not approved.
docs/ai-plan/DECISIONS.md:1091:- **D-023 (PROPOSED) — G-02 operator/product closure wave (78 tasks):** open separate owner/operator/product lanes per task group (P1-Guard owner Decisions 2/3/4+signoff; P2-Vite8 isolated branch; P2-Deps single dependency lanes; P2-GitHub `.github/**` approval; P3-Login M11 product/operator approval; P4 strategic owner decisions + desktop drift CI scope), closing tasks only with evidence per closure rules 1–8. Decision owner: owner + operator + product. Risk: medium-to-high. Not approved.
docs/ai-plan/DECISIONS.md:1094:Until an owner/operator/product records a decision for any item above, `CONDITIONAL_GO` holds and full GO stays unauthorized.
docs/ai-plan/DECISIONS.md:1106:| D-022 (global shell facade R3)                    | NO_DECISION        | PROPOSED      |
docs/ai-plan/DECISIONS.md:1110:- Authorization effect: none of D-020–D-024 are approved, rejected, or deferred by P24. C-06, G-02, M12, and `CONDITIONAL_GO` semantics unchanged. Full GO remains unauthorized.
docs/ai-plan/DECISIONS.md:1125:| D-022 (global shell facade R3)                    | APPROVED           | APPROVED      | D-022 AppPrimeVueGlobals global shell facade     |
docs/ai-plan/DECISIONS.md:1129:- Authorization effect: source migration may proceed only inside the approved lane scope and only after lane inventory evidence. Package manifest, lockfile, dependency, destructive Git, Clawd/theme, safeStorage crypto/HMAC/WebCrypto ownership, and lz-string ownership changes remain forbidden unless separately proven and approved.
docs/ai-plan/DECISIONS.md:1130:- Full GO effect: no immediate GO. `CONDITIONAL_GO` remains the current state until C-06/G-02/M12 are resolved or formally closed with evidence and the final validation matrix passes.
docs/ai-plan/DECISIONS.md:1136:- Decision executed: D-020 PrimeVue bootstrap install adapter lane for C-06 R1/R4.
docs/ai-plan/DECISIONS.md:1139:- Compatibility effect: PrimeVue config order, service installation, tooltip directive registration, locale, size source, and web dialog runtime provide semantics are preserved. `PRIME_DIALOG_RUNTIME_CONFIG_KEY` remains app-owned.
docs/ai-plan/DECISIONS.md:1140:- Remaining scope: C-06 still has 3 exact rows plus the showcase exception. D-021, D-022, D-023, and D-024 remain approved but not yet executed in this entry.
docs/ai-plan/DECISIONS.md:1141:- Full GO effect: no immediate GO. `CONDITIONAL_GO` remains current until all approved residual lanes are closed and the final validation matrix passes.
docs/ai-plan/DECISIONS.md:1146:- Decision executed: D-021 PrimeVue build resolver/generated registry lane for C-06 R2/R5.
docs/ai-plan/DECISIONS.md:1150:- Remaining scope: C-06 still has 1 exact row (`AppPrimeVueGlobals`) plus the showcase exception. D-022, D-023, and D-024 remain approved but not yet executed in this entry.
docs/ai-plan/DECISIONS.md:1151:- Full GO effect: no immediate GO. `CONDITIONAL_GO` remains current until the remaining residual lanes and the final validation matrix pass.
docs/ai-plan/DECISIONS.md:1156:- Decision executed: D-022 AppPrimeVueGlobals global shell facade lane for C-06 R3.
exit_code=0
