$ rg -n browser/runtime APIs in packages/apps
packages/vue-app-platform/src/preloader.dom.spec.ts:8:    document.body.innerHTML = ''
packages/vue-app-platform/src/preloader.dom.spec.ts:9:    document.documentElement.removeAttribute('data-app-ready')
packages/vue-app-platform/src/preloader.dom.spec.ts:10:    document.documentElement.removeAttribute('data-runtime-loading')
packages/vue-app-platform/src/preloader.dom.spec.ts:11:    document.documentElement.removeAttribute('data-preloader-state')
packages/vue-app-platform/src/preloader.dom.spec.ts:16:    document.body.innerHTML = '<div id="preloader-bg"></div>'
packages/vue-app-platform/src/preloader.dom.spec.ts:20:    const preloader = document.getElementById('preloader-bg')
packages/vue-app-platform/src/preloader.dom.spec.ts:21:    expect(document.documentElement.dataset.appReady).toBe('true')
packages/vue-app-platform/src/preloader.dom.spec.ts:22:    expect(document.documentElement.dataset.runtimeLoading).toBe('false')
packages/vue-app-platform/src/preloader.dom.spec.ts:23:    expect(document.documentElement.dataset.preloaderState).toBe('hidden')
packages/vue-app-platform/src/preloader.dom.spec.ts:28:    expect(document.getElementById('preloader-bg')).toBeNull()
apps/desktop/src/theme/index.ts:138:  const root = document.documentElement
apps/desktop/src/adapters/index.ts:8:import { invoke } from '@tauri-apps/api/core'
apps/desktop/src/adapters/index.ts:33:    return invoke('http_request', { request })
packages/vue-app-platform/src/preloadError.ts:15:  const storage = options.storage ?? window.sessionStorage
packages/vue-app-platform/src/preloadError.ts:16:  const reload = options.reload ?? (() => window.location.reload())
packages/vue-app-platform/src/preloadError.ts:32:  window.addEventListener('vite:preloadError', listener as EventListener)
packages/vue-app-platform/src/preloadError.ts:35:    window.removeEventListener('vite:preloadError', listener as EventListener)
apps/desktop/index.html:18:          var html = document.documentElement
apps/desktop/index.html:19:          var mode = localStorage.getItem('ccd:desktop:theme-mode') || 'auto'
apps/desktop/index.html:22:            (mode !== 'light' && window.matchMedia('(prefers-color-scheme: dark)').matches)
apps/desktop/package.json:28:    "@tauri-apps/api": "^2.9.1",
apps/desktop/package.json:40:    "@tauri-apps/cli": "^2.9.1"
apps/desktop/src/main.ts:26:    document.documentElement.dataset.preloaderState = 'visible'
apps/desktop/src/main.ts:43:  const preloader = document.getElementById('preloader-bg')
apps/desktop/src/main.ts:48:  const container = document.createElement('div')
apps/desktop/src/main.ts:54:  const title = document.createElement('p')
apps/desktop/src/main.ts:59:  const detail = document.createElement('p')
apps/desktop/src/main.ts:64:  const retryButton = document.createElement('button')
apps/desktop/src/main.ts:75:    window.location.reload()
apps/web-demo/index.html:26:          var params = new URLSearchParams(window.location.search)
apps/web-demo/index.html:29:            localStorage.getItem('%E2E_MODE_STORAGE_KEY%') ||
apps/web-demo/index.html:31:          var mode = localStorage.getItem('%THEME_MODE_STORAGE_KEY%') || '%DEFAULT_THEME_MODE%'
apps/web-demo/index.html:32:          var html = document.documentElement
apps/web-demo/index.html:43:            (mode === 'auto' && window.matchMedia('(prefers-color-scheme: dark)').matches) ||
apps/web-demo/index.html:141:          var savedPrimary = localStorage.getItem('%THEME_PRIMARY_STORAGE_KEY%')
apps/web-demo/index.html:143:            document.documentElement.style.setProperty('--primary', savedPrimary)
apps/web-demo/index.html:145:          var savedBg = localStorage.getItem('%THEME_BACKGROUND_STORAGE_KEY%')
apps/web-demo/index.html:147:            document.documentElement.style.setProperty('--background', savedBg)
packages/vue-app-platform/src/themeRuntime.spec.ts:14:    const target = document.createElement('div')
packages/vue-app-platform/src/themeRuntime.spec.ts:25:    const target = document.createElement('div')
apps/web-demo/src/main.ts:54:  const preloader = document.getElementById('preloader-bg')
apps/web-demo/src/main.ts:58:    const container = document.createElement('div')
apps/web-demo/src/main.ts:64:    const title = document.createElement('p')
apps/web-demo/src/main.ts:69:    const detail = document.createElement('p')
apps/web-demo/src/main.ts:74:    const retryButton = document.createElement('button')
apps/web-demo/src/main.ts:85:      window.location.reload()
apps/web-demo/src/App.vue:39:    document.documentElement.classList.toggle('app-resizing', resizing)
apps/web-demo/src/App.vue:57:  document.documentElement.classList.remove('app-resizing')
apps/web-demo/src/locales/index.ts:166:    document.documentElement.lang = locale
apps/web-demo/src/locales/index.ts:170:    document.documentElement.dir = localeInfo?.direction || 'ltr'
apps/web-demo/src/hooks/modules/useAuth.spec.ts:118:  window.$message = {
apps/web-demo/src/hooks/modules/useAuth.spec.ts:134:    delete window.$message
apps/web-demo/src/hooks/modules/useAuth.spec.ts:135:    delete window.$toast
apps/web-demo/src/hooks/modules/useThemeSwitch.ts:56:  const overlay = document.createElement('div')
apps/web-demo/src/hooks/modules/useThemeSwitch.ts:65:  document.body.appendChild(overlay)
apps/web-demo/src/hooks/modules/useThemeSwitch.ts:93:  document.documentElement.style.setProperty('--theme-transition-duration', `${durationMs}ms`)
apps/web-demo/src/hooks/modules/useThemeSwitch.ts:104:  const centerX = window.innerWidth / 2
apps/web-demo/src/hooks/modules/useThemeSwitch.ts:105:  const centerY = window.innerHeight / 2
apps/web-demo/src/hooks/modules/useThemeSwitch.ts:111:  document.documentElement.style.setProperty('--transition-x', `${centerX}px`)
apps/web-demo/src/hooks/modules/useThemeSwitch.ts:112:  document.documentElement.style.setProperty('--transition-y', `${centerY}px`)
apps/web-demo/src/hooks/modules/useThemeSwitch.ts:113:  document.documentElement.style.setProperty('--transition-radius', `${radius}px`)
apps/web-demo/src/hooks/modules/useThemeSwitch.ts:123:  const root = document.documentElement
apps/web-demo/src/hooks/modules/useThemeSwitch.ts:200:    const root = document.documentElement
apps/web-demo/src/hooks/modules/useThemeSwitch.ts:210:    const root = document.documentElement
apps/web-demo/src/hooks/modules/useThemeSwitch.ts:230:    void document.documentElement.offsetHeight
apps/web-demo/src/hooks/modules/useThemeSwitch.ts:233:      localStorage.setItem(RUNTIME_STORAGE_KEYS.themeMode, targetMode)
apps/web-demo/src/hooks/modules/useThemeSwitch.ts:322:    document.documentElement.setAttribute('data-transition', transitionModeToUse)
apps/web-demo/src/hooks/modules/useThemeSwitch.ts:336:      document.documentElement.classList.add('theme-transition')
apps/web-demo/src/hooks/modules/useThemeSwitch.ts:337:      document.documentElement.classList.add('is-view-transitioning')
apps/web-demo/src/hooks/modules/useThemeSwitch.ts:338:      document.documentElement.classList.add('theme-transition-recovery') // 关键：提前添加
apps/web-demo/src/hooks/modules/useThemeSwitch.ts:340:      const transition = document.startViewTransition(async () => {
apps/web-demo/src/hooks/modules/useThemeSwitch.ts:367:      document.documentElement.classList.remove('is-view-transitioning')
apps/web-demo/src/views/login/components/HeaderActions.vue:90:  document.addEventListener('mousedown', onDocumentPointerDown, true)
apps/web-demo/src/views/login/components/HeaderActions.vue:91:  window.addEventListener('keydown', onWindowKeydown)
apps/web-demo/src/views/login/components/HeaderActions.vue:95:  document.removeEventListener('mousedown', onDocumentPointerDown, true)
apps/web-demo/src/views/login/components/HeaderActions.vue:96:  window.removeEventListener('keydown', onWindowKeydown)
apps/web-demo/src/directives/auth.spec.ts:50:      const el = document.createElement('div')
apps/web-demo/src/directives/auth.spec.ts:60:      const el = document.createElement('div')
apps/web-demo/src/directives/auth.spec.ts:69:      const el = document.createElement('div')
apps/web-demo/src/directives/auth.spec.ts:84:      const el = document.createElement('div')
apps/web-demo/src/directives/auth.spec.ts:96:      const btn = document.createElement('button')
apps/web-demo/src/directives/auth.spec.ts:105:      const div = document.createElement('div')
apps/web-demo/src/directives/auth.spec.ts:115:      const btn = document.createElement('button')
apps/web-demo/src/directives/auth.spec.ts:130:      const el = document.createElement('div')
apps/web-demo/src/directives/auth.spec.ts:141:      const el = document.createElement('div')
packages/vue-hooks/src/useAppElementSize.ts:14: * - targetRef 为 `false` 时：默认监听 `document.documentElement` 尺寸（全局视口）
packages/vue-hooks/src/useAppElementSize.ts:90:      // 直接监听 document.documentElement
packages/vue-hooks/src/useAppElementSize.ts:91:      setupObserver(document.documentElement)
apps/web-demo/src/hooks/modules/useAuth.ts:108:  if (window.$message?.warn) {
apps/web-demo/src/hooks/modules/useAuth.ts:109:    window.$message.warn(message, title)
apps/web-demo/src/hooks/modules/useAuth.ts:113:  if (window.$toast?.dangerIn) {
apps/web-demo/src/hooks/modules/useAuth.ts:114:    window.$toast.dangerIn('top-center', title, message)
apps/web-demo/src/hooks/modules/useThemeSwitch.spec.ts:21:  if (globalThis.localStorage) return globalThis.localStorage
apps/web-demo/src/hooks/modules/useThemeSwitch.spec.ts:39:  Object.defineProperty(globalThis, 'localStorage', {
apps/web-demo/src/hooks/modules/useThemeSwitch.spec.ts:83:    document.documentElement.className = ''
apps/web-demo/src/hooks/modules/useThemeSwitch.spec.ts:84:    document.documentElement.style.cssText = ''
apps/web-demo/src/hooks/modules/useThemeSwitch.spec.ts:85:    document.documentElement.dataset.themeTransitioning = 'false'
apps/web-demo/src/hooks/modules/useThemeSwitch.spec.ts:86:    document.documentElement.removeAttribute('data-transition')
apps/web-demo/src/hooks/modules/useThemeSwitch.spec.ts:169:    expect(document.documentElement.dataset.themeTransitioning).toBe('false')
apps/web-demo/src/hooks/modules/useThemeSwitch.spec.ts:217:    expect(document.documentElement.style.getPropertyValue('--transition-x')).toBe('600px')
apps/web-demo/src/hooks/modules/useThemeSwitch.spec.ts:218:    expect(document.documentElement.style.getPropertyValue('--transition-y')).toBe('400px')
apps/web-demo/src/hooks/modules/useThemeSwitch.spec.ts:219:    expect(document.documentElement.style.getPropertyValue('--transition-radius')).toBe(
apps/web-demo/src/views/login/composables/useLoginSubmit.ts:71:      if (window.$toast?.dangerIn) {
apps/web-demo/src/views/login/composables/useLoginSubmit.ts:72:        window.$toast.dangerIn('top-center', t('login.errorTitle'), message)
apps/web-demo/src/utils/safeStorage/storageMaintenance.ts:15:  if (scope === 'local') return window.localStorage
apps/web-demo/src/utils/safeStorage/storageMaintenance.ts:16:  if (scope === 'session') return window.sessionStorage
apps/web-demo/src/utils/safeStorage/storageMaintenance.ts:38: * Safe-storage infrastructure boundary for bulk localStorage maintenance.
apps/web-demo/src/utils/safeStorage/storageMaintenance.ts:43:  if (typeof localStorage === 'undefined') return []
apps/web-demo/src/utils/safeStorage/storageMaintenance.ts:47:  for (let index = localStorage.length - 1; index >= 0; index -= 1) {
apps/web-demo/src/utils/safeStorage/storageMaintenance.ts:48:    const key = localStorage.key(index)
apps/web-demo/src/utils/safeStorage/storageMaintenance.ts:55:    localStorage.removeItem(key)
apps/web-demo/src/utils/safeStorage/storageMaintenance.ts:62:  if (typeof localStorage === 'undefined') return
apps/web-demo/src/utils/safeStorage/storageMaintenance.ts:63:  localStorage.setItem(key, value)
apps/web-demo/src/utils/safeStorage/storageMaintenance.ts:67:  if (typeof localStorage === 'undefined') return null
apps/web-demo/src/utils/safeStorage/storageMaintenance.ts:68:  return localStorage.getItem(key)
apps/web-demo/src/api/README.md:27:- fetch/axios（必须使用 Alova / `@/utils/http`）
apps/web-demo/src/utils/safeStorage/core.ts:14: * ⚠️ 前端“加密”本质仍是客户端可见混淆，不是真正的 secret 管理。此设计仅防止 localStorage 裸奔。
apps/web-demo/src/utils/safeStorage/core.ts:26:    // VITE_APP_TITLE is set at build time; document.title is the runtime fallback.
apps/web-demo/src/utils/safeStorage/core.ts:28:    return `obfs:${window.location.origin}:${appName}:${STORAGE_KEY_VERSION}`
apps/web-demo/src/hooks/layout/useLoading.ts:60:  const root = typeof document !== 'undefined' ? document.documentElement : null
apps/web-demo/src/hooks/layout/useLoading.ts:61:  const el = typeof document !== 'undefined' ? document.getElementById('preloader-bg') : null
apps/web-demo/src/hooks/layout/useLoading.ts:89:    window.addEventListener(RUNTIME_E2E_EVENTS.releasePreloader, doFadeOut, { once: true })
apps/web-demo/src/views/dashboard/index.vue:34:  if (window.requestIdleCallback) {
apps/web-demo/src/views/dashboard/index.vue:35:    window.requestIdleCallback(() => {
apps/web-demo/src/hooks/layout/usePageTitle.ts:147:   * 这样 useTitle 就能响应式地更新 document.title
apps/web-demo/src/router/utils/guardEffects.ts:46:      document.title = stableTitle
apps/web-demo/src/router/utils/guardEffects.ts:79:      typeof document !== 'undefined' && document.getElementById('preloader-bg') !== null
apps/web-demo/src/router/utils/helper.ts:108:    const location = window.location
apps/web-demo/src/router/utils/helper.ts:264:      window.open(url, '_blank')
apps/web-demo/src/router/utils/helper.ts:304:    const win = window.open(url, '_blank')
apps/web-demo/src/views/example/hooks/layout-page-title.vue:90:              手动刷新 useTitle 管理的 document.title
apps/web-demo/src/hooks/layout/useNprogress.ts:56:  const existing = document.getElementById('nprogress')
apps/web-demo/src/hooks/layout/useNprogress.ts:59:  const root = document.createElement('div')
apps/web-demo/src/hooks/layout/useNprogress.ts:62:  const bar = document.createElement('div')
apps/web-demo/src/hooks/layout/useNprogress.ts:66:  const peg = document.createElement('div')
apps/web-demo/src/hooks/layout/useNprogress.ts:71:  document.body.appendChild(root)
apps/web-demo/src/hooks/layout/useNprogress.ts:107:  document.getElementById('nprogress')?.remove()
apps/web-demo/src/hooks/layout/useLayoutRuntime.ts:106:      window.cancelAnimationFrame(expandShellFrameId)
apps/web-demo/src/hooks/layout/useLayoutRuntime.ts:110:      window.cancelAnimationFrame(expandShellCommitFrameId)
apps/web-demo/src/hooks/layout/useLayoutRuntime.ts:218:      expandShellFrameId = window.requestAnimationFrame(() => {
apps/web-demo/src/hooks/layout/useLayoutRuntime.ts:221:        expandShellCommitFrameId = window.requestAnimationFrame(() => {
apps/web-demo/src/layouts/index.vue:76:  document.documentElement.dataset.runtimeLoading = nextState
apps/web-demo/src/utils/theme/lottieThemeUtils.ts:113: * 从 document.documentElement 读取指定 Token，转为 Lottie 可用的 [r,g,b,1]（0–1）。
apps/web-demo/src/utils/theme/lottieThemeUtils.ts:120:  const raw = getComputedStyle(document.documentElement).getPropertyValue(cssVar).trim()
apps/web-demo/src/hooks/layout/useLoading.spec.ts:13:  if (globalThis.localStorage) return globalThis.localStorage
apps/web-demo/src/hooks/layout/useLoading.spec.ts:31:  Object.defineProperty(globalThis, 'localStorage', {
apps/web-demo/src/hooks/layout/useLoading.spec.ts:52:  document.body.innerHTML = ''
apps/web-demo/src/hooks/layout/useLoading.spec.ts:53:  document.documentElement.removeAttribute('data-preloader-state')
apps/web-demo/src/hooks/layout/useLoading.spec.ts:54:  document.documentElement.removeAttribute('data-app-ready')
apps/web-demo/src/router/modules/example.ts:130:      component: () => import('@/views/example/architecture/router-meta/reuse-window.vue'),
apps/web-demo/src/views/example/hooks/use-auth.vue:44:    window.$message?.danger(msg)
apps/web-demo/src/views/example/hooks/use-auth.vue:57:    window.$message?.danger(msg)
apps/web-demo/src/layouts/components/LoadingLottie.vue:62:    const res = await fetch(LOADING_JSON_URL[type])
apps/web-demo/src/utils/theme/sizeEngine.ts:45:  const root = document.documentElement
apps/web-demo/src/utils/theme/sizeEngine.ts:84:  const root = document.documentElement
apps/web-demo/src/utils/theme/sizeEngine.ts:118:  const root = document.documentElement
apps/web-demo/src/utils/theme/sizeEngine.ts:140:  const root = document.documentElement
apps/web-demo/src/utils/theme/sizeEngine.ts:196:    raw = localStorage.getItem(SIZE_PERSIST_KEY)
apps/web-demo/src/utils/theme/sizeEngine.ts:223:  const pixelRatio = typeof window !== 'undefined' ? window.devicePixelRatio || 1 : 1
apps/web-demo/src/hooks/layout/useAdminTabs.ts:251:    document.addEventListener('click', closeContextMenu)
apps/web-demo/src/hooks/layout/useAdminTabs.ts:257:    document.removeEventListener('click', closeContextMenu)
packages/vue-hooks/src/directives/tap.spec.ts:57:    const el = document.createElement('div')
packages/vue-hooks/src/directives/tap.spec.ts:66:    const el = document.createElement('div')
packages/vue-hooks/src/directives/tap.spec.ts:74:    const el = document.createElement('div')
apps/web-demo/src/utils/theme/mode.ts:4:  if (typeof window === 'undefined' || typeof window.matchMedia !== 'function') {
apps/web-demo/src/utils/theme/mode.ts:7:  systemDarkModeQuery ??= window.matchMedia('(prefers-color-scheme: dark)')
apps/web-demo/src/utils/theme/mode.ts:28:  const root = document.documentElement
packages/vue-hooks/src/directives/swipe.spec.ts:58:    const el = document.createElement('div')
packages/vue-hooks/src/directives/swipe.spec.ts:67:    const el = document.createElement('div')
packages/vue-hooks/src/directives/swipe.spec.ts:76:    const el = document.createElement('div')
packages/vue-hooks/src/directives/swipe.spec.ts:85:    const el = document.createElement('div')
apps/web-demo/src/utils/theme/engine.ts:68:    target: document.documentElement,
apps/web-demo/src/utils/theme/engine.ts:69:    storage: localStorage,
apps/web-demo/src/utils/theme/transitions.ts:40:  const maxX = Math.max(x, window.innerWidth - x)
apps/web-demo/src/utils/theme/transitions.ts:41:  const maxY = Math.max(y, window.innerHeight - y)
apps/web-demo/src/utils/theme/transitions.ts:50:  const maxX = Math.max(x, window.innerWidth - x)
apps/web-demo/src/utils/theme/transitions.ts:51:  const maxY = Math.max(y, window.innerHeight - y)
apps/web-demo/src/utils/theme/transitions.ts:60:  const rgbValue = getComputedStyle(document.documentElement).getPropertyValue(cssVar).trim()
apps/web-demo/src/utils/theme/transitions.ts:68:    const fallback = getComputedStyle(document.documentElement)
apps/web-demo/src/utils/theme/transitions.ts:116:  if (typeof window === 'undefined' || typeof window.matchMedia !== 'function') return false
apps/web-demo/src/utils/theme/transitions.ts:117:  return window.matchMedia('(prefers-reduced-motion: reduce)').matches
apps/web-demo/src/utils/theme/engine.spec.ts:392:    const root = document.documentElement
apps/web-demo/src/utils/http/requestLayer.spec.ts:397:        { label: 'session storage', pattern: /\b(?:localStorage|sessionStorage)\b/ },
apps/web-demo/src/utils/deviceSync.ts:20:    userAgent: navigator.userAgent,
apps/web-demo/src/utils/deviceSync.ts:21:    maxTouchPoints: navigator.maxTouchPoints ?? 0,
apps/web-demo/src/utils/deviceSync.ts:22:    screenWidth: window.screen.width,
apps/web-demo/src/utils/deviceSync.ts:23:    screenHeight: window.screen.height,
apps/web-demo/src/utils/deviceSync.ts:29:  return resolveOsTypeFromUserAgent(navigator.userAgent, navigator.maxTouchPoints ?? 0)
apps/web-demo/src/utils/deviceSync.ts:38:  const w: number = width ?? window.innerWidth
packages/vue-hooks/src/directives/longPress.spec.ts:61:    const el = document.createElement('div')
packages/vue-hooks/src/directives/longPress.spec.ts:70:    const el = document.createElement('div')
packages/vue-hooks/src/directives/longPress.spec.ts:79:    const el = document.createElement('div')
packages/vue-hooks/src/directives/longPress.spec.ts:87:    const el = document.createElement('div')
apps/web-demo/src/utils/http/methods.ts:488:    const response = await fetch(`${fullUrl}${queryString}`, {
apps/web-demo/src/utils/http/methods.ts:743:  const downloadUrl = window.URL.createObjectURL(blob)
apps/web-demo/src/utils/http/methods.ts:745:    const link = document.createElement('a')
apps/web-demo/src/utils/http/methods.ts:748:    document.body.appendChild(link)
apps/web-demo/src/utils/http/methods.ts:750:    document.body.removeChild(link)
apps/web-demo/src/utils/http/methods.ts:752:    window.URL.revokeObjectURL(downloadUrl)
apps/web-demo/src/utils/runtime/e2e.ts:22:  const htmlMode = document.documentElement.dataset.e2eMode
apps/web-demo/src/utils/runtime/e2e.ts:31:  const queryMode = resolveRuntimeE2EModeFromLocation(window.location.search)
apps/web-demo/src/utils/runtime/e2e.ts:37:    return normalizeRuntimeE2EMode(window.localStorage.getItem(RUNTIME_STORAGE_KEYS.e2eMode))
apps/web-demo/src/utils/runtime/e2e.ts:52:  if (document.documentElement.dataset.e2ePreloaderHold === 'true') {
apps/web-demo/src/utils/runtime/e2e.ts:60:  const params = new URLSearchParams(window.location.search)
apps/web-demo/src/utils/runtime/e2e.ts:72:  if (typeof window.performance !== 'undefined') {
apps/web-demo/src/utils/runtime/e2e.ts:73:    window.performance.mark(name)
apps/web-demo/src/utils/runtime/e2e.ts:76:  window.dispatchEvent(
apps/web-demo/src/utils/http/interceptors.ts:124:  const cookieMatch = document.cookie.match(/(?:XSRF-TOKEN|csrf-token|_csrf)=([^;]+)/)
apps/web-demo/src/utils/http/interceptors.ts:128:  const meta = document.querySelector('meta[name="csrf-token"]')
apps/web-demo/src/utils/http/connection.ts:30:      isConnected: navigator.onLine,
apps/web-demo/src/utils/http/connection.ts:32:      lastConnectedAt: navigator.onLine ? new Date() : undefined,
apps/web-demo/src/utils/http/connection.ts:33:      disconnectReason: navigator.onLine ? undefined : t('http.connection.networkUnavailable'),
apps/web-demo/src/utils/http/connection.ts:114:      if (!navigator.onLine) {
apps/web-demo/src/utils/http/connection.ts:178:      return navigator.onLine
apps/web-demo/src/utils/http/connection.ts:187:      await fetch(this.config.healthCheckUrl, {
apps/web-demo/src/utils/http/connection.ts:277:    window.addEventListener('online', handleOnline)
apps/web-demo/src/utils/http/connection.ts:278:    window.addEventListener('offline', handleOffline)
apps/web-demo/src/utils/http/connection.ts:282:      window.removeEventListener('online', handleOnline)
apps/web-demo/src/utils/http/connection.ts:283:      window.removeEventListener('offline', handleOffline)
apps/web-demo/src/layouts/components/AppPrimeVueGlobals.vue:3: * 布局层：全局 UI 与 window.$toast / window.$message 挂载
apps/web-demo/src/utils/http/uploadManager.ts:113:    window.addEventListener('beforeunload', this.beforeUnloadHandler)
apps/web-demo/src/utils/http/uploadManager.ts:122:      window.removeEventListener('beforeunload', this.beforeUnloadHandler)
apps/web-demo/src/layouts/components/AsyncErrorFallback.vue:15:  window.location.reload()
apps/web-demo/src/views/example/components/icons/index.vue:139:    await navigator.clipboard.writeText(codeExampleText.value)
apps/web-demo/src/views/example/components/icons/index.vue:140:    window.$message?.success?.('已复制到剪贴板')
apps/web-demo/src/views/example/components/icons/index.vue:142:    window.$message?.danger?.('复制失败，请检查浏览器剪贴板权限')
apps/web-demo/src/layouts/components/ContextMenuProvider.vue:90:  const vw = window.innerWidth
apps/web-demo/src/layouts/components/ContextMenuProvider.vue:91:  const vh = window.innerHeight
apps/web-demo/src/layouts/components/ContextMenuProvider.vue:155:  document.addEventListener('mousedown', onDocPointerDown, true)
apps/web-demo/src/layouts/components/ContextMenuProvider.vue:156:  window.addEventListener('keydown', onKeyDown)
apps/web-demo/src/layouts/components/ContextMenuProvider.vue:159:    document.addEventListener('contextmenu', onGlobalContextMenu, true)
apps/web-demo/src/layouts/components/ContextMenuProvider.vue:169:  document.removeEventListener('mousedown', onDocPointerDown, true)
apps/web-demo/src/layouts/components/ContextMenuProvider.vue:170:  window.removeEventListener('keydown', onKeyDown)
apps/web-demo/src/layouts/components/ContextMenuProvider.vue:172:  document.removeEventListener('contextmenu', onGlobalContextMenu, true)
apps/web-demo/src/utils/date/dateUtils.ts:329:        if (typeof window !== 'undefined' && window.$i18n) {
apps/web-demo/src/utils/date/dateUtils.ts:331:            const i18n = window.$i18n
apps/web-demo/src/utils/http/policies/notificationPolicy.ts:8:  if (window.$message?.danger) {
apps/web-demo/src/utils/http/policies/notificationPolicy.ts:9:    window.$message.danger(message, title)
apps/web-demo/src/utils/http/policies/notificationPolicy.ts:13:  if (window.$toast?.dangerIn) {
apps/web-demo/src/utils/http/policies/notificationPolicy.ts:14:    window.$toast.dangerIn('top-left', title, message)
apps/web-demo/src/utils/http/policies/notificationPolicy.ts:33:    if (window.$message?.danger) {
apps/web-demo/src/utils/http/policies/notificationPolicy.ts:34:      window.$message.danger(message, statusTitle)
apps/web-demo/src/utils/http/policies/notificationPolicy.ts:35:    } else if (window.$toast?.dangerIn) {
apps/web-demo/src/utils/http/policies/notificationPolicy.ts:36:      window.$toast.dangerIn('top-left', statusTitle, message)
apps/web-demo/src/utils/date/timezone.ts:36:      const response = await fetch(url, {
apps/web-demo/src/views/example/components/c-scrollbar/index.vue:1075:    await navigator.clipboard.writeText(text)
apps/web-demo/src/views/example/components/c-scrollbar/index.vue:1076:    window.$toast?.add({
apps/web-demo/src/views/example/components/c-scrollbar/index.vue:1084:    window.$toast?.add({
apps/web-demo/src/layouts/components/admin/AdminMenuPopup.tsx:116:      const computedStyle = window.getComputedStyle(container)
apps/web-demo/src/layouts/components/admin/AdminMenuPopup.tsx:119:      const viewportWidth = document.documentElement.clientWidth
apps/web-demo/src/layouts/components/admin/AdminMenuPopup.tsx:120:      const viewportHeight = document.documentElement.clientHeight
apps/web-demo/src/layouts/components/admin/AdminMenuPopup.tsx:121:      const scrollLeft = window.scrollX || document.documentElement.scrollLeft
apps/web-demo/src/layouts/components/admin/AdminMenuPopup.tsx:122:      const scrollTop = window.scrollY || document.documentElement.scrollTop
apps/web-demo/src/layouts/components/admin/AdminMenuPopup.tsx:145:        window.cancelAnimationFrame(alignmentFrameId)
apps/web-demo/src/layouts/components/admin/AdminMenuPopup.tsx:150:        alignmentFrameId = window.requestAnimationFrame(() => {
apps/web-demo/src/layouts/components/admin/AdminMenuPopup.tsx:187:        window.cancelAnimationFrame(alignmentFrameId)
apps/web-demo/src/views/example/utils/device-sync.vue:9:const widthValue = ref<number>(typeof window !== 'undefined' ? Math.max(0, window.innerWidth) : 0)
apps/web-demo/src/stores/modules/session/user.ts:159:    storage: localStorage,
apps/web-demo/src/utils/http/policies/authRefreshPolicy.ts:34:  const response = await fetch(REFRESH_ENDPOINT, {
apps/web-demo/src/layouts/components/admin/AdminTabsBar.tsx:52:      const vw = window.innerWidth
apps/web-demo/src/layouts/components/admin/AdminTabsBar.tsx:53:      const vh = window.innerHeight
apps/web-demo/src/views/example/system-configuration/unocss.vue:480:    window.$toast?.add({
apps/web-demo/src/views/example/system-configuration/unocss.vue:491:    window.$toast?.add({
apps/web-demo/src/views/example/system-configuration/unocss.vue:499:    window.$toast?.add({
apps/web-demo/src/stores/modules/session/permission.ts:386:    storage: localStorage,
apps/web-demo/src/views/example/system-configuration/theme.vue:93:    window.$toast?.add({
apps/web-demo/src/views/example/system-configuration/theme.vue:104:    window.$toast?.add({
apps/web-demo/src/views/example/system-configuration/theme.vue:112:    window.$toast?.add({
apps/web-demo/src/views/example/system-configuration/theme.vue:216:  const root: Element = document.documentElement
apps/web-demo/src/views/example/system-configuration/theme.vue:229:  const root: Element = document.documentElement
apps/web-demo/src/views/example/architecture/stores/size.vue:153:            切换预设后，generateSizeVars() 生成 CSS 变量并注入 document.documentElement。 所有使用
apps/web-demo/src/views/example/system-configuration/layout.vue:135:    window.$toast?.add({
apps/web-demo/src/views/example/system-configuration/layout.vue:146:    window.$toast?.add({
apps/web-demo/src/views/example/system-configuration/layout.vue:154:    window.$toast?.add({
apps/web-demo/src/views/example/system-configuration/size.vue:94:  const host = document.createElement('span')
apps/web-demo/src/views/example/system-configuration/size.vue:99:  document.body.appendChild(host)
apps/web-demo/src/views/example/system-configuration/size.vue:116:  const root = document.documentElement
apps/web-demo/src/views/example/system-configuration/size.vue:154:    window.$toast?.add({
apps/web-demo/src/views/example/system-configuration/size.vue:165:    window.$toast?.add({
apps/web-demo/src/views/example/system-configuration/size.vue:173:    window.$toast?.add({
apps/web-demo/src/views/example/components/use-echarts/index.vue:190:  const host = document.querySelector(selector) as
apps/web-demo/src/plugins/modules/proform.ts:34:    getStorage: () => (typeof window === 'undefined' ? undefined : window.localStorage),
apps/web-demo/src/stores/modules/system/theme.ts:132:        localStorage.setItem(RUNTIME_STORAGE_KEYS.themeMode, this.mode)
apps/web-demo/src/stores/modules/system/theme.ts:166:    storage: localStorage,
apps/web-demo/src/stores/modules/system/device.ts:28:let lastResizeViewportWidth = typeof window === 'undefined' ? 0 : window.innerWidth
apps/web-demo/src/stores/modules/system/device.ts:29:let lastResizeViewportHeight = typeof window === 'undefined' ? 0 : window.innerHeight
apps/web-demo/src/stores/modules/system/device.ts:34:const INITIAL_WIDTH: number = typeof window === 'undefined' ? 0 : window.innerWidth
apps/web-demo/src/stores/modules/system/device.ts:35:const INITIAL_HEIGHT: number = typeof window === 'undefined' ? 0 : window.innerHeight
apps/web-demo/src/stores/modules/system/device.ts:36:const INITIAL_SCREEN_WIDTH: number = typeof window === 'undefined' ? 0 : window.screen.width
apps/web-demo/src/stores/modules/system/device.ts:37:const INITIAL_SCREEN_HEIGHT: number = typeof window === 'undefined' ? 0 : window.screen.height
apps/web-demo/src/stores/modules/system/device.ts:38:const INITIAL_PIXEL_RATIO: number = typeof window === 'undefined' ? 1 : window.devicePixelRatio || 1
apps/web-demo/src/stores/modules/system/device.ts:147:        width: window.innerWidth,
apps/web-demo/src/stores/modules/system/device.ts:148:        height: window.innerHeight,
apps/web-demo/src/stores/modules/system/device.ts:149:        screenWidth: window.screen.width,
apps/web-demo/src/stores/modules/system/device.ts:150:        screenHeight: window.screen.height,
apps/web-demo/src/stores/modules/system/device.ts:151:        pixelRatio: window.devicePixelRatio || 1,
apps/web-demo/src/stores/modules/system/device.ts:190:      lastResizeViewportWidth = window.innerWidth
apps/web-demo/src/stores/modules/system/device.ts:191:      lastResizeViewportHeight = window.innerHeight
apps/web-demo/src/stores/modules/system/device.ts:196:        const w = window.innerWidth
apps/web-demo/src/stores/modules/system/device.ts:197:        const h = window.innerHeight
apps/web-demo/src/stores/modules/system/device.ts:222:        viewportRafId = window.requestAnimationFrame(() => {
apps/web-demo/src/stores/modules/system/device.ts:242:        if (document.visibilityState === 'visible') {
apps/web-demo/src/stores/modules/system/device.ts:255:      if (window.visualViewport) {
apps/web-demo/src/stores/modules/system/device.ts:257:          useEventListener(window.visualViewport, 'resize', handleVisualViewportResize)
apps/web-demo/src/stores/modules/system/device.ts:260:          useEventListener(window.visualViewport, 'scroll', handleVisualViewportResize)
apps/web-demo/src/stores/modules/system/device.ts:268:          window.cancelAnimationFrame(viewportRafId)
apps/web-demo/src/views/example/common/constants.vue:66:  return navigator.clipboard
apps/web-demo/src/views/example/common/constants.vue:69:      window.$toast?.add({
apps/web-demo/src/views/example/common/constants.vue:78:      window.$toast?.add({
apps/web-demo/src/views/example/components/primevue-collection/overview/composables/usePrimeVueScrollSpy.ts:85:      const targetEl = document.getElementById(id)
apps/web-demo/src/views/example/components/primevue-collection/overview/composables/usePrimeVueScrollSpy.ts:130:      const el = document.getElementById(section.id)
apps/web-demo/src/views/example/components/primevue-collection/overview/composables/usePrimeVueScrollSpy.ts:170:      const el = document.getElementById(section.id)
apps/web-demo/src/stores/modules/system/size.ts:63:    storage: localStorage,
apps/web-demo/src/stores/modules/system/layout.ts:372:    storage: localStorage,
apps/web-demo/src/plugins/modules/errorHandler.spec.ts:19:    window.dispatchEvent(new ErrorEvent('error', { message: 'script failed' }))
apps/web-demo/src/plugins/modules/errorHandler.spec.ts:41:    window.dispatchEvent(event)
apps/web-demo/src/plugins/modules/errorHandler.ts:6: * - 捕获浏览器级错误：window.onerror / window.unhandledrejection
apps/web-demo/src/plugins/modules/errorHandler.ts:39:      if (window.$message?.danger) {
apps/web-demo/src/plugins/modules/errorHandler.ts:40:        window.$message.danger('系统遇到问题，请刷新页面重试。')
apps/web-demo/src/plugins/modules/errorHandler.ts:45:      if (window.$toast?.dangerIn) {
apps/web-demo/src/plugins/modules/errorHandler.ts:46:        window.$toast.dangerIn('top-left', '系统错误', '系统遇到问题，请刷新页面重试。')
apps/web-demo/src/plugins/modules/errorHandler.ts:88:  window.addEventListener(
apps/web-demo/src/plugins/modules/errorHandler.ts:131:  window.addEventListener('unhandledrejection', event => {
apps/web-demo/src/views/example/architecture/router-meta/external-link.vue:10:  window.open(linkUrl.value, '_blank')
apps/web-demo/src/views/example/components/primevue-collection/toast/index.vue:4: * - 禁用 raw `window.$toast.add/clear/removeGroup`
apps/web-demo/src/views/example/components/primevue-collection/toast/index.vue:5: * - 统一走内部抽象：`window.$message.*` 与 `window.$toast.*In`
apps/web-demo/src/views/example/components/primevue-collection/toast/index.vue:47:  const toast = window.$toast
apps/web-demo/src/views/example/components/primevue-collection/toast/index.vue:53:  const api = window.$message
apps/web-demo/src/views/example/components/primevue-collection/toast/index.vue:92:                  当前示例仅保留内部抽象接口：`window.$message.*` 与 `window.$toast.*In`，不再演示
apps/web-demo/src/views/example/components/primevue-collection/pro-form/validation/index.vue:270:  window.$toast?.successIn('top-right', '已清除草稿', '草稿内容已重置')
apps/web-demo/src/views/example/components/primevue-collection/pro-form/validation/index.vue:279:  window.$toast?.successIn('top-right', '同步校验通过', '表单提交成功')
apps/web-demo/src/views/example/components/primevue-collection/pro-form/validation/index.vue:284:  window.$toast?.successIn('top-right', '异步校验通过', '表单提交成功')
apps/web-demo/src/views/example/components/primevue-collection/pro-table/columns/columns.tsx:139:          onClick={() => window.$toast?.infoIn('top-right', '编辑', `商品：${row.name}`)}
apps/web-demo/src/views/example/components/primevue-collection/pro-table/columns/columns.tsx:146:          onClick={() => window.$toast?.warnIn('top-right', '删除', `商品：${row.name}`)}
apps/web-demo/src/constants/runtime.ts:21:/** localStorage key prefixes used by ProForm persistence (shared between DraftStorage and logout cleanup) */
apps/web-demo/src/views/example/components/primevue-collection/pro-form/playground/index.vue:108:  window.$toast?.successIn('top-right', '提交成功', '已在控制台输出演示数据')
apps/web-demo/src/views/example/components/primevue-collection/pro-form/advanced/index.vue:119:  window.$toast?.successIn('top-right', '提交成功', '动态字段数组已序列化')
apps/web-demo/src/views/example/components/primevue-collection/pro-form/advanced/index.vue:341:  window.$toast?.successIn('top-right', '提交成功', '草稿已清除')
apps/web-demo/src/views/example/components/primevue-collection/pro-form/advanced/index.vue:349:  window.$toast?.infoIn('top-right', '草稿已清除', '表单已重置为初始状态')
apps/web-demo/src/views/example/components/primevue-collection/pro-form/advanced/index.vue:491:                <code>localStorage</code>
apps/web-demo/src/stores/modules/system/locale.ts:80:          window.dispatchEvent(
apps/web-demo/src/stores/modules/system/locale.ts:88:        window.dispatchEvent(
apps/web-demo/src/stores/modules/system/locale.ts:118:      window.dispatchEvent(
apps/web-demo/src/stores/modules/system/locale.ts:128:        window.dispatchEvent(
apps/web-demo/src/stores/modules/system/locale.ts:152:        window.dispatchEvent(
apps/web-demo/src/stores/modules/system/locale.ts:163:    storage: localStorage,
apps/web-demo/src/views/example/components/primevue-collection/pro-form/api-events/index.vue:66:  window.$toast?.successIn('top-right', '提交成功', '已记录到事件日志')
apps/web-demo/src/views/example/components/primevue-collection/pro-form/reactions/index.vue:398:  window.$toast?.successIn('top-right', '提交成功', '已在控制台输出序列化后的 values')
apps/web-demo/src/views/example/components/primevue-collection/pro-table/advanced/index.vue:24:  { label: 'sessionStorage', value: 'session' },
apps/web-demo/src/views/example/components/primevue-collection/pro-table/advanced/index.vue:25:  { label: 'localStorage', value: 'local' },
apps/web-demo/src/views/example/components/primevue-collection/pro-table/advanced/index.vue:38:  window.$toast?.infoIn('top-right', '编辑', `编辑员工：${row.name}`)
apps/web-demo/src/views/example/components/primevue-collection/pro-table/advanced/index.vue:49:      window.$toast?.dangerIn('top-right', '已删除', row.name)
apps/web-demo/src/views/example/components/primevue-collection/pro-form/group/index.vue:354:  window.$toast?.successIn('top-right', `${label} 提交成功`, '已在控制台输出 values')
apps/web-demo/src/views/example/components/primevue-collection/pro-form/plugins/index.vue:65:  window.$toast?.successIn('top-right', '提交成功', '已在控制台输出 values')
apps/web-demo/src/views/example/components/primevue-collection/pro-form/dag/index.vue:298:  window.$toast?.successIn('top-right', '提交成功', '已在控制台输出序列化后的 values')
apps/web-demo/src/views/example/components/primevue-collection/pro-form/basic/index.vue:211:  // 这里用 window.$toast 做轻量反馈（布局层已挂载）；真实业务里可替换为请求提交逻辑
apps/web-demo/src/views/example/components/primevue-collection/pro-form/basic/index.vue:214:  window.$toast?.successIn('top-right', '提交成功', '已在控制台输出序列化后的 values')
apps/web-demo/src/views/example/components/primevue-collection/pro-form/basic/index.vue:228:  window.$toast?.infoIn(
exit_code=0
