{
  "packageReadiness": {
    "@ccd/vue-ui": {
      "packageDir": "packages/vue-ui",
      "exports": {
        ".": {
          "types": "./dist/index.d.ts",
          "import": "./dist/index.js",
          "default": "./dist/index.js"
        },
        "./style.css": "./dist/vue-ui.css"
      },
      "types": "./dist/index.d.ts",
      "distTypesExists": true,
      "distImportExists": true,
      "tsconfigBuildExists": true
    },
    "@ccd/vue-charts": {
      "packageDir": "packages/vue-charts",
      "exports": {
        ".": {
          "types": "./dist/index.d.ts",
          "import": "./dist/index.js",
          "default": "./dist/index.js"
        }
      },
      "types": "./dist/index.d.ts",
      "distTypesExists": true,
      "distImportExists": true,
      "tsconfigBuildExists": true
    }
  },
  "rows": [
    {
      "file": "apps/web-demo/tsconfig.json",
      "current_include": [
        "src/**/*",
        "vite.config.ts",
        "build/**/*.ts",
        "../../packages/vue-ui/src/**/*.ts",
        "../../packages/vue-ui/src/**/*.tsx",
        "../../packages/vue-ui/src/**/*.vue",
        "../../packages/vue-charts/src/**/*.ts",
        "../../packages/vue-charts/src/**/*.vue"
      ],
      "current_references": [],
      "package_source_include_count": 5,
      "direct_package_source_include_paths": [
        "../../packages/vue-ui/src/**/*.ts",
        "../../packages/vue-ui/src/**/*.tsx",
        "../../packages/vue-ui/src/**/*.vue",
        "../../packages/vue-charts/src/**/*.ts",
        "../../packages/vue-charts/src/**/*.vue"
      ],
      "explicit_case_presence": {
        "../../packages/vue-ui/src/**/*.ts": true,
        "../../packages/vue-ui/src/**/*.tsx": true,
        "../../packages/vue-ui/src/**/*.vue": true,
        "../../packages/vue-charts/src/**/*.ts": true,
        "../../packages/vue-charts/src/**/*.vue": true
      },
      "expected_consumption_model": "workspace package exports after pnpm ci:prepare-internal; project references only where already safe",
      "package_exports_available": {
        "@ccd/vue-ui": true,
        "@ccd/vue-charts": true
      },
      "package_types_available": {
        "@ccd/vue-ui": true,
        "@ccd/vue-charts": true
      },
      "project_reference_available": false,
      "can_remove_source_include": "pending validation",
      "required_change": "remove ../../packages/*/src/** include entries and guard against reintroduction",
      "risk": "package declaration gaps may surface during app vue-tsc",
      "validation_commands": [
        "pnpm ci:prepare-internal",
        "pnpm --filter @ccd/web-demo type-check"
      ],
      "related_issue_ids": [
        "F-01",
        "F-03"
      ]
    },
    {
      "file": "apps/desktop/tsconfig.json",
      "current_include": [
        "src/**/*.ts",
        "src/**/*.vue",
        "vite.config.ts",
        "../../packages/vue-ui/src/**/*.ts",
        "../../packages/vue-ui/src/**/*.tsx",
        "../../packages/vue-ui/src/**/*.vue"
      ],
      "current_references": [
        "../../packages/contracts",
        "../../packages/core",
        "../../packages/design-tokens",
        "../../packages/shared-utils",
        "../../packages/unocss-preset",
        "../../packages/vue-app-platform",
        "../../packages/vue-hooks",
        "../../packages/vue-primevue-adapter"
      ],
      "package_source_include_count": 3,
      "direct_package_source_include_paths": [
        "../../packages/vue-ui/src/**/*.ts",
        "../../packages/vue-ui/src/**/*.tsx",
        "../../packages/vue-ui/src/**/*.vue"
      ],
      "explicit_case_presence": {
        "../../packages/vue-ui/src/**/*.ts": true,
        "../../packages/vue-ui/src/**/*.tsx": true,
        "../../packages/vue-ui/src/**/*.vue": true
      },
      "expected_consumption_model": "workspace package exports after pnpm ci:prepare-internal; project references only where already safe",
      "package_exports_available": {
        "@ccd/vue-ui": true,
        "@ccd/vue-charts": true
      },
      "package_types_available": {
        "@ccd/vue-ui": true,
        "@ccd/vue-charts": true
      },
      "project_reference_available": true,
      "can_remove_source_include": "pending validation",
      "required_change": "remove ../../packages/*/src/** include entries and guard against reintroduction",
      "risk": "package declaration gaps may surface during app vue-tsc",
      "validation_commands": [
        "pnpm ci:prepare-internal",
        "pnpm --filter @ccd/desktop type-check"
      ],
      "related_issue_ids": [
        "F-02",
        "F-03"
      ]
    }
  ]
}
