Legend: production dependency, optional only, dev only

ccd@1.0.38 /Users/cc/MyPorject/ccd (PRIVATE)

dependencies:
@tanstack/vue-virtual 3.13.23
@vueuse/core 13.9.0

devDependencies:
@ccd/design-tokens link:packages/design-tokens
@ccd/unocss-preset link:packages/unocss-preset
└── @ccd/design-tokens link:packages/design-tokens
@ccd/vue-app-platform link:packages/vue-app-platform
@ccd/vue-charts link:packages/vue-charts
├── @ccd/design-tokens link:packages/design-tokens
└── @vueuse/core 13.9.0
@ccd/vue-hooks link:packages/vue-hooks
└── @vueuse/core 13.9.0
@ccd/vue-primevue-adapter link:packages/vue-primevue-adapter
└── @ccd/design-tokens link:packages/design-tokens
@ccd/vue-ui link:packages/vue-ui
└── @ccd/design-tokens link:packages/design-tokens
@vitejs/plugin-vue-jsx 5.1.3
unplugin-auto-import 20.3.0
└── @vueuse/core 13.9.0 peer

@ccd/desktop@1.0.38 /Users/cc/MyPorject/ccd/apps/desktop (PRIVATE)

dependencies:
@ccd/design-tokens link:../../packages/design-tokens
@ccd/unocss-preset link:../../packages/unocss-preset
└── @ccd/design-tokens link:../../packages/design-tokens
@ccd/vue-app-platform link:../../packages/vue-app-platform
@ccd/vue-hooks link:../../packages/vue-hooks
└── @vueuse/core 13.9.0
@ccd/vue-primevue-adapter link:../../packages/vue-primevue-adapter
└── @ccd/design-tokens link:../../packages/design-tokens
@ccd/vue-ui link:../../packages/vue-ui
└── @ccd/design-tokens link:../../packages/design-tokens

@ccd/web-demo@1.0.38 /Users/cc/MyPorject/ccd/apps/web-demo (PRIVATE)

dependencies:
@ccd/design-tokens link:../../packages/design-tokens
@ccd/unocss-preset link:../../packages/unocss-preset
└── @ccd/design-tokens link:../../packages/design-tokens
@ccd/vue-app-platform link:../../packages/vue-app-platform
@ccd/vue-charts link:../../packages/vue-charts
├── @ccd/design-tokens link:../../packages/design-tokens
└── @vueuse/core 13.9.0
@ccd/vue-hooks link:../../packages/vue-hooks
└── @vueuse/core 13.9.0
@ccd/vue-primevue-adapter link:../../packages/vue-primevue-adapter
└── @ccd/design-tokens link:../../packages/design-tokens
@ccd/vue-ui link:../../packages/vue-ui
└── @ccd/design-tokens link:../../packages/design-tokens
@tanstack/vue-virtual 3.13.23
@vueuse/core 13.9.0

devDependencies:
@vitejs/plugin-vue-jsx 5.1.3
unplugin-auto-import 20.3.0
└── @vueuse/core 13.9.0 peer

@ccd/unocss-preset@1.0.38 /Users/cc/MyPorject/ccd/packages/unocss-preset (PRIVATE)

dependencies:
@ccd/design-tokens link:../design-tokens

@ccd/vue-charts@1.0.38 /Users/cc/MyPorject/ccd/packages/vue-charts (PRIVATE)

dependencies:
@ccd/design-tokens link:../design-tokens
@vueuse/core 13.9.0

@ccd/vue-hooks@1.0.38 /Users/cc/MyPorject/ccd/packages/vue-hooks (PRIVATE)

dependencies:
@vueuse/core 13.9.0

@ccd/vue-primevue-adapter@1.0.38 /Users/cc/MyPorject/ccd/packages/vue-primevue-adapter (PRIVATE)

dependencies:
@ccd/design-tokens link:../design-tokens

@ccd/vue-ui@1.0.38 /Users/cc/MyPorject/ccd/packages/vue-ui (PRIVATE)

dependencies:
@ccd/design-tokens link:../design-tokens
