
> ccd@1.0.38 build:web-demo /Users/cc/MyPorject/ccd
> pnpm build:shared-config && pnpm build:core && pnpm --filter @ccd/web-demo build


> ccd@1.0.38 build:shared-config /Users/cc/MyPorject/ccd
> pnpm --filter @ccd/design-tokens build && pnpm --filter @ccd/shared-utils build && pnpm --filter @ccd/unocss-preset build && pnpm --filter @ccd/vue-hooks build && pnpm --filter @ccd/vue-app-platform build && pnpm --filter @ccd/vue-ui build && pnpm --filter @ccd/vue-primevue-adapter build && pnpm --filter @ccd/vue-charts build


> @ccd/design-tokens@1.0.38 build /Users/cc/MyPorject/ccd/packages/design-tokens
> rm -f ../../node_modules/.tmp/packages-design-tokens.tsbuildinfo && tsc -p tsconfig.json


> @ccd/shared-utils@1.0.38 build /Users/cc/MyPorject/ccd/packages/shared-utils
> rm -f ../../node_modules/.tmp/packages-shared-utils.tsbuildinfo && tsc -p tsconfig.json


> @ccd/unocss-preset@1.0.38 build /Users/cc/MyPorject/ccd/packages/unocss-preset
> rm -rf dist && rm -f ../../node_modules/.tmp/packages-unocss-preset.tsbuildinfo && tsc -p tsconfig.json


> @ccd/vue-hooks@1.0.38 build /Users/cc/MyPorject/ccd/packages/vue-hooks
> rm -f ../../node_modules/.tmp/packages-vue-hooks.tsbuildinfo && tsc -p tsconfig.json


> @ccd/vue-app-platform@1.0.38 build /Users/cc/MyPorject/ccd/packages/vue-app-platform
> rm -f ../../node_modules/.tmp/packages-vue-app-platform.tsbuildinfo && tsc -p tsconfig.json


> @ccd/vue-ui@1.0.38 build /Users/cc/MyPorject/ccd/packages/vue-ui
> rm -rf dist && rm -f ../../node_modules/.tmp/packages-vue-ui.tsbuildinfo && vite build --config vite.config.ts && vue-tsc -p tsconfig.build.json

vite v7.3.3 building client environment for production...
transforming...
✓ 126 modules transformed.
rendering chunks...
computing gzip size...
dist/vue-ui.css   19.53 kB │ gzip:  3.33 kB
dist/index.js    230.65 kB │ gzip: 58.32 kB
✓ built in 547ms

> @ccd/vue-primevue-adapter@1.0.38 build /Users/cc/MyPorject/ccd/packages/vue-primevue-adapter
> rm -f ../../node_modules/.tmp/packages-vue-primevue-adapter.tsbuildinfo && tsc -p tsconfig.json


> @ccd/vue-charts@1.0.38 build /Users/cc/MyPorject/ccd/packages/vue-charts
> rm -rf dist && rm -f ../../node_modules/.tmp/packages-vue-charts.tsbuildinfo && vite build --config vite.config.ts && vue-tsc -p tsconfig.build.json

vite v7.3.3 building client environment for production...
transforming...
✓ 46 modules transformed.
rendering chunks...
computing gzip size...
dist/echarts-setup.js   0.07 kB │ gzip:  0.09 kB
dist/index.js          89.94 kB │ gzip: 21.36 kB
✓ built in 200ms

> ccd@1.0.38 build:core /Users/cc/MyPorject/ccd
> pnpm --filter @ccd/contracts build && pnpm --filter @ccd/core build


> @ccd/contracts@1.0.38 build /Users/cc/MyPorject/ccd/packages/contracts
> rm -rf dist && rm -f ../../node_modules/.tmp/packages-contracts.tsbuildinfo && tsc -b tsconfig.json --force


> @ccd/core@1.0.38 build /Users/cc/MyPorject/ccd/packages/core
> rm -rf dist && rm -f ../../node_modules/.tmp/packages-core.tsbuildinfo && tsc -b tsconfig.json --force


> @ccd/web-demo@1.0.38 prebuild /Users/cc/MyPorject/ccd/apps/web-demo
> pnpm --workspace-root build:shared-config


> ccd@1.0.38 build:shared-config /Users/cc/MyPorject/ccd
> pnpm --filter @ccd/design-tokens build && pnpm --filter @ccd/shared-utils build && pnpm --filter @ccd/unocss-preset build && pnpm --filter @ccd/vue-hooks build && pnpm --filter @ccd/vue-app-platform build && pnpm --filter @ccd/vue-ui build && pnpm --filter @ccd/vue-primevue-adapter build && pnpm --filter @ccd/vue-charts build


> @ccd/design-tokens@1.0.38 build /Users/cc/MyPorject/ccd/packages/design-tokens
> rm -f ../../node_modules/.tmp/packages-design-tokens.tsbuildinfo && tsc -p tsconfig.json


> @ccd/shared-utils@1.0.38 build /Users/cc/MyPorject/ccd/packages/shared-utils
> rm -f ../../node_modules/.tmp/packages-shared-utils.tsbuildinfo && tsc -p tsconfig.json


> @ccd/unocss-preset@1.0.38 build /Users/cc/MyPorject/ccd/packages/unocss-preset
> rm -rf dist && rm -f ../../node_modules/.tmp/packages-unocss-preset.tsbuildinfo && tsc -p tsconfig.json


> @ccd/vue-hooks@1.0.38 build /Users/cc/MyPorject/ccd/packages/vue-hooks
> rm -f ../../node_modules/.tmp/packages-vue-hooks.tsbuildinfo && tsc -p tsconfig.json


> @ccd/vue-app-platform@1.0.38 build /Users/cc/MyPorject/ccd/packages/vue-app-platform
> rm -f ../../node_modules/.tmp/packages-vue-app-platform.tsbuildinfo && tsc -p tsconfig.json


> @ccd/vue-ui@1.0.38 build /Users/cc/MyPorject/ccd/packages/vue-ui
> rm -rf dist && rm -f ../../node_modules/.tmp/packages-vue-ui.tsbuildinfo && vite build --config vite.config.ts && vue-tsc -p tsconfig.build.json

vite v7.3.3 building client environment for production...
transforming...
✓ 126 modules transformed.
rendering chunks...
computing gzip size...
dist/vue-ui.css   19.53 kB │ gzip:  3.33 kB
dist/index.js    230.65 kB │ gzip: 58.32 kB
✓ built in 533ms

> @ccd/vue-primevue-adapter@1.0.38 build /Users/cc/MyPorject/ccd/packages/vue-primevue-adapter
> rm -f ../../node_modules/.tmp/packages-vue-primevue-adapter.tsbuildinfo && tsc -p tsconfig.json


> @ccd/vue-charts@1.0.38 build /Users/cc/MyPorject/ccd/packages/vue-charts
> rm -rf dist && rm -f ../../node_modules/.tmp/packages-vue-charts.tsbuildinfo && vite build --config vite.config.ts && vue-tsc -p tsconfig.build.json

vite v7.3.3 building client environment for production...
transforming...
✓ 46 modules transformed.
rendering chunks...
computing gzip size...
dist/echarts-setup.js   0.07 kB │ gzip:  0.09 kB
dist/index.js          89.94 kB │ gzip: 21.36 kB
✓ built in 197ms

> @ccd/web-demo@1.0.38 build /Users/cc/MyPorject/ccd/apps/web-demo
> vue-tsc -p tsconfig.json --noEmit && vite build

failed to load config from /Users/cc/MyPorject/ccd/apps/web-demo/vite.config.ts
error during build:
Error [ERR_MODULE_NOT_FOUND]: Cannot find module '/Users/cc/MyPorject/ccd/packages/design-tokens/dist/theme-engine/cache' imported from /Users/cc/MyPorject/ccd/packages/design-tokens/dist/theme-engine/index.js
    at finalizeResolution (node:internal/modules/esm/resolve:274:11)
    at moduleResolve (node:internal/modules/esm/resolve:864:10)
    at defaultResolve (node:internal/modules/esm/resolve:990:11)
    at #cachedDefaultResolve (node:internal/modules/esm/loader:737:20)
    at ModuleLoader.resolve (node:internal/modules/esm/loader:714:38)
    at ModuleLoader.getModuleJobForImport (node:internal/modules/esm/loader:293:38)
    at #link (node:internal/modules/esm/module_job:208:49)
/Users/cc/MyPorject/ccd/apps/web-demo:
 ERR_PNPM_RECURSIVE_RUN_FIRST_FAIL  @ccd/web-demo@1.0.38 build: `vue-tsc -p tsconfig.json --noEmit && vite build`
Exit status 1
 ELIFECYCLE  Command failed with exit code 1.
