Fri May 29 17:37:40 CST 2026

> @ccd/vue-ui@1.0.38 build /Users/cc/MyPorject/ccd/packages/vue-ui
> rm -rf dist && rm -f ../../node_modules/.tmp/packages-vue-ui.tsbuildinfo && vite build --config vite.config.ts && vue-tsc -p tsconfig.build.json

vite v7.3.3 building client environment for production...
transforming...
✓ 117 modules transformed.
rendering chunks...
computing gzip size...
dist/vue-ui.css   19.53 kB │ gzip:  3.33 kB
dist/index.js    219.57 kB │ gzip: 55.05 kB
✓ built in 520ms
src/ProTable/engine/core/TableController.ts(97,18): error TS2304: Cannot find name 'shallowRef'.
src/ProTable/engine/core/TableController.ts(101,19): error TS2552: Cannot find name 'effectScope'. Did you mean 'EffectScope'?
src/ProTable/engine/core/TableController.ts(116,18): error TS2304: Cannot find name 'shallowReactive'.
src/ProTable/engine/core/TableController.ts(130,32): error TS2304: Cannot find name 'computed'.
src/ProTable/engine/core/TableController.ts(138,25): error TS2304: Cannot find name 'computed'.
src/ProTable/engine/core/TableController.ts(142,28): error TS2304: Cannot find name 'computed'.
src/ProTable/engine/core/TableController.ts(151,29): error TS2304: Cannot find name 'computed'.
src/ProTable/engine/core/TableController.ts(166,9): error TS2304: Cannot find name 'watch'.
src/ProTable/engine/core/TableController.ts(182,9): error TS2304: Cannot find name 'watch'.
src/ProTable/engine/core/TableController.ts(193,9): error TS2304: Cannot find name 'watch'.
src/ProTable/index.ts(2,54): error TS6307: File '/Users/cc/MyPorject/ccd/packages/vue-ui/src/ProTable/components/ProTableCrudFormModalBody.tsx' is not listed within the file list of project '/Users/cc/MyPorject/ccd/packages/vue-ui/tsconfig.build.json'. Projects must list all files or use an 'include' pattern.
src/ProTable/index.ts(3,54): error TS6307: File '/Users/cc/MyPorject/ccd/packages/vue-ui/src/ProTable/components/ProTableCrudViewModalBody.tsx' is not listed within the file list of project '/Users/cc/MyPorject/ccd/packages/vue-ui/tsconfig.build.json'. Projects must list all files or use an 'include' pattern.
src/ProTable/ProTable.vue(900,26): error TS6307: File '/Users/cc/MyPorject/ccd/packages/vue-ui/src/ProTable/components/ProTableCell.tsx' is not listed within the file list of project '/Users/cc/MyPorject/ccd/packages/vue-ui/tsconfig.build.json'. Projects must list all files or use an 'include' pattern.
  The file is in the program because:
    Imported via './components/ProTableCell' from file '/Users/cc/MyPorject/ccd/packages/vue-ui/src/ProTable/ProTable.vue'
    Imported via './components/ProTableCell' from file '/Users/cc/MyPorject/ccd/packages/vue-ui/src/ProTable/VirtualGridRenderer.vue'
/Users/cc/MyPorject/ccd/packages/vue-ui:
 ERR_PNPM_RECURSIVE_RUN_FIRST_FAIL  @ccd/vue-ui@1.0.38 build: `rm -rf dist && rm -f ../../node_modules/.tmp/packages-vue-ui.tsbuildinfo && vite build --config vite.config.ts && vue-tsc -p tsconfig.build.json`
Exit status 2
