
> ccd@1.0.38 e2e:qa:prepared /Users/cc/MyPorject/ccd
> pnpm e2e:smoke && pnpm e2e:perf && pnpm e2e:layout && pnpm e2e:visual


> ccd@1.0.38 e2e:smoke /Users/cc/MyPorject/ccd
> playwright test e2e/qa-regression.spec.ts e2e/views-route-smoke.spec.ts --grep-invert "@visual|@perf" --workers=4

[2m[WebServer] [22m(node:37656) Warning: The 'NO_COLOR' env is ignored due to the 'FORCE_COLOR' env being set.
[2m[WebServer] [22m(Use `node --trace-warnings ...` to show where the warning was created)
[2m[WebServer] [22m(node:37658) Warning: The 'NO_COLOR' env is ignored due to the 'FORCE_COLOR' env being set.
[2m[WebServer] [22m(Use `node --trace-warnings ...` to show where the warning was created)

Running 10 tests using 4 workers

(node:37959) Warning: The 'NO_COLOR' env is ignored due to the 'FORCE_COLOR' env being set.
(Use `node --trace-warnings ...` to show where the warning was created)
(node:37958) Warning: The 'NO_COLOR' env is ignored due to the 'FORCE_COLOR' env being set.
(Use `node --trace-warnings ...` to show where the warning was created)
(node:37957) Warning: The 'NO_COLOR' env is ignored due to the 'FORCE_COLOR' env being set.
(Use `node --trace-warnings ...` to show where the warning was created)
(node:37945) Warning: The 'NO_COLOR' env is ignored due to the 'FORCE_COLOR' env being set.
(Use `node --trace-warnings ...` to show where the warning was created)
(node:37957) Warning: The 'NO_COLOR' env is ignored due to the 'FORCE_COLOR' env being set.
(Use `node --trace-warnings ...` to show where the warning was created)
(node:37959) Warning: The 'NO_COLOR' env is ignored due to the 'FORCE_COLOR' env being set.
(Use `node --trace-warnings ...` to show where the warning was created)
(node:37958) Warning: The 'NO_COLOR' env is ignored due to the 'FORCE_COLOR' env being set.
(Use `node --trace-warnings ...` to show where the warning was created)
(node:37945) Warning: The 'NO_COLOR' env is ignored due to the 'FORCE_COLOR' env being set.
(Use `node --trace-warnings ...` to show where the warning was created)
  ✓   4 [chromium] › e2e/qa-regression.spec.ts:154:5 › QA full regression repair matrix › tablet dashboard keeps a visible layout tree (4.4s)
  ✓   3 [chromium] › e2e/qa-regression.spec.ts:154:5 › QA full regression repair matrix › desktop dashboard keeps a visible layout tree (4.5s)
  ✓   2 [chromium] › e2e/qa-regression.spec.ts:154:5 › QA full regression repair matrix › mobile dashboard keeps a visible layout tree (4.7s)
  ✓   1 [chromium] › e2e/qa-regression.spec.ts:194:3 › QA full regression repair matrix › login route and logout redirect chain are stable (5.4s)
  ✓   7 [chromium] › e2e/qa-regression.spec.ts:295:3 › QA full regression repair matrix › delayed storage reads do not collapse authenticated dashboard reload (4.2s)
  ✓   5 [chromium] › e2e/qa-regression.spec.ts:214:3 › QA full regression repair matrix › dashboard fixed tab survives non-dashboard redirect and destructive actions (4.5s)
  ✓   6 [chromium] › e2e/qa-regression.spec.ts:274:3 › QA full regression repair matrix › hard refresh preserves dashboard through auth store rehydration (5.1s)
  ✓   8 [chromium] › e2e/qa-regression.spec.ts:330:3 › QA full regression repair matrix › invalid mid-session token refresh redirects without blank shell (4.5s)
  ✓  10 [chromium] › e2e/views-route-smoke.spec.ts:5:3 › view route smoke coverage › renders login, dashboard, and not-found views through the router (4.7s)
  ✓   9 [chromium] › e2e/qa-regression.spec.ts:370:3 › QA full regression repair matrix › multi-tab logout conflict converges to login without stale dashboard (5.8s)

  10 passed (20.6s)

> ccd@1.0.38 e2e:perf /Users/cc/MyPorject/ccd
> playwright test e2e/qa-regression.spec.ts --grep @perf --workers=1 --retries=0

[2m[WebServer] [22m(node:38444) Warning: The 'NO_COLOR' env is ignored due to the 'FORCE_COLOR' env being set.
[2m[WebServer] [22m(Use `node --trace-warnings ...` to show where the warning was created)
[2m[WebServer] [22m(node:38445) Warning: The 'NO_COLOR' env is ignored due to the 'FORCE_COLOR' env being set.
[2m[WebServer] [22m(Use `node --trace-warnings ...` to show where the warning was created)

Running 2 tests using 1 worker

(node:38658) Warning: The 'NO_COLOR' env is ignored due to the 'FORCE_COLOR' env being set.
(Use `node --trace-warnings ...` to show where the warning was created)
(node:38658) Warning: The 'NO_COLOR' env is ignored due to the 'FORCE_COLOR' env being set.
(Use `node --trace-warnings ...` to show where the warning was created)
  ✓  1 [chromium] › e2e/qa-regression.spec.ts:409:3 › QA full regression repair matrix › authenticated dashboard first render stays within budget @perf (3.1s)
  ✓  2 [chromium] › e2e/qa-regression.spec.ts:432:3 › QA full regression repair matrix › dashboard long tasks stay below worst-case freeze budget @perf (3.0s)

  2 passed (12.0s)

> ccd@1.0.38 e2e:layout /Users/cc/MyPorject/ccd
> playwright test e2e/layout-runtime-geometry.spec.ts --workers=2

[2m[WebServer] [22m(node:38867) Warning: The 'NO_COLOR' env is ignored due to the 'FORCE_COLOR' env being set.
[2m[WebServer] [22m(Use `node --trace-warnings ...` to show where the warning was created)
[2m[WebServer] [22m(node:38916) Warning: The 'NO_COLOR' env is ignored due to the 'FORCE_COLOR' env being set.
[2m[WebServer] [22m(Use `node --trace-warnings ...` to show where the warning was created)

Running 21 tests using 2 workers

(node:39190) Warning: The 'NO_COLOR' env is ignored due to the 'FORCE_COLOR' env being set.
(Use `node --trace-warnings ...` to show where the warning was created)
(node:39189) Warning: The 'NO_COLOR' env is ignored due to the 'FORCE_COLOR' env being set.
(Use `node --trace-warnings ...` to show where the warning was created)
(node:39189) Warning: The 'NO_COLOR' env is ignored due to the 'FORCE_COLOR' env being set.
(Use `node --trace-warnings ...` to show where the warning was created)
(node:39190) Warning: The 'NO_COLOR' env is ignored due to the 'FORCE_COLOR' env being set.
(Use `node --trace-warnings ...` to show where the warning was created)
  ✓   1 [chromium] › e2e/layout-runtime-geometry.spec.ts:575:3 › layout loading and route title stabilization › native preloader covers the viewport and centers its spinner (892ms)
  ✓   3 [chromium] › e2e/layout-runtime-geometry.spec.ts:588:3 › layout loading and route title stabilization › boot handoff never exposes a top-strip spinner frame (996ms)
[2m[WebServer] [22m7:05:11 PM [vite] http proxy error: /health
[2m[WebServer] [22mAggregateError [ECONNREFUSED]:
[2m[WebServer] [22m    at internalConnectMultiple (node:net:1134:18)
[2m[WebServer] [22m    at afterConnectMultiple (node:net:1715:7)
  ✓   4 [chromium] › e2e/layout-runtime-geometry.spec.ts:593:3 › layout loading and route title stabilization › layout animate boundary remains fullscreen on login route (966ms)
  ✓   2 [chromium] › e2e/layout-runtime-geometry.spec.ts:580:3 › layout loading and route title stabilization › runtime global loading overlay covers the viewport and centers the spinner (3.5s)
  ✓   5 [chromium] › e2e/layout-runtime-geometry.spec.ts:644:3 › layout loading and route title stabilization › refresh boot handoff does not show local page loading immediately after native loading (4.7s)
  ✓   6 [chromium] › e2e/layout-runtime-geometry.spec.ts:666:3 › layout loading and route title stabilization › deep business route refresh does not expose not-found title during stabilization (4.5s)
  ✓   7 [chromium] › e2e/layout-runtime-geometry.spec.ts:684:3 › layout loading and route title stabilization › actual unknown route resolves to the not-found title (3.3s)
  ✓   8 [chromium] › e2e/layout-runtime-geometry.spec.ts:698:3 › layout loading and route title stabilization › AppContainer CScrollbar restores persisted scroll memory smoothly after refresh (5.6s)
  ✓   9 [chromium] › e2e/layout-runtime-geometry.spec.ts:754:3 › layout loading and route title stabilization › ProTable basic route keeps a non-zero table geometry (3.3s)
  ✓  10 [chromium] › e2e/layout-runtime-geometry.spec.ts:789:3 › layout loading and route title stabilization › AppContainer renders the paper-airplane local page loading outlet (3.3s)
  ✓  11 [chromium] › e2e/layout-runtime-geometry.spec.ts:798:3 › layout loading and route title stabilization › runtime route navigation shows the AppContainer local page loading outlet (4.0s)
  ✓  12 [chromium] › e2e/layout-runtime-geometry.spec.ts:820:3 › layout loading and route title stabilization › AppContainer page loading is controlled only by layout page-loading state (3.4s)
  ✓  13 [chromium] › e2e/layout-runtime-geometry.spec.ts:866:5 › layout runtime geometry — desktop › inline shell is stable at desktop-1280 (3.0s)
  ✓  14 [chromium] › e2e/layout-runtime-geometry.spec.ts:866:5 › layout runtime geometry — desktop › inline shell is stable at desktop-1440 (3.2s)
  ✓  15 [chromium] › e2e/layout-runtime-geometry.spec.ts:866:5 › layout runtime geometry — desktop › inline shell is stable at desktop-ultrawide (3.1s)
  ✓  16 [chromium] › e2e/layout-runtime-geometry.spec.ts:893:5 › layout runtime geometry — iPhone › drawer shell has no phantom sidebar spacing in iphone-portrait (3.4s)
  ✓  17 [chromium] › e2e/layout-runtime-geometry.spec.ts:893:5 › layout runtime geometry — iPhone › drawer shell has no phantom sidebar spacing in iphone-landscape (3.4s)
  ✓  18 [chromium] › e2e/layout-runtime-geometry.spec.ts:910:3 › layout runtime geometry — iPhone › portrait and landscape transitions remain reversible (3.4s)
  ✓  19 [chromium] › e2e/layout-runtime-geometry.spec.ts:943:5 › layout runtime geometry — iPadOS › runtime state is coherent in ipad-portrait (3.3s)
  ✓  20 [chromium] › e2e/layout-runtime-geometry.spec.ts:943:5 › layout runtime geometry — iPadOS › runtime state is coherent in ipad-landscape (3.4s)
  ✓  21 [chromium] › e2e/layout-runtime-geometry.spec.ts:943:5 › layout runtime geometry — iPadOS › runtime state is coherent in ipad-split-view (3.2s)

  21 passed (40.1s)

> ccd@1.0.38 e2e:visual /Users/cc/MyPorject/ccd
> playwright test e2e/qa-regression.spec.ts e2e/visual-token-foundation.spec.ts --grep @visual --workers=1 --retries=0

[2m[WebServer] [22m(node:40295) Warning: The 'NO_COLOR' env is ignored due to the 'FORCE_COLOR' env being set.
[2m[WebServer] [22m(Use `node --trace-warnings ...` to show where the warning was created)
[2m[WebServer] [22m(node:40297) Warning: The 'NO_COLOR' env is ignored due to the 'FORCE_COLOR' env being set.
[2m[WebServer] [22m(Use `node --trace-warnings ...` to show where the warning was created)

Running 4 tests using 1 worker

(node:40452) Warning: The 'NO_COLOR' env is ignored due to the 'FORCE_COLOR' env being set.
(Use `node --trace-warnings ...` to show where the warning was created)
(node:40452) Warning: The 'NO_COLOR' env is ignored due to the 'FORCE_COLOR' env being set.
(Use `node --trace-warnings ...` to show where the warning was created)
  ✓  1 [chromium] › e2e/qa-regression.spec.ts:447:3 › QA full regression repair matrix › visual baselines catch silent layout collapse @visual (4.1s)
  ✓  2 [chromium] › e2e/visual-token-foundation.spec.ts:119:3 › visual token foundation › LayoutAdmin active and hover states are visually distinct @visual (4.1s)
  ✓  3 [chromium] › e2e/visual-token-foundation.spec.ts:193:3 › visual token foundation › PrimeVue form controls expose hover and focus feedback @visual (7.4s)
  ✓  4 [chromium] › e2e/visual-token-foundation.spec.ts:279:3 › visual token foundation › Icons color controls use generated semantic classes @visual (3.6s)

  4 passed (24.8s)
