
> ccd@1.0.38 e2e:layout /Users/cc/MyPorject/ccd
> playwright test e2e/layout-runtime-geometry.spec.ts --workers=2

[2m[WebServer] [22m(node:36456) Warning: The 'NO_COLOR' env is ignored due to the 'FORCE_COLOR' env being set.
[2m[WebServer] [22m(Use `node --trace-warnings ...` to show where the warning was created)
[2m[WebServer] [22m(node:36457) Warning: The 'NO_COLOR' env is ignored due to the 'FORCE_COLOR' env being set.
[2m[WebServer] [22m(Use `node --trace-warnings ...` to show where the warning was created)

Running 21 tests using 2 workers

(node:36618) Warning: The 'NO_COLOR' env is ignored due to the 'FORCE_COLOR' env being set.
(Use `node --trace-warnings ...` to show where the warning was created)
(node:36613) Warning: The 'NO_COLOR' env is ignored due to the 'FORCE_COLOR' env being set.
(Use `node --trace-warnings ...` to show where the warning was created)
(node:36618) Warning: The 'NO_COLOR' env is ignored due to the 'FORCE_COLOR' env being set.
(Use `node --trace-warnings ...` to show where the warning was created)
(node:36613) Warning: The 'NO_COLOR' env is ignored due to the 'FORCE_COLOR' env being set.
(Use `node --trace-warnings ...` to show where the warning was created)
  ✓   1 [chromium] › e2e/layout-runtime-geometry.spec.ts:575:3 › layout loading and route title stabilization › native preloader covers the viewport and centers its spinner (721ms)
  ✓   3 [chromium] › e2e/layout-runtime-geometry.spec.ts:588:3 › layout loading and route title stabilization › boot handoff never exposes a top-strip spinner frame (942ms)
  ✓   4 [chromium] › e2e/layout-runtime-geometry.spec.ts:593:3 › layout loading and route title stabilization › layout animate boundary remains fullscreen on login route (933ms)
  ✓   2 [chromium] › e2e/layout-runtime-geometry.spec.ts:580:3 › layout loading and route title stabilization › runtime global loading overlay covers the viewport and centers the spinner (3.2s)
  ✓   5 [chromium] › e2e/layout-runtime-geometry.spec.ts:644:3 › layout loading and route title stabilization › refresh boot handoff does not show local page loading immediately after native loading (4.5s)
  ✓   6 [chromium] › e2e/layout-runtime-geometry.spec.ts:666:3 › layout loading and route title stabilization › deep business route refresh does not expose not-found title during stabilization (4.2s)
  ✓   7 [chromium] › e2e/layout-runtime-geometry.spec.ts:684:3 › layout loading and route title stabilization › actual unknown route resolves to the not-found title (3.1s)
  ✓   8 [chromium] › e2e/layout-runtime-geometry.spec.ts:698:3 › layout loading and route title stabilization › AppContainer CScrollbar restores persisted scroll memory smoothly after refresh (5.5s)
  ✓   9 [chromium] › e2e/layout-runtime-geometry.spec.ts:754:3 › layout loading and route title stabilization › ProTable basic route keeps a non-zero table geometry (3.2s)
  ✓  10 [chromium] › e2e/layout-runtime-geometry.spec.ts:789:3 › layout loading and route title stabilization › AppContainer renders the paper-airplane local page loading outlet (3.4s)
  ✓  11 [chromium] › e2e/layout-runtime-geometry.spec.ts:798:3 › layout loading and route title stabilization › runtime route navigation shows the AppContainer local page loading outlet (3.6s)
  ✓  12 [chromium] › e2e/layout-runtime-geometry.spec.ts:820:3 › layout loading and route title stabilization › AppContainer page loading is controlled only by layout page-loading state (3.2s)
  ✓  13 [chromium] › e2e/layout-runtime-geometry.spec.ts:866:5 › layout runtime geometry — desktop › inline shell is stable at desktop-1280 (3.0s)
  ✓  14 [chromium] › e2e/layout-runtime-geometry.spec.ts:866:5 › layout runtime geometry — desktop › inline shell is stable at desktop-1440 (3.0s)
  ✓  15 [chromium] › e2e/layout-runtime-geometry.spec.ts:866:5 › layout runtime geometry — desktop › inline shell is stable at desktop-ultrawide (3.1s)
  ✓  16 [chromium] › e2e/layout-runtime-geometry.spec.ts:893:5 › layout runtime geometry — iPhone › drawer shell has no phantom sidebar spacing in iphone-portrait (3.3s)
  ✓  17 [chromium] › e2e/layout-runtime-geometry.spec.ts:893:5 › layout runtime geometry — iPhone › drawer shell has no phantom sidebar spacing in iphone-landscape (3.4s)
  ✓  18 [chromium] › e2e/layout-runtime-geometry.spec.ts:910:3 › layout runtime geometry — iPhone › portrait and landscape transitions remain reversible (3.4s)
  ✓  19 [chromium] › e2e/layout-runtime-geometry.spec.ts:943:5 › layout runtime geometry — iPadOS › runtime state is coherent in ipad-portrait (3.3s)
  ✓  20 [chromium] › e2e/layout-runtime-geometry.spec.ts:943:5 › layout runtime geometry — iPadOS › runtime state is coherent in ipad-landscape (3.4s)
  ✓  21 [chromium] › e2e/layout-runtime-geometry.spec.ts:943:5 › layout runtime geometry — iPadOS › runtime state is coherent in ipad-split-view (3.2s)

  21 passed (38.9s)
