Fri May 29 17:49:48 CST 2026

> ccd@1.0.38 e2e:layout /Users/cc/MyPorject/ccd
> playwright test e2e/layout-runtime-geometry.spec.ts --workers=2

[2m[WebServer] [22m(node:39684) Warning: The 'NO_COLOR' env is ignored due to the 'FORCE_COLOR' env being set.
[2m[WebServer] [22m(Use `node --trace-warnings ...` to show where the warning was created)
[2m[WebServer] [22m(node:39685) Warning: The 'NO_COLOR' env is ignored due to the 'FORCE_COLOR' env being set.
[2m[WebServer] [22m(Use `node --trace-warnings ...` to show where the warning was created)
[2m[WebServer] [22m5:50:11 PM [vite] http proxy error: /health
[2m[WebServer] [22mAggregateError [ECONNREFUSED]:
[2m[WebServer] [22m    at internalConnectMultiple (node:net:1134:18)
[2m[WebServer] [22m    at afterConnectMultiple (node:net:1715:7)
[2m[WebServer] [22m5:50:21 PM [vite] http proxy error: /health
[2m[WebServer] [22mAggregateError [ECONNREFUSED]:
[2m[WebServer] [22m    at internalConnectMultiple (node:net:1134:18)
[2m[WebServer] [22m    at afterConnectMultiple (node:net:1715:7)
TimeoutError: locator.waitFor: Timeout 30000ms exceeded.
Call log:
[2m  - waiting for locator('#dashboard-page') to be visible[22m


   at global-setup.ts:41

  39 |     await page.waitForURL(/#\/dashboard$/, { timeout: 30000 })
  40 |     await waitForAppIdle(page)
> 41 |     await page.locator('#dashboard-page').waitFor({ state: 'visible', timeout: 30000 })
     |                                           ^
  42 |     await page.locator('#dashboard-quick-action').click()
  43 |     await page.locator('.p-dialog').waitFor({ state: 'visible', timeout: 30000 })
  44 |   } finally {
    at globalSetup (/Users/cc/MyPorject/ccd/e2e/global-setup.ts:41:43)

 ELIFECYCLE  Command failed with exit code 1.
