Fri May 29 17:45:47 CST 2026

> @ccd/vue-ui@1.0.38 build /Users/cc/MyPorject/ccd/packages/vue-ui
> rm -rf dist && rm -f ../../node_modules/.tmp/packages-vue-ui.tsbuildinfo && vite build --config vite.config.ts && vue-tsc -p tsconfig.build.json

vite v7.3.3 building client environment for production...
transforming...
✓ 134 modules transformed.
rendering chunks...
computing gzip size...
dist/vue-ui.css   19.53 kB │ gzip:  3.33 kB
dist/index.js    222.72 kB │ gzip: 55.53 kB
✓ built in 502ms
src/CcdPrimeControls/CcdButton.vue(8,7): error TS6133: 'props' is declared but its value is never read.
src/CcdPrimeControls/CcdDrawer.vue(8,7): error TS6133: 'props' is declared but its value is never read.
src/CcdPrimeControls/CcdPanelMenu.vue(8,7): error TS6133: 'props' is declared but its value is never read.
src/CcdPrimeControls/CcdPopover.vue(17,7): error TS6133: 'props' is declared but its value is never read.
src/CcdPrimeControls/CcdSelect.vue(8,7): error TS6133: 'props' is declared but its value is never read.
src/CcdPrimeControls/CcdSelectButton.vue(8,7): error TS6133: 'props' is declared but its value is never read.
src/CcdPrimeControls/CcdTieredMenu.vue(19,7): error TS6133: 'props' is declared but its value is never read.
src/CcdPrimeControls/CcdToggleSwitch.vue(8,7): error TS6133: 'props' is declared but its value is never read.
/Users/cc/MyPorject/ccd/packages/vue-ui:
 ERR_PNPM_RECURSIVE_RUN_FIRST_FAIL  @ccd/vue-ui@1.0.38 build: `rm -rf dist && rm -f ../../node_modules/.tmp/packages-vue-ui.tsbuildinfo && vite build --config vite.config.ts && vue-tsc -p tsconfig.build.json`
Exit status 2
