Fri May 29 17:45:13 CST 2026

> @ccd/vue-ui@1.0.38 build /Users/cc/MyPorject/ccd/packages/vue-ui
> rm -rf dist && rm -f ../../node_modules/.tmp/packages-vue-ui.tsbuildinfo && vite build --config vite.config.ts && vue-tsc -p tsconfig.build.json

vite v7.3.3 building client environment for production...
transforming...
✓ 134 modules transformed.
rendering chunks...
computing gzip size...
dist/vue-ui.css   19.53 kB │ gzip:  3.33 kB
dist/index.js    222.94 kB │ gzip: 55.55 kB
✓ built in 487ms
src/CcdPrimeControls/CcdButton.vue(12,4): error TS2345: Argument of type '{ [x: string]: unknown; }' is not assignable to parameter of type 'ButtonProps & VNodeProps & AllowedComponentProps & ComponentCustomProps & Record<string, unknown>'.
  Type '{ [x: string]: unknown; }' is not assignable to type 'ButtonProps'.
    'string' and '`data-${string}`' index signatures are incompatible.
      Type 'unknown' is not assignable to type 'VueDataAttributeValue'.
src/CcdPrimeControls/CcdDrawer.vue(12,4): error TS2345: Argument of type '{ [x: string]: unknown; }' is not assignable to parameter of type 'DrawerProps & VNodeProps & AllowedComponentProps & ComponentCustomProps & Record<string, unknown>'.
  Type '{ [x: string]: unknown; }' is not assignable to type 'ComponentCustomProps'.
    'string' and '`data-${string}`' index signatures are incompatible.
      Type 'unknown' is not assignable to type 'VueDataAttributeValue'.
src/CcdPrimeControls/CcdPanelMenu.vue(12,4): error TS2345: Argument of type '{ [x: string]: unknown; }' is not assignable to parameter of type 'PanelMenuProps & VNodeProps & AllowedComponentProps & ComponentCustomProps & Record<string, unknown>'.
  Type '{ [x: string]: unknown; }' is not assignable to type 'ComponentCustomProps'.
    'string' and '`data-${string}`' index signatures are incompatible.
      Type 'unknown' is not assignable to type 'VueDataAttributeValue'.
src/CcdPrimeControls/CcdSelect.vue(12,4): error TS2345: Argument of type '{ [x: string]: unknown; }' is not assignable to parameter of type 'SelectProps & VNodeProps & AllowedComponentProps & ComponentCustomProps & Record<string, unknown>'.
  Type '{ [x: string]: unknown; }' is not assignable to type 'ComponentCustomProps'.
    'string' and '`data-${string}`' index signatures are incompatible.
      Type 'unknown' is not assignable to type 'VueDataAttributeValue'.
src/CcdPrimeControls/CcdSelectButton.vue(12,4): error TS2345: Argument of type '{ [x: string]: unknown; }' is not assignable to parameter of type 'SelectButtonProps & VNodeProps & AllowedComponentProps & ComponentCustomProps & Record<string, unknown>'.
  Type '{ [x: string]: unknown; }' is not assignable to type 'ComponentCustomProps'.
    'string' and '`data-${string}`' index signatures are incompatible.
      Type 'unknown' is not assignable to type 'VueDataAttributeValue'.
src/CcdPrimeControls/CcdToggleSwitch.vue(12,4): error TS2345: Argument of type '{ [x: string]: unknown; }' is not assignable to parameter of type 'ToggleSwitchProps & VNodeProps & AllowedComponentProps & ComponentCustomProps & Record<string, unknown>'.
  Type '{ [x: string]: unknown; }' is not assignable to type 'ComponentCustomProps'.
    'string' and '`data-${string}`' index signatures are incompatible.
      Type 'unknown' is not assignable to type 'VueDataAttributeValue'.
/Users/cc/MyPorject/ccd/packages/vue-ui:
 ERR_PNPM_RECURSIVE_RUN_FIRST_FAIL  @ccd/vue-ui@1.0.38 build: `rm -rf dist && rm -f ../../node_modules/.tmp/packages-vue-ui.tsbuildinfo && vite build --config vite.config.ts && vue-tsc -p tsconfig.build.json`
Exit status 2
