apps/web-demo/src/plugins/modules/proform.ts:10:import { packDataSync, unpackDataSync } from '@/utils/safeStorage'
scripts/ai-architecture-guard.mjs:102:  'apps/web-demo/src/utils/safeStorage/**',
apps/web-demo/src/utils/safeStorage/index.ts:4:export * from './safeStorage'
apps/web-demo/src/sync/systemPreferences/localPersist.ts:1:import { packDataSync, unpackDataSync } from '@/utils/safeStorage'
apps/web-demo/src/sync/systemPreferences/localPersist.ts:4:import { readLocalStorageValue, writeLocalStorageValue } from '@/utils/safeStorage'
apps/web-demo/src/utils/http/requestLayer.spec.ts:108:vi.mock('@/utils/safeStorage', () => ({
apps/web-demo/src/utils/http/interceptors.spec.ts:20:vi.mock('@/utils/safeStorage', () => ({
apps/web-demo/src/utils/http/interceptors.ts:6:import { compressAndEncryptSync, decryptAndDecompressSync } from '@/utils/safeStorage'
apps/web-demo/src/sync/systemPreferences/model.spec.ts:92:vi.mock('@/utils/safeStorage/piniaSerializer', () => ({
apps/web-demo/src/hooks/modules/useAuth.spec.ts:62:vi.mock('@/utils/safeStorage', () => ({
apps/web-demo/src/stores/modules/session/user.ts:9:import { createPiniaEncryptedSerializer, removeLocalStorageKeysWhere } from '@/utils/safeStorage'
apps/web-demo/src/stores/modules/session/permission.spec.ts:86:vi.mock('@/utils/safeStorage/piniaSerializer', () => ({
apps/web-demo/src/stores/modules/session/permission.ts:6:import { createPiniaEncryptedSerializer } from '@/utils/safeStorage/piniaSerializer'
apps/web-demo/src/hooks/layout/useAdminTabs.spec.ts:48:vi.mock('@/utils/safeStorage/piniaSerializer', () => ({
apps/web-demo/src/stores/modules/system/theme.spec.ts:45:vi.mock('@/utils/safeStorage/piniaSerializer', () => ({
apps/web-demo/src/stores/modules/session/user.spec.ts:45:vi.mock('@/utils/safeStorage', () => ({
apps/web-demo/src/stores/modules/session/user.spec.ts:52:vi.mock('@/utils/safeStorage/piniaSerializer', () => ({
apps/web-demo/src/stores/modules/session/user.spec.ts:151:      const { removeLocalStorageKeysWhere } = await import('@/utils/safeStorage')
apps/web-demo/src/stores/modules/system/theme.ts:17:import { createPiniaEncryptedSerializer } from '@/utils/safeStorage/piniaSerializer'
apps/web-demo/src/utils/theme/sizeEngine.ts:16:import { unpackDataSync } from '@/utils/safeStorage/core'
apps/web-demo/src/stores/modules/system/layout.ts:8:import { createPiniaEncryptedSerializer } from '@/utils/safeStorage/piniaSerializer'
apps/web-demo/src/stores/modules/system/layout.spec.ts:19:vi.mock('@/utils/safeStorage/piniaSerializer', () => ({
apps/web-demo/src/views/example/utils/safe-storage.vue:4:import { compressAndEncryptSync, decryptAndDecompressSync } from '@/utils/safeStorage'
apps/web-demo/src/stores/modules/system/size.ts:5:import { createPiniaEncryptedSerializer } from '@/utils/safeStorage/piniaSerializer'
apps/web-demo/src/stores/modules/system/size.spec.ts:57:vi.mock('@/utils/safeStorage/piniaSerializer', () => ({
