apps/web-demo/src/utils/theme/patch.ts:5:import { parseColor } from './color'
apps/web-demo/src/utils/theme/patch.ts:6:import { resolveThemeWithGraph, type ResolvedColorFamily, type ResolvedTheme } from './resolver'
apps/web-demo/src/utils/theme/patch.ts:7:import { validateTheme } from './validate'
apps/web-demo/src/utils/theme/patch.ts:8:import { diffThemes, type ThemeDiff } from './diff'
apps/web-demo/src/utils/theme/patch.ts:9:import { fingerprintTheme } from './fingerprint'
apps/web-demo/src/utils/theme/patch.ts:10:import { getThemeEvents, type ThemeEvent } from './observability'
apps/web-demo/src/utils/theme/patch.ts:11:import type { TokenGraph } from './graph'
apps/web-demo/src/utils/theme/patch.ts:13:export interface ThemePatch {
apps/web-demo/src/utils/theme/patch.ts:18:export interface ThemePatchResult {
apps/web-demo/src/utils/theme/patch.ts:107:export function applyThemePatch(baseTheme: ResolvedTheme, patch: ThemePatch): ThemePatchResult {
apps/web-demo/src/utils/theme/metrics.ts:5:export interface ThemePresetResolveMetric {
apps/web-demo/src/utils/theme/metrics.ts:12:export interface ThemeMetrics {
apps/web-demo/src/utils/theme/metrics.ts:35:export function recordResolveMetric(
apps/web-demo/src/utils/theme/metrics.ts:61:export function recordCacheHit(): void {
apps/web-demo/src/utils/theme/metrics.ts:65:export function recordCacheMiss(): void {
apps/web-demo/src/utils/theme/metrics.ts:69:export function getThemeMetrics(): ThemeMetrics {
apps/web-demo/src/utils/theme/metrics.ts:83:export function clearThemeMetrics(): void {
apps/web-demo/src/utils/theme/colors.spec.ts:1:import { describe, expect, it } from 'vitest'
apps/web-demo/src/utils/theme/colors.spec.ts:11:} from './colors'
apps/web-demo/src/utils/theme/color.ts:16:export interface Oklch {
apps/web-demo/src/utils/theme/color.ts:112:export function parseColor(input: string): Oklch {
apps/web-demo/src/utils/theme/color.ts:125:export function toRgbChannels(oklch: Oklch): string {
apps/web-demo/src/utils/theme/color.ts:137:export function toHex(oklch: Oklch): string {
apps/web-demo/src/utils/theme/color.ts:148:export function lighten(c: Oklch, deltaL: number): Oklch {
apps/web-demo/src/utils/theme/color.ts:153:export function darken(c: Oklch, deltaL: number): Oklch {
apps/web-demo/src/utils/theme/color.ts:158:export function adjustChroma(c: Oklch, deltaC: number): Oklch {
apps/web-demo/src/utils/theme/color.ts:163:export function adjustHue(c: Oklch, deltaH: number): Oklch {
apps/web-demo/src/utils/theme/color.ts:171:export function mix(c1: Oklch, c2: Oklch, ratio: number): Oklch {
apps/web-demo/src/utils/theme/color.ts:193:export function relativeLuminance(oklch: Oklch): number {
apps/web-demo/src/utils/theme/color.ts:208:export function contrastRatio(c1: Oklch, c2: Oklch): number {
apps/web-demo/src/utils/theme/color.ts:220:export function deltaE(c1: Oklch, c2: Oklch): number {
apps/web-demo/src/utils/theme/color.ts:234:export function ensureReadableForeground(
apps/web-demo/src/utils/theme/color.ts:254:export function hexToOklch(hex: string): Oklch {
apps/web-demo/src/utils/theme/color.ts:259:export function oklchToHex(oklch: Oklch): string {
apps/web-demo/src/utils/theme/metadata.ts:1:export * from '@ccd/design-tokens'
apps/web-demo/src/utils/theme/compiler.ts:10:import { toRgbChannels, parseColor } from './color'
apps/web-demo/src/utils/theme/compiler.ts:11:import type { ResolvedTheme } from './resolver'
apps/web-demo/src/utils/theme/compiler.ts:12:import { emitThemeEvent } from './observability'
apps/web-demo/src/utils/theme/compiler.ts:18:export function compileThemeVars(resolved: ResolvedTheme): ThemeCssVars {
apps/web-demo/src/utils/theme/fingerprint.ts:5:import { fnv1a, stableSerializeRecord } from '@ccd/shared-utils'
apps/web-demo/src/utils/theme/fingerprint.ts:6:import type { ResolvedTheme } from './resolver'
apps/web-demo/src/utils/theme/fingerprint.ts:7:import { flattenResolvedTheme } from './tokens'
apps/web-demo/src/utils/theme/fingerprint.ts:9:export function fingerprintTheme(theme: ResolvedTheme): string {
apps/web-demo/src/utils/theme/graph.ts:5:import type { ResolvedColorFamily, ResolvedTheme } from './resolver'
apps/web-demo/src/utils/theme/graph.ts:7:export type TokenNodeSource = 'base' | 'derived' | 'fallback'
apps/web-demo/src/utils/theme/graph.ts:9:export interface TokenNode {
apps/web-demo/src/utils/theme/graph.ts:15:export interface TokenGraph {
apps/web-demo/src/utils/theme/graph.ts:147:export function buildTokenGraph(resolved: ResolvedTheme, config: ThemeModeConfig): TokenGraph {
apps/web-demo/src/utils/theme/derive.ts:16:} from './color'
apps/web-demo/src/utils/theme/derive.ts:17:import { emitThemeEvent } from './observability'
apps/web-demo/src/utils/theme/derive.ts:23:export interface DeriveOptions {
apps/web-demo/src/utils/theme/derive.ts:119:export function deriveTheme(config: ThemeModeConfig, options: DeriveOptions = {}): ThemeModeConfig {
apps/web-demo/src/utils/theme/derive.ts:292:export function completeTheme(config: ThemeModeConfig): ThemeModeConfig {
apps/web-demo/src/utils/theme/lottieThemeUtils.ts:7:import { deepClone } from '@ccd/shared-utils'
apps/web-demo/src/utils/theme/lottieThemeUtils.ts:10:export interface HslTuple {
apps/web-demo/src/utils/theme/lottieThemeUtils.ts:17:export function rgbToHsl(r: number, g: number, b: number): HslTuple {
apps/web-demo/src/utils/theme/lottieThemeUtils.ts:32:export function hslToRgb(h: number, s: number, l: number): [number, number, number] {
apps/web-demo/src/utils/theme/lottieThemeUtils.ts:48:export type LottieRgba = [number, number, number, number]
apps/web-demo/src/utils/theme/lottieThemeUtils.ts:51:export type ThemeTokenName =
apps/web-demo/src/utils/theme/lottieThemeUtils.ts:70:export type LoadingType = 1 | 2 | 3
apps/web-demo/src/utils/theme/lottieThemeUtils.ts:73:export interface LottieThemePreset {
apps/web-demo/src/utils/theme/lottieThemeUtils.ts:85:export const LOTTIE_THEME_PRESETS: Record<LoadingType, LottieThemePreset> = {
apps/web-demo/src/utils/theme/lottieThemeUtils.ts:101:export interface ApplyThemeToLottieOptions {
apps/web-demo/src/utils/theme/lottieThemeUtils.ts:113: * 从 document.documentElement 读取指定 Token，转为 Lottie 可用的 [r,g,b,1]（0–1）。
apps/web-demo/src/utils/theme/lottieThemeUtils.ts:114: * SSR 或 window 不存在时返回对应回退色。
apps/web-demo/src/utils/theme/lottieThemeUtils.ts:116:export function getTokenAsLottieRgba(token: ThemeTokenName): LottieRgba {
apps/web-demo/src/utils/theme/lottieThemeUtils.ts:117:  if (typeof window === 'undefined') return FALLBACKS[token]
apps/web-demo/src/utils/theme/lottieThemeUtils.ts:120:  const raw = getComputedStyle(document.documentElement).getPropertyValue(cssVar).trim()
apps/web-demo/src/utils/theme/lottieThemeUtils.ts:135:export function getPrimaryAsLottieRgba(): LottieRgba {
apps/web-demo/src/utils/theme/lottieThemeUtils.ts:142:export function computeLuminance(rgba: number[]): number {
apps/web-demo/src/utils/theme/lottieThemeUtils.ts:321:export function applyThemeToLottieJson(
apps/web-demo/src/utils/theme/cache.ts:8:import { emitThemeEvent } from './observability'
apps/web-demo/src/utils/theme/cache.ts:9:import { recordCacheHit, recordCacheMiss } from './metrics'
apps/web-demo/src/utils/theme/cache.ts:18:export function getOrResolveTheme<T>(key: string, isDark: boolean, resolver: () => T): T {
apps/web-demo/src/utils/theme/cache.ts:47:export function clearThemeCache(): void {
apps/web-demo/src/utils/theme/cache.ts:54:export function themeCacheSize(): number {
apps/web-demo/src/utils/theme/validate.ts:8:import { parseColor, contrastRatio, relativeLuminance, deltaE } from './color'
apps/web-demo/src/utils/theme/validate.ts:9:import type { ResolvedTheme } from './resolver'
apps/web-demo/src/utils/theme/validate.ts:10:import { flattenResolvedTheme } from './tokens'
apps/web-demo/src/utils/theme/validate.ts:11:import { emitThemeEvent } from './observability'
apps/web-demo/src/utils/theme/validate.ts:17:export interface ValidationResult {
apps/web-demo/src/utils/theme/validate.ts:26:export type TokenSemanticLevel = 'action' | 'text' | 'subtle' | 'decorative'
apps/web-demo/src/utils/theme/validate.ts:28:export type DecorativeValidationMode = 'ignore' | 'warn' | 'strict'
apps/web-demo/src/utils/theme/validate.ts:30:export interface ThemeValidationConfig {
apps/web-demo/src/utils/theme/validate.ts:34:export interface StrictThemeRules {
apps/web-demo/src/utils/theme/validate.ts:43:export interface StrictValidationResult extends ValidationResult {
apps/web-demo/src/utils/theme/validate.ts:49:export interface ThemeContrastPairSpec {
apps/web-demo/src/utils/theme/validate.ts:58:export interface ThemeContrastPair {
apps/web-demo/src/utils/theme/validate.ts:67:export interface ThemeContrastAssessment {
apps/web-demo/src/utils/theme/validate.ts:103:export function classifyToken(tokenPath: string): TokenSemanticLevel {
apps/web-demo/src/utils/theme/validate.ts:155:export function getContrastThreshold(
apps/web-demo/src/utils/theme/validate.ts:172:export function assessTokenContrast(
apps/web-demo/src/utils/theme/validate.ts:230:export const THEME_CONTRAST_PAIR_SPECS: ThemeContrastPairSpec[] = [
apps/web-demo/src/utils/theme/validate.ts:457:export function getThemeContrastPairs(
apps/web-demo/src/utils/theme/validate.ts:489:export function validateTheme(
apps/web-demo/src/utils/theme/validate.ts:618:export function validateThemeStrict(
apps/web-demo/src/utils/theme/tokens.ts:5:import type { ResolvedTheme } from './resolver'
apps/web-demo/src/utils/theme/tokens.ts:7:export type ThemeTokenRecord = Record<string, string>
apps/web-demo/src/utils/theme/tokens.ts:9:export interface ThemeTokensByLayer {
apps/web-demo/src/utils/theme/tokens.ts:16:export const RESOLVED_THEME_TOKEN_KEYS = [
apps/web-demo/src/utils/theme/tokens.ts:103:export function flattenResolvedTheme(theme: ResolvedTheme): ThemeTokenRecord {
apps/web-demo/src/utils/theme/tokens.ts:139:export function getTokensByLayer(theme: ResolvedTheme): ThemeTokensByLayer {
apps/web-demo/src/utils/theme/diff.ts:8:import { parseColor, contrastRatio, relativeLuminance, deltaE } from './color'
apps/web-demo/src/utils/theme/diff.ts:9:import type { ResolvedTheme } from './resolver'
apps/web-demo/src/utils/theme/diff.ts:10:import { flattenResolvedTheme } from './tokens'
apps/web-demo/src/utils/theme/diff.ts:11:import { getThemeContrastPairs } from './validate'
apps/web-demo/src/utils/theme/diff.ts:17:export interface ThemeDiff {
apps/web-demo/src/utils/theme/diff.ts:143:export function diffThemes(a: ResolvedTheme, b: ResolvedTheme): ThemeDiff {
apps/web-demo/src/utils/theme/mode.ts:3:export function getSystemDarkModeQuery(): MediaQueryList | null {
apps/web-demo/src/utils/theme/mode.ts:4:  if (typeof window === 'undefined' || typeof window.matchMedia !== 'function') {
apps/web-demo/src/utils/theme/mode.ts:7:  systemDarkModeQuery ??= window.matchMedia('(prefers-color-scheme: dark)')
apps/web-demo/src/utils/theme/mode.ts:11:export function getSystemPrefersDark(): boolean {
apps/web-demo/src/utils/theme/mode.ts:15:export function resolveThemeModeIsDark(
apps/web-demo/src/utils/theme/mode.ts:22:export function applyThemeModeToRoot(
apps/web-demo/src/utils/theme/mode.ts:26:  if (typeof document === 'undefined') return
apps/web-demo/src/utils/theme/mode.ts:28:  const root = document.documentElement
apps/web-demo/src/utils/theme/sizeEngine.spec.ts:3:import { describe, expect, it, vi } from 'vitest'
apps/web-demo/src/utils/theme/sizeEngine.spec.ts:52:import { generateSizeVars, decideRootFontSize } from './sizeEngine'
apps/web-demo/src/utils/theme/colors.ts:1:export * from '@ccd/design-tokens'
apps/web-demo/src/utils/theme/engine.spec.ts:3:import { describe, expect, it } from 'vitest'
apps/web-demo/src/utils/theme/engine.spec.ts:22:} from './engine'
apps/web-demo/src/utils/theme/engine.spec.ts:23:import { THEME_PRESETS } from '@ccd/design-tokens'
apps/web-demo/src/utils/theme/engine.spec.ts:325:  it('applies CSS variables to document root', () => {
apps/web-demo/src/utils/theme/engine.spec.ts:392:    const root = document.documentElement
apps/web-demo/src/utils/theme/inspect.ts:5:import { parseColor, contrastRatio } from './color'
apps/web-demo/src/utils/theme/inspect.ts:11:} from './tokens'
apps/web-demo/src/utils/theme/inspect.ts:12:import { getThemeContrastPairs, validateTheme, type ValidationResult } from './validate'
apps/web-demo/src/utils/theme/inspect.ts:13:import type { ResolvedTheme } from './resolver'
apps/web-demo/src/utils/theme/inspect.ts:15:export interface ThemeContrastMatrixEntry {
apps/web-demo/src/utils/theme/inspect.ts:24:export interface SemanticCompletenessReport {
apps/web-demo/src/utils/theme/inspect.ts:29:export interface ThemeInspection {
apps/web-demo/src/utils/theme/inspect.ts:67:export function inspectTheme(theme: ResolvedTheme): ThemeInspection {
apps/web-demo/src/utils/theme/validate.spec.ts:1:import { describe, expect, it } from 'vitest'
apps/web-demo/src/utils/theme/validate.spec.ts:2:import { contrastRatio, parseColor } from './color'
apps/web-demo/src/utils/theme/validate.spec.ts:3:import { resolveTheme } from './resolver'
apps/web-demo/src/utils/theme/validate.spec.ts:4:import { assessTokenContrast, classifyToken, getContrastThreshold, validateTheme } from './validate'
apps/web-demo/src/utils/theme/engine.ts:4: * Pure token derivation lives in `@ccd/design-tokens`.
apps/web-demo/src/utils/theme/engine.ts:5: * Browser theme application is delegated to `@ccd/vue-app-platform` with app-owned
apps/web-demo/src/utils/theme/engine.ts:11:import type { ThemeCssVars } from '@ccd/design-tokens'
apps/web-demo/src/utils/theme/engine.ts:12:import { applyThemeVars } from '@ccd/vue-app-platform'
apps/web-demo/src/utils/theme/engine.ts:13:import { RUNTIME_STORAGE_KEYS } from '../../constants/runtime'
apps/web-demo/src/utils/theme/engine.ts:42:} from '@ccd/design-tokens/theme-engine'
apps/web-demo/src/utils/theme/engine.ts:43:export type {
apps/web-demo/src/utils/theme/engine.ts:64:} from '@ccd/design-tokens/theme-engine'
apps/web-demo/src/utils/theme/engine.ts:66:export function applyTheme(vars: ThemeCssVars): void {
apps/web-demo/src/utils/theme/engine.ts:68:    target: document.documentElement,
apps/web-demo/src/utils/theme/engine.ts:69:    storage: localStorage,
apps/web-demo/src/utils/theme/sizeEngine.ts:6:} from '@ccd/design-tokens'
apps/web-demo/src/utils/theme/sizeEngine.ts:7:import { SIZE_PERSIST_KEY } from '@/constants/size'
apps/web-demo/src/utils/theme/sizeEngine.ts:15:} from '@ccd/design-tokens'
apps/web-demo/src/utils/theme/sizeEngine.ts:16:import { unpackDataSync } from '@/utils/safeStorage/core'
apps/web-demo/src/utils/theme/sizeEngine.ts:17:import { getDeviceTypeSync, getBreakpointSync } from '@/utils/deviceSync'
apps/web-demo/src/utils/theme/sizeEngine.ts:42:export function generateSizeVars(preset: SizePreset): Partial<SizeCssVars> {
apps/web-demo/src/utils/theme/sizeEngine.ts:94:export function applySizeTheme(vars: Partial<SizeCssVars>) {
apps/web-demo/src/utils/theme/sizeEngine.ts:95:  const root = document.documentElement
apps/web-demo/src/utils/theme/sizeEngine.ts:127:export function decideLayoutDimensions(ctx: RootFontSizeContext): Record<string, string> {
apps/web-demo/src/utils/theme/sizeEngine.ts:149:export function applyRuntimeSizeUpdate(
apps/web-demo/src/utils/theme/sizeEngine.ts:153:  const root = document.documentElement
apps/web-demo/src/utils/theme/sizeEngine.ts:213:export function decideRootFontSize(ctx: RootFontSizeContext): RootFontSizeDecision {
apps/web-demo/src/utils/theme/sizeEngine.ts:288:export function applyRootFontSize(decision: RootFontSizeDecision) {
apps/web-demo/src/utils/theme/sizeEngine.ts:289:  const root = document.documentElement
apps/web-demo/src/utils/theme/sizeEngine.ts:306:export function applyAllSizeVars(
apps/web-demo/src/utils/theme/sizeEngine.ts:311:  const root = document.documentElement
apps/web-demo/src/utils/theme/sizeEngine.ts:366:export function preload(): void {
apps/web-demo/src/utils/theme/sizeEngine.ts:367:  if (typeof document === 'undefined') return
apps/web-demo/src/utils/theme/sizeEngine.ts:374:    raw = localStorage.getItem(SIZE_PERSIST_KEY)
apps/web-demo/src/utils/theme/sizeEngine.ts:399:  const deviceType = getDeviceTypeSync()
apps/web-demo/src/utils/theme/sizeEngine.ts:400:  const breakpoint = getBreakpointSync()
apps/web-demo/src/utils/theme/sizeEngine.ts:401:  const pixelRatio = typeof window !== 'undefined' ? window.devicePixelRatio || 1 : 1
apps/web-demo/src/utils/theme/sizeEngine.ts:413:export function getPresetBySizeMode(mode: SizeMode): SizePreset {
apps/web-demo/src/utils/theme/sizeEngine.ts:426:export function getScopedContentSizeVars(mode: SizeMode): Record<string, string> {
apps/web-demo/src/utils/theme/observability.ts:8:export type ThemeEvent =
apps/web-demo/src/utils/theme/observability.ts:17:export type ThemeEventListener = (event: ThemeEvent) => void
apps/web-demo/src/utils/theme/observability.ts:19:export interface ThemeObserver {
apps/web-demo/src/utils/theme/observability.ts:72:export function createThemeObserver(): ThemeObserverInternal {
apps/web-demo/src/utils/theme/observability.ts:106:export function getThemeObserver(): ThemeObserver {
apps/web-demo/src/utils/theme/observability.ts:110:export function emitThemeEvent(event: ThemeEvent): void {
apps/web-demo/src/utils/theme/observability.ts:114:export function getThemeEvents(): ThemeEvent[] {
apps/web-demo/src/utils/theme/observability.ts:118:export function clearThemeEvents(): void {
apps/web-demo/src/utils/theme/transitions.ts:7:import { rgbToHex } from './colors'
apps/web-demo/src/utils/theme/transitions.ts:8:import { getDeviceTypeSync } from '@/utils/deviceSync'
apps/web-demo/src/utils/theme/transitions.ts:14:export function isThemeLocked(): boolean {
apps/web-demo/src/utils/theme/transitions.ts:17:export function setThemeLocked(value: boolean): void {
apps/web-demo/src/utils/theme/transitions.ts:21:export interface TransitionConfig {
apps/web-demo/src/utils/theme/transitions.ts:39:export function calculateCircleRadius(x: number, y: number): number {
apps/web-demo/src/utils/theme/transitions.ts:40:  const maxX = Math.max(x, window.innerWidth - x)
apps/web-demo/src/utils/theme/transitions.ts:41:  const maxY = Math.max(y, window.innerHeight - y)
apps/web-demo/src/utils/theme/transitions.ts:49:export function calculateDiamondRadius(x: number, y: number): number {
apps/web-demo/src/utils/theme/transitions.ts:50:  const maxX = Math.max(x, window.innerWidth - x)
apps/web-demo/src/utils/theme/transitions.ts:51:  const maxY = Math.max(y, window.innerHeight - y)
apps/web-demo/src/utils/theme/transitions.ts:59:export function getBackgroundColor(cssVar: string = '--background'): string {
apps/web-demo/src/utils/theme/transitions.ts:60:  const rgbValue = getComputedStyle(document.documentElement).getPropertyValue(cssVar).trim()
apps/web-demo/src/utils/theme/transitions.ts:68:    const fallback = getComputedStyle(document.documentElement)
apps/web-demo/src/utils/theme/transitions.ts:83:export function getTransitionConfig(
apps/web-demo/src/utils/theme/transitions.ts:116:  if (typeof window === 'undefined' || typeof window.matchMedia !== 'function') return false
apps/web-demo/src/utils/theme/transitions.ts:117:  return window.matchMedia('(prefers-reduced-motion: reduce)').matches
apps/web-demo/src/utils/theme/transitions.ts:126:export function resolveTransitionMode(requestedMode: ThemeTransitionMode): ThemeTransitionMode {
apps/web-demo/src/utils/theme/transitions.ts:127:  const deviceType = getDeviceTypeSync()
apps/web-demo/src/utils/theme/resolver.ts:25:} from './color'
apps/web-demo/src/utils/theme/resolver.ts:26:import { buildTokenGraph, type TokenGraph, type TokenNodeSource } from './graph'
apps/web-demo/src/utils/theme/resolver.ts:27:import { emitThemeEvent } from './observability'
apps/web-demo/src/utils/theme/resolver.ts:28:import { recordResolveMetric } from './metrics'
apps/web-demo/src/utils/theme/resolver.ts:34:export interface ResolvedColorFamily {
apps/web-demo/src/utils/theme/resolver.ts:43:export interface ResolvedSidebar {
apps/web-demo/src/utils/theme/resolver.ts:54:export interface ResolvedTheme {
apps/web-demo/src/utils/theme/resolver.ts:75:export interface ThemeResolutionOptions {
apps/web-demo/src/utils/theme/resolver.ts:80:export interface ThemeResolutionResult {
apps/web-demo/src/utils/theme/resolver.ts:481:export function resolveTheme(
apps/web-demo/src/utils/theme/resolver.ts:489:export function resolveThemeWithGraph(
