 .ai/generated/governance-report.json               |   16 +-
 .ai/governance/policies/api.json                   |    1 +
 .ai/governance/policies/runtime.json               | 2232 +++++++++++++++++++-
 .ai/governance/policies/topology.json              |   20 +-
 .ai/rules/components/00-primevue-ecosystem.mdc     |    4 +-
 .ai/rules/components/01-primevue-pt-styling.mdc    |    2 +-
 .ai/rules/components/02-pro-components.mdc         |    4 +-
 docs/ai-plan/DECISIONS.md                          |   20 +-
 docs/architecture/ownership-boundaries.md          |   58 +-
 docs/en/architecture-contract.md                   |   43 +-
 docs/generated/api-surface-report.json             |   89 +-
 docs/generated/api-surface-report.md               |    6 +
 docs/generated/governance-report.md                |   12 +-
 docs/generated/graphs/README.md                    |    2 +-
 docs/generated/graphs/dependency-graph.json        |   18 +-
 docs/generated/graphs/package-dependency-graph.mmd |   11 +-
 docs/runtime/desktop-runtime.md                    |    6 +-
 docs/runtime/runtime-isolation.md                  |   35 +-
 docs/runtime/web-runtime.md                        |   44 +-
 docs/zh/02-architecture.md                         |   52 +-
 scripts/architecture/check-api-surface.mjs         |   33 +-
 scripts/architecture/check-runtime-leaks.mjs       |  600 +++++-
 scripts/architecture/validate-boundaries.mjs       |   40 +-
 23 files changed, 3220 insertions(+), 128 deletions(-)
