
> ccd@1.0.38 ci:prepare-internal /Users/cc/MyPorject/ccd
> pnpm ci:clean-artifacts && pnpm --filter @ccd/contracts build && pnpm --filter @ccd/design-tokens build && pnpm --filter @ccd/shared-utils build && pnpm --filter @ccd/core build && pnpm --filter @ccd/unocss-preset build && pnpm --filter @ccd/vue-hooks build && pnpm --filter @ccd/vue-app-platform build && pnpm --filter @ccd/vue-ui build && pnpm --filter @ccd/vue-primevue-adapter build && pnpm --filter @ccd/vue-charts build


> ccd@1.0.38 ci:clean-artifacts /Users/cc/MyPorject/ccd
> rm -rf packages/*/dist apps/*/dist node_modules/.tmp


> @ccd/contracts@1.0.38 build /Users/cc/MyPorject/ccd/packages/contracts
> rm -rf dist && rm -f ../../node_modules/.tmp/packages-contracts.tsbuildinfo && tsc -b tsconfig.json --force


> @ccd/design-tokens@1.0.38 build /Users/cc/MyPorject/ccd/packages/design-tokens
> rm -f ../../node_modules/.tmp/packages-design-tokens.tsbuildinfo && tsc -p tsconfig.json


> @ccd/shared-utils@1.0.38 build /Users/cc/MyPorject/ccd/packages/shared-utils
> rm -f ../../node_modules/.tmp/packages-shared-utils.tsbuildinfo && tsc -p tsconfig.json


> @ccd/core@1.0.38 build /Users/cc/MyPorject/ccd/packages/core
> rm -rf dist && rm -f ../../node_modules/.tmp/packages-core.tsbuildinfo && tsc -b tsconfig.json --force


> @ccd/unocss-preset@1.0.38 build /Users/cc/MyPorject/ccd/packages/unocss-preset
> rm -rf dist && rm -f ../../node_modules/.tmp/packages-unocss-preset.tsbuildinfo && tsc -p tsconfig.json


> @ccd/vue-hooks@1.0.38 build /Users/cc/MyPorject/ccd/packages/vue-hooks
> rm -f ../../node_modules/.tmp/packages-vue-hooks.tsbuildinfo && tsc -p tsconfig.json


> @ccd/vue-app-platform@1.0.38 build /Users/cc/MyPorject/ccd/packages/vue-app-platform
> rm -f ../../node_modules/.tmp/packages-vue-app-platform.tsbuildinfo && tsc -p tsconfig.json


> @ccd/vue-ui@1.0.38 build /Users/cc/MyPorject/ccd/packages/vue-ui
> rm -rf dist && rm -f ../../node_modules/.tmp/packages-vue-ui.tsbuildinfo && vite build --config vite.config.ts && vue-tsc -p tsconfig.build.json

vite v7.3.3 building client environment for production...
transforming...
✓ 126 modules transformed.
rendering chunks...
computing gzip size...
dist/vue-ui.css   19.53 kB │ gzip:  3.33 kB
dist/index.js    231.44 kB │ gzip: 58.66 kB
✓ built in 470ms

> @ccd/vue-primevue-adapter@1.0.38 build /Users/cc/MyPorject/ccd/packages/vue-primevue-adapter
> rm -f ../../node_modules/.tmp/packages-vue-primevue-adapter.tsbuildinfo && tsc -p tsconfig.json


> @ccd/vue-charts@1.0.38 build /Users/cc/MyPorject/ccd/packages/vue-charts
> rm -rf dist && rm -f ../../node_modules/.tmp/packages-vue-charts.tsbuildinfo && vite build --config vite.config.ts && vue-tsc -p tsconfig.build.json

vite v7.3.3 building client environment for production...
transforming...
✓ 46 modules transformed.
rendering chunks...
computing gzip size...
dist/echarts-setup.js   0.07 kB │ gzip:  0.09 kB
dist/index.js          89.94 kB │ gzip: 21.36 kB
✓ built in 191ms
