COMMAND: pnpm e2e:smoke

> ccd@1.0.38 e2e:smoke /Users/cc/MyPorject/ccd
> playwright test e2e/qa-regression.spec.ts e2e/views-route-smoke.spec.ts --grep-invert "@visual|@perf"

[2m[WebServer] [22m(node:41581) Warning: The 'NO_COLOR' env is ignored due to the 'FORCE_COLOR' env being set.
[2m[WebServer] [22m(Use `node --trace-warnings ...` to show where the warning was created)
[2m[WebServer] [22m(node:41582) Warning: The 'NO_COLOR' env is ignored due to the 'FORCE_COLOR' env being set.
[2m[WebServer] [22m(Use `node --trace-warnings ...` to show where the warning was created)

Running 10 tests using 6 workers

(node:41885) Warning: The 'NO_COLOR' env is ignored due to the 'FORCE_COLOR' env being set.
(Use `node --trace-warnings ...` to show where the warning was created)
(node:41887) Warning: The 'NO_COLOR' env is ignored due to the 'FORCE_COLOR' env being set.
(Use `node --trace-warnings ...` to show where the warning was created)
(node:41886) Warning: The 'NO_COLOR' env is ignored due to the 'FORCE_COLOR' env being set.
(Use `node --trace-warnings ...` to show where the warning was created)
(node:41883) Warning: The 'NO_COLOR' env is ignored due to the 'FORCE_COLOR' env being set.
(Use `node --trace-warnings ...` to show where the warning was created)
(node:41882) Warning: The 'NO_COLOR' env is ignored due to the 'FORCE_COLOR' env being set.
(Use `node --trace-warnings ...` to show where the warning was created)
(node:41884) Warning: The 'NO_COLOR' env is ignored due to the 'FORCE_COLOR' env being set.
(Use `node --trace-warnings ...` to show where the warning was created)
(node:41885) Warning: The 'NO_COLOR' env is ignored due to the 'FORCE_COLOR' env being set.
(Use `node --trace-warnings ...` to show where the warning was created)
(node:41883) Warning: The 'NO_COLOR' env is ignored due to the 'FORCE_COLOR' env being set.
(Use `node --trace-warnings ...` to show where the warning was created)
(node:41884) Warning: The 'NO_COLOR' env is ignored due to the 'FORCE_COLOR' env being set.
(Use `node --trace-warnings ...` to show where the warning was created)
(node:41882) Warning: The 'NO_COLOR' env is ignored due to the 'FORCE_COLOR' env being set.
(Use `node --trace-warnings ...` to show where the warning was created)
(node:41887) Warning: The 'NO_COLOR' env is ignored due to the 'FORCE_COLOR' env being set.
(Use `node --trace-warnings ...` to show where the warning was created)
(node:41886) Warning: The 'NO_COLOR' env is ignored due to the 'FORCE_COLOR' env being set.
(Use `node --trace-warnings ...` to show where the warning was created)
  ✓   4 [chromium] › e2e/qa-regression.spec.ts:154:5 › QA full regression repair matrix › tablet dashboard keeps a visible layout tree (3.9s)
  ✓   1 [chromium] › e2e/qa-regression.spec.ts:154:5 › QA full regression repair matrix › desktop dashboard keeps a visible layout tree (3.9s)
  ✓   6 [chromium] › e2e/qa-regression.spec.ts:154:5 › QA full regression repair matrix › mobile dashboard keeps a visible layout tree (4.1s)
  ✓   3 [chromium] › e2e/qa-regression.spec.ts:214:3 › QA full regression repair matrix › dashboard fixed tab survives non-dashboard redirect and destructive actions (4.8s)
  ✓   2 [chromium] › e2e/qa-regression.spec.ts:194:3 › QA full regression repair matrix › login route and logout redirect chain are stable (5.0s)
  ✓   5 [chromium] › e2e/qa-regression.spec.ts:274:3 › QA full regression repair matrix › hard refresh preserves dashboard through auth store rehydration (5.2s)
  ✓   7 [chromium] › e2e/qa-regression.spec.ts:295:3 › QA full regression repair matrix › delayed storage reads do not collapse authenticated dashboard reload (3.6s)
  ✓   8 [chromium] › e2e/qa-regression.spec.ts:330:3 › QA full regression repair matrix › invalid mid-session token refresh redirects without blank shell (4.5s)
  ✓  10 [chromium] › e2e/views-route-smoke.spec.ts:5:3 › view route smoke coverage › renders login, dashboard, and not-found views through the router (4.0s)
  ✓   9 [chromium] › e2e/qa-regression.spec.ts:370:3 › QA full regression repair matrix › multi-tab logout conflict converges to login without stale dashboard (5.7s)

  10 passed (16.0s)

EXIT_STATUS: 0
