COMMAND: pnpm governance:refresh

> ccd@1.0.38 governance:refresh /Users/cc/MyPorject/ccd
> pnpm api:report && pnpm supply:check && pnpm arch:report && pnpm arch:graphs && pnpm generated:normalize


> ccd@1.0.38 api:report /Users/cc/MyPorject/ccd
> node scripts/architecture/check-api-surface.mjs

API surface report generated: docs/generated/api-surface-report.json

> ccd@1.0.38 supply:check /Users/cc/MyPorject/ccd
> node scripts/architecture/check-supply-chain.mjs

Supply chain validation passed.

> ccd@1.0.38 arch:report /Users/cc/MyPorject/ccd
> node scripts/governance/report.mjs

[GENERATED] .ai/generated/governance-report.json
[GENERATED] docs/generated/governance-report.md

> ccd@1.0.38 arch:graphs /Users/cc/MyPorject/ccd
> node scripts/architecture/generate-dependency-graphs.mjs

Generated dependency graphs in docs/generated/graphs

> ccd@1.0.38 generated:normalize /Users/cc/MyPorject/ccd
> node scripts/normalize-generated-output.mjs

Generated output normalized: 0 files changed

EXIT_STATUS: 0
