$ rg design-token reusable API
apps/desktop/src/theme/index.ts:21:function resolveSizePreset(sizeName: SizeMode): SizePreset {
apps/desktop/src/theme/index.ts:147:    ...createSizeVars(resolveSizePreset(desktopSizeSource.sizeName)),
packages/design-tokens/src/metadata.ts:20: * 1. 约束 generateThemeVars 返回的 CSS 变量命名规范
packages/design-tokens/src/index.ts:56:  decideLayoutDimensions,
packages/design-tokens/src/index.ts:59:  generateSizeVars,
packages/design-tokens/src/index.ts:61:  resolveSizePreset,
packages/design-tokens/src/index.ts:2128: * 1. 约束 generateThemeVars 返回的 CSS 变量命名规范
apps/web-demo/src/utils/theme/compiler.ts:18:export function compileThemeVars(resolved: ResolvedTheme): ThemeCssVars {
packages/design-tokens/src/theme-engine/compiler.ts:19:export function compileThemeVars(resolved: ResolvedTheme): ThemeCssVars {
packages/design-tokens/src/sizeResolver.spec.ts:5:  decideLayoutDimensions,
packages/design-tokens/src/sizeResolver.spec.ts:8:  generateSizeVars,
packages/design-tokens/src/sizeResolver.spec.ts:10:  resolveSizePreset,
packages/design-tokens/src/sizeResolver.spec.ts:14:const comfortablePreset = resolveSizePreset('comfortable', SIZE_PRESETS, DEFAULT_SIZE_NAME)
packages/design-tokens/src/sizeResolver.spec.ts:18:    const vars = generateSizeVars(comfortablePreset)
packages/design-tokens/src/sizeResolver.spec.ts:71:      decideLayoutDimensions({
packages/design-tokens/src/sizeResolver.spec.ts:86:      decideLayoutDimensions({
packages/design-tokens/src/sizeResolver.spec.ts:110:    expect(resolveSizePreset('compact', SIZE_PRESETS, DEFAULT_SIZE_NAME)).toBe(SIZE_PRESETS[0])
packages/design-tokens/src/sizeResolver.spec.ts:111:    expect(resolveSizePreset(undefined, SIZE_PRESETS, DEFAULT_SIZE_NAME)).toBe(comfortablePreset)
packages/design-tokens/src/theme-engine/index.ts:3:import { compileThemeVars } from './compiler.js'
packages/design-tokens/src/theme-engine/index.ts:8:export { compileThemeVars } from './compiler.js'
packages/design-tokens/src/theme-engine/index.ts:69:export function generateThemeVars(preset: ThemePreset, isDark: boolean): ThemeCssVars {
packages/design-tokens/src/theme-engine/index.ts:94:    return compileThemeVars(resolved)
apps/web-demo/src/utils/theme/sizeEngine.spec.ts:5:  decideLayoutDimensions as packageDecideLayoutDimensions,
apps/web-demo/src/utils/theme/sizeEngine.spec.ts:7:  generateSizeVars as packageGenerateSizeVars,
apps/web-demo/src/utils/theme/sizeEngine.spec.ts:12:  decideLayoutDimensions,
apps/web-demo/src/utils/theme/sizeEngine.spec.ts:14:  generateSizeVars,
apps/web-demo/src/utils/theme/sizeEngine.spec.ts:52:describe('generateSizeVars facade', () => {
apps/web-demo/src/utils/theme/sizeEngine.spec.ts:54:    expect(generateSizeVars(comfortablePreset)).toEqual(packageGenerateSizeVars(comfortablePreset))
apps/web-demo/src/utils/theme/sizeEngine.spec.ts:58:    expect(generateSizeVars(compactPreset)).toEqual(packageGenerateSizeVars(compactPreset))
apps/web-demo/src/utils/theme/sizeEngine.spec.ts:113:    expect(decideLayoutDimensions(context)).toEqual(packageDecideLayoutDimensions(context))
packages/design-tokens/src/sizeResolver.ts:29:export function generateSizeVars(preset: SizePreset): Partial<SizeCssVars> {
packages/design-tokens/src/sizeResolver.ts:67:export function decideLayoutDimensions(ctx: RootFontSizeContext): Record<string, string> {
packages/design-tokens/src/sizeResolver.ts:158:export function resolveSizePreset(
packages/design-tokens/src/sizeResolver.ts:175:  const preset = resolveSizePreset(mode, presets, defaultMode)
packages/design-tokens/src/sizeResolver.ts:176:  const vars = generateSizeVars(preset)
apps/web-demo/src/utils/theme/engine.spec.ts:5:  generateThemeVars,
apps/web-demo/src/utils/theme/engine.spec.ts:25:describe('generateThemeVars (v4 — backward compat)', () => {
apps/web-demo/src/utils/theme/engine.spec.ts:34:    const vars = generateThemeVars(mockPreset, false)
apps/web-demo/src/utils/theme/engine.spec.ts:40:    const vars = generateThemeVars(mockPreset, false)
apps/web-demo/src/utils/theme/engine.spec.ts:45:    const vars = generateThemeVars(mockPreset, false)
apps/web-demo/src/utils/theme/engine.spec.ts:50:    const vars = generateThemeVars(mockPreset, false)
apps/web-demo/src/utils/theme/engine.spec.ts:55:    const lightVars = generateThemeVars(mockPreset, false)
apps/web-demo/src/utils/theme/engine.spec.ts:56:    const darkVars = generateThemeVars(mockPreset, true)
apps/web-demo/src/utils/theme/engine.spec.ts:61:describe('generateThemeVars — all presets deterministic', () => {
apps/web-demo/src/utils/theme/engine.spec.ts:65:        const vars = generateThemeVars(preset, isDark)
apps/web-demo/src/utils/theme/engine.spec.ts:112:        const a = generateThemeVars(preset, isDark)
apps/web-demo/src/utils/theme/engine.spec.ts:113:        const b = generateThemeVars(preset, isDark)
apps/web-demo/src/utils/theme/engine.spec.ts:120:describe('generateThemeVars — contrast validation', () => {
apps/web-demo/src/utils/theme/engine.spec.ts:159:    const a = generateThemeVars(mockPreset, false)
apps/web-demo/src/utils/theme/engine.spec.ts:160:    const b = generateThemeVars(mockPreset, false)
apps/web-demo/src/utils/theme/engine.spec.ts:313:    generateThemeVars(preset, false)
apps/web-demo/src/utils/theme/engine.spec.ts:314:    generateThemeVars(preset, false)
apps/web-demo/src/utils/theme/engine.ts:23:  compileThemeVars,
apps/web-demo/src/utils/theme/engine.ts:29:  generateThemeVars,
packages/design-tokens/src/theme-engine/index.spec.ts:8:  generateThemeVars,
packages/design-tokens/src/theme-engine/index.spec.ts:35:    const vars = generateThemeVars(preset, false)
apps/web-demo/src/utils/theme/sizeEngine.ts:8:  decideLayoutDimensions as decideDesignLayoutDimensions,
apps/web-demo/src/utils/theme/sizeEngine.ts:11:  generateSizeVars as generateDesignSizeVars,
apps/web-demo/src/utils/theme/sizeEngine.ts:13:  resolveSizePreset,
apps/web-demo/src/utils/theme/sizeEngine.ts:27:  decideDesignLayoutDimensions as decideLayoutDimensions,
apps/web-demo/src/utils/theme/sizeEngine.ts:29:  generateDesignSizeVars as generateSizeVars,
apps/web-demo/src/utils/theme/sizeEngine.ts:236:  return resolveSizePreset(mode, SIZE_PRESETS, DEFAULT_SIZE_NAME)
apps/web-demo/src/utils/theme/sizeEngine.ts:241: * 与 `generateSizeVars(preset)` 同源，含间距/圆角/过渡/字体阶梯及 `--font-size-root`。
exit_code=0
