$ sed package owner manifests
{
  "name": "@ccd/contracts",
  "version": "1.0.38",
  "private": true,
  "type": "module",
  "sideEffects": false,
  "exports": {
    ".": {
      "types": "./dist/index.d.ts",
      "import": "./dist/index.js",
      "default": "./dist/index.js"
    }
  },
  "scripts": {
    "build": "rm -rf dist && rm -f ../../node_modules/.tmp/packages-contracts.tsbuildinfo && tsc -b tsconfig.json --force",
    "type-check": "tsc -p tsconfig.json --noEmit",
    "typecheck": "pnpm type-check",
    "test": "vitest run --passWithNoTests"
  }
}
{
  "name": "@ccd/shared-utils",
  "version": "1.0.38",
  "private": true,
  "type": "module",
  "sideEffects": false,
  "exports": {
    ".": {
      "types": "./dist/index.d.ts",
      "import": "./dist/index.js",
      "default": "./dist/index.js"
    }
  },
  "scripts": {
    "build": "rm -f ../../node_modules/.tmp/packages-shared-utils.tsbuildinfo && tsc -p tsconfig.json",
    "type-check": "tsc -p tsconfig.json --noEmit",
    "typecheck": "pnpm type-check",
    "test": "vitest run --passWithNoTests"
  },
  "dependencies": {
    "lodash-es": "^4.17.21",
    "uuid": "^13.0.0"
  }
}
{
  "name": "@ccd/vue-app-platform",
  "version": "1.0.38",
  "private": true,
  "type": "module",
  "sideEffects": false,
  "exports": {
    ".": {
      "types": "./dist/index.d.ts",
      "import": "./dist/index.js",
      "default": "./dist/index.js"
    }
  },
  "scripts": {
    "build": "rm -f ../../node_modules/.tmp/packages-vue-app-platform.tsbuildinfo && tsc -p tsconfig.json",
    "type-check": "tsc -p tsconfig.json --noEmit",
    "typecheck": "pnpm type-check",
    "test": "vitest --root ../.. run packages/vue-app-platform/src/bootstrap.spec.ts packages/vue-app-platform/src/layoutRuntime.spec.ts packages/vue-app-platform/src/preloader.spec.ts packages/vue-app-platform/src/preloadError.spec.ts packages/vue-app-platform/src/themeRuntime.spec.ts --passWithNoTests"
  },
  "dependencies": {
    "@ccd/design-tokens": "workspace:*"
  }
}
{
  "name": "@ccd/vue-hooks",
  "version": "1.0.38",
  "private": true,
  "type": "module",
  "sideEffects": false,
  "exports": {
    ".": {
      "types": "./dist/index.d.ts",
      "import": "./dist/index.js",
      "default": "./dist/index.js"
    }
  },
  "scripts": {
    "build": "rm -f ../../node_modules/.tmp/packages-vue-hooks.tsbuildinfo && tsc -p tsconfig.json",
    "type-check": "tsc -p tsconfig.json --noEmit",
    "typecheck": "pnpm type-check",
    "test": "vitest --root ../.. run packages/vue-hooks/src/createAutoMittHook.spec.tsx packages/vue-hooks/src/directives/install.spec.ts packages/vue-hooks/src/directives/tap.spec.ts packages/vue-hooks/src/directives/swipe.spec.ts packages/vue-hooks/src/directives/longPress.spec.ts --passWithNoTests"
  },
  "dependencies": {
    "@ccd/shared-utils": "workspace:*",
    "@vueuse/core": "^13.9.0",
    "vue": "^3.5.12"
  }
}
exit_code=0
