scripts/drift-check.mjs:25:  'primevue.ts'
scripts/drift-check.mjs:231:    if (!content.includes('createPrimeVueComponentResolver()')) {
scripts/drift-check.mjs:233:        'apps/web-demo/build/plugins.ts: Components.resolvers 需包含 createPrimeVueComponentResolver() 以保持 PrimeVue 组件按需引入。'
scripts/drift-check.mjs:237:      errors.push('apps/web-demo/build/resolvers/primevue.ts: PrimeVue resolver boundary 缺失。')
scripts/drift-check.mjs:241:        !resolverBoundaryContent.includes("from '@primevue/auto-import-resolver'") ||
scripts/drift-check.mjs:242:        !resolverBoundaryContent.includes('PrimeVueResolver()')
scripts/drift-check.mjs:245:          'apps/web-demo/build/resolvers/primevue.ts: PrimeVue resolver boundary 必须集中调用 PrimeVueResolver()。'
scripts/lint-staged-safe.mjs:4:  'apps/web-demo/src/types/auto-imports.d.ts',
scripts/lint-staged-safe.mjs:5:  'apps/web-demo/src/types/components.d.ts',
scripts/lint-staged-safe.mjs:6:  'src/types/auto-imports.d.ts',
scripts/lint-staged-safe.mjs:7:  'src/types/components.d.ts',
scripts/lint-staged-safe.mjs:8:  'src/views/example/components/icons/configs/iconLists.generated.ts',
scripts/lint-staged-safe.mjs:9:  'apps/web-demo/src/views/example/components/icons/configs/iconLists.generated.ts',
scripts/lint-staged-safe.mjs:52:  console.error('Partially staged files detected. lint-staged was not run.')
scripts/lint-staged-safe.mjs:63:  console.error('Generated files are staged. lint-staged was not run.')
scripts/lint-staged-safe.mjs:65:  console.error('These are local-only generated artifacts and must not be committed.')
scripts/lint-staged-safe.mjs:71:  const generated = staged.filter(file => TRACKED_GENERATED_FILES.has(file))
scripts/lint-staged-safe.mjs:72:  if (generated.length === 0) return
scripts/lint-staged-safe.mjs:74:  console.warn('Tracked generated files are staged:')
scripts/lint-staged-safe.mjs:75:  printList(generated)
scripts/lint-staged-safe.mjs:80:  return run('pnpm', ['exec', 'lint-staged', '--no-stash'])
scripts/lint-staged-safe.mjs:83:console.log('Running Enterprise Guardian: lint-staged --no-stash...')
scripts/lint-staged-safe.mjs:93:    'lint-staged failed. No automatic stash or rollback was performed. Your working tree was left unchanged except for tool fixes already applied by lint-staged --no-stash.'
scripts/ai-architecture-guard.mjs:13:const outputLogPath = path.join(cwd, '.ai', 'runtime', 'architecture-guard-report.json')
scripts/ai-architecture-guard.mjs:50:const findings = []
scripts/ai-architecture-guard.mjs:53:  findings.push({ ruleId, relPath: normalizePath(relPath), message })
scripts/ai-architecture-guard.mjs:81:const approvedRawNetworkFiles = new Set([
scripts/ai-architecture-guard.mjs:89:const approvedRawStorageFiles = new Set([
scripts/ai-architecture-guard.mjs:98:  'apps/web-demo/src/utils/runtime/e2e.ts',
scripts/ai-architecture-guard.mjs:109:const approvedVueUseStorageFiles = new Set([
scripts/ai-architecture-guard.mjs:113:const approvedGlassBaseFiles = new Set([
scripts/ai-architecture-guard.mjs:117:const approvedRawZIndexFiles = new Set([
scripts/ai-architecture-guard.mjs:129:const approvedDirectTransportFiles = new Set([
scripts/ai-architecture-guard.mjs:130:  'apps/web-demo/src/sync/runtime.ts',
scripts/ai-architecture-guard.mjs:139:const approvedPrimeVueAppImportFiles = new Set()
scripts/ai-architecture-guard.mjs:141:const isPrimeVueBuildResolverBoundaryFile = relPath =>
scripts/ai-architecture-guard.mjs:142:  relPath === 'apps/web-demo/build/resolvers/primevue.ts'
scripts/ai-architecture-guard.mjs:144:const isPrimeVueGeneratedComponentRegistryFile = (relPath, content) =>
scripts/ai-architecture-guard.mjs:145:  relPath === 'apps/web-demo/src/types/components.d.ts' &&
scripts/ai-architecture-guard.mjs:148:const isPrimeVueModule = specifier =>
scripts/ai-architecture-guard.mjs:149:  specifier === 'primevue' || specifier.startsWith('primevue/') || specifier.startsWith('@primevue/')
scripts/ai-architecture-guard.mjs:153:const isPrimeVueAdapterFile = relPath => relPath.startsWith('packages/vue-primevue-adapter/src/')
scripts/ai-architecture-guard.mjs:155:const extractPrimeVueReferences = content => {
scripts/ai-architecture-guard.mjs:162:    if (isPrimeVueModule(specifier)) {
scripts/ai-architecture-guard.mjs:174:    if (isPrimeVueModule(specifier)) {
scripts/ai-architecture-guard.mjs:186:  const references = extractPrimeVueReferences(stripJsComments(readText(relPath)))
scripts/ai-architecture-guard.mjs:193:        'primevue-public-api-leak',
scripts/ai-architecture-guard.mjs:195:        `@ccd/vue-ui must not publicly re-export raw PrimeVue modules such as "${reference.specifier}"`
scripts/ai-architecture-guard.mjs:201:  if (isPrimeVueAdapterFile(relPath) || isTestFile(relPath)) continue
scripts/ai-architecture-guard.mjs:202:  if (isPrimeVueBuildResolverBoundaryFile(relPath)) continue
scripts/ai-architecture-guard.mjs:203:  if (isPrimeVueGeneratedComponentRegistryFile(relPath, readText(relPath))) continue
scripts/ai-architecture-guard.mjs:204:  if (approvedPrimeVueAppImportFiles.has(relPath)) continue
scripts/ai-architecture-guard.mjs:208:    'primevue-direct-import-boundary',
scripts/ai-architecture-guard.mjs:210:    `Direct PrimeVue module "${reference.specifier}" is allowed only inside @ccd/vue-ui internals, @ccd/vue-primevue-adapter, tests, governed build/generated boundaries, or the approved app exact allowlist`
scripts/ai-architecture-guard.mjs:218:const aiAllowedRuntimeAccessPaths = aiPolicy.allowedRuntimeAccessPaths ?? []
scripts/ai-architecture-guard.mjs:238:      fail('ai-generated-code-policy', relPath, rule.reason)
scripts/ai-architecture-guard.mjs:403:  if (approvedRawNetworkFiles.has(relPath)) continue
scripts/ai-architecture-guard.mjs:406:    fail('raw-network', relPath, 'raw network clients are only allowed in approved HTTP/runtime infrastructure')
scripts/ai-architecture-guard.mjs:413:  if (approvedRawStorageFiles.has(relPath)) continue
scripts/ai-architecture-guard.mjs:418:    fail('raw-storage', relPath, 'raw browser storage is only allowed in safeStorage/runtime bootstrap exceptions')
scripts/ai-architecture-guard.mjs:426:  if (approvedVueUseStorageFiles.has(relPath)) continue
scripts/ai-architecture-guard.mjs:432:    fail('vueuse-storage-restricted', relPath, 'business persistence must use safeStorage or approved Pinia persistence instead of VueUse storage composables')
scripts/ai-architecture-guard.mjs:450:  if (approvedDirectTransportFiles.has(relPath)) continue
scripts/ai-architecture-guard.mjs:456:      'BroadcastChannel transport must stay in apps/web-demo/src/sync/** or an approved infrastructure allowlist'
scripts/ai-architecture-guard.mjs:464:      'WebSocket transport must stay in apps/web-demo/src/sync/** or an approved infrastructure allowlist'
scripts/ai-architecture-guard.mjs:469:// --- raw-date-constructor: new Date() without args is forbidden outside approved files ---
scripts/ai-architecture-guard.mjs:470:const approvedRawDateFiles = new Set([
scripts/ai-architecture-guard.mjs:480:  if (approvedRawDateFiles.has(relPath)) continue
scripts/ai-architecture-guard.mjs:487:// --- raw-timer: setTimeout/setInterval outside approved files ---
scripts/ai-architecture-guard.mjs:488:const approvedRawTimerFiles = new Set([
scripts/ai-architecture-guard.mjs:515:  if (approvedRawTimerFiles.has(relPath)) continue
scripts/ai-architecture-guard.mjs:518:    fail('raw-timer', relPath, 'Use useTimeoutFn/useIntervalFn from VueUse or approved timer patterns instead of raw setTimeout/setInterval')
scripts/ai-architecture-guard.mjs:525:  if (!approvedGlassBaseFiles.has(relPath) && /\bglass-base\b/.test(content)) {
scripts/ai-architecture-guard.mjs:531:  if (!approvedRawZIndexFiles.has(relPath) && /\bz-index\s*:|\bz-\[(?:\d+)/.test(content)) {
scripts/ai-architecture-guard.mjs:596:      fail('store-router-import', relPath, 'stores must not import vue-router at runtime')
scripts/ai-architecture-guard.mjs:819:const sortedFindings = findings.sort((a, b) => {
scripts/ai-architecture-guard.mjs:828:  findings: sortedFindings,
scripts/architecture/check-runtime-leaks.mjs:10:const runtimePolicy = readPolicy('runtime')
scripts/architecture/check-runtime-leaks.mjs:52:const runtimeSurfaces = new Set(runtimePolicy.runtimeSurfaces ?? defaultRuntimeSurfaces)
scripts/architecture/check-runtime-leaks.mjs:53:const runtimeSurfaceScanRoots =
scripts/architecture/check-runtime-leaks.mjs:54:  runtimePolicy.runtimeSurfaceScanRoots ?? runtimePolicy.runtimeNeutralScanRoots
scripts/architecture/check-runtime-leaks.mjs:55:const forbiddenImports = patterns(runtimePolicy.forbiddenImports ?? [])
scripts/architecture/check-runtime-leaks.mjs:56:const forbiddenSourcePatterns = patterns(runtimePolicy.forbiddenSourcePatterns ?? [])
scripts/architecture/check-runtime-leaks.mjs:57:const runtimeClassifications = runtimePolicy.runtimeClassifications ?? []
scripts/architecture/check-runtime-leaks.mjs:58:const runtimePathAllowances = runtimePolicy.runtimePathAllowances ?? []
scripts/architecture/check-runtime-leaks.mjs:59:const runtimeSurfaceExceptions = runtimePolicy.runtimeSurfaceExceptions ?? []
scripts/architecture/check-runtime-leaks.mjs:61:  runtimePolicy.strictRuntimeNeutralPaths ?? runtimePolicy.runtimeNeutralPackagePaths ?? []
scripts/architecture/check-runtime-leaks.mjs:62:const findings = []
scripts/architecture/check-runtime-leaks.mjs:66:  [...runtimeSurfaces].filter(surface => !surface.includes('.') && surface !== '@tauri-apps/*')
scripts/architecture/check-runtime-leaks.mjs:102:const runtimeRootIdentifiers = new Set([
scripts/architecture/check-runtime-leaks.mjs:139:    /(?:^|\/)(?:auto-imports|components|env)\.d\.ts$/.test(relPath)
scripts/architecture/check-runtime-leaks.mjs:232:  if (!runtimeSurfaces.has(surface)) return
scripts/architecture/check-runtime-leaks.mjs:235:  findings.push({
scripts/architecture/check-runtime-leaks.mjs:239:    runtime_surface: surface,
scripts/architecture/check-runtime-leaks.mjs:241:      ? 'generated_type'
scripts/architecture/check-runtime-leaks.mjs:274:          } forbidden runtime import "${specifier.text}"`
scripts/architecture/check-runtime-leaks.mjs:283:      const isRuntimeRoot = rootName !== null && runtimeRootIdentifiers.has(rootName)
scripts/architecture/check-runtime-leaks.mjs:332:for (const scanRoot of runtimeSurfaceScanRoots) {
scripts/architecture/check-runtime-leaks.mjs:356:  return runtimeSurfaceExceptions.flatMap(entry =>
scripts/architecture/check-runtime-leaks.mjs:357:    (entry.surfaces ?? [entry.runtimeSurface]).map(surface => ({
scripts/architecture/check-runtime-leaks.mjs:359:      runtimeSurface: surface,
scripts/architecture/check-runtime-leaks.mjs:365:  exceptionEntries().map(entry => [`${entry.path}::${entry.runtimeSurface}`, entry])
scripts/architecture/check-runtime-leaks.mjs:369:  const baseClassification = matchByPath(finding.file, runtimeClassifications) ?? {
scripts/architecture/check-runtime-leaks.mjs:374:  const pathAllowance = matchByPath(finding.file, runtimePathAllowances)
scripts/architecture/check-runtime-leaks.mjs:375:  const exception = exceptionsByFileSurface.get(`${finding.file}::${finding.runtime_surface}`)
scripts/architecture/check-runtime-leaks.mjs:378:  if (finding.access_kind === 'type_only' || finding.access_kind === 'generated_type') {
scripts/architecture/check-runtime-leaks.mjs:383:      allowed_by_current_policy: true,
scripts/architecture/check-runtime-leaks.mjs:385:      proposed_policy_action: 'ignore-non-runtime-reference',
scripts/architecture/check-runtime-leaks.mjs:388:      notes: 'Type/generated references are indexed but not treated as runtime access.',
scripts/architecture/check-runtime-leaks.mjs:397:      allowed_by_current_policy: true,
scripts/architecture/check-runtime-leaks.mjs:399:      proposed_policy_action: 'allow-test-only',
scripts/architecture/check-runtime-leaks.mjs:402:      notes: 'Test runtime mocks are inventoried separately from production runtime access.',
scripts/architecture/check-runtime-leaks.mjs:406:  if (pathAllowance && surfaceMatches(pathAllowance.surfaces, finding.runtime_surface)) {
scripts/architecture/check-runtime-leaks.mjs:411:      allowed_by_current_policy: true,
scripts/architecture/check-runtime-leaks.mjs:413:      proposed_policy_action: pathAllowance.policyAction ?? 'allow-owned-runtime-boundary',
scripts/architecture/check-runtime-leaks.mjs:415:      target_owner_or_future_lane: pathAllowance.targetOwnerOrFutureLane ?? 'owned-runtime-boundary',
scripts/architecture/check-runtime-leaks.mjs:425:      allowed_by_current_policy: true,
scripts/architecture/check-runtime-leaks.mjs:427:      proposed_policy_action: exception.policyAction ?? 'allow-exact-classified-exception',
scripts/architecture/check-runtime-leaks.mjs:440:    allowed_by_current_policy: false,
scripts/architecture/check-runtime-leaks.mjs:443:      ? 'block-runtime-neutral-leak'
scripts/architecture/check-runtime-leaks.mjs:444:      : 'block-unclassified-runtime-surface',
scripts/architecture/check-runtime-leaks.mjs:447:    notes: 'No matching path allowance or exact runtime surface exception.',
scripts/architecture/check-runtime-leaks.mjs:454:    finding.runtime_surface,
scripts/architecture/check-runtime-leaks.mjs:462:  for (const finding of findings) {
scripts/architecture/check-runtime-leaks.mjs:481:      a.runtime_surface.localeCompare(b.runtime_surface) ||
scripts/architecture/check-runtime-leaks.mjs:497:    'runtime_surface',
scripts/architecture/check-runtime-leaks.mjs:501:    'allowed_by_current_policy',
scripts/architecture/check-runtime-leaks.mjs:534:      runtime_surface: entry.runtimeSurface,
scripts/architecture/check-runtime-leaks.mjs:543:        a.file.localeCompare(b.file) || a.runtime_surface.localeCompare(b.runtime_surface)
scripts/architecture/check-runtime-leaks.mjs:548:    'runtime_surface',
scripts/architecture/check-runtime-leaks.mjs:567:  row => row.production_or_test === 'production' && row.allowed_by_current_policy === false
scripts/architecture/check-runtime-leaks.mjs:586:      `- ${row.file}:${row.locations[0]} ${row.runtime_surface} ${row.access_kind} is unclassified (${row.proposed_policy_action})`
scripts/architecture/check-runtime-leaks.mjs:593:  console.error('Strict runtime-neutral import validation failed:')
scripts/architecture/check-runtime-leaks.mjs:598:for (const scanRoot of runtimePolicy.runtimeNeutralScanRoots ?? []) {
scripts/architecture/check-runtime-leaks.mjs:605:        row => row.file === relPath && row.allowed_by_current_policy
scripts/architecture/check-runtime-leaks.mjs:616:  `Runtime surface validation passed. findings=${rows.length}, exact_exceptions=${exceptionEntries().length}`
scripts/architecture/validate-boundaries.mjs:9:const { runtime, topology } = readPolicies('runtime', 'topology')
scripts/architecture/validate-boundaries.mjs:12:const forbiddenCoreImports = patterns(runtime.forbiddenImports)
scripts/architecture/validate-boundaries.mjs:20:const forbiddenCoreGlobalPatterns = patterns(runtime.forbiddenSourcePatterns)
scripts/architecture/validate-boundaries.mjs:22:const adapterBoundaries = runtime.adapterBoundaries.map(boundary => ({
scripts/architecture/validate-boundaries.mjs:24:  allowedPath: join(root, boundary.allowedPath),
scripts/architecture/validate-boundaries.mjs:28:const findings = []
scripts/architecture/validate-boundaries.mjs:59:  findings.push(`${relative(root, file)}: ${message}`)
scripts/architecture/validate-boundaries.mjs:120:      report(file, 'core must not reference runtime globals')
scripts/architecture/validate-boundaries.mjs:128:        report(file, `core must not import runtime API "${specifier}"`)
scripts/architecture/validate-boundaries.mjs:131:        report(file, `core must not import runtime builtin "${specifier}"`)
scripts/architecture/validate-boundaries.mjs:156:          !isInside(file, boundary.allowedPath)
scripts/architecture/validate-boundaries.mjs:160:            `${boundary.name} import is allowed only in ${relative(root, boundary.allowedPath)}: "${specifier}"`
scripts/architecture/validate-boundaries.mjs:167:      if (!isInside(file, boundary.allowedPath) && boundary.forbiddenCallPattern.test(content)) {
scripts/architecture/validate-boundaries.mjs:170:          `direct ${boundary.name} calls are allowed only in ${relative(root, boundary.allowedPath)}`
scripts/architecture/validate-boundaries.mjs:203:  const allowedWorkspaceDependencies = uniqueSorted(packageInfo.allowedWorkspaceDependencies ?? [])
scripts/architecture/validate-boundaries.mjs:206:    manifestWorkspaceDependencies.length !== allowedWorkspaceDependencies.length ||
scripts/architecture/validate-boundaries.mjs:208:      (name, index) => name !== allowedWorkspaceDependencies[index]
scripts/architecture/validate-boundaries.mjs:213:      `workspace dependency policy mismatch for ${packageInfo.name}: manifest=[${formatList(manifestWorkspaceDependencies)}], topology=[${formatList(allowedWorkspaceDependencies)}]`
scripts/architecture/validate-boundaries.mjs:219:    findings.push(
scripts/architecture/validate-boundaries.mjs:225:if (findings.length > 0) {
scripts/architecture/validate-boundaries.mjs:227:  findings.forEach(finding => console.error(`- ${finding}`))
.dependency-cruiser.cjs:15:      comment: 'Core must remain runtime-neutral and cannot depend on apps.',
.dependency-cruiser.cjs:43:      comment: 'Tauri imports are allowed only in desktop adapter modules.',
