 M docs/ai-plan/ARCHITECTURE_ISSUE_REPAIR_LOG.md
 M docs/ai-plan/DECISIONS.md
 M docs/ai-plan/FINAL_GO_NO_GO.md
 M docs/ai-plan/STATUS.md
?? docs/ai-runs/20260601-180407-ccd-p24-owner-decision-residual-debt-menu/command-logs/cursor-probe.log
?? docs/ai-runs/20260601-180407-ccd-p24-owner-decision-residual-debt-menu/command-logs/git-branch.log
?? docs/ai-runs/20260601-180407-ccd-p24-owner-decision-residual-debt-menu/command-logs/git-diff-check-baseline.log
?? docs/ai-runs/20260601-180407-ccd-p24-owner-decision-residual-debt-menu/command-logs/git-diff-check-final.log
?? docs/ai-runs/20260601-180407-ccd-p24-owner-decision-residual-debt-menu/command-logs/git-fetch-origin-main.log
?? docs/ai-runs/20260601-180407-ccd-p24-owner-decision-residual-debt-menu/command-logs/git-head.log
?? docs/ai-runs/20260601-180407-ccd-p24-owner-decision-residual-debt-menu/command-logs/git-log-12.log
?? docs/ai-runs/20260601-180407-ccd-p24-owner-decision-residual-debt-menu/command-logs/git-origin-main.log
?? docs/ai-runs/20260601-180407-ccd-p24-owner-decision-residual-debt-menu/command-logs/git-status-baseline.log
?? docs/ai-runs/20260601-180407-ccd-p24-owner-decision-residual-debt-menu/command-logs/git-status-final.log
?? docs/ai-runs/20260601-180407-ccd-p24-owner-decision-residual-debt-menu/command-logs/pnpm-ai-doctor-baseline.log
?? docs/ai-runs/20260601-180407-ccd-p24-owner-decision-residual-debt-menu/command-logs/pnpm-ai-doctor-final.log
?? docs/ai-runs/20260601-180407-ccd-p24-owner-decision-residual-debt-menu/command-logs/pnpm-ai-doctor-open-baseline.log
?? docs/ai-runs/20260601-180407-ccd-p24-owner-decision-residual-debt-menu/command-logs/pnpm-ai-doctor-open-final.log
?? docs/ai-runs/20260601-180407-ccd-p24-owner-decision-residual-debt-menu/command-logs/pnpm-ai-guard-baseline.log
?? docs/ai-runs/20260601-180407-ccd-p24-owner-decision-residual-debt-menu/command-logs/pnpm-ai-guard-final.log
?? docs/ai-runs/20260601-180407-ccd-p24-owner-decision-residual-debt-menu/command-logs/pnpm-docs-commands-baseline.log
?? docs/ai-runs/20260601-180407-ccd-p24-owner-decision-residual-debt-menu/command-logs/pnpm-docs-commands-final.log
?? docs/ai-runs/20260601-180407-ccd-p24-owner-decision-residual-debt-menu/command-logs/pnpm-validate-governance-baseline.log
?? docs/ai-runs/20260601-180407-ccd-p24-owner-decision-residual-debt-menu/command-logs/pnpm-validate-governance-final.log
?? docs/ai-runs/20260601-180407-ccd-p24-owner-decision-residual-debt-menu/command-logs/root-duplicate-probe.log
?? docs/ai-runs/20260601-180407-ccd-p24-owner-decision-residual-debt-menu/reports/decision-menu-review.md
?? docs/ai-runs/20260601-180407-ccd-p24-owner-decision-residual-debt-menu/reports/next-lane-authorization.md
?? docs/ai-runs/20260601-180407-ccd-p24-owner-decision-residual-debt-menu/reports/owner-decision-record.md
