| file | runtime_surface | classification | related_issue_ids | migration_target | revisit_lane | reason |
| --- | --- | --- | --- | --- | --- | --- |
| apps/desktop/src/main.ts | addEventListener | app-runtime-integration | D-07, E-05 | desktop app shell may own browser WebView bootstrap; Tauri APIs remain restricted to desktop adapters | M6 | Existing desktop WebView DOM/bootstrap access is classified separately from Tauri adapter access. |
| apps/desktop/src/main.ts | document | app-runtime-integration | D-07, E-05 | desktop app shell may own browser WebView bootstrap; Tauri APIs remain restricted to desktop adapters | M6 | Existing desktop WebView DOM/bootstrap access is classified separately from Tauri adapter access. |
| apps/desktop/src/main.ts | documentElement | app-runtime-integration | D-07, E-05 | desktop app shell may own browser WebView bootstrap; Tauri APIs remain restricted to desktop adapters | M6 | Existing desktop WebView DOM/bootstrap access is classified separately from Tauri adapter access. |
| apps/desktop/src/main.ts | location | app-runtime-integration | D-07, E-05 | desktop app shell may own browser WebView bootstrap; Tauri APIs remain restricted to desktop adapters | M6 | Existing desktop WebView DOM/bootstrap access is classified separately from Tauri adapter access. |
| apps/desktop/src/main.ts | window | app-runtime-integration | D-07, E-05 | desktop app shell may own browser WebView bootstrap; Tauri APIs remain restricted to desktop adapters | M6 | Existing desktop WebView DOM/bootstrap access is classified separately from Tauri adapter access. |
| apps/desktop/src/theme/index.ts | document | app-runtime-integration | D-07, E-05 | desktop app shell may own browser WebView bootstrap; Tauri APIs remain restricted to desktop adapters | M6 | Existing desktop WebView DOM/bootstrap access is classified separately from Tauri adapter access. |
| apps/desktop/src/theme/index.ts | documentElement | app-runtime-integration | D-07, E-05 | desktop app shell may own browser WebView bootstrap; Tauri APIs remain restricted to desktop adapters | M6 | Existing desktop WebView DOM/bootstrap access is classified separately from Tauri adapter access. |
| apps/web-demo/src/api/auth/auth.api.ts | setTimeout | app-runtime-integration | C-02, C-05, D-10 | keep mock/API timing behavior app-owned; do not move runtime into contracts/core | M5/M7 | Existing app API runtime access is classified as app integration. |
| apps/web-demo/src/api/system/system.api.ts | setTimeout | app-runtime-integration | C-02, C-05, D-10 | keep mock/API timing behavior app-owned; do not move runtime into contracts/core | M5/M7 | Existing app API runtime access is classified as app integration. |
| apps/web-demo/src/App.vue | document | web-app-bootstrap | C-02, C-05 | keep app bootstrap/router/env integration app-owned; move reusable primitives only in approved lanes | M4/M5 | Existing app bootstrap/router runtime access is classified as app shell behavior. |
| apps/web-demo/src/App.vue | documentElement | web-app-bootstrap | C-02, C-05 | keep app bootstrap/router/env integration app-owned; move reusable primitives only in approved lanes | M4/M5 | Existing app bootstrap/router runtime access is classified as app shell behavior. |
| apps/web-demo/src/App.vue | location | web-app-bootstrap | C-02, C-05 | keep app bootstrap/router/env integration app-owned; move reusable primitives only in approved lanes | M4/M5 | Existing app bootstrap/router runtime access is classified as app shell behavior. |
| apps/web-demo/src/App.vue | window | web-app-bootstrap | C-02, C-05 | keep app bootstrap/router/env integration app-owned; move reusable primitives only in approved lanes | M4/M5 | Existing app bootstrap/router runtime access is classified as app shell behavior. |
| apps/web-demo/src/constants/http.ts | import.meta.env | web-app-bootstrap | C-02, C-05 | keep app bootstrap/router/env integration app-owned; move reusable primitives only in approved lanes | M4/M5 | Existing app bootstrap/router runtime access is classified as app shell behavior. |
| apps/web-demo/src/constants/mock.ts | import.meta.env | web-app-bootstrap | C-02, C-05 | keep app bootstrap/router/env integration app-owned; move reusable primitives only in approved lanes | M4/M5 | Existing app bootstrap/router runtime access is classified as app shell behavior. |
| apps/web-demo/src/constants/router.ts | import.meta.env | web-app-bootstrap | C-02, C-05 | keep app bootstrap/router/env integration app-owned; move reusable primitives only in approved lanes | M4/M5 | Existing app bootstrap/router runtime access is classified as app shell behavior. |
| apps/web-demo/src/constants/size.ts | import.meta.env | web-app-bootstrap | C-02, C-05 | keep app bootstrap/router/env integration app-owned; move reusable primitives only in approved lanes | M4/M5 | Existing app bootstrap/router runtime access is classified as app shell behavior. |
| apps/web-demo/src/hooks/layout/useAdminTabs.ts | addEventListener | web-app-layout | C-02, C-05 | keep layout integration app-owned; extract reusable platform primitive only with owner approval | M4/M5 | Existing layout/browser integration is app-local runtime behavior. |
| apps/web-demo/src/hooks/layout/useAdminTabs.ts | document | web-app-layout | C-02, C-05 | keep layout integration app-owned; extract reusable platform primitive only with owner approval | M4/M5 | Existing layout/browser integration is app-local runtime behavior. |
| apps/web-demo/src/hooks/layout/useAdminTabs.ts | import.meta.env | web-app-layout | C-02, C-05 | keep layout integration app-owned; extract reusable platform primitive only with owner approval | M4/M5 | Existing layout/browser integration is app-local runtime behavior. |
| apps/web-demo/src/hooks/layout/useAdminTabs.ts | removeEventListener | web-app-layout | C-02, C-05 | keep layout integration app-owned; extract reusable platform primitive only with owner approval | M4/M5 | Existing layout/browser integration is app-local runtime behavior. |
| apps/web-demo/src/hooks/layout/useAdminTabs.ts | setTimeout | web-app-layout | C-02, C-05 | keep layout integration app-owned; extract reusable platform primitive only with owner approval | M4/M5 | Existing layout/browser integration is app-local runtime behavior. |
| apps/web-demo/src/hooks/layout/useLayoutRuntime.ts | cancelAnimationFrame | web-app-layout | C-02, C-05 | keep layout integration app-owned; extract reusable platform primitive only with owner approval | M4/M5 | Existing layout/browser integration is app-local runtime behavior. |
| apps/web-demo/src/hooks/layout/useLayoutRuntime.ts | requestAnimationFrame | web-app-layout | C-02, C-05 | keep layout integration app-owned; extract reusable platform primitive only with owner approval | M4/M5 | Existing layout/browser integration is app-local runtime behavior. |
| apps/web-demo/src/hooks/layout/useLayoutRuntime.ts | window | web-app-layout | C-02, C-05 | keep layout integration app-owned; extract reusable platform primitive only with owner approval | M4/M5 | Existing layout/browser integration is app-local runtime behavior. |
| apps/web-demo/src/hooks/layout/useLoading.ts | addEventListener | web-app-layout | C-02, C-05 | keep layout integration app-owned; extract reusable platform primitive only with owner approval | M4/M5 | Existing layout/browser integration is app-local runtime behavior. |
| apps/web-demo/src/hooks/layout/useLoading.ts | document | web-app-layout | C-02, C-05 | keep layout integration app-owned; extract reusable platform primitive only with owner approval | M4/M5 | Existing layout/browser integration is app-local runtime behavior. |
| apps/web-demo/src/hooks/layout/useLoading.ts | documentElement | web-app-layout | C-02, C-05 | keep layout integration app-owned; extract reusable platform primitive only with owner approval | M4/M5 | Existing layout/browser integration is app-local runtime behavior. |
| apps/web-demo/src/hooks/layout/useLoading.ts | setTimeout | web-app-layout | C-02, C-05 | keep layout integration app-owned; extract reusable platform primitive only with owner approval | M4/M5 | Existing layout/browser integration is app-local runtime behavior. |
| apps/web-demo/src/hooks/layout/useLoading.ts | window | web-app-layout | C-02, C-05 | keep layout integration app-owned; extract reusable platform primitive only with owner approval | M4/M5 | Existing layout/browser integration is app-local runtime behavior. |
| apps/web-demo/src/hooks/layout/useNprogress.ts | clearInterval | web-app-layout | C-02, C-05 | keep layout integration app-owned; extract reusable platform primitive only with owner approval | M4/M5 | Existing layout/browser integration is app-local runtime behavior. |
| apps/web-demo/src/hooks/layout/useNprogress.ts | clearTimeout | web-app-layout | C-02, C-05 | keep layout integration app-owned; extract reusable platform primitive only with owner approval | M4/M5 | Existing layout/browser integration is app-local runtime behavior. |
| apps/web-demo/src/hooks/layout/useNprogress.ts | document | web-app-layout | C-02, C-05 | keep layout integration app-owned; extract reusable platform primitive only with owner approval | M4/M5 | Existing layout/browser integration is app-local runtime behavior. |
| apps/web-demo/src/hooks/layout/useNprogress.ts | setInterval | web-app-layout | C-02, C-05 | keep layout integration app-owned; extract reusable platform primitive only with owner approval | M4/M5 | Existing layout/browser integration is app-local runtime behavior. |
| apps/web-demo/src/hooks/layout/useNprogress.ts | setTimeout | web-app-layout | C-02, C-05 | keep layout integration app-owned; extract reusable platform primitive only with owner approval | M4/M5 | Existing layout/browser integration is app-local runtime behavior. |
| apps/web-demo/src/hooks/modules/useAuth.ts | console | app-runtime-integration | C-02, C-05 | keep app-specific hook integration local unless M4 approves package extraction | M4 | Existing app hook runtime access is classified as app integration. |
| apps/web-demo/src/hooks/modules/useAuth.ts | window | app-runtime-integration | C-02, C-05 | keep app-specific hook integration local unless M4 approves package extraction | M4 | Existing app hook runtime access is classified as app integration. |
| apps/web-demo/src/hooks/modules/useDateUtils.ts | console | app-runtime-integration | C-02, C-05 | keep app-specific hook integration local unless M4 approves package extraction | M4 | Existing app hook runtime access is classified as app integration. |
| apps/web-demo/src/hooks/modules/useLocale.ts | console | app-runtime-integration | C-02, C-05 | keep app-specific hook integration local unless M4 approves package extraction | M4 | Existing app hook runtime access is classified as app integration. |
| apps/web-demo/src/hooks/modules/usePermissionRoutes.ts | clearTimeout | app-runtime-integration | C-02, C-05 | keep app-specific hook integration local unless M4 approves package extraction | M4 | Existing app hook runtime access is classified as app integration. |
| apps/web-demo/src/hooks/modules/usePermissionRoutes.ts | console | app-runtime-integration | C-02, C-05 | keep app-specific hook integration local unless M4 approves package extraction | M4 | Existing app hook runtime access is classified as app integration. |
| apps/web-demo/src/hooks/modules/usePermissionRoutes.ts | setTimeout | app-runtime-integration | C-02, C-05 | keep app-specific hook integration local unless M4 approves package extraction | M4 | Existing app hook runtime access is classified as app integration. |
| apps/web-demo/src/hooks/modules/useThemeSwitch.ts | addEventListener | app-local-shared-candidate | B-11, C-02, C-05 | split theme transition primitives into vue-app-platform and keep app UI integration local | M5 | Existing theme transition runtime access is classified for future extraction planning. |
| apps/web-demo/src/hooks/modules/useThemeSwitch.ts | clearTimeout | app-local-shared-candidate | B-11, C-02, C-05 | split theme transition primitives into vue-app-platform and keep app UI integration local | M5 | Existing theme transition runtime access is classified for future extraction planning. |
| apps/web-demo/src/hooks/modules/useThemeSwitch.ts | console | app-local-shared-candidate | B-11, C-02, C-05 | split theme transition primitives into vue-app-platform and keep app UI integration local | M5 | Existing theme transition runtime access is classified for future extraction planning. |
| apps/web-demo/src/hooks/modules/useThemeSwitch.ts | document | app-local-shared-candidate | B-11, C-02, C-05 | split theme transition primitives into vue-app-platform and keep app UI integration local | M5 | Existing theme transition runtime access is classified for future extraction planning. |
| apps/web-demo/src/hooks/modules/useThemeSwitch.ts | documentElement | app-local-shared-candidate | B-11, C-02, C-05 | split theme transition primitives into vue-app-platform and keep app UI integration local | M5 | Existing theme transition runtime access is classified for future extraction planning. |
| apps/web-demo/src/hooks/modules/useThemeSwitch.ts | localStorage | app-local-shared-candidate | B-11, C-02, C-05 | split theme transition primitives into vue-app-platform and keep app UI integration local | M5 | Existing theme transition runtime access is classified for future extraction planning. |
| apps/web-demo/src/hooks/modules/useThemeSwitch.ts | requestAnimationFrame | app-local-shared-candidate | B-11, C-02, C-05 | split theme transition primitives into vue-app-platform and keep app UI integration local | M5 | Existing theme transition runtime access is classified for future extraction planning. |
| apps/web-demo/src/hooks/modules/useThemeSwitch.ts | setTimeout | app-local-shared-candidate | B-11, C-02, C-05 | split theme transition primitives into vue-app-platform and keep app UI integration local | M5 | Existing theme transition runtime access is classified for future extraction planning. |
| apps/web-demo/src/hooks/modules/useThemeSwitch.ts | window | app-local-shared-candidate | B-11, C-02, C-05 | split theme transition primitives into vue-app-platform and keep app UI integration local | M5 | Existing theme transition runtime access is classified for future extraction planning. |
| apps/web-demo/src/layouts/components/admin/AdminMenuPopup.tsx | cancelAnimationFrame | web-app-layout | C-02, C-05 | keep layout integration app-owned; extract reusable platform primitive only with owner approval | M4/M5 | Existing layout/browser integration is app-local runtime behavior. |
| apps/web-demo/src/layouts/components/admin/AdminMenuPopup.tsx | document | web-app-layout | C-02, C-05 | keep layout integration app-owned; extract reusable platform primitive only with owner approval | M4/M5 | Existing layout/browser integration is app-local runtime behavior. |
| apps/web-demo/src/layouts/components/admin/AdminMenuPopup.tsx | documentElement | web-app-layout | C-02, C-05 | keep layout integration app-owned; extract reusable platform primitive only with owner approval | M4/M5 | Existing layout/browser integration is app-local runtime behavior. |
| apps/web-demo/src/layouts/components/admin/AdminMenuPopup.tsx | requestAnimationFrame | web-app-layout | C-02, C-05 | keep layout integration app-owned; extract reusable platform primitive only with owner approval | M4/M5 | Existing layout/browser integration is app-local runtime behavior. |
| apps/web-demo/src/layouts/components/admin/AdminMenuPopup.tsx | window | web-app-layout | C-02, C-05 | keep layout integration app-owned; extract reusable platform primitive only with owner approval | M4/M5 | Existing layout/browser integration is app-local runtime behavior. |
| apps/web-demo/src/layouts/components/admin/AdminSidebarMenuInline.tsx | document | web-app-layout | C-02, C-05 | keep layout integration app-owned; extract reusable platform primitive only with owner approval | M4/M5 | Existing layout/browser integration is app-local runtime behavior. |
| apps/web-demo/src/layouts/components/admin/AdminTabsBar.tsx | window | web-app-layout | C-02, C-05 | keep layout integration app-owned; extract reusable platform primitive only with owner approval | M4/M5 | Existing layout/browser integration is app-local runtime behavior. |
| apps/web-demo/src/layouts/components/AnimateRouterView.vue | console | web-app-layout | C-02, C-05 | keep layout integration app-owned; extract reusable platform primitive only with owner approval | M4/M5 | Existing layout/browser integration is app-local runtime behavior. |
| apps/web-demo/src/layouts/components/AnimateRouterView.vue | import.meta.env | web-app-layout | C-02, C-05 | keep layout integration app-owned; extract reusable platform primitive only with owner approval | M4/M5 | Existing layout/browser integration is app-local runtime behavior. |
| apps/web-demo/src/layouts/components/AppPrimeVueGlobals.vue | window | web-app-layout | C-02, C-05 | keep layout integration app-owned; extract reusable platform primitive only with owner approval | M4/M5 | Existing layout/browser integration is app-local runtime behavior. |
| apps/web-demo/src/layouts/components/AsyncErrorFallback.vue | location | web-app-layout | C-02, C-05 | keep layout integration app-owned; extract reusable platform primitive only with owner approval | M4/M5 | Existing layout/browser integration is app-local runtime behavior. |
| apps/web-demo/src/layouts/components/AsyncErrorFallback.vue | window | web-app-layout | C-02, C-05 | keep layout integration app-owned; extract reusable platform primitive only with owner approval | M4/M5 | Existing layout/browser integration is app-local runtime behavior. |
| apps/web-demo/src/layouts/components/ContextMenuProvider.vue | addEventListener | web-app-layout | C-02, C-05 | keep layout integration app-owned; extract reusable platform primitive only with owner approval | M4/M5 | Existing layout/browser integration is app-local runtime behavior. |
| apps/web-demo/src/layouts/components/ContextMenuProvider.vue | document | web-app-layout | C-02, C-05 | keep layout integration app-owned; extract reusable platform primitive only with owner approval | M4/M5 | Existing layout/browser integration is app-local runtime behavior. |
| apps/web-demo/src/layouts/components/ContextMenuProvider.vue | removeEventListener | web-app-layout | C-02, C-05 | keep layout integration app-owned; extract reusable platform primitive only with owner approval | M4/M5 | Existing layout/browser integration is app-local runtime behavior. |
| apps/web-demo/src/layouts/components/ContextMenuProvider.vue | window | web-app-layout | C-02, C-05 | keep layout integration app-owned; extract reusable platform primitive only with owner approval | M4/M5 | Existing layout/browser integration is app-local runtime behavior. |
| apps/web-demo/src/layouts/components/LoadingLottie.vue | console | web-app-layout | C-02, C-05 | keep layout integration app-owned; extract reusable platform primitive only with owner approval | M4/M5 | Existing layout/browser integration is app-local runtime behavior. |
| apps/web-demo/src/layouts/components/LoadingLottie.vue | fetch | web-app-layout | C-02, C-05 | keep layout integration app-owned; extract reusable platform primitive only with owner approval | M4/M5 | Existing layout/browser integration is app-local runtime behavior. |
| apps/web-demo/src/layouts/components/LoadingLottie.vue | import.meta.env | web-app-layout | C-02, C-05 | keep layout integration app-owned; extract reusable platform primitive only with owner approval | M4/M5 | Existing layout/browser integration is app-local runtime behavior. |
| apps/web-demo/src/layouts/index.vue | document | web-app-layout | C-02, C-05 | keep layout integration app-owned; extract reusable platform primitive only with owner approval | M4/M5 | Existing layout/browser integration is app-local runtime behavior. |
| apps/web-demo/src/layouts/index.vue | documentElement | web-app-layout | C-02, C-05 | keep layout integration app-owned; extract reusable platform primitive only with owner approval | M4/M5 | Existing layout/browser integration is app-local runtime behavior. |
| apps/web-demo/src/locales/index.ts | document | web-app-bootstrap | C-02, C-05 | keep app bootstrap/router/env integration app-owned; move reusable primitives only in approved lanes | M4/M5 | Existing app bootstrap/router runtime access is classified as app shell behavior. |
| apps/web-demo/src/locales/index.ts | documentElement | web-app-bootstrap | C-02, C-05 | keep app bootstrap/router/env integration app-owned; move reusable primitives only in approved lanes | M4/M5 | Existing app bootstrap/router runtime access is classified as app shell behavior. |
| apps/web-demo/src/locales/index.ts | import.meta.env | web-app-bootstrap | C-02, C-05 | keep app bootstrap/router/env integration app-owned; move reusable primitives only in approved lanes | M4/M5 | Existing app bootstrap/router runtime access is classified as app shell behavior. |
| apps/web-demo/src/main.ts | addEventListener | web-app-bootstrap | C-02, C-05 | keep app bootstrap/router/env integration app-owned; move reusable primitives only in approved lanes | M4/M5 | Existing app bootstrap/router runtime access is classified as app shell behavior. |
| apps/web-demo/src/main.ts | document | web-app-bootstrap | C-02, C-05 | keep app bootstrap/router/env integration app-owned; move reusable primitives only in approved lanes | M4/M5 | Existing app bootstrap/router runtime access is classified as app shell behavior. |
| apps/web-demo/src/main.ts | location | web-app-bootstrap | C-02, C-05 | keep app bootstrap/router/env integration app-owned; move reusable primitives only in approved lanes | M4/M5 | Existing app bootstrap/router runtime access is classified as app shell behavior. |
| apps/web-demo/src/main.ts | window | web-app-bootstrap | C-02, C-05 | keep app bootstrap/router/env integration app-owned; move reusable primitives only in approved lanes | M4/M5 | Existing app bootstrap/router runtime access is classified as app shell behavior. |
| apps/web-demo/src/plugins/modules/errorHandler.ts | addEventListener | web-app-plugin | C-02, C-05, C-06 | keep plugin wiring app-owned unless a package adapter is approved | M4 | Existing browser runtime use is app plugin/bootstrap integration debt. |
| apps/web-demo/src/plugins/modules/errorHandler.ts | import.meta.env | web-app-plugin | C-02, C-05, C-06 | keep plugin wiring app-owned unless a package adapter is approved | M4 | Existing browser runtime use is app plugin/bootstrap integration debt. |
| apps/web-demo/src/plugins/modules/errorHandler.ts | window | web-app-plugin | C-02, C-05, C-06 | keep plugin wiring app-owned unless a package adapter is approved | M4 | Existing browser runtime use is app plugin/bootstrap integration debt. |
| apps/web-demo/src/plugins/modules/proform.ts | import.meta.env | web-app-plugin | C-02, C-05, C-06 | keep plugin wiring app-owned unless a package adapter is approved | M4 | Existing browser runtime use is app plugin/bootstrap integration debt. |
| apps/web-demo/src/plugins/modules/proform.ts | window | web-app-plugin | C-02, C-05, C-06 | keep plugin wiring app-owned unless a package adapter is approved | M4 | Existing browser runtime use is app plugin/bootstrap integration debt. |
| apps/web-demo/src/router/index.ts | import.meta.env | web-app-bootstrap | C-02, C-05 | keep app bootstrap/router/env integration app-owned; move reusable primitives only in approved lanes | M4/M5 | Existing app bootstrap/router runtime access is classified as app shell behavior. |
| apps/web-demo/src/router/modules/core.ts | import.meta.env | web-app-bootstrap | C-02, C-05 | keep app bootstrap/router/env integration app-owned; move reusable primitives only in approved lanes | M4/M5 | Existing app bootstrap/router runtime access is classified as app shell behavior. |
| apps/web-demo/src/router/utils/guardEffects.ts | clearTimeout | web-app-bootstrap | C-02, C-05 | keep app bootstrap/router/env integration app-owned; move reusable primitives only in approved lanes | M4/M5 | Existing app bootstrap/router runtime access is classified as app shell behavior. |
| apps/web-demo/src/router/utils/guardEffects.ts | document | web-app-bootstrap | C-02, C-05 | keep app bootstrap/router/env integration app-owned; move reusable primitives only in approved lanes | M4/M5 | Existing app bootstrap/router runtime access is classified as app shell behavior. |
| apps/web-demo/src/router/utils/guardEffects.ts | setTimeout | web-app-bootstrap | C-02, C-05 | keep app bootstrap/router/env integration app-owned; move reusable primitives only in approved lanes | M4/M5 | Existing app bootstrap/router runtime access is classified as app shell behavior. |
| apps/web-demo/src/router/utils/helper.ts | addEventListener | web-app-bootstrap | C-02, C-05 | keep app bootstrap/router/env integration app-owned; move reusable primitives only in approved lanes | M4/M5 | Existing app bootstrap/router runtime access is classified as app shell behavior. |
| apps/web-demo/src/router/utils/helper.ts | history | web-app-bootstrap | C-02, C-05 | keep app bootstrap/router/env integration app-owned; move reusable primitives only in approved lanes | M4/M5 | Existing app bootstrap/router runtime access is classified as app shell behavior. |
| apps/web-demo/src/router/utils/helper.ts | import.meta.env | web-app-bootstrap | C-02, C-05 | keep app bootstrap/router/env integration app-owned; move reusable primitives only in approved lanes | M4/M5 | Existing app bootstrap/router runtime access is classified as app shell behavior. |
| apps/web-demo/src/router/utils/helper.ts | location | web-app-bootstrap | C-02, C-05 | keep app bootstrap/router/env integration app-owned; move reusable primitives only in approved lanes | M4/M5 | Existing app bootstrap/router runtime access is classified as app shell behavior. |
| apps/web-demo/src/router/utils/helper.ts | window | web-app-bootstrap | C-02, C-05 | keep app bootstrap/router/env integration app-owned; move reusable primitives only in approved lanes | M4/M5 | Existing app bootstrap/router runtime access is classified as app shell behavior. |
| apps/web-demo/src/stores/modules/session/permission.ts | import.meta.env | web-app-store | C-02, C-05, D-10 | keep concrete app state in store; extract pure/runtime primitives only in M5 | M5 | Existing store runtime access is exact-classified debt, not a new package allowance. |
| apps/web-demo/src/stores/modules/session/permission.ts | localStorage | web-app-store | C-02, C-05, D-10 | keep concrete app state in store; extract pure/runtime primitives only in M5 | M5 | Existing store runtime access is exact-classified debt, not a new package allowance. |
| apps/web-demo/src/stores/modules/session/user.ts | import.meta.env | web-app-store | C-02, C-05, D-10 | keep concrete app state in store; extract pure/runtime primitives only in M5 | M5 | Existing store runtime access is exact-classified debt, not a new package allowance. |
| apps/web-demo/src/stores/modules/session/user.ts | localStorage | web-app-store | C-02, C-05, D-10 | keep concrete app state in store; extract pure/runtime primitives only in M5 | M5 | Existing store runtime access is exact-classified debt, not a new package allowance. |
| apps/web-demo/src/stores/modules/system/device.ts | cancelAnimationFrame | web-app-store | B-10, C-02, C-05 | keep concrete app state in store; extract pure/runtime primitives only in M5 | M5 | Existing store runtime access is exact-classified debt, not a new package allowance. |
| apps/web-demo/src/stores/modules/system/device.ts | clearTimeout | web-app-store | B-10, C-02, C-05 | keep concrete app state in store; extract pure/runtime primitives only in M5 | M5 | Existing store runtime access is exact-classified debt, not a new package allowance. |
| apps/web-demo/src/stores/modules/system/device.ts | document | web-app-store | B-10, C-02, C-05 | keep concrete app state in store; extract pure/runtime primitives only in M5 | M5 | Existing store runtime access is exact-classified debt, not a new package allowance. |
| apps/web-demo/src/stores/modules/system/device.ts | requestAnimationFrame | web-app-store | B-10, C-02, C-05 | keep concrete app state in store; extract pure/runtime primitives only in M5 | M5 | Existing store runtime access is exact-classified debt, not a new package allowance. |
| apps/web-demo/src/stores/modules/system/device.ts | setTimeout | web-app-store | B-10, C-02, C-05 | keep concrete app state in store; extract pure/runtime primitives only in M5 | M5 | Existing store runtime access is exact-classified debt, not a new package allowance. |
| apps/web-demo/src/stores/modules/system/device.ts | visualViewport | web-app-store | B-10, C-02, C-05 | keep concrete app state in store; extract pure/runtime primitives only in M5 | M5 | Existing store runtime access is exact-classified debt, not a new package allowance. |
| apps/web-demo/src/stores/modules/system/device.ts | window | web-app-store | B-10, C-02, C-05 | keep concrete app state in store; extract pure/runtime primitives only in M5 | M5 | Existing store runtime access is exact-classified debt, not a new package allowance. |
| apps/web-demo/src/stores/modules/system/layout.ts | console | web-app-store | C-02, C-05 | keep concrete app state in store; extract pure/runtime primitives only in M5 | M5 | Existing store runtime access is exact-classified debt, not a new package allowance. |
| apps/web-demo/src/stores/modules/system/layout.ts | import.meta.env | web-app-store | C-02, C-05 | keep concrete app state in store; extract pure/runtime primitives only in M5 | M5 | Existing store runtime access is exact-classified debt, not a new package allowance. |
| apps/web-demo/src/stores/modules/system/layout.ts | localStorage | web-app-store | C-02, C-05 | keep concrete app state in store; extract pure/runtime primitives only in M5 | M5 | Existing store runtime access is exact-classified debt, not a new package allowance. |
| apps/web-demo/src/stores/modules/system/locale.ts | console | web-app-store | C-02, C-05 | keep concrete app state in store; extract pure/runtime primitives only in M5 | M5 | Existing store runtime access is exact-classified debt, not a new package allowance. |
| apps/web-demo/src/stores/modules/system/locale.ts | import.meta.env | web-app-store | C-02, C-05 | keep concrete app state in store; extract pure/runtime primitives only in M5 | M5 | Existing store runtime access is exact-classified debt, not a new package allowance. |
| apps/web-demo/src/stores/modules/system/locale.ts | localStorage | web-app-store | C-02, C-05 | keep concrete app state in store; extract pure/runtime primitives only in M5 | M5 | Existing store runtime access is exact-classified debt, not a new package allowance. |
| apps/web-demo/src/stores/modules/system/locale.ts | window | web-app-store | C-02, C-05 | keep concrete app state in store; extract pure/runtime primitives only in M5 | M5 | Existing store runtime access is exact-classified debt, not a new package allowance. |
| apps/web-demo/src/stores/modules/system/size.ts | console | web-app-store | B-09, C-02, C-05 | keep concrete app state in store; extract pure/runtime primitives only in M5 | M5 | Existing store runtime access is exact-classified debt, not a new package allowance. |
| apps/web-demo/src/stores/modules/system/size.ts | localStorage | web-app-store | B-09, C-02, C-05 | keep concrete app state in store; extract pure/runtime primitives only in M5 | M5 | Existing store runtime access is exact-classified debt, not a new package allowance. |
| apps/web-demo/src/stores/modules/system/theme.ts | addEventListener | web-app-store | B-11, C-02, C-05 | keep concrete app state in store; extract pure/runtime primitives only in M5 | M5 | Existing store runtime access is exact-classified debt, not a new package allowance. |
| apps/web-demo/src/stores/modules/system/theme.ts | console | web-app-store | B-11, C-02, C-05 | keep concrete app state in store; extract pure/runtime primitives only in M5 | M5 | Existing store runtime access is exact-classified debt, not a new package allowance. |
| apps/web-demo/src/stores/modules/system/theme.ts | import.meta.env | web-app-store | B-11, C-02, C-05 | keep concrete app state in store; extract pure/runtime primitives only in M5 | M5 | Existing store runtime access is exact-classified debt, not a new package allowance. |
| apps/web-demo/src/stores/modules/system/theme.ts | localStorage | web-app-store | B-11, C-02, C-05 | keep concrete app state in store; extract pure/runtime primitives only in M5 | M5 | Existing store runtime access is exact-classified debt, not a new package allowance. |
| apps/web-demo/src/stores/modules/system/theme.ts | removeEventListener | web-app-store | B-11, C-02, C-05 | keep concrete app state in store; extract pure/runtime primitives only in M5 | M5 | Existing store runtime access is exact-classified debt, not a new package allowance. |
| apps/web-demo/src/sync/runtime.ts | import.meta.env | app-runtime-integration | C-02, C-05 | keep sync/browser transport integration app-owned | M5 | Existing sync runtime access is classified as app infrastructure. |
| apps/web-demo/src/sync/socket.ts | addEventListener | app-runtime-integration | C-02, C-05 | keep sync/browser transport integration app-owned | M5 | Existing sync runtime access is classified as app infrastructure. |
| apps/web-demo/src/sync/socket.ts | crypto | app-runtime-integration | C-02, C-05 | keep sync/browser transport integration app-owned | M5 | Existing sync runtime access is classified as app infrastructure. |
| apps/web-demo/src/sync/systemPreferences/runtime.ts | console | app-runtime-integration | C-02, C-05 | keep sync/browser transport integration app-owned | M5 | Existing sync runtime access is classified as app infrastructure. |
| apps/web-demo/src/utils/date/dateUtils.ts | console | app-runtime-integration | C-02, C-05 | keep app date/time runtime integration local; avoid browser globals in packages/core | M5 | Existing date/time browser access is classified as app runtime integration. |
| apps/web-demo/src/utils/date/dateUtils.ts | window | app-runtime-integration | C-02, C-05 | keep app date/time runtime integration local; avoid browser globals in packages/core | M5 | Existing date/time browser access is classified as app runtime integration. |
| apps/web-demo/src/utils/date/timezone.ts | clearTimeout | app-runtime-integration | C-02, C-05 | keep app date/time runtime integration local; avoid browser globals in packages/core | M5 | Existing date/time browser access is classified as app runtime integration. |
| apps/web-demo/src/utils/date/timezone.ts | console | app-runtime-integration | C-02, C-05 | keep app date/time runtime integration local; avoid browser globals in packages/core | M5 | Existing date/time browser access is classified as app runtime integration. |
| apps/web-demo/src/utils/date/timezone.ts | fetch | app-runtime-integration | C-02, C-05 | keep app date/time runtime integration local; avoid browser globals in packages/core | M5 | Existing date/time browser access is classified as app runtime integration. |
| apps/web-demo/src/utils/date/timezone.ts | setTimeout | app-runtime-integration | C-02, C-05 | keep app date/time runtime integration local; avoid browser globals in packages/core | M5 | Existing date/time browser access is classified as app runtime integration. |
| apps/web-demo/src/utils/date/timezone.ts | window | app-runtime-integration | C-02, C-05 | keep app date/time runtime integration local; avoid browser globals in packages/core | M5 | Existing date/time browser access is classified as app runtime integration. |
| apps/web-demo/src/utils/deviceSync.ts | navigator | app-local-shared-candidate | B-10, C-02, C-05 | split pure breakpoint resolver from app browser listener in M5 | M5 | Existing device sync browser access is classified for future extraction planning. |
| apps/web-demo/src/utils/deviceSync.ts | window | app-local-shared-candidate | B-10, C-02, C-05 | split pure breakpoint resolver from app browser listener in M5 | M5 | Existing device sync browser access is classified for future extraction planning. |
| apps/web-demo/src/utils/http/connection.ts | addEventListener | app-runtime-integration | C-02, C-05, D-10 | keep HTTP runtime in app infrastructure/adapters; contracts stay type-only | M5/M7 | Existing HTTP/browser runtime access is classified as app infrastructure. |
| apps/web-demo/src/utils/http/connection.ts | clearInterval | app-runtime-integration | C-02, C-05, D-10 | keep HTTP runtime in app infrastructure/adapters; contracts stay type-only | M5/M7 | Existing HTTP/browser runtime access is classified as app infrastructure. |
| apps/web-demo/src/utils/http/connection.ts | clearTimeout | app-runtime-integration | C-02, C-05, D-10 | keep HTTP runtime in app infrastructure/adapters; contracts stay type-only | M5/M7 | Existing HTTP/browser runtime access is classified as app infrastructure. |
| apps/web-demo/src/utils/http/connection.ts | fetch | app-runtime-integration | C-02, C-05, D-10 | keep HTTP runtime in app infrastructure/adapters; contracts stay type-only | M5/M7 | Existing HTTP/browser runtime access is classified as app infrastructure. |
| apps/web-demo/src/utils/http/connection.ts | navigator | app-runtime-integration | C-02, C-05, D-10 | keep HTTP runtime in app infrastructure/adapters; contracts stay type-only | M5/M7 | Existing HTTP/browser runtime access is classified as app infrastructure. |
| apps/web-demo/src/utils/http/connection.ts | removeEventListener | app-runtime-integration | C-02, C-05, D-10 | keep HTTP runtime in app infrastructure/adapters; contracts stay type-only | M5/M7 | Existing HTTP/browser runtime access is classified as app infrastructure. |
| apps/web-demo/src/utils/http/connection.ts | setInterval | app-runtime-integration | C-02, C-05, D-10 | keep HTTP runtime in app infrastructure/adapters; contracts stay type-only | M5/M7 | Existing HTTP/browser runtime access is classified as app infrastructure. |
| apps/web-demo/src/utils/http/connection.ts | setTimeout | app-runtime-integration | C-02, C-05, D-10 | keep HTTP runtime in app infrastructure/adapters; contracts stay type-only | M5/M7 | Existing HTTP/browser runtime access is classified as app infrastructure. |
| apps/web-demo/src/utils/http/connection.ts | window | app-runtime-integration | C-02, C-05, D-10 | keep HTTP runtime in app infrastructure/adapters; contracts stay type-only | M5/M7 | Existing HTTP/browser runtime access is classified as app infrastructure. |
| apps/web-demo/src/utils/http/instance.ts | import.meta.env | app-runtime-integration | C-02, C-05, D-10 | keep HTTP runtime in app infrastructure/adapters; contracts stay type-only | M5/M7 | Existing HTTP/browser runtime access is classified as app infrastructure. |
| apps/web-demo/src/utils/http/interceptors.ts | document | app-runtime-integration | C-02, C-05, D-10 | keep HTTP runtime in app infrastructure/adapters; contracts stay type-only | M5/M7 | Existing HTTP/browser runtime access is classified as app infrastructure. |
| apps/web-demo/src/utils/http/methods.ts | clearTimeout | app-runtime-integration | C-02, C-05, D-10 | keep HTTP runtime in app infrastructure/adapters; contracts stay type-only | M5/M7 | Existing HTTP/browser runtime access is classified as app infrastructure. |
| apps/web-demo/src/utils/http/methods.ts | crypto | app-runtime-integration | C-02, C-05, D-10 | keep HTTP runtime in app infrastructure/adapters; contracts stay type-only | M5/M7 | Existing HTTP/browser runtime access is classified as app infrastructure. |
| apps/web-demo/src/utils/http/methods.ts | document | app-runtime-integration | C-02, C-05, D-10 | keep HTTP runtime in app infrastructure/adapters; contracts stay type-only | M5/M7 | Existing HTTP/browser runtime access is classified as app infrastructure. |
| apps/web-demo/src/utils/http/methods.ts | fetch | app-runtime-integration | C-02, C-05, D-10 | keep HTTP runtime in app infrastructure/adapters; contracts stay type-only | M5/M7 | Existing HTTP/browser runtime access is classified as app infrastructure. |
| apps/web-demo/src/utils/http/methods.ts | setTimeout | app-runtime-integration | C-02, C-05, D-10 | keep HTTP runtime in app infrastructure/adapters; contracts stay type-only | M5/M7 | Existing HTTP/browser runtime access is classified as app infrastructure. |
| apps/web-demo/src/utils/http/methods.ts | window | app-runtime-integration | C-02, C-05, D-10 | keep HTTP runtime in app infrastructure/adapters; contracts stay type-only | M5/M7 | Existing HTTP/browser runtime access is classified as app infrastructure. |
| apps/web-demo/src/utils/http/policies/authRefreshPolicy.ts | fetch | app-runtime-integration | C-02, C-05, D-10 | keep HTTP runtime in app infrastructure/adapters; contracts stay type-only | M5/M7 | Existing HTTP/browser runtime access is classified as app infrastructure. |
| apps/web-demo/src/utils/http/policies/notificationPolicy.ts | window | app-runtime-integration | C-02, C-05, D-10 | keep HTTP runtime in app infrastructure/adapters; contracts stay type-only | M5/M7 | Existing HTTP/browser runtime access is classified as app infrastructure. |
| apps/web-demo/src/utils/http/uploadManager.ts | addEventListener | app-runtime-integration | C-02, C-05, D-10 | keep HTTP runtime in app infrastructure/adapters; contracts stay type-only | M5/M7 | Existing HTTP/browser runtime access is classified as app infrastructure. |
| apps/web-demo/src/utils/http/uploadManager.ts | crypto | app-runtime-integration | C-02, C-05, D-10 | keep HTTP runtime in app infrastructure/adapters; contracts stay type-only | M5/M7 | Existing HTTP/browser runtime access is classified as app infrastructure. |
| apps/web-demo/src/utils/http/uploadManager.ts | crypto.subtle | app-runtime-integration | C-02, C-05, D-10 | keep HTTP runtime in app infrastructure/adapters; contracts stay type-only | M5/M7 | Existing HTTP/browser runtime access is classified as app infrastructure. |
| apps/web-demo/src/utils/http/uploadManager.ts | removeEventListener | app-runtime-integration | C-02, C-05, D-10 | keep HTTP runtime in app infrastructure/adapters; contracts stay type-only | M5/M7 | Existing HTTP/browser runtime access is classified as app infrastructure. |
| apps/web-demo/src/utils/http/uploadManager.ts | window | app-runtime-integration | C-02, C-05, D-10 | keep HTTP runtime in app infrastructure/adapters; contracts stay type-only | M5/M7 | Existing HTTP/browser runtime access is classified as app infrastructure. |
| apps/web-demo/src/utils/runtime/e2e.ts | document | app-runtime-integration | C-02, C-05 | keep app runtime/e2e bridge local | M4 | Existing app runtime utility access is classified as app integration. |
| apps/web-demo/src/utils/runtime/e2e.ts | documentElement | app-runtime-integration | C-02, C-05 | keep app runtime/e2e bridge local | M4 | Existing app runtime utility access is classified as app integration. |
| apps/web-demo/src/utils/runtime/e2e.ts | location | app-runtime-integration | C-02, C-05 | keep app runtime/e2e bridge local | M4 | Existing app runtime utility access is classified as app integration. |
| apps/web-demo/src/utils/runtime/e2e.ts | window | app-runtime-integration | C-02, C-05 | keep app runtime/e2e bridge local | M4 | Existing app runtime utility access is classified as app integration. |
| apps/web-demo/src/utils/safeStorage/core.ts | document | app-local-compat-facade | B-05, B-06, C-02, C-05 | split pure codecs/shared helpers from app storage adapter in M5 | M5 | Existing storage runtime access remains app-local compatibility debt. |
| apps/web-demo/src/utils/safeStorage/core.ts | import.meta.env | app-local-compat-facade | B-05, B-06, C-02, C-05 | split pure codecs/shared helpers from app storage adapter in M5 | M5 | Existing storage runtime access remains app-local compatibility debt. |
| apps/web-demo/src/utils/safeStorage/core.ts | location | app-local-compat-facade | B-05, B-06, C-02, C-05 | split pure codecs/shared helpers from app storage adapter in M5 | M5 | Existing storage runtime access remains app-local compatibility debt. |
| apps/web-demo/src/utils/safeStorage/core.ts | window | app-local-compat-facade | B-05, B-06, C-02, C-05 | split pure codecs/shared helpers from app storage adapter in M5 | M5 | Existing storage runtime access remains app-local compatibility debt. |
| apps/web-demo/src/utils/safeStorage/crypto.ts | crypto | app-local-compat-facade | B-05, B-06, B-07, C-02, C-05 | split pure codecs/shared helpers from app storage adapter in M5 | M5 | Existing storage runtime access remains app-local compatibility debt. |
| apps/web-demo/src/utils/safeStorage/crypto.ts | crypto.subtle | app-local-compat-facade | B-05, B-06, B-07, C-02, C-05 | split pure codecs/shared helpers from app storage adapter in M5 | M5 | Existing storage runtime access remains app-local compatibility debt. |
| apps/web-demo/src/utils/safeStorage/piniaSerializer.ts | import.meta.env | app-local-compat-facade | B-05, B-06, C-02, C-05 | split pure codecs/shared helpers from app storage adapter in M5 | M5 | Existing storage runtime access remains app-local compatibility debt. |
| apps/web-demo/src/utils/safeStorage/storageMaintenance.ts | localStorage | app-local-compat-facade | B-05, B-06, C-02, C-05 | split pure codecs/shared helpers from app storage adapter in M5 | M5 | Existing storage runtime access remains app-local compatibility debt. |
| apps/web-demo/src/utils/safeStorage/storageMaintenance.ts | window | app-local-compat-facade | B-05, B-06, C-02, C-05 | split pure codecs/shared helpers from app storage adapter in M5 | M5 | Existing storage runtime access remains app-local compatibility debt. |
| apps/web-demo/src/utils/theme/engine.ts | document | app-local-compat-facade | B-03, C-02, C-05 | split pure theme/size/runtime primitives into design-tokens/vue-app-platform in M5 | M5 | Existing theme runtime access is classified as app-local debt. |
| apps/web-demo/src/utils/theme/engine.ts | documentElement | app-local-compat-facade | B-03, C-02, C-05 | split pure theme/size/runtime primitives into design-tokens/vue-app-platform in M5 | M5 | Existing theme runtime access is classified as app-local debt. |
| apps/web-demo/src/utils/theme/engine.ts | localStorage | app-local-compat-facade | B-03, C-02, C-05 | split pure theme/size/runtime primitives into design-tokens/vue-app-platform in M5 | M5 | Existing theme runtime access is classified as app-local debt. |
| apps/web-demo/src/utils/theme/lottieThemeUtils.ts | document | app-local-shared-candidate | C-02, C-05 | split pure theme/size/runtime primitives into design-tokens/vue-app-platform in M5 | M5 | Existing theme runtime access is classified as app-local debt. |
| apps/web-demo/src/utils/theme/lottieThemeUtils.ts | documentElement | app-local-shared-candidate | C-02, C-05 | split pure theme/size/runtime primitives into design-tokens/vue-app-platform in M5 | M5 | Existing theme runtime access is classified as app-local debt. |
| apps/web-demo/src/utils/theme/lottieThemeUtils.ts | window | app-local-shared-candidate | C-02, C-05 | split pure theme/size/runtime primitives into design-tokens/vue-app-platform in M5 | M5 | Existing theme runtime access is classified as app-local debt. |
| apps/web-demo/src/utils/theme/mode.ts | document | app-local-shared-candidate | B-11, C-02, C-05 | split pure theme/size/runtime primitives into design-tokens/vue-app-platform in M5 | M5 | Existing theme runtime access is classified as app-local debt. |
| apps/web-demo/src/utils/theme/mode.ts | documentElement | app-local-shared-candidate | B-11, C-02, C-05 | split pure theme/size/runtime primitives into design-tokens/vue-app-platform in M5 | M5 | Existing theme runtime access is classified as app-local debt. |
| apps/web-demo/src/utils/theme/mode.ts | matchMedia | app-local-shared-candidate | B-11, C-02, C-05 | split pure theme/size/runtime primitives into design-tokens/vue-app-platform in M5 | M5 | Existing theme runtime access is classified as app-local debt. |
| apps/web-demo/src/utils/theme/mode.ts | window | app-local-shared-candidate | B-11, C-02, C-05 | split pure theme/size/runtime primitives into design-tokens/vue-app-platform in M5 | M5 | Existing theme runtime access is classified as app-local debt. |
| apps/web-demo/src/utils/theme/observability.ts | console | app-local-shared-candidate | C-02, C-05 | split pure theme/size/runtime primitives into design-tokens/vue-app-platform in M5 | M5 | Existing theme runtime access is classified as app-local debt. |
| apps/web-demo/src/utils/theme/observability.ts | import.meta.env | app-local-shared-candidate | C-02, C-05 | split pure theme/size/runtime primitives into design-tokens/vue-app-platform in M5 | M5 | Existing theme runtime access is classified as app-local debt. |
| apps/web-demo/src/utils/theme/sizeEngine.ts | document | app-local-shared-candidate | B-04, C-02, C-05 | split pure theme/size/runtime primitives into design-tokens/vue-app-platform in M5 | M5 | Existing theme runtime access is classified as app-local debt. |
| apps/web-demo/src/utils/theme/sizeEngine.ts | documentElement | app-local-shared-candidate | B-04, C-02, C-05 | split pure theme/size/runtime primitives into design-tokens/vue-app-platform in M5 | M5 | Existing theme runtime access is classified as app-local debt. |
| apps/web-demo/src/utils/theme/sizeEngine.ts | localStorage | app-local-shared-candidate | B-04, C-02, C-05 | split pure theme/size/runtime primitives into design-tokens/vue-app-platform in M5 | M5 | Existing theme runtime access is classified as app-local debt. |
| apps/web-demo/src/utils/theme/sizeEngine.ts | window | app-local-shared-candidate | B-04, C-02, C-05 | split pure theme/size/runtime primitives into design-tokens/vue-app-platform in M5 | M5 | Existing theme runtime access is classified as app-local debt. |
| apps/web-demo/src/utils/theme/transitions.ts | document | app-local-shared-candidate | B-11, C-02, C-05 | split pure theme/size/runtime primitives into design-tokens/vue-app-platform in M5 | M5 | Existing theme runtime access is classified as app-local debt. |
| apps/web-demo/src/utils/theme/transitions.ts | documentElement | app-local-shared-candidate | B-11, C-02, C-05 | split pure theme/size/runtime primitives into design-tokens/vue-app-platform in M5 | M5 | Existing theme runtime access is classified as app-local debt. |
| apps/web-demo/src/utils/theme/transitions.ts | matchMedia | app-local-shared-candidate | B-11, C-02, C-05 | split pure theme/size/runtime primitives into design-tokens/vue-app-platform in M5 | M5 | Existing theme runtime access is classified as app-local debt. |
| apps/web-demo/src/utils/theme/transitions.ts | window | app-local-shared-candidate | B-11, C-02, C-05 | split pure theme/size/runtime primitives into design-tokens/vue-app-platform in M5 | M5 | Existing theme runtime access is classified as app-local debt. |
| apps/web-demo/src/views/dashboard/index.vue | window | web-app-view | C-02, C-05 | keep example/view-specific runtime access app-only; promote reusable logic through future source lane | M4 | Existing view/example runtime access is classified as app view behavior. |
| apps/web-demo/src/views/example/architecture/router-meta/external-link.vue | window | web-app-view | C-02, C-05 | keep example/view-specific runtime access app-only; promote reusable logic through future source lane | M4 | Existing view/example runtime access is classified as app view behavior. |
| apps/web-demo/src/views/example/common/constants.vue | navigator | web-app-view | C-02, C-05 | keep example/view-specific runtime access app-only; promote reusable logic through future source lane | M4 | Existing view/example runtime access is classified as app view behavior. |
| apps/web-demo/src/views/example/common/constants.vue | window | web-app-view | C-02, C-05 | keep example/view-specific runtime access app-only; promote reusable logic through future source lane | M4 | Existing view/example runtime access is classified as app view behavior. |
| apps/web-demo/src/views/example/components/c-scrollbar/index.vue | navigator | web-app-view | C-02, C-05 | keep example/view-specific runtime access app-only; promote reusable logic through future source lane | M4 | Existing view/example runtime access is classified as app view behavior. |
| apps/web-demo/src/views/example/components/c-scrollbar/index.vue | window | web-app-view | C-02, C-05 | keep example/view-specific runtime access app-only; promote reusable logic through future source lane | M4 | Existing view/example runtime access is classified as app view behavior. |
| apps/web-demo/src/views/example/components/icons/index.vue | navigator | web-app-view | C-02, C-05 | keep example/view-specific runtime access app-only; promote reusable logic through future source lane | M4 | Existing view/example runtime access is classified as app view behavior. |
| apps/web-demo/src/views/example/components/icons/index.vue | window | web-app-view | C-02, C-05 | keep example/view-specific runtime access app-only; promote reusable logic through future source lane | M4 | Existing view/example runtime access is classified as app view behavior. |
| apps/web-demo/src/views/example/components/primevue-collection/overview/composables/usePrimeVueScrollSpy.ts | document | web-app-view | C-02, C-05, C-06 | keep example/view-specific runtime access app-only; promote reusable logic through future source lane | M4 | Existing view/example runtime access is classified as app view behavior. |
| apps/web-demo/src/views/example/components/primevue-collection/overview/composables/usePrimeVueScrollSpy.ts | IntersectionObserver | web-app-view | C-02, C-05, C-06 | keep example/view-specific runtime access app-only; promote reusable logic through future source lane | M4 | Existing view/example runtime access is classified as app view behavior. |
| apps/web-demo/src/views/example/components/primevue-collection/prime-dialog/index.vue | console | web-app-view | C-02, C-05, C-06 | keep example/view-specific runtime access app-only; promote reusable logic through future source lane | M4 | Existing view/example runtime access is classified as app view behavior. |
| apps/web-demo/src/views/example/components/primevue-collection/pro-form/advanced/index.vue | console | web-app-view | C-02, C-05, C-06 | keep example/view-specific runtime access app-only; promote reusable logic through future source lane | M4 | Existing view/example runtime access is classified as app view behavior. |
| apps/web-demo/src/views/example/components/primevue-collection/pro-form/advanced/index.vue | window | web-app-view | C-02, C-05, C-06 | keep example/view-specific runtime access app-only; promote reusable logic through future source lane | M4 | Existing view/example runtime access is classified as app view behavior. |
| apps/web-demo/src/views/example/components/primevue-collection/pro-form/api-events/index.vue | window | web-app-view | C-02, C-05, C-06 | keep example/view-specific runtime access app-only; promote reusable logic through future source lane | M4 | Existing view/example runtime access is classified as app view behavior. |
| apps/web-demo/src/views/example/components/primevue-collection/pro-form/basic/index.vue | console | web-app-view | C-02, C-05, C-06 | keep example/view-specific runtime access app-only; promote reusable logic through future source lane | M4 | Existing view/example runtime access is classified as app view behavior. |
| apps/web-demo/src/views/example/components/primevue-collection/pro-form/basic/index.vue | window | web-app-view | C-02, C-05, C-06 | keep example/view-specific runtime access app-only; promote reusable logic through future source lane | M4 | Existing view/example runtime access is classified as app view behavior. |
| apps/web-demo/src/views/example/components/primevue-collection/pro-form/dag/index.vue | console | web-app-view | C-02, C-05, C-06 | keep example/view-specific runtime access app-only; promote reusable logic through future source lane | M4 | Existing view/example runtime access is classified as app view behavior. |
| apps/web-demo/src/views/example/components/primevue-collection/pro-form/dag/index.vue | window | web-app-view | C-02, C-05, C-06 | keep example/view-specific runtime access app-only; promote reusable logic through future source lane | M4 | Existing view/example runtime access is classified as app view behavior. |
| apps/web-demo/src/views/example/components/primevue-collection/pro-form/group/index.vue | console | web-app-view | C-02, C-05, C-06 | keep example/view-specific runtime access app-only; promote reusable logic through future source lane | M4 | Existing view/example runtime access is classified as app view behavior. |
| apps/web-demo/src/views/example/components/primevue-collection/pro-form/group/index.vue | window | web-app-view | C-02, C-05, C-06 | keep example/view-specific runtime access app-only; promote reusable logic through future source lane | M4 | Existing view/example runtime access is classified as app view behavior. |
| apps/web-demo/src/views/example/components/primevue-collection/pro-form/playground/index.vue | console | web-app-view | C-02, C-05, C-06 | keep example/view-specific runtime access app-only; promote reusable logic through future source lane | M4 | Existing view/example runtime access is classified as app view behavior. |
| apps/web-demo/src/views/example/components/primevue-collection/pro-form/playground/index.vue | window | web-app-view | C-02, C-05, C-06 | keep example/view-specific runtime access app-only; promote reusable logic through future source lane | M4 | Existing view/example runtime access is classified as app view behavior. |
| apps/web-demo/src/views/example/components/primevue-collection/pro-form/plugins/index.vue | console | web-app-view | C-02, C-05, C-06 | keep example/view-specific runtime access app-only; promote reusable logic through future source lane | M4 | Existing view/example runtime access is classified as app view behavior. |
| apps/web-demo/src/views/example/components/primevue-collection/pro-form/plugins/index.vue | window | web-app-view | C-02, C-05, C-06 | keep example/view-specific runtime access app-only; promote reusable logic through future source lane | M4 | Existing view/example runtime access is classified as app view behavior. |
| apps/web-demo/src/views/example/components/primevue-collection/pro-form/reactions/index.vue | console | web-app-view | C-02, C-05, C-06 | keep example/view-specific runtime access app-only; promote reusable logic through future source lane | M4 | Existing view/example runtime access is classified as app view behavior. |
| apps/web-demo/src/views/example/components/primevue-collection/pro-form/reactions/index.vue | window | web-app-view | C-02, C-05, C-06 | keep example/view-specific runtime access app-only; promote reusable logic through future source lane | M4 | Existing view/example runtime access is classified as app view behavior. |
| apps/web-demo/src/views/example/components/primevue-collection/pro-form/validation/index.vue | window | web-app-view | C-02, C-05, C-06 | keep example/view-specific runtime access app-only; promote reusable logic through future source lane | M4 | Existing view/example runtime access is classified as app view behavior. |
| apps/web-demo/src/views/example/components/primevue-collection/pro-table/advanced/index.vue | window | web-app-view | C-02, C-05, C-06 | keep example/view-specific runtime access app-only; promote reusable logic through future source lane | M4 | Existing view/example runtime access is classified as app view behavior. |
| apps/web-demo/src/views/example/components/primevue-collection/pro-table/columns/columns.tsx | window | web-app-view | C-02, C-05, C-06 | keep example/view-specific runtime access app-only; promote reusable logic through future source lane | M4 | Existing view/example runtime access is classified as app view behavior. |
| apps/web-demo/src/views/example/components/primevue-collection/pro-table/virtual/index.vue | requestAnimationFrame | web-app-view | C-02, C-05, C-06 | keep example/view-specific runtime access app-only; promote reusable logic through future source lane | M4 | Existing view/example runtime access is classified as app view behavior. |
| apps/web-demo/src/views/example/components/primevue-collection/toast/index.vue | window | web-app-view | C-02, C-05, C-06 | keep example/view-specific runtime access app-only; promote reusable logic through future source lane | M4 | Existing view/example runtime access is classified as app view behavior. |
| apps/web-demo/src/views/example/components/use-echarts/configs/dynamicChartConfig.ts | console | web-app-view | C-02, C-05 | keep example/view-specific runtime access app-only; promote reusable logic through future source lane | M4 | Existing view/example runtime access is classified as app view behavior. |
| apps/web-demo/src/views/example/components/use-echarts/index.vue | clearTimeout | web-app-view | C-02, C-05 | keep example/view-specific runtime access app-only; promote reusable logic through future source lane | M4 | Existing view/example runtime access is classified as app view behavior. |
| apps/web-demo/src/views/example/components/use-echarts/index.vue | document | web-app-view | C-02, C-05 | keep example/view-specific runtime access app-only; promote reusable logic through future source lane | M4 | Existing view/example runtime access is classified as app view behavior. |
| apps/web-demo/src/views/example/components/use-echarts/index.vue | setTimeout | web-app-view | C-02, C-05 | keep example/view-specific runtime access app-only; promote reusable logic through future source lane | M4 | Existing view/example runtime access is classified as app view behavior. |
| apps/web-demo/src/views/example/hooks/use-auth.vue | window | web-app-view | C-02, C-05 | keep example/view-specific runtime access app-only; promote reusable logic through future source lane | M4 | Existing view/example runtime access is classified as app view behavior. |
| apps/web-demo/src/views/example/system-configuration/layout.vue | window | web-app-view | C-02, C-05 | keep example/view-specific runtime access app-only; promote reusable logic through future source lane | M4 | Existing view/example runtime access is classified as app view behavior. |
| apps/web-demo/src/views/example/system-configuration/size.vue | document | web-app-view | C-02, C-05 | keep example/view-specific runtime access app-only; promote reusable logic through future source lane | M4 | Existing view/example runtime access is classified as app view behavior. |
| apps/web-demo/src/views/example/system-configuration/size.vue | documentElement | web-app-view | C-02, C-05 | keep example/view-specific runtime access app-only; promote reusable logic through future source lane | M4 | Existing view/example runtime access is classified as app view behavior. |
| apps/web-demo/src/views/example/system-configuration/size.vue | window | web-app-view | C-02, C-05 | keep example/view-specific runtime access app-only; promote reusable logic through future source lane | M4 | Existing view/example runtime access is classified as app view behavior. |
| apps/web-demo/src/views/example/system-configuration/theme.vue | document | web-app-view | C-02, C-05 | keep example/view-specific runtime access app-only; promote reusable logic through future source lane | M4 | Existing view/example runtime access is classified as app view behavior. |
| apps/web-demo/src/views/example/system-configuration/theme.vue | documentElement | web-app-view | C-02, C-05 | keep example/view-specific runtime access app-only; promote reusable logic through future source lane | M4 | Existing view/example runtime access is classified as app view behavior. |
| apps/web-demo/src/views/example/system-configuration/theme.vue | window | web-app-view | C-02, C-05 | keep example/view-specific runtime access app-only; promote reusable logic through future source lane | M4 | Existing view/example runtime access is classified as app view behavior. |
| apps/web-demo/src/views/example/system-configuration/unocss.vue | window | web-app-view | C-02, C-05 | keep example/view-specific runtime access app-only; promote reusable logic through future source lane | M4 | Existing view/example runtime access is classified as app view behavior. |
| apps/web-demo/src/views/example/utils/device-sync.vue | window | web-app-view | C-02, C-05 | keep example/view-specific runtime access app-only; promote reusable logic through future source lane | M4 | Existing view/example runtime access is classified as app view behavior. |
| apps/web-demo/src/views/login/components/HeaderActions.vue | addEventListener | web-app-view | C-02, C-05 | keep example/view-specific runtime access app-only; promote reusable logic through future source lane | M4 | Existing view/example runtime access is classified as app view behavior. |
| apps/web-demo/src/views/login/components/HeaderActions.vue | document | web-app-view | C-02, C-05 | keep example/view-specific runtime access app-only; promote reusable logic through future source lane | M4 | Existing view/example runtime access is classified as app view behavior. |
| apps/web-demo/src/views/login/components/HeaderActions.vue | removeEventListener | web-app-view | C-02, C-05 | keep example/view-specific runtime access app-only; promote reusable logic through future source lane | M4 | Existing view/example runtime access is classified as app view behavior. |
| apps/web-demo/src/views/login/components/HeaderActions.vue | window | web-app-view | C-02, C-05 | keep example/view-specific runtime access app-only; promote reusable logic through future source lane | M4 | Existing view/example runtime access is classified as app view behavior. |
| apps/web-demo/src/views/login/composables/useLoginSubmit.ts | import.meta.env | web-app-view | C-02, C-05 | keep example/view-specific runtime access app-only; promote reusable logic through future source lane | M4 | Existing view/example runtime access is classified as app view behavior. |
| apps/web-demo/src/views/login/composables/useLoginSubmit.ts | window | web-app-view | C-02, C-05 | keep example/view-specific runtime access app-only; promote reusable logic through future source lane | M4 | Existing view/example runtime access is classified as app view behavior. |
| apps/web-demo/src/views/notfound/403.vue | history | web-app-view | C-02, C-05 | keep example/view-specific runtime access app-only; promote reusable logic through future source lane | M4 | Existing view/example runtime access is classified as app view behavior. |
| apps/web-demo/src/views/notfound/404.vue | history | web-app-view | C-02, C-05 | keep example/view-specific runtime access app-only; promote reusable logic through future source lane | M4 | Existing view/example runtime access is classified as app view behavior. |
| apps/web-demo/src/views/notfound/500.vue | history | web-app-view | C-02, C-05 | keep example/view-specific runtime access app-only; promote reusable logic through future source lane | M4 | Existing view/example runtime access is classified as app view behavior. |
| packages/design-tokens/src/theme-engine/observability.ts | console | violation-candidate | C-01, F-04 | keep tokens runtime-neutral; move diagnostics behind injected logger or remove runtime global | M5/M6 | Existing diagnostics runtime access is classified debt in a runtime-neutral token package. |
| packages/shared-utils/src/createCapabilityBridge.ts | import.meta.env | violation-candidate | C-01 | replace import.meta.env test gate with injected or build-neutral test reset policy | M5/M6 | Existing runtime env access is classified debt in a pure shared utility package. |
| packages/vue-app-platform/src/bootstrap.ts | document | web-library-package | C-01, C-02, C-05 | keep platform bootstrap primitives guarded or injected; app-specific runtime decisions stay in apps | M5 | Existing frontend platform bootstrap/preloader runtime access is classified as web-library behavior. |
| packages/vue-app-platform/src/bootstrap.ts | documentElement | web-library-package | C-01, C-02, C-05 | keep platform bootstrap primitives guarded or injected; app-specific runtime decisions stay in apps | M5 | Existing frontend platform bootstrap/preloader runtime access is classified as web-library behavior. |
| packages/vue-app-platform/src/bootstrap.ts | requestAnimationFrame | web-library-package | C-01, C-02, C-05 | keep platform bootstrap primitives guarded or injected; app-specific runtime decisions stay in apps | M5 | Existing frontend platform bootstrap/preloader runtime access is classified as web-library behavior. |
| packages/vue-app-platform/src/bootstrap.ts | setTimeout | web-library-package | C-01, C-02, C-05 | keep platform bootstrap primitives guarded or injected; app-specific runtime decisions stay in apps | M5 | Existing frontend platform bootstrap/preloader runtime access is classified as web-library behavior. |
| packages/vue-app-platform/src/preloader.ts | document | web-library-package | C-01, C-02, C-05 | keep platform bootstrap primitives guarded or injected; app-specific runtime decisions stay in apps | M5 | Existing frontend platform bootstrap/preloader runtime access is classified as web-library behavior. |
| packages/vue-app-platform/src/preloader.ts | documentElement | web-library-package | C-01, C-02, C-05 | keep platform bootstrap primitives guarded or injected; app-specific runtime decisions stay in apps | M5 | Existing frontend platform bootstrap/preloader runtime access is classified as web-library behavior. |
| packages/vue-app-platform/src/preloader.ts | setTimeout | web-library-package | C-01, C-02, C-05 | keep platform bootstrap primitives guarded or injected; app-specific runtime decisions stay in apps | M5 | Existing frontend platform bootstrap/preloader runtime access is classified as web-library behavior. |
| packages/vue-app-platform/src/preloadError.ts | addEventListener | web-library-package | C-01, C-02, C-05 | keep platform bootstrap primitives guarded or injected; app-specific runtime decisions stay in apps | M5 | Existing frontend platform bootstrap/preloader runtime access is classified as web-library behavior. |
| packages/vue-app-platform/src/preloadError.ts | console | web-library-package | C-01, C-02, C-05 | keep platform bootstrap primitives guarded or injected; app-specific runtime decisions stay in apps | M5 | Existing frontend platform bootstrap/preloader runtime access is classified as web-library behavior. |
| packages/vue-app-platform/src/preloadError.ts | location | web-library-package | C-01, C-02, C-05 | keep platform bootstrap primitives guarded or injected; app-specific runtime decisions stay in apps | M5 | Existing frontend platform bootstrap/preloader runtime access is classified as web-library behavior. |
| packages/vue-app-platform/src/preloadError.ts | removeEventListener | web-library-package | C-01, C-02, C-05 | keep platform bootstrap primitives guarded or injected; app-specific runtime decisions stay in apps | M5 | Existing frontend platform bootstrap/preloader runtime access is classified as web-library behavior. |
| packages/vue-app-platform/src/preloadError.ts | window | web-library-package | C-01, C-02, C-05 | keep platform bootstrap primitives guarded or injected; app-specific runtime decisions stay in apps | M5 | Existing frontend platform bootstrap/preloader runtime access is classified as web-library behavior. |
| packages/vue-charts/src/chartUtils.ts | document | web-library-package | C-01 | keep chart rendering runtime package-owned; app data/query behavior remains outside package | M4 | Existing chart rendering browser access is classified as web-library behavior. |
| packages/vue-charts/src/chartUtils.ts | documentElement | web-library-package | C-01 | keep chart rendering runtime package-owned; app data/query behavior remains outside package | M4 | Existing chart rendering browser access is classified as web-library behavior. |
| packages/vue-charts/src/chartUtils.ts | window | web-library-package | C-01 | keep chart rendering runtime package-owned; app data/query behavior remains outside package | M4 | Existing chart rendering browser access is classified as web-library behavior. |
| packages/vue-charts/src/UseEcharts/echarts-render-core.ts | cancelAnimationFrame | web-library-package | C-01 | keep chart rendering runtime package-owned; app data/query behavior remains outside package | M4 | Existing chart rendering browser access is classified as web-library behavior. |
| packages/vue-charts/src/UseEcharts/echarts-render-core.ts | requestAnimationFrame | web-library-package | C-01 | keep chart rendering runtime package-owned; app data/query behavior remains outside package | M4 | Existing chart rendering browser access is classified as web-library behavior. |
| packages/vue-charts/src/UseEcharts/useChartElementSize.ts | cancelAnimationFrame | web-library-package | C-01 | keep chart rendering runtime package-owned; app data/query behavior remains outside package | M4 | Existing chart rendering browser access is classified as web-library behavior. |
| packages/vue-charts/src/UseEcharts/useChartElementSize.ts | requestAnimationFrame | web-library-package | C-01 | keep chart rendering runtime package-owned; app data/query behavior remains outside package | M4 | Existing chart rendering browser access is classified as web-library behavior. |
| packages/vue-charts/src/UseEcharts/useChartElementSize.ts | ResizeObserver | web-library-package | C-01 | keep chart rendering runtime package-owned; app data/query behavior remains outside package | M4 | Existing chart rendering browser access is classified as web-library behavior. |
| packages/vue-charts/src/UseEcharts/UseEcharts.vue | clearTimeout | web-library-package | C-01 | keep chart rendering runtime package-owned; app data/query behavior remains outside package | M4 | Existing chart rendering browser access is classified as web-library behavior. |
| packages/vue-charts/src/UseEcharts/UseEcharts.vue | setTimeout | web-library-package | C-01 | keep chart rendering runtime package-owned; app data/query behavior remains outside package | M4 | Existing chart rendering browser access is classified as web-library behavior. |
| packages/vue-hooks/src/useAppElementSize.ts | document | web-library-package | C-01, C-02 | keep guarded composable runtime access package-owned; app store/router coupling remains forbidden | M4 | Existing composable browser observer access is classified as web-library behavior. |
| packages/vue-hooks/src/useAppElementSize.ts | documentElement | web-library-package | C-01, C-02 | keep guarded composable runtime access package-owned; app store/router coupling remains forbidden | M4 | Existing composable browser observer access is classified as web-library behavior. |
| packages/vue-hooks/src/useAppElementSize.ts | ResizeObserver | web-library-package | C-01, C-02 | keep guarded composable runtime access package-owned; app store/router coupling remains forbidden | M4 | Existing composable browser observer access is classified as web-library behavior. |
| packages/vue-primevue-adapter/src/theme/colorAdapter.ts | console | web-library-package | C-01, C-06 | PrimeVue adapter diagnostics remain package-owned; prefer injected logger if expanded | M4 | PrimeVue adapter package owns this web-library runtime diagnostic surface. |
| packages/vue-ui/src/CScrollbar/CScrollbar.vue | addEventListener | web-library-package | C-01, C-06 | keep as CCD UI primitive runtime; do not move app-specific capability ownership into package | M4 | Existing UI primitive runtime access is classified as package-owned web-library behavior. |
| packages/vue-ui/src/CScrollbar/CScrollbar.vue | cancelAnimationFrame | web-library-package | C-01, C-06 | keep as CCD UI primitive runtime; do not move app-specific capability ownership into package | M4 | Existing UI primitive runtime access is classified as package-owned web-library behavior. |
| packages/vue-ui/src/CScrollbar/CScrollbar.vue | clearTimeout | web-library-package | C-01, C-06 | keep as CCD UI primitive runtime; do not move app-specific capability ownership into package | M4 | Existing UI primitive runtime access is classified as package-owned web-library behavior. |
| packages/vue-ui/src/CScrollbar/CScrollbar.vue | documentElement | web-library-package | C-01, C-06 | keep as CCD UI primitive runtime; do not move app-specific capability ownership into package | M4 | Existing UI primitive runtime access is classified as package-owned web-library behavior. |
| packages/vue-ui/src/CScrollbar/CScrollbar.vue | MutationObserver | web-library-package | C-01, C-06 | keep as CCD UI primitive runtime; do not move app-specific capability ownership into package | M4 | Existing UI primitive runtime access is classified as package-owned web-library behavior. |
| packages/vue-ui/src/CScrollbar/CScrollbar.vue | removeEventListener | web-library-package | C-01, C-06 | keep as CCD UI primitive runtime; do not move app-specific capability ownership into package | M4 | Existing UI primitive runtime access is classified as package-owned web-library behavior. |
| packages/vue-ui/src/CScrollbar/CScrollbar.vue | requestAnimationFrame | web-library-package | C-01, C-06 | keep as CCD UI primitive runtime; do not move app-specific capability ownership into package | M4 | Existing UI primitive runtime access is classified as package-owned web-library behavior. |
| packages/vue-ui/src/CScrollbar/CScrollbar.vue | setTimeout | web-library-package | C-01, C-06 | keep as CCD UI primitive runtime; do not move app-specific capability ownership into package | M4 | Existing UI primitive runtime access is classified as package-owned web-library behavior. |
| packages/vue-ui/src/Icons/Icons.vue | console | web-library-package | C-01, C-06 | keep as CCD UI primitive runtime; do not move app-specific capability ownership into package | M4 | Existing UI primitive runtime access is classified as package-owned web-library behavior. |
| packages/vue-ui/src/PrimeDialog/PrimeDialog.vue | document | web-library-package | C-01, C-06 | keep as CCD UI primitive runtime; do not move app-specific capability ownership into package | M4 | Existing UI primitive runtime access is classified as package-owned web-library behavior. |
| packages/vue-ui/src/PrimeDialog/PrimeDialog.vue | window | web-library-package | C-01, C-06 | keep as CCD UI primitive runtime; do not move app-specific capability ownership into package | M4 | Existing UI primitive runtime access is classified as package-owned web-library behavior. |
| packages/vue-ui/src/PrimeDialog/useDialog.ts | clearTimeout | web-library-package | C-01, C-06 | keep as CCD UI primitive runtime; do not move app-specific capability ownership into package | M4 | Existing UI primitive runtime access is classified as package-owned web-library behavior. |
| packages/vue-ui/src/PrimeDialog/useDialog.ts | setTimeout | web-library-package | C-01, C-06 | keep as CCD UI primitive runtime; do not move app-specific capability ownership into package | M4 | Existing UI primitive runtime access is classified as package-owned web-library behavior. |
| packages/vue-ui/src/ProForm/engine/core/FormController.ts | clearTimeout | web-library-package | C-01, C-06 | keep as CCD UI primitive runtime; do not move app-specific capability ownership into package | M4 | Existing UI primitive runtime access is classified as package-owned web-library behavior. |
| packages/vue-ui/src/ProForm/engine/core/FormController.ts | setTimeout | web-library-package | C-01, C-06 | keep as CCD UI primitive runtime; do not move app-specific capability ownership into package | M4 | Existing UI primitive runtime access is classified as package-owned web-library behavior. |
| packages/vue-ui/src/ProForm/engine/utils/logger.ts | console | web-library-package | C-01, C-06 | keep as CCD UI primitive runtime; do not move app-specific capability ownership into package | M4 | Existing UI primitive runtime access is classified as package-owned web-library behavior. |
| packages/vue-ui/src/ProForm/engine/validation/ValidationEngine.ts | clearTimeout | web-library-package | C-01, C-06 | keep as CCD UI primitive runtime; do not move app-specific capability ownership into package | M4 | Existing UI primitive runtime access is classified as package-owned web-library behavior. |
| packages/vue-ui/src/ProForm/engine/validation/ValidationEngine.ts | setTimeout | web-library-package | C-01, C-06 | keep as CCD UI primitive runtime; do not move app-specific capability ownership into package | M4 | Existing UI primitive runtime access is classified as package-owned web-library behavior. |
| packages/vue-ui/src/ProForm/index.vue | console | web-library-package | C-01, C-06 | keep as CCD UI primitive runtime; do not move app-specific capability ownership into package | M4 | Existing UI primitive runtime access is classified as package-owned web-library behavior. |
| packages/vue-ui/src/ProTable/engine/engines/export.ts | document | web-library-package | C-01, C-06 | keep as CCD UI primitive runtime; do not move app-specific capability ownership into package | M4 | Existing UI primitive runtime access is classified as package-owned web-library behavior. |
| packages/vue-ui/src/ProTable/engine/hooks/useProTableInfiniteScroll.ts | addEventListener | web-library-package | C-01, C-06 | keep as CCD UI primitive runtime; do not move app-specific capability ownership into package | M4 | Existing UI primitive runtime access is classified as package-owned web-library behavior. |
| packages/vue-ui/src/ProTable/engine/hooks/useProTableInfiniteScroll.ts | removeEventListener | web-library-package | C-01, C-06 | keep as CCD UI primitive runtime; do not move app-specific capability ownership into package | M4 | Existing UI primitive runtime access is classified as package-owned web-library behavior. |
| packages/vue-ui/src/ProTable/ProTable.vue | console | web-library-package | C-01, C-06 | keep as CCD UI primitive runtime; do not move app-specific capability ownership into package | M4 | Existing UI primitive runtime access is classified as package-owned web-library behavior. |
| packages/vue-ui/src/ProTable/ProTable.vue | document | web-library-package | C-01, C-06 | keep as CCD UI primitive runtime; do not move app-specific capability ownership into package | M4 | Existing UI primitive runtime access is classified as package-owned web-library behavior. |
| packages/vue-ui/src/ProTable/VirtualGridRenderer.vue | console | web-library-package | C-01, C-06 | keep as CCD UI primitive runtime; do not move app-specific capability ownership into package | M4 | Existing UI primitive runtime access is classified as package-owned web-library behavior. |
| packages/vue-ui/src/ProTable/VirtualGridRenderer.vue | requestAnimationFrame | web-library-package | C-01, C-06 | keep as CCD UI primitive runtime; do not move app-specific capability ownership into package | M4 | Existing UI primitive runtime access is classified as package-owned web-library behavior. |
