 .ai/generated/governance-report.json               |   16 +-
 .ai/governance/policies/api.json                   |    1 +
 .ai/governance/policies/runtime.json               | 2232 +++++++++++++++++++-
 .ai/governance/policies/topology.json              |   20 +-
 docs/architecture/ownership-boundaries.md          |   11 +-
 docs/en/architecture-contract.md                   |   14 +-
 docs/generated/api-surface-report.json             |   89 +-
 docs/generated/api-surface-report.md               |    6 +
 docs/generated/governance-report.md                |   12 +-
 docs/generated/graphs/README.md                    |    2 +-
 docs/generated/graphs/dependency-graph.json        |   18 +-
 docs/generated/graphs/package-dependency-graph.mmd |   11 +-
 docs/runtime/desktop-runtime.md                    |    6 +-
 docs/runtime/runtime-isolation.md                  |   27 +-
 docs/runtime/web-runtime.md                        |   19 +-
 docs/zh/02-architecture.md                         |   16 +-
 scripts/architecture/check-api-surface.mjs         |   33 +-
 scripts/architecture/check-runtime-leaks.mjs       |  600 +++++-
 scripts/architecture/validate-boundaries.mjs       |   40 +-
 19 files changed, 3076 insertions(+), 97 deletions(-)
