
 RUN  v4.0.18 /Users/cc/MyPorject/ccd

 ❯ |node| packages/vue-app-platform/src/layoutRuntime.spec.ts (12 tests | 4 failed) 4ms
     ✓ keeps desktop in preferred inline sidebar mode 1ms
     ✓ forces phone layout to drawer mode without inline sidebar spacing 0ms
     ✓ keeps iPadOS wide tablet out of drawer while suppressing phantom sidebar 0ms
     ✓ uses drawer only for tablet split view below md 0ms
     ✓ does not mutate persisted collapse preference when sidebar is hidden 0ms
     ✓ blocks drawer reopening while runtime loading is active 0ms
     ✓ exposes centralized safe area variables for shell and drawer renderers 0ms
     ✓ resolves effective mode from device and breakpoint only in the runtime resolver 0ms
     × closes a parent module by caching and hiding child visibility 1ms
     × reopens a parent module by restoring cached child visibility before mode constraints 0ms
     × keeps hidden modules disabled for modes that never render them 0ms
     × enforces parent requirements without mutating the input visibility object 0ms

⎯⎯⎯⎯⎯⎯⎯ Failed Tests 4 ⎯⎯⎯⎯⎯⎯⎯

 FAIL  |node| packages/vue-app-platform/src/layoutRuntime.spec.ts > layout visibility reducer > closes a parent module by caching and hiding child visibility
TypeError: (0 , __vite_ssr_import_1__.resolveLayoutModuleVisibilityChange) is not a function
 ❯ packages/vue-app-platform/src/layoutRuntime.spec.ts:208:20
    206|     }
    207| 
    208|     const result = resolveLayoutModuleVisibilityChange({
       |                    ^
    209|       mode: 'vertical',
    210|       key: 'showHeader',

⎯⎯⎯⎯⎯⎯⎯⎯⎯⎯⎯⎯⎯⎯⎯⎯⎯⎯⎯⎯⎯⎯⎯⎯[1/4]⎯

 FAIL  |node| packages/vue-app-platform/src/layoutRuntime.spec.ts > layout visibility reducer > reopens a parent module by restoring cached child visibility before mode constraints
TypeError: (0 , __vite_ssr_import_1__.resolveLayoutModuleVisibilityChange) is not a function
 ❯ packages/vue-app-platform/src/layoutRuntime.spec.ts:237:20
    235|     }
    236| 
    237|     const result = resolveLayoutModuleVisibilityChange({
       |                    ^
    238|       mode: 'vertical',
    239|       key: 'showHeader',

⎯⎯⎯⎯⎯⎯⎯⎯⎯⎯⎯⎯⎯⎯⎯⎯⎯⎯⎯⎯⎯⎯⎯⎯[2/4]⎯

 FAIL  |node| packages/vue-app-platform/src/layoutRuntime.spec.ts > layout visibility reducer > keeps hidden modules disabled for modes that never render them
TypeError: (0 , __vite_ssr_import_1__.resolveLayoutModuleVisibilityChange) is not a function
 ❯ packages/vue-app-platform/src/layoutRuntime.spec.ts:261:20
    259| 
    260|   it('keeps hidden modules disabled for modes that never render them',…
    261|     const result = resolveLayoutModuleVisibilityChange({
       |                    ^
    262|       mode: 'horizontal',
    263|       key: 'showSidebar',

⎯⎯⎯⎯⎯⎯⎯⎯⎯⎯⎯⎯⎯⎯⎯⎯⎯⎯⎯⎯⎯⎯⎯⎯[3/4]⎯

 FAIL  |node| packages/vue-app-platform/src/layoutRuntime.spec.ts > layout visibility reducer > enforces parent requirements without mutating the input visibility object
TypeError: (0 , __vite_ssr_import_1__.enforceLayoutModeVisibilityConstraints) is not a function
 ❯ packages/vue-app-platform/src/layoutRuntime.spec.ts:283:20
    281|     }
    282| 
    283|     const result = enforceLayoutModeVisibilityConstraints('mix', visib…
       |                    ^
    284| 
    285|     expect(result.showLogo).toBe(false)

⎯⎯⎯⎯⎯⎯⎯⎯⎯⎯⎯⎯⎯⎯⎯⎯⎯⎯⎯⎯⎯⎯⎯⎯[4/4]⎯


 Test Files  1 failed (1)
      Tests  4 failed | 8 passed (12)
   Start at  18:58:01
   Duration  201ms (transform 85ms, setup 0ms, import 123ms, tests 4ms, environment 0ms)

