$ git status --short --untracked-files=all

?? docs/ai-plan/00_INDEX.md
?? docs/ai-plan/AGENTS_DRAFT.md
?? docs/ai-plan/CHANGE_SUMMARY.md
?? docs/ai-plan/DECISIONS.md
?? docs/ai-plan/EVIDENCE_POLICY.md
?? docs/ai-plan/EXECUTION_MODE_MATRIX.md
?? docs/ai-plan/FINAL_ARTIFACTS_REQUIRED.md
?? docs/ai-plan/FINAL_GO_NO_GO.md
?? docs/ai-plan/FINAL_VALIDATION_MATRIX.md
?? docs/ai-plan/NEXT_ACTIONS.md
?? docs/ai-plan/OPERATOR_SOP.md
?? docs/ai-plan/OUTPUT_QUALITY_REQUIREMENTS.md
?? docs/ai-plan/PLAN.md
?? docs/ai-plan/PROPOSED_FILE_STRUCTURE.md
?? docs/ai-plan/REVIEW_CHECKLIST.md
?? docs/ai-plan/RISK_REGISTER.md
?? docs/ai-plan/ROLLBACK.md
?? docs/ai-plan/SECURITY_AND_APPROVALS.md
?? docs/ai-plan/SPEC.md
?? docs/ai-plan/STATUS.md
?? docs/ai-plan/VALIDATION.md
?? docs/ai-runs/.gitignore
?? docs/ai-runs/20260529-070550-ccd-architecture-repair/command-logs/.gitkeep
?? docs/ai-runs/20260529-070550-ccd-architecture-repair/command-logs/git-branch-show-current.log
?? docs/ai-runs/20260529-070550-ccd-architecture-repair/command-logs/git-diff-check.log
?? docs/ai-runs/20260529-070550-ccd-architecture-repair/command-logs/git-log-10-oneline.log
?? docs/ai-runs/20260529-070550-ccd-architecture-repair/command-logs/git-status-short-untracked.log
?? docs/ai-runs/20260529-070550-ccd-architecture-repair/diffs/.gitkeep
?? docs/ai-runs/20260529-070550-ccd-architecture-repair/reports/.gitkeep
?? docs/ai-runs/20260529-070550-ccd-architecture-repair/reports/baseline.md
?? docs/ai-runs/20260529-070550-ccd-architecture-repair/screenshots/.gitkeep
?? docs/ai-runs/20260529-070550-ccd-architecture-repair/sources/.gitkeep
?? docs/ai-runs/README.md
?? docs/ai-runs/_template-YYYYMMDD-HHMMSS-ccd-architecture-repair/command-logs/.gitkeep
?? docs/ai-runs/_template-YYYYMMDD-HHMMSS-ccd-architecture-repair/diffs/.gitkeep
?? docs/ai-runs/_template-YYYYMMDD-HHMMSS-ccd-architecture-repair/reports/.gitkeep
?? docs/ai-runs/_template-YYYYMMDD-HHMMSS-ccd-architecture-repair/reports/baseline.md
?? docs/ai-runs/_template-YYYYMMDD-HHMMSS-ccd-architecture-repair/screenshots/.gitkeep
?? docs/ai-runs/_template-YYYYMMDD-HHMMSS-ccd-architecture-repair/sources/.gitkeep

[exit_code] 0
