command: pnpm build:web-demo
timestamp_start: 2026-05-29T07:28:02+0800

> ccd@1.0.38 build:web-demo /Users/cc/MyPorject/ccd
> pnpm build:shared-config && pnpm build:core && pnpm --filter @ccd/web-demo build


> ccd@1.0.38 build:shared-config /Users/cc/MyPorject/ccd
> pnpm --filter @ccd/design-tokens build && pnpm --filter @ccd/shared-utils build && pnpm --filter @ccd/unocss-preset build && pnpm --filter @ccd/vue-hooks build && pnpm --filter @ccd/vue-app-platform build && pnpm --filter @ccd/vue-ui build && pnpm --filter @ccd/vue-primevue-adapter build && pnpm --filter @ccd/vue-charts build


> @ccd/design-tokens@1.0.38 build /Users/cc/MyPorject/ccd/packages/design-tokens
> rm -f ../../node_modules/.tmp/packages-design-tokens.tsbuildinfo && tsc -p tsconfig.json


> @ccd/shared-utils@1.0.38 build /Users/cc/MyPorject/ccd/packages/shared-utils
> rm -f ../../node_modules/.tmp/packages-shared-utils.tsbuildinfo && tsc -p tsconfig.json


> @ccd/unocss-preset@1.0.38 build /Users/cc/MyPorject/ccd/packages/unocss-preset
> rm -rf dist && rm -f ../../node_modules/.tmp/packages-unocss-preset.tsbuildinfo && tsc -p tsconfig.json


> @ccd/vue-hooks@1.0.38 build /Users/cc/MyPorject/ccd/packages/vue-hooks
> rm -f ../../node_modules/.tmp/packages-vue-hooks.tsbuildinfo && tsc -p tsconfig.json


> @ccd/vue-app-platform@1.0.38 build /Users/cc/MyPorject/ccd/packages/vue-app-platform
> rm -f ../../node_modules/.tmp/packages-vue-app-platform.tsbuildinfo && tsc -p tsconfig.json


> @ccd/vue-ui@1.0.38 build /Users/cc/MyPorject/ccd/packages/vue-ui
> rm -rf dist && rm -f ../../node_modules/.tmp/packages-vue-ui.tsbuildinfo && vite build --config vite.config.ts && vue-tsc -p tsconfig.build.json

vite v7.3.3 building client environment for production...
transforming...
✓ 15 modules transformed.
rendering chunks...
computing gzip size...
dist/vue-ui.css  16.98 kB │ gzip: 2.95 kB
dist/index.js    20.66 kB │ gzip: 6.63 kB
✓ built in 213ms

> @ccd/vue-primevue-adapter@1.0.38 build /Users/cc/MyPorject/ccd/packages/vue-primevue-adapter
> rm -f ../../node_modules/.tmp/packages-vue-primevue-adapter.tsbuildinfo && tsc -p tsconfig.json


> @ccd/vue-charts@1.0.38 build /Users/cc/MyPorject/ccd/packages/vue-charts
> rm -rf dist && rm -f ../../node_modules/.tmp/packages-vue-charts.tsbuildinfo && vite build --config vite.config.ts && vue-tsc -p tsconfig.build.json

vite v7.3.3 building client environment for production...
transforming...
✓ 46 modules transformed.
rendering chunks...
computing gzip size...
dist/echarts-setup.js   0.07 kB │ gzip:  0.09 kB
dist/index.js          89.94 kB │ gzip: 21.36 kB
✓ built in 171ms

> ccd@1.0.38 build:core /Users/cc/MyPorject/ccd
> pnpm --filter @ccd/contracts build && pnpm --filter @ccd/core build


> @ccd/contracts@1.0.38 build /Users/cc/MyPorject/ccd/packages/contracts
> rm -rf dist && rm -f ../../node_modules/.tmp/packages-contracts.tsbuildinfo && tsc -b tsconfig.json --force


> @ccd/core@1.0.38 build /Users/cc/MyPorject/ccd/packages/core
> rm -rf dist && rm -f ../../node_modules/.tmp/packages-core.tsbuildinfo && tsc -b tsconfig.json --force


> @ccd/web-demo@1.0.38 prebuild /Users/cc/MyPorject/ccd/apps/web-demo
> pnpm --workspace-root build:shared-config


> ccd@1.0.38 build:shared-config /Users/cc/MyPorject/ccd
> pnpm --filter @ccd/design-tokens build && pnpm --filter @ccd/shared-utils build && pnpm --filter @ccd/unocss-preset build && pnpm --filter @ccd/vue-hooks build && pnpm --filter @ccd/vue-app-platform build && pnpm --filter @ccd/vue-ui build && pnpm --filter @ccd/vue-primevue-adapter build && pnpm --filter @ccd/vue-charts build


> @ccd/design-tokens@1.0.38 build /Users/cc/MyPorject/ccd/packages/design-tokens
> rm -f ../../node_modules/.tmp/packages-design-tokens.tsbuildinfo && tsc -p tsconfig.json


> @ccd/shared-utils@1.0.38 build /Users/cc/MyPorject/ccd/packages/shared-utils
> rm -f ../../node_modules/.tmp/packages-shared-utils.tsbuildinfo && tsc -p tsconfig.json


> @ccd/unocss-preset@1.0.38 build /Users/cc/MyPorject/ccd/packages/unocss-preset
> rm -rf dist && rm -f ../../node_modules/.tmp/packages-unocss-preset.tsbuildinfo && tsc -p tsconfig.json


> @ccd/vue-hooks@1.0.38 build /Users/cc/MyPorject/ccd/packages/vue-hooks
> rm -f ../../node_modules/.tmp/packages-vue-hooks.tsbuildinfo && tsc -p tsconfig.json


> @ccd/vue-app-platform@1.0.38 build /Users/cc/MyPorject/ccd/packages/vue-app-platform
> rm -f ../../node_modules/.tmp/packages-vue-app-platform.tsbuildinfo && tsc -p tsconfig.json


> @ccd/vue-ui@1.0.38 build /Users/cc/MyPorject/ccd/packages/vue-ui
> rm -rf dist && rm -f ../../node_modules/.tmp/packages-vue-ui.tsbuildinfo && vite build --config vite.config.ts && vue-tsc -p tsconfig.build.json

vite v7.3.3 building client environment for production...
transforming...
✓ 15 modules transformed.
rendering chunks...
computing gzip size...
dist/vue-ui.css  16.98 kB │ gzip: 2.95 kB
dist/index.js    20.66 kB │ gzip: 6.63 kB
✓ built in 209ms

> @ccd/vue-primevue-adapter@1.0.38 build /Users/cc/MyPorject/ccd/packages/vue-primevue-adapter
> rm -f ../../node_modules/.tmp/packages-vue-primevue-adapter.tsbuildinfo && tsc -p tsconfig.json


> @ccd/vue-charts@1.0.38 build /Users/cc/MyPorject/ccd/packages/vue-charts
> rm -rf dist && rm -f ../../node_modules/.tmp/packages-vue-charts.tsbuildinfo && vite build --config vite.config.ts && vue-tsc -p tsconfig.build.json

vite v7.3.3 building client environment for production...
transforming...
✓ 46 modules transformed.
rendering chunks...
computing gzip size...
dist/echarts-setup.js   0.07 kB │ gzip:  0.09 kB
dist/index.js          89.94 kB │ gzip: 21.36 kB
✓ built in 172ms

> @ccd/web-demo@1.0.38 build /Users/cc/MyPorject/ccd/apps/web-demo
> vue-tsc -p tsconfig.json --noEmit && vite build

🎉 欢迎使用 ccd
📦 版本: 1.0.38
⚡ 基于 Vue ^3.5.12 + Vite 构建
🛠️ UI 架构: PrimeVue + UnoCSS
🎨 UnoCSS: ^66.6.0
🕒 构建时间: 5/29/2026, 7:28:21 AM




Build successful. Please see dist directory

🎉 构建完成！
📦 打包大小: 4.71 MB
⏰ 构建耗时: 9.50s
📁 输出目录: dist

timestamp_end: 2026-05-29T07:28:32+0800
exit_code: 0
