command: pnpm type-check
timestamp_start: 2026-05-29T07:27:13+0800

> ccd@1.0.38 type-check /Users/cc/MyPorject/ccd
> turbo run type-check

• turbo 2.9.14

   • Packages in scope: @ccd/contracts, @ccd/core, @ccd/design-tokens, @ccd/desktop, @ccd/shared-utils, @ccd/unocss-preset, @ccd/vue-app-platform, @ccd/vue-charts, @ccd/vue-hooks, @ccd/vue-primevue-adapter, @ccd/vue-ui, @ccd/web-demo
   • Running type-check in 12 packages
   • Remote caching disabled

@ccd/vue-app-platform:type-check: cache hit, replaying logs f2dc86d246c65c46
@ccd/vue-app-platform:type-check: 
@ccd/vue-app-platform:type-check: > @ccd/vue-app-platform@1.0.38 type-check /Users/cc/MyPorject/ccd/packages/vue-app-platform
@ccd/vue-app-platform:type-check: > tsc -p tsconfig.json --noEmit
@ccd/vue-app-platform:type-check: 
@ccd/contracts:type-check: cache hit, replaying logs a80ce2a3b2093bb5
@ccd/contracts:type-check: 
@ccd/contracts:type-check: > @ccd/contracts@1.0.38 type-check /Users/cc/MyPorject/ccd/packages/contracts
@ccd/contracts:type-check: > tsc -p tsconfig.json --noEmit
@ccd/contracts:type-check: 
@ccd/design-tokens:type-check: cache hit, replaying logs 17c13303d4d922e5
@ccd/design-tokens:type-check: 
@ccd/design-tokens:type-check: > @ccd/design-tokens@1.0.38 type-check /Users/cc/MyPorject/ccd/packages/design-tokens
@ccd/design-tokens:type-check: > tsc -p tsconfig.json --noEmit
@ccd/design-tokens:type-check: 
@ccd/shared-utils:type-check: cache hit, replaying logs d0f39b66f769e956
@ccd/shared-utils:type-check: 
@ccd/shared-utils:type-check: > @ccd/shared-utils@1.0.38 type-check /Users/cc/MyPorject/ccd/packages/shared-utils
@ccd/shared-utils:type-check: > tsc -p tsconfig.json --noEmit
@ccd/shared-utils:type-check: 
@ccd/vue-app-platform:build: cache hit, replaying logs b7eb386a0080ef2d
@ccd/vue-app-platform:build: 
@ccd/vue-app-platform:build: > @ccd/vue-app-platform@1.0.38 build /Users/cc/MyPorject/ccd/packages/vue-app-platform
@ccd/vue-app-platform:build: > rm -f ../../node_modules/.tmp/packages-vue-app-platform.tsbuildinfo && tsc -p tsconfig.json
@ccd/vue-app-platform:build: 
@ccd/contracts:build: cache hit, replaying logs 28ee272df9bf1f66
@ccd/contracts:build: 
@ccd/contracts:build: > @ccd/contracts@1.0.38 build /Users/cc/MyPorject/ccd/packages/contracts
@ccd/contracts:build: > rm -rf dist && rm -f ../../node_modules/.tmp/packages-contracts.tsbuildinfo && tsc -b tsconfig.json --force
@ccd/contracts:build: 
@ccd/core:type-check: cache hit, replaying logs feaa00861de23489
@ccd/core:type-check: 
@ccd/core:type-check: > @ccd/core@1.0.38 type-check /Users/cc/MyPorject/ccd/packages/core
@ccd/core:type-check: > tsc -p tsconfig.json --noEmit
@ccd/core:type-check: 
@ccd/core:build: cache hit, replaying logs a75b26b76429d138
@ccd/core:build: 
@ccd/core:build: > @ccd/core@1.0.38 build /Users/cc/MyPorject/ccd/packages/core
@ccd/core:build: > rm -rf dist && rm -f ../../node_modules/.tmp/packages-core.tsbuildinfo && tsc -b tsconfig.json --force
@ccd/core:build: 
@ccd/design-tokens:build: cache hit, replaying logs 6feb35df98204071
@ccd/design-tokens:build: 
@ccd/design-tokens:build: > @ccd/design-tokens@1.0.38 build /Users/cc/MyPorject/ccd/packages/design-tokens
@ccd/design-tokens:build: > rm -f ../../node_modules/.tmp/packages-design-tokens.tsbuildinfo && tsc -p tsconfig.json
@ccd/design-tokens:build: 
@ccd/vue-charts:type-check: cache hit, replaying logs bd9c731a1121282a
@ccd/vue-charts:type-check: 
@ccd/vue-charts:type-check: > @ccd/vue-charts@1.0.38 type-check /Users/cc/MyPorject/ccd/packages/vue-charts
@ccd/vue-charts:type-check: > vue-tsc -p tsconfig.json --noEmit
@ccd/vue-charts:type-check: 
@ccd/vue-ui:type-check: cache hit, replaying logs 2a7d9474a472119b
@ccd/vue-ui:type-check: 
@ccd/vue-ui:type-check: > @ccd/vue-ui@1.0.38 type-check /Users/cc/MyPorject/ccd/packages/vue-ui
@ccd/vue-ui:type-check: > vue-tsc -p tsconfig.json --noEmit
@ccd/vue-ui:type-check: 
@ccd/unocss-preset:type-check: cache hit, replaying logs b0c28d9925b612e3
@ccd/unocss-preset:type-check: 
@ccd/unocss-preset:type-check: > @ccd/unocss-preset@1.0.38 type-check /Users/cc/MyPorject/ccd/packages/unocss-preset
@ccd/unocss-preset:type-check: > tsc -p tsconfig.json --noEmit
@ccd/unocss-preset:type-check: 
@ccd/shared-utils:build: cache hit, replaying logs 8980547338755885
@ccd/shared-utils:build: 
@ccd/shared-utils:build: > @ccd/shared-utils@1.0.38 build /Users/cc/MyPorject/ccd/packages/shared-utils
@ccd/shared-utils:build: > rm -f ../../node_modules/.tmp/packages-shared-utils.tsbuildinfo && tsc -p tsconfig.json
@ccd/shared-utils:build: 
@ccd/vue-primevue-adapter:type-check: cache hit, replaying logs 458364ac2904a725
@ccd/vue-primevue-adapter:type-check: 
@ccd/vue-primevue-adapter:type-check: > @ccd/vue-primevue-adapter@1.0.38 type-check /Users/cc/MyPorject/ccd/packages/vue-primevue-adapter
@ccd/vue-primevue-adapter:type-check: > tsc -p tsconfig.json --noEmit
@ccd/vue-primevue-adapter:type-check: 
@ccd/vue-hooks:type-check: cache hit, replaying logs 1cb6d07efc9445ff
@ccd/vue-hooks:type-check: 
@ccd/vue-hooks:type-check: > @ccd/vue-hooks@1.0.38 type-check /Users/cc/MyPorject/ccd/packages/vue-hooks
@ccd/vue-hooks:type-check: > tsc -p tsconfig.json --noEmit
@ccd/vue-hooks:type-check: 
@ccd/unocss-preset:build: cache hit, replaying logs f3dfe5ee22f02bf8
@ccd/unocss-preset:build: 
@ccd/unocss-preset:build: > @ccd/unocss-preset@1.0.38 build /Users/cc/MyPorject/ccd/packages/unocss-preset
@ccd/unocss-preset:build: > rm -rf dist && rm -f ../../node_modules/.tmp/packages-unocss-preset.tsbuildinfo && tsc -p tsconfig.json
@ccd/unocss-preset:build: 
@ccd/vue-ui:build: cache hit, replaying logs 2cf8ac2e201e4f7e
@ccd/vue-ui:build: 
@ccd/vue-ui:build: > @ccd/vue-ui@1.0.38 build /Users/cc/MyPorject/ccd/packages/vue-ui
@ccd/vue-ui:build: > rm -rf dist && rm -f ../../node_modules/.tmp/packages-vue-ui.tsbuildinfo && vite build --config vite.config.ts && vue-tsc -p tsconfig.build.json
@ccd/vue-ui:build: 
@ccd/vue-ui:build: vite v7.3.3 building client environment for production...
@ccd/vue-ui:build: transforming...
@ccd/vue-ui:build: ✓ 15 modules transformed.
@ccd/vue-ui:build: rendering chunks...
@ccd/vue-ui:build: computing gzip size...
@ccd/vue-ui:build: dist/vue-ui.css  16.98 kB │ gzip: 2.95 kB
@ccd/vue-ui:build: dist/index.js    20.66 kB │ gzip: 6.63 kB
@ccd/vue-ui:build: ✓ built in 1.19s
@ccd/vue-charts:build: cache hit, replaying logs 1c8cc85bae36d423
@ccd/vue-charts:build: 
@ccd/vue-charts:build: > @ccd/vue-charts@1.0.38 build /Users/cc/MyPorject/ccd/packages/vue-charts
@ccd/vue-charts:build: > rm -rf dist && rm -f ../../node_modules/.tmp/packages-vue-charts.tsbuildinfo && vite build --config vite.config.ts && vue-tsc -p tsconfig.build.json
@ccd/vue-charts:build: 
@ccd/vue-charts:build: vite v7.3.3 building client environment for production...
@ccd/vue-charts:build: transforming...
@ccd/vue-charts:build: ✓ 46 modules transformed.
@ccd/vue-charts:build: rendering chunks...
@ccd/vue-charts:build: computing gzip size...
@ccd/vue-charts:build: dist/echarts-setup.js   0.07 kB │ gzip:  0.09 kB
@ccd/vue-charts:build: dist/index.js          89.94 kB │ gzip: 21.36 kB
@ccd/vue-charts:build: ✓ built in 891ms
@ccd/vue-primevue-adapter:build: cache hit, replaying logs 3706a620b55d0f43
@ccd/vue-primevue-adapter:build: 
@ccd/vue-primevue-adapter:build: > @ccd/vue-primevue-adapter@1.0.38 build /Users/cc/MyPorject/ccd/packages/vue-primevue-adapter
@ccd/vue-primevue-adapter:build: > rm -f ../../node_modules/.tmp/packages-vue-primevue-adapter.tsbuildinfo && tsc -p tsconfig.json
@ccd/vue-primevue-adapter:build: 
@ccd/vue-hooks:build: cache hit, replaying logs 79e217797cac96f7
@ccd/vue-hooks:build: 
@ccd/vue-hooks:build: > @ccd/vue-hooks@1.0.38 build /Users/cc/MyPorject/ccd/packages/vue-hooks
@ccd/vue-hooks:build: > rm -f ../../node_modules/.tmp/packages-vue-hooks.tsbuildinfo && tsc -p tsconfig.json
@ccd/vue-hooks:build: 
@ccd/web-demo:type-check: cache hit, replaying logs 93d478e5d7933a55
@ccd/web-demo:type-check: 
@ccd/web-demo:type-check: > @ccd/web-demo@1.0.38 type-check /Users/cc/MyPorject/ccd/apps/web-demo
@ccd/web-demo:type-check: > vue-tsc -p tsconfig.json --noEmit
@ccd/web-demo:type-check: 
@ccd/desktop:type-check: cache hit, replaying logs 15cef3c294c4bf35
@ccd/desktop:type-check: 
@ccd/desktop:type-check: > @ccd/desktop@1.0.38 type-check /Users/cc/MyPorject/ccd/apps/desktop
@ccd/desktop:type-check: > vue-tsc -p tsconfig.json --noEmit
@ccd/desktop:type-check: 

 Tasks:    22 successful, 22 total
Cached:    22 cached, 22 total
  Time:    42ms >>> FULL TURBO

timestamp_end: 2026-05-29T07:27:13+0800
exit_code: 0
