command: rg implementation no-any and assertion audit
timestamp_start: 2026-05-29T07:35:23+0800

## implementation any/ts-ignore scan

## core assertion scan
apps/web-demo/src/components/ProForm/engine/core/LifecycleManager.ts:35:    if (!this.controller.fieldNames.includes(fieldName as keyof TValues & string)) return
apps/web-demo/src/components/ProForm/engine/core/FormController.ts:104:    this.fieldNames = flatFields.map(field => field.name as keyof TValues & string)
apps/web-demo/src/components/ProForm/engine/core/FormController.ts:118:    const initialsRecord = castRecord(initialValues as Record<string, unknown>)
apps/web-demo/src/components/ProForm/engine/core/FormController.ts:121:      const fieldName = field.name as keyof TValues & string
apps/web-demo/src/components/ProForm/engine/core/FormController.ts:126:        ? (initialsRecord[fieldName] as TValues[keyof TValues] | undefined)
apps/web-demo/src/components/ProForm/engine/core/FormController.ts:127:        : (field.defaultValue as TValues[keyof TValues] | undefined)
apps/web-demo/src/components/ProForm/engine/core/FormController.ts:158:    const nextFieldNames = flatFields.map(field => field.name as keyof TValues & string)
apps/web-demo/src/components/ProForm/engine/core/FormController.ts:194:    const initialsRecord = castRecord(this.effectiveInitials as Record<string, unknown>)
apps/web-demo/src/components/ProForm/engine/core/FormController.ts:197:      const fieldName = field.name as keyof TValues & string
apps/web-demo/src/components/ProForm/engine/core/FormController.ts:204:        ? (initialsRecord[fieldName] as TValues[keyof TValues] | undefined)
apps/web-demo/src/components/ProForm/engine/core/FormController.ts:205:        : (field.defaultValue as TValues[keyof TValues] | undefined)
apps/web-demo/src/components/ProForm/engine/core/FormController.ts:309:        DraftStorage.save(this.options.persistKey as string, castRecord(this.getValues()))
apps/web-demo/src/components/ProForm/engine/core/FormController.ts:378:          fieldName as keyof TValues & string,
apps/web-demo/src/components/ProForm/engine/core/FormController.ts:440:    return values as TValues
apps/web-demo/src/components/ProForm/engine/core/FormController.ts:458:        errors[fieldName as keyof TValues] = [...fieldState.errors]
apps/web-demo/src/components/ProForm/engine/core/FormController.ts:463:        touched[fieldName as keyof TValues] = true
apps/web-demo/src/components/ProForm/engine/core/FormController.ts:498:    const sourceRecord = castRecord(source as Record<string, unknown>)
apps/web-demo/src/components/ProForm/engine/core/FormController.ts:510:        ? (sourceRecord[fieldName] as TValues[keyof TValues] | undefined)
apps/web-demo/src/components/ProForm/engine/core/FormController.ts:511:        : (schema?.defaultValue as TValues[keyof TValues] | undefined)
apps/web-demo/src/components/ProForm/engine/core/FormController.ts:586:    const keys = Object.keys(values) as (keyof TValues & string)[]
apps/web-demo/src/components/ProForm/engine/core/FormController.ts:691:    const loader = field.options as OptionsLoader<TValues> | undefined
apps/web-demo/src/components/ProForm/engine/logic/ReactionEngine.ts:53:      const typedReaction = reaction as FieldReaction<TValues>
apps/web-demo/src/components/ProForm/engine/hooks/useFieldArray.ts:13:  const globalState = inject(PRO_FORM_STATE_KEY, null) as FormState<TValues> | null
apps/web-demo/src/components/ProForm/engine/hooks/useFieldArray.ts:20:    const val = values[name as keyof TValues]
apps/web-demo/src/components/ProForm/engine/hooks/useForm.ts:35:      controller.store.setFieldValue(field as string, value)
apps/web-demo/src/components/ProForm/engine/hooks/useForm.ts:36:      controller.transactionManager.updateField(field as string)
apps/web-demo/src/components/ProForm/engine/hooks/useForm.ts:61:      controller.resetFields(names?.map(name => name as keyof TValues & string))
apps/web-demo/src/components/ProForm/engine/hooks/useForm.ts:65:      controller.clearValidate(names?.map(name => name as keyof TValues & string))
apps/web-demo/src/components/ProForm/engine/hooks/useField.ts:20:  const globalState = inject(PRO_FORM_STATE_KEY, null) as FormState<TValues> | null
apps/web-demo/src/components/ProForm/engine/hooks/useField.ts:26:  ) as Ref<T>
apps/web-demo/src/components/ProForm/engine/validation/schemaResolver.ts:12:  const candidate = value as Record<string, unknown>
apps/web-demo/src/components/ProForm/engine/validation/schemaResolver.ts:21:  const payload = data as Record<string, unknown>
apps/web-demo/src/components/ProForm/engine/validation/schemaResolver.ts:23:  return (payload.issues as unknown[]).filter(isValidationIssue)

timestamp_end: 2026-05-29T07:35:23+0800
exit_code: 0
