{
  "@iconify-json/logos": {
    "current": "1.2.10",
    "latest": "1.2.11",
    "wanted": "1.2.10",
    "isDeprecated": false,
    "dependencyType": "devDependencies"
  },
  "@iconify-json/lucide": {
    "current": "1.2.96",
    "latest": "1.2.110",
    "wanted": "1.2.96",
    "isDeprecated": false,
    "dependencyType": "devDependencies"
  },
  "@iconify/utils": {
    "current": "3.1.0",
    "latest": "3.1.3",
    "wanted": "3.1.0",
    "isDeprecated": false,
    "dependencyType": "devDependencies"
  },
  "@primevue/auto-import-resolver": {
    "current": "4.5.4",
    "latest": "4.5.5",
    "wanted": "4.5.4",
    "isDeprecated": false,
    "dependencyType": "devDependencies"
  },
  "@primevue/core": {
    "current": "4.5.4",
    "latest": "4.5.5",
    "wanted": "4.5.4",
    "isDeprecated": false,
    "dependencyType": "dependencies"
  },
  "@primevue/forms": {
    "current": "4.5.4",
    "latest": "4.5.5",
    "wanted": "4.5.4",
    "isDeprecated": false,
    "dependencyType": "dependencies"
  },
  "@primevue/icons": {
    "current": "4.5.4",
    "latest": "4.5.5",
    "wanted": "4.5.4",
    "isDeprecated": false,
    "dependencyType": "dependencies"
  },
  "@tanstack/vue-virtual": {
    "current": "3.13.23",
    "latest": "3.13.26",
    "wanted": "3.13.23",
    "isDeprecated": false,
    "dependencyType": "dependencies"
  },
  "@vitejs/plugin-vue": {
    "current": "6.0.3",
    "latest": "6.0.7",
    "wanted": "6.0.3",
    "isDeprecated": false,
    "dependencyType": "devDependencies"
  },
  "@vitejs/plugin-vue-jsx": {
    "current": "5.1.3",
    "latest": "5.1.5",
    "wanted": "5.1.3",
    "isDeprecated": false,
    "dependencyType": "devDependencies"
  },
  "@vue/compiler-sfc": {
    "current": "3.5.29",
    "latest": "3.5.35",
    "wanted": "3.5.29",
    "isDeprecated": false,
    "dependencyType": "devDependencies"
  },
  "@vue/test-utils": {
    "current": "2.4.6",
    "latest": "2.4.10",
    "wanted": "2.4.6",
    "isDeprecated": false,
    "dependencyType": "devDependencies"
  },
  "crypto-es": {
    "current": "3.1.2",
    "latest": "3.1.3",
    "wanted": "3.1.2",
    "isDeprecated": false,
    "dependencyType": "dependencies"
  },
  "dayjs": {
    "current": "1.11.19",
    "latest": "1.11.21",
    "wanted": "1.11.19",
    "isDeprecated": false,
    "dependencyType": "dependencies"
  },
  "dependency-cruiser": {
    "current": "17.4.0",
    "latest": "17.4.2",
    "wanted": "17.4.0",
    "isDeprecated": false,
    "dependencyType": "devDependencies"
  },
  "postcss": {
    "current": "8.5.6",
    "latest": "8.5.15",
    "wanted": "8.5.6",
    "isDeprecated": false,
    "dependencyType": "devDependencies"
  },
  "prettier": {
    "current": "3.8.1",
    "latest": "3.8.3",
    "wanted": "3.8.1",
    "isDeprecated": false,
    "dependencyType": "devDependencies"
  },
  "primevue": {
    "current": "4.5.4",
    "latest": "4.5.5",
    "wanted": "4.5.4",
    "isDeprecated": false,
    "dependencyType": "dependencies"
  },
  "turbo": {
    "current": "2.9.14",
    "latest": "2.9.16",
    "wanted": "2.9.14",
    "isDeprecated": false,
    "dependencyType": "devDependencies"
  },
  "vue": {
    "current": "3.5.25",
    "latest": "3.5.35",
    "wanted": "3.5.25",
    "isDeprecated": false,
    "dependencyType": "dependencies"
  },
  "@playwright/test": {
    "current": "1.59.1",
    "latest": "1.60.0",
    "wanted": "1.59.1",
    "isDeprecated": false,
    "dependencyType": "devDependencies"
  },
  "@unocss/preset-attributify": {
    "current": "66.6.0",
    "latest": "66.7.0",
    "wanted": "66.6.0",
    "isDeprecated": false,
    "dependencyType": "devDependencies"
  },
  "@unocss/preset-icons": {
    "current": "66.6.0",
    "latest": "66.7.0",
    "wanted": "66.6.0",
    "isDeprecated": false,
    "dependencyType": "devDependencies"
  },
  "@unocss/preset-typography": {
    "current": "66.6.0",
    "latest": "66.7.0",
    "wanted": "66.6.0",
    "isDeprecated": false,
    "dependencyType": "devDependencies"
  },
  "@unocss/preset-uno": {
    "current": "66.6.0",
    "latest": "66.7.0",
    "wanted": "66.6.0",
    "isDeprecated": false,
    "dependencyType": "devDependencies"
  },
  "@unocss/reset": {
    "current": "66.6.0",
    "latest": "66.7.0",
    "wanted": "66.6.0",
    "isDeprecated": false,
    "dependencyType": "devDependencies"
  },
  "@unocss/transformer-directives": {
    "current": "66.6.0",
    "latest": "66.7.0",
    "wanted": "66.6.0",
    "isDeprecated": false,
    "dependencyType": "devDependencies"
  },
  "@unocss/transformer-variant-group": {
    "current": "66.6.0",
    "latest": "66.7.0",
    "wanted": "66.6.0",
    "isDeprecated": false,
    "dependencyType": "devDependencies"
  },
  "alova": {
    "current": "3.4.0",
    "latest": "3.5.1",
    "wanted": "3.4.0",
    "isDeprecated": false,
    "dependencyType": "dependencies"
  },
  "autoprefixer": {
    "current": "10.4.23",
    "latest": "10.5.0",
    "wanted": "10.4.23",
    "isDeprecated": false,
    "dependencyType": "devDependencies"
  },
  "baseline-browser-mapping": {
    "current": "2.9.19",
    "latest": "2.10.32",
    "wanted": "2.9.19",
    "isDeprecated": false,
    "dependencyType": "devDependencies"
  },
  "echarts": {
    "current": "6.0.0",
    "latest": "6.1.0",
    "wanted": "6.0.0",
    "isDeprecated": false,
    "dependencyType": "dependencies"
  },
  "globals": {
    "current": "17.1.0",
    "latest": "17.6.0",
    "wanted": "17.1.0",
    "isDeprecated": false,
    "dependencyType": "devDependencies"
  },
  "gsap": {
    "current": "3.14.2",
    "latest": "3.15.0",
    "wanted": "3.14.2",
    "isDeprecated": false,
    "dependencyType": "dependencies"
  },
  "lodash-es": {
    "current": "4.17.21",
    "latest": "4.18.1",
    "wanted": "4.17.21",
    "isDeprecated": false,
    "dependencyType": "dependencies"
  },
  "overlayscrollbars": {
    "current": "2.14.0",
    "latest": "2.16.0",
    "wanted": "2.14.0",
    "isDeprecated": false,
    "dependencyType": "dependencies"
  },
  "sass": {
    "current": "1.97.3",
    "latest": "1.100.0",
    "wanted": "1.97.3",
    "isDeprecated": false,
    "dependencyType": "devDependencies"
  },
  "stylelint": {
    "current": "17.4.0",
    "latest": "17.12.0",
    "wanted": "17.4.0",
    "isDeprecated": false,
    "dependencyType": "devDependencies"
  },
  "terser": {
    "current": "5.46.0",
    "latest": "5.48.0",
    "wanted": "5.46.0",
    "isDeprecated": false,
    "dependencyType": "devDependencies"
  },
  "tsx": {
    "current": "4.21.0",
    "latest": "4.22.3",
    "wanted": "4.21.0",
    "isDeprecated": false,
    "dependencyType": "devDependencies"
  },
  "typescript-eslint": {
    "current": "8.53.1",
    "latest": "8.60.0",
    "wanted": "8.53.1",
    "isDeprecated": false,
    "dependencyType": "devDependencies"
  },
  "unocss": {
    "current": "66.6.0",
    "latest": "66.7.0",
    "wanted": "66.6.0",
    "isDeprecated": false,
    "dependencyType": "devDependencies"
  },
  "vitest": {
    "current": "4.0.18",
    "latest": "4.1.7",
    "wanted": "4.0.18",
    "isDeprecated": false,
    "dependencyType": "devDependencies"
  },
  "vue-eslint-parser": {
    "current": "10.2.0",
    "latest": "10.4.0",
    "wanted": "10.2.0",
    "isDeprecated": false,
    "dependencyType": "devDependencies"
  },
  "zod": {
    "current": "4.3.6",
    "latest": "4.4.3",
    "wanted": "4.3.6",
    "isDeprecated": false,
    "dependencyType": "dependencies"
  },
  "@commitlint/cli": {
    "current": "19.8.1",
    "latest": "21.0.1",
    "wanted": "19.8.1",
    "isDeprecated": false,
    "dependencyType": "devDependencies"
  },
  "@commitlint/config-conventional": {
    "current": "19.8.1",
    "latest": "21.0.1",
    "wanted": "19.8.1",
    "isDeprecated": false,
    "dependencyType": "devDependencies"
  },
  "@eslint/js": {
    "current": "9.39.2",
    "latest": "10.0.1",
    "wanted": "9.39.2",
    "isDeprecated": false,
    "dependencyType": "devDependencies"
  },
  "@faker-js/faker": {
    "current": "9.9.0",
    "latest": "10.4.0",
    "wanted": "9.9.0",
    "isDeprecated": false,
    "dependencyType": "devDependencies"
  },
  "@types/node": {
    "current": "24.12.4",
    "latest": "25.9.1",
    "wanted": "24.12.4",
    "isDeprecated": false,
    "dependencyType": "devDependencies"
  },
  "@vueuse/core": {
    "current": "13.9.0",
    "latest": "14.3.0",
    "wanted": "13.9.0",
    "isDeprecated": false,
    "dependencyType": "dependencies"
  },
  "chokidar": {
    "current": "4.0.3",
    "latest": "5.0.0",
    "wanted": "4.0.3",
    "isDeprecated": false,
    "dependencyType": "devDependencies"
  },
  "concurrently": {
    "current": "9.2.1",
    "latest": "10.0.0",
    "wanted": "9.2.1",
    "isDeprecated": false,
    "dependencyType": "devDependencies"
  },
  "cross-env": {
    "current": "7.0.3",
    "latest": "10.1.0",
    "wanted": "7.0.3",
    "isDeprecated": false,
    "dependencyType": "devDependencies"
  },
  "eslint": {
    "current": "9.39.2",
    "latest": "10.4.0",
    "wanted": "9.39.2",
    "isDeprecated": false,
    "dependencyType": "devDependencies"
  },
  "eslint-plugin-vue": {
    "current": "9.33.0",
    "latest": "10.9.1",
    "wanted": "9.33.0",
    "isDeprecated": false,
    "dependencyType": "devDependencies"
  },
  "glob": {
    "current": "11.1.0",
    "latest": "13.0.6",
    "wanted": "11.1.0",
    "isDeprecated": false,
    "dependencyType": "devDependencies"
  },
  "jsdom": {
    "current": "28.1.0",
    "latest": "29.1.1",
    "wanted": "28.1.0",
    "isDeprecated": false,
    "dependencyType": "devDependencies"
  },
  "lint-staged": {
    "current": "15.5.2",
    "latest": "17.0.5",
    "wanted": "15.5.2",
    "isDeprecated": false,
    "dependencyType": "devDependencies"
  },
  "npm-run-all2": {
    "current": "7.0.2",
    "latest": "9.0.1",
    "wanted": "7.0.2",
    "isDeprecated": false,
    "dependencyType": "devDependencies"
  },
  "rollup-plugin-visualizer": {
    "current": "6.0.5",
    "latest": "7.0.1",
    "wanted": "6.0.5",
    "isDeprecated": false,
    "dependencyType": "devDependencies"
  },
  "typescript": {
    "current": "5.9.3",
    "latest": "6.0.3",
    "wanted": "5.9.3",
    "isDeprecated": false,
    "dependencyType": "devDependencies"
  },
  "unplugin-auto-import": {
    "current": "20.3.0",
    "latest": "21.0.0",
    "wanted": "20.3.0",
    "isDeprecated": false,
    "dependencyType": "devDependencies"
  },
  "unplugin-vue-components": {
    "current": "28.8.0",
    "latest": "32.1.0",
    "wanted": "28.8.0",
    "isDeprecated": false,
    "dependencyType": "devDependencies"
  },
  "uuid": {
    "current": "13.0.0",
    "latest": "14.0.0",
    "wanted": "13.0.0",
    "isDeprecated": false,
    "dependencyType": "dependencies"
  },
  "vite": {
    "current": "7.3.3",
    "latest": "8.0.14",
    "wanted": "7.3.3",
    "isDeprecated": false,
    "dependencyType": "devDependencies"
  },
  "vue-i18n": {
    "current": "10.0.8",
    "latest": "11.4.4",
    "wanted": "10.0.8",
    "isDeprecated": false,
    "dependencyType": "dependencies"
  },
  "vue-router": {
    "current": "4.6.3",
    "latest": "5.1.0",
    "wanted": "4.6.3",
    "isDeprecated": false,
    "dependencyType": "dependencies"
  },
  "vue-tsc": {
    "current": "2.2.12",
    "latest": "3.3.2",
    "wanted": "2.2.12",
    "isDeprecated": false,
    "dependencyType": "devDependencies"
  },
  "@vue/tsconfig": {
    "current": "0.7.0",
    "latest": "0.9.1",
    "wanted": "0.7.0",
    "isDeprecated": false,
    "dependencyType": "devDependencies"
  },
  "overlayscrollbars-vue": {
    "current": "0.5.9",
    "latest": "0.5.10",
    "wanted": "0.5.9",
    "isDeprecated": false,
    "dependencyType": "dependencies"
  }
}
