
> ccd@1.0.38 deps:outdated /Users/cc/MyPorject/ccd
> pnpm outdated --format table

┌─────────────────────────────────────────┬─────────┬─────────┐
│ Package                                 │ Current │ Latest  │
├─────────────────────────────────────────┼─────────┼─────────┤
│ @iconify-json/logos (dev)               │ 1.2.10  │ 1.2.11  │
├─────────────────────────────────────────┼─────────┼─────────┤
│ @iconify-json/lucide (dev)              │ 1.2.96  │ 1.2.110 │
├─────────────────────────────────────────┼─────────┼─────────┤
│ @iconify/utils (dev)                    │ 3.1.0   │ 3.1.3   │
├─────────────────────────────────────────┼─────────┼─────────┤
│ @primevue/auto-import-resolver (dev)    │ 4.5.4   │ 4.5.5   │
├─────────────────────────────────────────┼─────────┼─────────┤
│ @primevue/core                          │ 4.5.4   │ 4.5.5   │
├─────────────────────────────────────────┼─────────┼─────────┤
│ @primevue/forms                         │ 4.5.4   │ 4.5.5   │
├─────────────────────────────────────────┼─────────┼─────────┤
│ @primevue/icons                         │ 4.5.4   │ 4.5.5   │
├─────────────────────────────────────────┼─────────┼─────────┤
│ @tanstack/vue-virtual                   │ 3.13.23 │ 3.13.26 │
├─────────────────────────────────────────┼─────────┼─────────┤
│ @vitejs/plugin-vue (dev)                │ 6.0.3   │ 6.0.7   │
├─────────────────────────────────────────┼─────────┼─────────┤
│ @vitejs/plugin-vue-jsx (dev)            │ 5.1.3   │ 5.1.5   │
├─────────────────────────────────────────┼─────────┼─────────┤
│ @vue/compiler-sfc (dev)                 │ 3.5.29  │ 3.5.35  │
├─────────────────────────────────────────┼─────────┼─────────┤
│ @vue/test-utils (dev)                   │ 2.4.6   │ 2.4.10  │
├─────────────────────────────────────────┼─────────┼─────────┤
│ crypto-es                               │ 3.1.2   │ 3.1.3   │
├─────────────────────────────────────────┼─────────┼─────────┤
│ dayjs                                   │ 1.11.19 │ 1.11.21 │
├─────────────────────────────────────────┼─────────┼─────────┤
│ dependency-cruiser (dev)                │ 17.4.0  │ 17.4.2  │
├─────────────────────────────────────────┼─────────┼─────────┤
│ postcss (dev)                           │ 8.5.6   │ 8.5.15  │
├─────────────────────────────────────────┼─────────┼─────────┤
│ prettier (dev)                          │ 3.8.1   │ 3.8.3   │
├─────────────────────────────────────────┼─────────┼─────────┤
│ primevue                                │ 4.5.4   │ 4.5.5   │
├─────────────────────────────────────────┼─────────┼─────────┤
│ turbo (dev)                             │ 2.9.14  │ 2.9.16  │
├─────────────────────────────────────────┼─────────┼─────────┤
│ vue                                     │ 3.5.25  │ 3.5.35  │
├─────────────────────────────────────────┼─────────┼─────────┤
│ @playwright/test (dev)                  │ 1.59.1  │ 1.60.0  │
├─────────────────────────────────────────┼─────────┼─────────┤
│ @unocss/preset-attributify (dev)        │ 66.6.0  │ 66.7.0  │
├─────────────────────────────────────────┼─────────┼─────────┤
│ @unocss/preset-icons (dev)              │ 66.6.0  │ 66.7.0  │
├─────────────────────────────────────────┼─────────┼─────────┤
│ @unocss/preset-typography (dev)         │ 66.6.0  │ 66.7.0  │
├─────────────────────────────────────────┼─────────┼─────────┤
│ @unocss/preset-uno (dev)                │ 66.6.0  │ 66.7.0  │
├─────────────────────────────────────────┼─────────┼─────────┤
│ @unocss/reset (dev)                     │ 66.6.0  │ 66.7.0  │
├─────────────────────────────────────────┼─────────┼─────────┤
│ @unocss/transformer-directives (dev)    │ 66.6.0  │ 66.7.0  │
├─────────────────────────────────────────┼─────────┼─────────┤
│ @unocss/transformer-variant-group (dev) │ 66.6.0  │ 66.7.0  │
├─────────────────────────────────────────┼─────────┼─────────┤
│ alova                                   │ 3.4.0   │ 3.5.1   │
├─────────────────────────────────────────┼─────────┼─────────┤
│ autoprefixer (dev)                      │ 10.4.23 │ 10.5.0  │
├─────────────────────────────────────────┼─────────┼─────────┤
│ baseline-browser-mapping (dev)          │ 2.9.19  │ 2.10.32 │
├─────────────────────────────────────────┼─────────┼─────────┤
│ echarts                                 │ 6.0.0   │ 6.1.0   │
├─────────────────────────────────────────┼─────────┼─────────┤
│ globals (dev)                           │ 17.1.0  │ 17.6.0  │
├─────────────────────────────────────────┼─────────┼─────────┤
│ gsap                                    │ 3.14.2  │ 3.15.0  │
├─────────────────────────────────────────┼─────────┼─────────┤
│ lodash-es                               │ 4.17.21 │ 4.18.1  │
├─────────────────────────────────────────┼─────────┼─────────┤
│ overlayscrollbars                       │ 2.14.0  │ 2.16.0  │
├─────────────────────────────────────────┼─────────┼─────────┤
│ sass (dev)                              │ 1.97.3  │ 1.100.0 │
├─────────────────────────────────────────┼─────────┼─────────┤
│ stylelint (dev)                         │ 17.4.0  │ 17.12.0 │
├─────────────────────────────────────────┼─────────┼─────────┤
│ terser (dev)                            │ 5.46.0  │ 5.48.0  │
├─────────────────────────────────────────┼─────────┼─────────┤
│ tsx (dev)                               │ 4.21.0  │ 4.22.3  │
├─────────────────────────────────────────┼─────────┼─────────┤
│ typescript-eslint (dev)                 │ 8.53.1  │ 8.60.0  │
├─────────────────────────────────────────┼─────────┼─────────┤
│ unocss (dev)                            │ 66.6.0  │ 66.7.0  │
├─────────────────────────────────────────┼─────────┼─────────┤
│ vitest (dev)                            │ 4.0.18  │ 4.1.7   │
├─────────────────────────────────────────┼─────────┼─────────┤
│ vue-eslint-parser (dev)                 │ 10.2.0  │ 10.4.0  │
├─────────────────────────────────────────┼─────────┼─────────┤
│ zod                                     │ 4.3.6   │ 4.4.3   │
├─────────────────────────────────────────┼─────────┼─────────┤
│ @commitlint/cli (dev)                   │ 19.8.1  │ 21.0.1  │
├─────────────────────────────────────────┼─────────┼─────────┤
│ @commitlint/config-conventional (dev)   │ 19.8.1  │ 21.0.1  │
├─────────────────────────────────────────┼─────────┼─────────┤
│ @eslint/js (dev)                        │ 9.39.2  │ 10.0.1  │
├─────────────────────────────────────────┼─────────┼─────────┤
│ @faker-js/faker (dev)                   │ 9.9.0   │ 10.4.0  │
├─────────────────────────────────────────┼─────────┼─────────┤
│ @types/node (dev)                       │ 24.12.4 │ 25.9.1  │
├─────────────────────────────────────────┼─────────┼─────────┤
│ @vueuse/core                            │ 13.9.0  │ 14.3.0  │
├─────────────────────────────────────────┼─────────┼─────────┤
│ chokidar (dev)                          │ 4.0.3   │ 5.0.0   │
├─────────────────────────────────────────┼─────────┼─────────┤
│ concurrently (dev)                      │ 9.2.1   │ 10.0.0  │
├─────────────────────────────────────────┼─────────┼─────────┤
│ cross-env (dev)                         │ 7.0.3   │ 10.1.0  │
├─────────────────────────────────────────┼─────────┼─────────┤
│ eslint (dev)                            │ 9.39.2  │ 10.4.0  │
├─────────────────────────────────────────┼─────────┼─────────┤
│ eslint-plugin-vue (dev)                 │ 9.33.0  │ 10.9.1  │
├─────────────────────────────────────────┼─────────┼─────────┤
│ glob (dev)                              │ 11.1.0  │ 13.0.6  │
├─────────────────────────────────────────┼─────────┼─────────┤
│ jsdom (dev)                             │ 28.1.0  │ 29.1.1  │
├─────────────────────────────────────────┼─────────┼─────────┤
│ lint-staged (dev)                       │ 15.5.2  │ 17.0.5  │
├─────────────────────────────────────────┼─────────┼─────────┤
│ npm-run-all2 (dev)                      │ 7.0.2   │ 9.0.1   │
├─────────────────────────────────────────┼─────────┼─────────┤
│ rollup-plugin-visualizer (dev)          │ 6.0.5   │ 7.0.1   │
├─────────────────────────────────────────┼─────────┼─────────┤
│ typescript (dev)                        │ 5.9.3   │ 6.0.3   │
├─────────────────────────────────────────┼─────────┼─────────┤
│ unplugin-auto-import (dev)              │ 20.3.0  │ 21.0.0  │
├─────────────────────────────────────────┼─────────┼─────────┤
│ unplugin-vue-components (dev)           │ 28.8.0  │ 32.1.0  │
├─────────────────────────────────────────┼─────────┼─────────┤
│ uuid                                    │ 13.0.0  │ 14.0.0  │
├─────────────────────────────────────────┼─────────┼─────────┤
│ vite (dev)                              │ 7.3.3   │ 8.0.14  │
├─────────────────────────────────────────┼─────────┼─────────┤
│ vue-i18n                                │ 10.0.8  │ 11.4.4  │
├─────────────────────────────────────────┼─────────┼─────────┤
│ vue-router                              │ 4.6.3   │ 5.1.0   │
├─────────────────────────────────────────┼─────────┼─────────┤
│ vue-tsc (dev)                           │ 2.2.12  │ 3.3.2   │
├─────────────────────────────────────────┼─────────┼─────────┤
│ @vue/tsconfig (dev)                     │ 0.7.0   │ 0.9.1   │
├─────────────────────────────────────────┼─────────┼─────────┤
│ overlayscrollbars-vue                   │ 0.5.9   │ 0.5.10  │
└─────────────────────────────────────────┴─────────┴─────────┘
 ELIFECYCLE  Command failed with exit code 1.
