M4-T1 PrimeVue import audit
timestamp=20260529-074704

## Direct PrimeVue/@PrimeVue imports in target areas
packages/vue-primevue-adapter/src/services.ts:2:import ConfirmationService from 'primevue/confirmationservice'
packages/vue-primevue-adapter/src/services.ts:3:import DialogService from 'primevue/dialogservice'
packages/vue-primevue-adapter/src/services.ts:4:import ToastService from 'primevue/toastservice'
packages/vue-primevue-adapter/src/services.ts:5:import Tooltip from 'primevue/tooltip'
packages/vue-primevue-adapter/src/index.ts:1:import type { PrimeVueConfiguration } from '@primevue/core/config'
apps/desktop/src/views/DesktopHome.vue:6:import Button from 'primevue/button'
packages/vue-ui/src/CScrollbar/CScrollbar.vue:18:import { usePrimeVue } from 'primevue/config'
apps/web-demo/src/router/utils/helper.ts:12:import type { MenuItem as PrimeMenuItem } from 'primevue/menuitem'
apps/desktop/src/plugins/index.ts:2:import PrimeVue from 'primevue/config'
apps/web-demo/src/plugins/modules/primevue.ts:2:import PrimeVue from 'primevue/config'
packages/vue-ui/src/EmptyState/EmptyState.vue:7:import Button from 'primevue/button'
apps/web-demo/build/plugins.ts:10:import { PrimeVueResolver } from '@primevue/auto-import-resolver'
apps/web-demo/src/types/components.d.ts:11:    Accordion: typeof import('primevue/accordion')['default']
apps/web-demo/src/types/components.d.ts:12:    AccordionContent: typeof import('primevue/accordioncontent')['default']
apps/web-demo/src/types/components.d.ts:13:    AccordionHeader: typeof import('primevue/accordionheader')['default']
apps/web-demo/src/types/components.d.ts:14:    AccordionPanel: typeof import('primevue/accordionpanel')['default']
apps/web-demo/src/types/components.d.ts:16:    AutoComplete: typeof import('primevue/autocomplete')['default']
apps/web-demo/src/types/components.d.ts:17:    Avatar: typeof import('primevue/avatar')['default']
apps/web-demo/src/types/components.d.ts:18:    Badge: typeof import('primevue/badge')['default']
apps/web-demo/src/types/components.d.ts:19:    Breadcrumb: typeof import('primevue/breadcrumb')['default']
apps/web-demo/src/types/components.d.ts:20:    Button: typeof import('primevue/button')['default']
apps/web-demo/src/types/components.d.ts:21:    ButtonGroup: typeof import('primevue/buttongroup')['default']
apps/web-demo/src/types/components.d.ts:22:    Card: typeof import('primevue/card')['default']
apps/web-demo/src/types/components.d.ts:23:    Checkbox: typeof import('primevue/checkbox')['default']
apps/web-demo/src/types/components.d.ts:24:    Chip: typeof import('primevue/chip')['default']
apps/web-demo/src/types/components.d.ts:25:    Column: typeof import('primevue/column')['default']
apps/web-demo/src/types/components.d.ts:26:    ConfirmPopup: typeof import('primevue/confirmpopup')['default']
apps/web-demo/src/types/components.d.ts:28:    DataTable: typeof import('primevue/datatable')['default']
apps/web-demo/src/types/components.d.ts:29:    DatePicker: typeof import('primevue/datepicker')['default']
apps/web-demo/src/types/components.d.ts:31:    Dialog: typeof import('primevue/dialog')['default']
apps/web-demo/src/types/components.d.ts:32:    Divider: typeof import('primevue/divider')['default']
apps/web-demo/src/types/components.d.ts:33:    Drawer: typeof import('primevue/drawer')['default']
apps/web-demo/src/types/components.d.ts:35:    Fieldset: typeof import('primevue/fieldset')['default']
apps/web-demo/src/types/components.d.ts:36:    FileUpload: typeof import('primevue/fileupload')['default']
apps/web-demo/src/types/components.d.ts:37:    FloatLabel: typeof import('primevue/floatlabel')['default']
apps/web-demo/src/types/components.d.ts:38:    IconField: typeof import('primevue/iconfield')['default']
apps/web-demo/src/types/components.d.ts:40:    Image: typeof import('primevue/image')['default']
apps/web-demo/src/types/components.d.ts:41:    InlineMessage: typeof import('primevue/inlinemessage')['default']
apps/web-demo/src/types/components.d.ts:42:    InputIcon: typeof import('primevue/inputicon')['default']
apps/web-demo/src/types/components.d.ts:43:    InputMask: typeof import('primevue/inputmask')['default']
apps/web-demo/src/types/components.d.ts:44:    InputNumber: typeof import('primevue/inputnumber')['default']
apps/web-demo/src/types/components.d.ts:45:    InputText: typeof import('primevue/inputtext')['default']
apps/web-demo/src/types/components.d.ts:46:    Knob: typeof import('primevue/knob')['default']
apps/web-demo/src/types/components.d.ts:47:    Listbox: typeof import('primevue/listbox')['default']
apps/web-demo/src/types/components.d.ts:48:    Menu: typeof import('primevue/menu')['default']
apps/web-demo/src/types/components.d.ts:49:    Message: typeof import('primevue/message')['default']
apps/web-demo/src/types/components.d.ts:51:    MultiSelect: typeof import('primevue/multiselect')['default']
apps/web-demo/src/types/components.d.ts:52:    Paginator: typeof import('primevue/paginator')['default']
apps/web-demo/src/types/components.d.ts:53:    Panel: typeof import('primevue/panel')['default']
apps/web-demo/src/types/components.d.ts:54:    Password: typeof import('primevue/password')['default']
apps/web-demo/src/types/components.d.ts:55:    Popover: typeof import('primevue/popover')['default']
apps/web-demo/src/types/components.d.ts:62:    ProgressBar: typeof import('primevue/progressbar')['default']
apps/web-demo/src/types/components.d.ts:63:    ProgressSpinner: typeof import('primevue/progressspinner')['default']
apps/web-demo/src/types/components.d.ts:82:    RadioButton: typeof import('primevue/radiobutton')['default']
apps/web-demo/src/types/components.d.ts:83:    Rating: typeof import('primevue/rating')['default']
apps/web-demo/src/types/components.d.ts:86:    Select: typeof import('primevue/select')['default']
apps/web-demo/src/types/components.d.ts:87:    SelectButton: typeof import('primevue/selectbutton')['default']
apps/web-demo/src/types/components.d.ts:88:    Skeleton: typeof import('primevue/skeleton')['default']
apps/web-demo/src/types/components.d.ts:89:    Slider: typeof import('primevue/slider')['default']
apps/web-demo/src/types/components.d.ts:90:    SplitButton: typeof import('primevue/splitbutton')['default']
apps/web-demo/src/types/components.d.ts:91:    Splitter: typeof import('primevue/splitter')['default']
apps/web-demo/src/types/components.d.ts:92:    SplitterPanel: typeof import('primevue/splitterpanel')['default']
apps/web-demo/src/types/components.d.ts:93:    Step: typeof import('primevue/step')['default']
apps/web-demo/src/types/components.d.ts:94:    StepList: typeof import('primevue/steplist')['default']
apps/web-demo/src/types/components.d.ts:95:    StepPanel: typeof import('primevue/steppanel')['default']
apps/web-demo/src/types/components.d.ts:96:    StepPanels: typeof import('primevue/steppanels')['default']
apps/web-demo/src/types/components.d.ts:97:    Stepper: typeof import('primevue/stepper')['default']
apps/web-demo/src/types/components.d.ts:98:    Tab: typeof import('primevue/tab')['default']
apps/web-demo/src/types/components.d.ts:99:    TabList: typeof import('primevue/tablist')['default']
apps/web-demo/src/types/components.d.ts:100:    TabPanel: typeof import('primevue/tabpanel')['default']
apps/web-demo/src/types/components.d.ts:101:    TabPanels: typeof import('primevue/tabpanels')['default']
apps/web-demo/src/types/components.d.ts:102:    Tabs: typeof import('primevue/tabs')['default']
apps/web-demo/src/types/components.d.ts:103:    Tag: typeof import('primevue/tag')['default']
apps/web-demo/src/types/components.d.ts:104:    Textarea: typeof import('primevue/textarea')['default']
apps/web-demo/src/types/components.d.ts:105:    ToggleSwitch: typeof import('primevue/toggleswitch')['default']
apps/web-demo/src/types/components.d.ts:111:    Tooltip: typeof import('primevue/tooltip')['default']
apps/web-demo/src/components/ProTable/components/ProTableCrudViewModalBody.tsx:7:import Button from 'primevue/button'
apps/web-demo/src/hooks/layout/useAdminBreadcrumbs.ts:6:import type TieredMenu from 'primevue/tieredmenu'
apps/web-demo/src/components/PrimeDialog/utils/types.ts:1:import type { PassThrough } from '@primevue/core'
apps/web-demo/src/components/PrimeDialog/utils/types.ts:2:import type { ButtonProps as PrimeButtonProps } from 'primevue/button'
apps/web-demo/src/components/PrimeDialog/utils/types.ts:3:import type { DialogPassThroughOptions } from 'primevue/dialog'
apps/web-demo/src/components/ProTable/components/ProTableCrudFormModalBody.tsx:8:import Button from 'primevue/button'
apps/web-demo/src/components/PrimeDialog/PrimeVueDialog.vue:7:import type { PassThrough } from '@primevue/core'
apps/web-demo/src/components/PrimeDialog/PrimeVueDialog.vue:8:import type { DialogPassThroughOptions } from 'primevue/dialog'
apps/web-demo/src/views/example/hooks/use-app-element-size.vue:4:import Tag from 'primevue/tag'
apps/web-demo/src/layouts/modules/LayoutAdmin.tsx:3:import Drawer from 'primevue/drawer'
apps/web-demo/src/views/example/hooks/layout-breadcrumbs.vue:2:import TieredMenu from 'primevue/tieredmenu'
apps/web-demo/src/views/example/system-configuration/layout.vue:4:import type Popover from 'primevue/popover'
apps/web-demo/src/layouts/components/AppPrimeVueGlobals.vue:7:import Toast from 'primevue/toast'
apps/web-demo/src/layouts/components/AppPrimeVueGlobals.vue:8:import CheckIcon from '@primevue/icons/check'
apps/web-demo/src/layouts/components/AppPrimeVueGlobals.vue:9:import InfoCircleIcon from '@primevue/icons/infocircle'
apps/web-demo/src/layouts/components/AppPrimeVueGlobals.vue:10:import ExclamationTriangleIcon from '@primevue/icons/exclamationtriangle'
apps/web-demo/src/layouts/components/AppPrimeVueGlobals.vue:11:import TimesCircleIcon from '@primevue/icons/timescircle'
apps/web-demo/src/layouts/components/AppPrimeVueGlobals.vue:12:import MinusIcon from '@primevue/icons/minus'
apps/web-demo/src/layouts/components/AppPrimeVueGlobals.vue:13:import ConfirmPopup from 'primevue/confirmpopup'
apps/web-demo/src/layouts/components/AppPrimeVueGlobals.vue:14:import DynamicDialog from 'primevue/dynamicdialog'
apps/web-demo/src/layouts/components/AppPrimeVueGlobals.vue:15:import { useToast } from 'primevue/usetoast'
apps/web-demo/src/layouts/components/AppPrimeVueGlobals.vue:16:import { usePrimeVue } from 'primevue/config'
apps/web-demo/src/layouts/components/User/index.vue:3:import Popover from 'primevue/popover'
apps/web-demo/src/layouts/components/User/index.vue:4:import Button from 'primevue/button'
apps/web-demo/src/layouts/components/GlobalSetting/SettingsContent.vue:17:import Button from 'primevue/button'
apps/web-demo/src/layouts/components/GlobalSetting/SettingsContent.vue:18:import SelectButton from 'primevue/selectbutton'
apps/web-demo/src/layouts/components/GlobalSetting/SettingsContent.vue:19:import Select from 'primevue/select'
apps/web-demo/src/layouts/components/GlobalSetting/SettingsContent.vue:20:import ToggleSwitch from 'primevue/toggleswitch'
apps/web-demo/src/views/dashboard/index.vue:5:import Button from 'primevue/button'
apps/web-demo/src/layouts/components/admin/AdminBreadcrumbBar.vue:2:import TieredMenu from 'primevue/tieredmenu'
apps/web-demo/src/layouts/components/admin/AdminMenuPopup.tsx:1:import TieredMenu from 'primevue/tieredmenu'
apps/web-demo/src/layouts/components/admin/AdminSidebarMenuInline.tsx:2:import PanelMenu from 'primevue/panelmenu'
apps/web-demo/src/layouts/components/admin/AdminSidebarMenuInline.tsx:3:import Tooltip from 'primevue/tooltip'
apps/web-demo/src/layouts/components/admin/AdminSidebarMenuCollapsed.tsx:1:import Tooltip from 'primevue/tooltip'
apps/web-demo/src/views/example/components/primevue-collection/prime-dialog/index.vue:4:import Button from 'primevue/button'
apps/web-demo/src/views/example/components/primevue-collection/overview/index.vue:3:import { useConfirm } from 'primevue/useconfirm'
apps/web-demo/src/views/example/components/primevue-collection/pro-form/advanced/index.vue:10:import Button from 'primevue/button'
apps/web-demo/src/views/example/components/primevue-collection/pro-form/advanced/index.vue:11:import InputText from 'primevue/inputtext'
apps/web-demo/src/views/example/components/primevue-collection/pro-form/advanced/index.vue:12:import Select from 'primevue/select'
apps/web-demo/src/views/example/components/primevue-collection/pro-form/plugins/components/ColorPickerField.tsx:3:import InputText from 'primevue/inputtext'
apps/web-demo/src/views/example/components/primevue-collection/pro-table/server/columns.tsx:5:import Tag from 'primevue/tag'
apps/web-demo/src/views/example/components/primevue-collection/pro-table/columns/columns.tsx:8:import Button from 'primevue/button'
apps/web-demo/src/views/example/components/primevue-collection/pro-form/plugins/components/MyColorCustomInput.tsx:2:import InputText from 'primevue/inputtext'
apps/web-demo/src/views/example/components/primevue-collection/pro-table/advanced/configs/columns.tsx:1:import Button from 'primevue/button'
apps/web-demo/src/views/example/components/primevue-collection/pro-table/advanced/index.vue:2:import { useConfirm } from 'primevue/useconfirm'
apps/web-demo/src/views/example/components/primevue-collection/pro-table/form-table-combo/components/TablePanel.vue:10:import Button from 'primevue/button'

## PrimeVue mentions in adapter/plugin/test surfaces
packages/vue-primevue-adapter/src/services.ts:2:import ConfirmationService from 'primevue/confirmationservice'
packages/vue-primevue-adapter/src/services.ts:3:import DialogService from 'primevue/dialogservice'
packages/vue-primevue-adapter/src/services.ts:4:import ToastService from 'primevue/toastservice'
packages/vue-primevue-adapter/src/services.ts:5:import Tooltip from 'primevue/tooltip'
apps/web-demo/src/plugins/modules/primevue.spec.ts:12:const primevueState = vi.hoisted(() => ({
apps/web-demo/src/plugins/modules/primevue.spec.ts:17:vi.mock('primevue/config', () => ({
apps/web-demo/src/plugins/modules/primevue.spec.ts:21:vi.mock('primevue/toastservice', () => ({
apps/web-demo/src/plugins/modules/primevue.spec.ts:25:vi.mock('primevue/confirmationservice', () => ({
apps/web-demo/src/plugins/modules/primevue.spec.ts:29:vi.mock('primevue/dialogservice', () => ({
apps/web-demo/src/plugins/modules/primevue.spec.ts:33:vi.mock('primevue/tooltip', () => ({
apps/web-demo/src/plugins/modules/primevue.spec.ts:46:vi.mock('@ccd/vue-primevue-adapter', () => ({
apps/web-demo/src/plugins/modules/primevue.spec.ts:75:    primevueState.useCalls.push({ plugin, options: options[0] })
apps/web-demo/src/plugins/modules/primevue.spec.ts:79:    primevueState.directives.push(name)
apps/web-demo/src/plugins/modules/primevue.spec.ts:88:    primevueState.useCalls = []
apps/web-demo/src/plugins/modules/primevue.spec.ts:89:    primevueState.directives = []
apps/web-demo/src/plugins/modules/primevue.spec.ts:93:    const { setupPrimeVue } = await import('./primevue')
apps/web-demo/src/plugins/modules/primevue.spec.ts:98:    expect(primevueState.useCalls).toHaveLength(4)
apps/web-demo/src/plugins/modules/primevue.spec.ts:99:    expect(primevueState.directives).toEqual(['tooltip'])
apps/web-demo/src/plugins/modules/primevue.spec.ts:101:    const [primevueCall] = primevueState.useCalls
apps/web-demo/src/plugins/modules/primevue.spec.ts:102:    expect(primevueCall.options).toMatchObject({
apps/web-demo/src/plugins/modules/primevue.spec.ts:115:    expect(primevueCall.options).toHaveProperty('pt.drawer.root.class', 'glass-panel')
apps/web-demo/src/plugins/modules/primevue.spec.ts:116:    expect(primevueCall.options).toHaveProperty('locale')
packages/vue-primevue-adapter/src/index.ts:1:import type { PrimeVueConfiguration } from '@primevue/core/config'
packages/vue-primevue-adapter/src/index.ts:2:import { createCustomPreset, type PrimeVueSizeSource } from './theme/primevuePreset'
apps/desktop/src/views/DesktopHome.vue:6:import Button from 'primevue/button'
packages/vue-ui/src/CScrollbar/CScrollbar.vue:18:import { usePrimeVue } from 'primevue/config'
packages/vue-ui/src/CScrollbar/CScrollbar.vue:47:const primevue = usePrimeVue()
packages/vue-ui/src/CScrollbar/CScrollbar.vue:49:const backToTopAriaLabel = computed(() => primevue.config.locale?.aria?.scrollTop ?? 'Scroll Top')
apps/desktop/src/theme/index.ts:15:import type { PrimeVueSizeSource } from '@ccd/vue-primevue-adapter'
apps/web-demo/src/plugins/modules/primevue.ts:2:import PrimeVue from 'primevue/config'
apps/web-demo/src/plugins/modules/primevue.ts:3:import { primevueZhCN } from '@/locales/primevue-zh-CN'
apps/web-demo/src/plugins/modules/primevue.ts:4:import { PRIMEVUE_LOCALE_MAP } from '@/locales/primevue-locales'
apps/web-demo/src/plugins/modules/primevue.ts:9:import { createPrimeVueAdapterConfig, installPrimeVueServices } from '@ccd/vue-primevue-adapter'
apps/web-demo/src/plugins/modules/primevue.ts:20:  const initialPrimeLocale = PRIMEVUE_LOCALE_MAP[initialLocale] ?? primevueZhCN
apps/desktop/src/plugins/index.ts:2:import PrimeVue from 'primevue/config'
apps/desktop/src/plugins/index.ts:3:import { createPrimeVueAdapterConfig, installPrimeVueServices } from '@ccd/vue-primevue-adapter'
packages/vue-ui/src/CScrollbar/CScrollbar.spec.ts:9:vi.mock('primevue/config', () => ({
packages/vue-primevue-adapter/src/theme/presetPrimitive.ts:6:import { generateColorScale, generateBorderRadiusScale } from './primevueThemeHelpers'
apps/web-demo/src/plugins/setupPlugins.spec.ts:26:vi.mock('@/plugins/modules/primevue', () => ({
apps/web-demo/src/plugins/setupPlugins.spec.ts:27:  setupPrimeVue: () => calls.order.push('primevue'),
apps/web-demo/src/plugins/setupPlugins.spec.ts:79:      'primevue',
apps/web-demo/src/plugins/setupPlugins.spec.ts:98:      'primevue',
apps/web-demo/src/plugins/setupPlugins.spec.ts:112:      'primevue',
apps/web-demo/src/plugins/setupPlugins.spec.ts:127:      'primevue',
apps/web-demo/src/plugins/index.ts:7:import { setupPrimeVue } from '@/plugins/modules/primevue'
packages/vue-primevue-adapter/src/theme/primevuePreset.ts:8:} from './primevueThemeEngine'
packages/vue-primevue-adapter/src/theme/primevuePreset.ts:45://    - PT 层（ptPresets/* + plugins/modules/primevue.ts）:
packages/vue-ui/package.json:29:    "primevue": "^4.5.4",
packages/vue-primevue-adapter/tsconfig.json:6:    "tsBuildInfoFile": "../../node_modules/.tmp/packages-vue-primevue-adapter.tsbuildinfo",
packages/vue-ui/vite.config.ts:17:        'primevue',
packages/vue-ui/vite.config.ts:18:        'primevue/button',
packages/vue-ui/vite.config.ts:19:        'primevue/config',
packages/vue-primevue-adapter/package.json:2:  "name": "@ccd/vue-primevue-adapter",
packages/vue-primevue-adapter/package.json:15:    "build": "rm -f ../../node_modules/.tmp/packages-vue-primevue-adapter.tsbuildinfo && tsc -p tsconfig.json",
packages/vue-primevue-adapter/package.json:18:    "test": "pnpm --workspace-root vitest run packages/vue-primevue-adapter/src/services.spec.ts --passWithNoTests"
packages/vue-primevue-adapter/package.json:23:    "@primevue/core": "^4.5.4",
packages/vue-primevue-adapter/package.json:24:    "primevue": "^4.5.4"
packages/vue-primevue-adapter/src/services.spec.ts:21:vi.mock('primevue/toastservice', () => ({
packages/vue-primevue-adapter/src/services.spec.ts:25:vi.mock('primevue/confirmationservice', () => ({
packages/vue-primevue-adapter/src/services.spec.ts:29:vi.mock('primevue/dialogservice', () => ({
packages/vue-primevue-adapter/src/services.spec.ts:33:vi.mock('primevue/tooltip', () => ({
packages/vue-ui/src/EmptyState/EmptyState.vue:7:import Button from 'primevue/button'

## Package export surfaces
import './types/vue-data-attributes'

export { default as AnimateWrapper } from './AnimateWrapper/AnimateWrapper.vue'
export type * from './AnimateWrapper/utils/types'

export { default as CScrollbar } from './CScrollbar/CScrollbar.vue'
export type * from './CScrollbar/utils/types'
export {
  DEFAULT_BACK_TO_TOP_OFFSET_PX,
  DEFAULT_BACK_TO_TOP_THRESHOLD,
  DEFAULT_SCROLLBAR_AUTO_HIDE_DELAY_MS,
  DEFAULT_SCROLLBAR_MEMORY_THROTTLE_MS,
  defaultScrollbarProps,
  resolveScrollbarAutoHide,
} from './CScrollbar/utils/constants'
export { scrollbarMemoryProviderKey } from './CScrollbar/utils/memory'

export { default as EmptyState } from './EmptyState/EmptyState.vue'
export type * from './EmptyState/types'

export { default as Icons } from './Icons/Icons.vue'
export * from './Icons/utils/helper'
export type * from './Icons/utils/types'

--- vue-primevue-adapter index ---
import type { PrimeVueConfiguration } from '@primevue/core/config'
import { createCustomPreset, type PrimeVueSizeSource } from './theme/primevuePreset'
import {
  formControlsPt,
  OVERLAY_GLASS_CLASS,
  OVERLAY_GLASS_COMPACT_CLASS,
} from './theme/ptPresets/formControlsPt'
import { menuPt } from './theme/ptPresets/menuPt'
import { buttonPt } from './theme/ptPresets/buttonPt'
import { installPrimeVueServices, type PrimeVueServiceInstallOptions } from './services.js'

export type { PrimeVueSizeSource }
export { createCustomPreset, formControlsPt, installPrimeVueServices, menuPt }
export type { PrimeVueServiceInstallOptions }

const OVERLAY_GLASS_SHELL_CLASS = 'glass-shell transform-gpu will-change-transform'
const BG_TRANSPARENT = 'bg-transparent'
const BG_TRANSPARENT_IMPORTANT = '!bg-transparent'
const TEXT_FOREGROUND = 'text-foreground'

export const tabsPt = {
  tabs: {
    root: { class: OVERLAY_GLASS_SHELL_CLASS },
  },
  tablist: {
    root: { class: BG_TRANSPARENT_IMPORTANT },
    tabList: { class: BG_TRANSPARENT_IMPORTANT },
    content: { class: BG_TRANSPARENT_IMPORTANT },
  },
  tabpanels: {
    root: { class: BG_TRANSPARENT_IMPORTANT },
  },
  tabpanel: {
    root: { class: BG_TRANSPARENT_IMPORTANT },
    content: { class: BG_TRANSPARENT_IMPORTANT },
  },
  tab: {
    root: { class: BG_TRANSPARENT_IMPORTANT },
  },
} as const

export const overlayPt = {
  drawer: {
    root: { class: OVERLAY_GLASS_CLASS },
    header: { class: BG_TRANSPARENT },
    title: { class: BG_TRANSPARENT },
    content: { class: BG_TRANSPARENT },
    footer: { class: BG_TRANSPARENT },
    mask: { class: BG_TRANSPARENT_IMPORTANT },
  },
  popover: {
    root: { class: OVERLAY_GLASS_COMPACT_CLASS },
    content: { class: BG_TRANSPARENT },
  },
  overlaypanel: {
    root: { class: OVERLAY_GLASS_COMPACT_CLASS },
    content: { class: BG_TRANSPARENT },
  },
  confirmpopup: {
    root: { class: OVERLAY_GLASS_COMPACT_CLASS },
    content: { class: BG_TRANSPARENT },
    message: { class: TEXT_FOREGROUND },
    footer: { class: BG_TRANSPARENT },
  },
} as const

export const splitterPt = {
  splitter: {
    root: { class: `${OVERLAY_GLASS_SHELL_CLASS} border-border overflow-hidden` },
    handle: { class: BG_TRANSPARENT },
  },
} as const

export const primeVueAdapterPt = {
  ...buttonPt,
  ...menuPt,
  ...formControlsPt,
  ...overlayPt,
  ...tabsPt,
  ...splitterPt,
} as const

export interface CreatePrimeVueAdapterConfigOptions {
  sizeSource: PrimeVueSizeSource
  locale?: PrimeVueConfiguration['locale']
}

export function createPrimeVueAdapterConfig(
  options: CreatePrimeVueAdapterConfigOptions
): PrimeVueConfiguration {
  return {
    theme: {
      preset: createCustomPreset(options.sizeSource),
      options: {
        prefix: 'p',
        darkModeSelector: '.dark',
      },
    },
    pt: primeVueAdapterPt,
    ptOptions: {
      mergeSections: true,
      mergeProps: true,
    },
    ripple: true,
    locale: options.locale,
  }
}
