M6-T1 guard and owner decision inventory
timestamp=20260529-075435

## M6 ledger tasks

- [ ] [P1-Guard-SFCMacroOrder] Add guard coverage for Vue SFC macro define order if the team accepts strict enforcement.
- [ ] [P1-Guard-TypeAssertions] Add guard coverage for banned business-code `as Type` assertion patterns, with explicit approved exceptions.
- [ ] [P1-Guard-AutoMitt] Add guard coverage for `useAutoMitt` enforcement where event bus patterns are expected.
- [ ] [P1-Guard-ComposableReturnTypes] Add guard coverage for composable return type annotations where architecture requires them.
- [ ] [P1-Guard-DynamicUnoCSS] Add guard coverage for dynamic UnoCSS class detection and approved safelist usage.
- [ ] [P1-Guard-RuleContradictions] Resolve documented rule contradictions before adding stricter checks.
- [ ] [P1-Guard-DesignTokenCanonical] Choose a canonical design-token rule file and update duplicate references.
- [ ] [P1-Guard-OwnerSignoff] Update `.ai/runtime/owner_decisions.md` after owner decisions are made.

## 14. P2 — Vite 8 Compatibility Lane

Rationale: current CCD uses Vite 7. Vite 8 uses Rolldown and Oxc internally. CCD currently has Vite config that relies on esbuild and Rollup options, so migration must be isolated.

## Owner decisions
# Owner Decision Log

Pending decisions requiring explicit sign-off from project owner/architect.

## Decision 1: restoreLoginFromToken retry strategy

**Item:** `repair_list.md` — `[hooks/modules/useAuth] restoreLoginFromToken 无重试/超时逻辑`

**Context:** Current implementation calls `requestAuthCurrentUser(token)` once. On any failure, the user is silently logged out via `userStore.clearUserInfo()`. No distinction between "server temporarily down" vs "token genuinely expired."

**Proposed default:**

- 3 retries with exponential backoff (1s, 2s, 4s)
- 5s timeout per attempt
- Distinguish 401 (token expired → immediate logout) from 5xx/network (retry then logout)
- Optional: preserve read-only session during offline state

**Status:** PENDING — requires product decision on retry UX and offline behavior.

---

## Decision 2: Guard enforcement scope

**Item:** `repair_list.md` — `[guard/coverage] ai-architecture-guard.mjs 未覆盖以下规则`

**Context:** The guard script now enforces `raw-date-constructor` and `raw-timer` rules (added in this round). The following rules remain unautomated:

- Vue SFC macro define order
- `as Type` assertion ban
- useAutoMitt enforcement
- composable return type annotations
- Dynamic UnoCSS class detection

**Proposed default:** Add all listed rules to the guard. Each rule has clear approved-file exceptions.

**Status:** PENDING — team decision on enforcement strictness.

---

## Decision 3: Rule contradiction resolution

**Item:** `repair_list.md` — `[guard/contradiction] 规则矩阵中 5 项矛盾未解决`

**Context:** Remaining contradictions documented in `rule_coverage_matrix.md`:

1. safe-storage rule vs wrapper internals example
2. VueUse priority vs useFetch/storage restrictions
3. Template strictness example using banned `as Type`
4. RESOLVED: Size density system sidebar width inconsistency. `sidebarCollapsedWidth` is now documented as geometry-derived from menu/icon tokens.
5. A1/A2 archetype conflict
6. Design-token rule duplication across files

**Proposed default:** Remaining unresolved contradictions need written resolutions choosing one rule over the other. See `rule_coverage_matrix.md` for details.

**Status:** PENDING — requires architectural consensus.

---

## Decision 4: Design-token rule consolidation

**Item:** `repair_list.md` — `[guard/owner-decisions] 待决策项`

**Context:** Color, border, z-index, and semantic-family rules are duplicated across `00-unocss-guardrails.mdc`, `01-design-tokens.mdc`, `05-semantic-color-usage-contract.mdc`.

**Proposed default:** Consolidate into a single canonical file (`05-semantic-color-usage-contract.mdc`) and reference it from others.

**Status:** PENDING — requires owner sign-off on which file is canonical.

---

## Decision 5: Desktop drift CI integration

**Item:** `repair_list.md` — `[guard/owner-decisions] 待决策项`

**Context:** Desktop branch governance rules (`09-desktop-branch-governance.mdc`) exist but are not enforced in CI. Drift detection between desktop and web branches is manual.

**Proposed default:** Add `ai:guard --staged` to pre-commit hook and `ai:guard` to CI pipeline.

**Status:** PENDING — requires CI pipeline access and team agreement.

---

## Decision 6: HTTP contract package scope

**Item:** `repair_list.md` — `[P1-HttpContract-Contracts]` and `[P1-HttpContract-Core]`

**Context:** M5 inventory found an existing runtime-neutral `packages/contracts/src/network.ts` contract and app HTTP infrastructure under `apps/web-demo/src/utils/http/**`. Creating `packages/contracts/src/http/**` or `packages/core/src/http/**` would be new architecture surface.

**Proposed default:**

- Keep `packages/contracts/src/network.ts` as the current low-level runtime-neutral contract.
- Do not add `packages/contracts/src/http/**` until request/error/retry/timeout/auth policy shapes are approved.
- Do not add `packages/core/src/http/**` unless a runtime-neutral orchestration need is proven.
- Keep alova implementation in the approved app infrastructure path `apps/web-demo/src/utils/http/**` unless owner approves a broad move to `apps/web-demo/src/adapters/http/**`.

**Status:** PENDING — requires owner approval before new contracts/core HTTP package paths or broad HTTP import-path migration.

## Rule coverage matrix
# CCD AI Governance Rule Coverage Matrix

## Coverage status

| Architecture law                                                                                     | Canonical source                                                                                                                                                                                                     | Scaffolded | Guarded | Doctor / preflighted | CI / package enforced | Status                                 |
| ---------------------------------------------------------------------------------------------------- | -------------------------------------------------------------------------------------------------------------------------------------------------------------------------------------------------------------------- | ---------: | ------: | -------------------: | --------------------: | -------------------------------------- |
| `.ai` is the governance SSOT; generated adapters are compatibility outputs only                      | `.ai/protocol/AGENTS.core.md`, `.ai/rules/core/10-ai-generation-workflow.mdc`                                                                                                                                        |         No |      No |                  Yes |                   Yes | Strong                                 |
| Rule loading, preflight checklist, and repair-ledger discipline                                      | `.ai/rules/core/00-global-architect.mdc`, `.ai/rules/core/01-global-preflight.mdc`, `.ai/protocol/AGENTS.core.md`                                                                                                    |         No |      No |              Partial |               Partial | Mostly manual                          |
| Scaffold-first route/view/hook workflow                                                              | `.ai/rules/core/10-ai-generation-workflow.mdc`                                                                                                                                                                       |        Yes |     Yes |                  Yes |                   Yes | Strong                                 |
| Route modules use static modules, named routes, lazy views, and title metadata                       | `.ai/rules/integrations/02-router-rbac.mdc`, `.ai/rules/integrations/00-network-routing-guardrails.mdc`                                                                                                              |        Yes |     Yes |                  Yes |                   Yes | Strong                                 |
| Views stay assembly-only and avoid direct API/router/storage/native-form/DTO ownership               | `.ai/rules/core/02-core-engineering.mdc`, `.ai/rules/core/05-state-boundaries.mdc`, `.ai/rules/components/02-pro-components.mdc`                                                                                     |        Yes |     Yes |                  Yes |                   Yes | Strong for common violations           |
| Business HTTP uses Alova/API modules/project hooks, not raw network clients                          | `.ai/rules/integrations/01-http-alova.mdc`, `.ai/rules/integrations/00-network-routing-guardrails.mdc`, `.ai/protocol/AGENTS.core.md`                                                                                |         No |     Yes |                  Yes |                   Yes | Strong                                 |
| API modules own response schema and DTO boundaries                                                   | `.ai/rules/integrations/01-http-alova.mdc`, `.ai/rules/core/04-type-safety-mutations.mdc`                                                                                                                            |         No | Partial |              Partial |               Partial | Partial                                |
| Stores avoid router/API ownership and stay persistence/state boundaries                              | `.ai/rules/core/05-state-boundaries.mdc`                                                                                                                                                                             |         No | Partial |              Partial |                   Yes | Partial                                |
| Business persistence uses SafeStorage or approved Pinia persistence                                  | `.ai/rules/integrations/04-safe-storage.mdc`, `.ai/protocol/AGENTS.core.md`                                                                                                                                          |         No |     Yes |                  Yes |                   Yes | Partial with explicit infra exceptions |
| Type safety avoids `any`, unsafe assertions, and mutation shortcuts                                  | `.ai/rules/core/04-type-safety-mutations.mdc`, `.ai/rules/core/08-vue-template-strictness.mdc`                                                                                                                       |    Partial | Limited |              Partial |                   Yes | Mostly lint/type/manual                |
| Vue SFC macro order, props/emits/slots, and reactivity discipline                                    | `.ai/rules/core/03-vue-sfc-script-setup.mdc`, `.ai/rules/core/08-vue-template-strictness.mdc`, `.ai/rules/core/09-vue-performance-reactivity.mdc`                                                                    |    Partial | Limited |                   No |               Partial | Manual-heavy                           |
| Auto-import contract                                                                                 | `.ai/rules/core/07-vue-auto-imports.mdc`                                                                                                                                                                             |        Yes |      No |                   No |               Partial | Manual/lint incidental                 |
| Utility/hook reuse and VueUse-before-native preference within architecture boundaries                | `.ai/rules/core/00-root-gatekeeper.mdc`, `.ai/rules/core/06-utils-hooks.mdc`, `.ai/skills/core/vueuse-functions/SKILL.md`                                                                                            |         No | Partial |                   No |               Partial | Manual plus restricted VueUse checks   |
| PrimeVue/Pro wrappers/PT-first styling                                                               | `.ai/rules/components/00-primevue4-styled-mode.mdc`, `.ai/rules/components/01-primevue-pt-styling.mdc`, `.ai/rules/components/02-pro-components.mdc`                                                                 |        Yes | Partial |              Partial |               Partial | Partial/manual                         |
| UnoCSS closed shortcuts, semantic colors, border contract, z-index tokens, and internal `glass-base` | `.ai/rules/design-system/00-unocss-guardrails.mdc`, `.ai/rules/design-system/01-design-tokens.mdc`, `.ai/rules/design-system/03-material-system.mdc`, `.ai/rules/design-system/05-semantic-color-usage-contract.mdc` |        Yes |     Yes |                  Yes |                   Yes | Good but not exhaustive                |
| Layout responsive state machine and scroll ownership                                                 | `.ai/rules/integrations/03-layout-architecture.mdc`                                                                                                                                                                  |    Partial |      No |                   No |                    No | Manual                                 |
| Date/time uses DateUtils/useDateUtils                                                                | `.ai/rules/integrations/05-date-time.mdc`, `.ai/rules/core/01-global-preflight.mdc`                                                                                                                                  |         No |     Yes |                   No |                    No | Guarded (raw-date-constructor rule)    |
| No raw setTimeout/setInterval outside approved infrastructure                                        | `.ai/rules/core/06-utils-hooks.mdc`                                                                                                                                                                                  |         No |     Yes |                   No |                    No | Guarded (raw-timer rule)               |
| Tauri/desktop bridge and generated desktop config drift                                              | `.ai/rules/integrations/08-tauri-*.mdc`, `.ai/rules/integrations/09-tauri-*.mdc`, `.ai/rules/integrations/10-tauri-*.mdc`                                                                                            |         No |      No |              Partial |               Partial | Branch/path-specific                   |

## Contradictions and stale seams

1. `.ai/rules/integrations/04-safe-storage.mdc` bans native browser storage for business code but shows wrapper internals using `localStorage`; clarify that only approved infrastructure may touch native storage.
2. `.ai/rules/core/00-root-gatekeeper.mdc` prioritizes VueUse for browser APIs, while VueUse `useFetch` and storage composables are restricted for business HTTP/storage; add explicit exclusions to the priority chain.
3. `.ai/rules/core/08-vue-template-strictness.mdc` demonstrates `props.item as UserInfo`, while `.ai/rules/core/04-type-safety-mutations.mdc` bans business `as Type`; replace the example with a type-caster pattern.
4. RESOLVED: `.ai/rules/design-system/02-size-density-system.mdc` now marks `sidebarCollapsedWidth` as geometry-derived and documents the shared collapsed sidebar icon-anchor contract.
5. `.ai/rules/components/02-pro-components.mdc` presents A1 as the default admin business-view archetype, while scaffold detail output uses an A2 inspector archetype; bless the scaffold archetype or narrow the A1 mandate.
6. Design-token, color, border, z-index, and semantic-family laws are repeated across several design-system rule files; keep one canonical table and make companion files reference it to reduce drift.

## Owner-decision backlog

1. Decide whether `ai:guard` should enforce DateUtils usage, macro order, native interactive elements, PT/deep selector usage, business `as Type`, and mutation shortcuts.
2. Resolve the storage, VueUse, and type-assertion contradictions before adding stricter guard coverage.
3. Pick one canonical design-token/color rule file and de-duplicate overlapping tables elsewhere.
4. Align scaffold output with the Pro Components archetype law or document scaffold archetypes as approved variants.
5. Decide whether desktop drift checks should run in CI for desktop-touching changes, rather than only through branch-aware doctor/pre-commit paths.

## Guard script top-level approved surfaces
import fs from 'node:fs'
import path from 'node:path'
import process from 'node:process'
import { spawnSync } from 'node:child_process'
import fg from 'fast-glob'
import ts from 'typescript'
import { readPolicy } from './governance/policy-utils.mjs'

const cwd = process.cwd()
const aiPolicy = readPolicy('ai')
const outputFormat = process.argv.includes('--format=json') ? 'json' : 'text'
const stagedOnly = process.argv.includes('--staged')
const outputLogPath = path.join(cwd, '.ai', 'runtime', 'architecture-guard-report.json')
const cliFileArgs = process.argv
  .slice(2)
  .filter(arg => !arg.startsWith('--'))
  .map(arg => path.relative(cwd, path.resolve(cwd, arg)).split(path.sep).join(path.posix.sep))

const businessViewPatterns = ['apps/web-demo/src/views/**/*.vue']
const businessViewIgnore = [
  'apps/web-demo/src/views/example/**',
  'apps/web-demo/src/views/login/**',
  'apps/web-demo/src/views/notfound/**',
  'apps/web-demo/src/views/**/components/**',
]

const normalizePath = rel => rel.split(path.sep).join(path.posix.sep)
const readText = rel => fs.readFileSync(path.join(cwd, rel), 'utf8')

const readGitStagedFiles = () => {
  const result = spawnSync('git', ['diff', '--name-only', '--cached', '--diff-filter=ACMR'], {
    cwd,
    encoding: 'utf8',
    stdio: 'pipe',
  })

  if (result.status !== 0) {
    return []
  }

  return result.stdout
    .split('\n')
    .map(line => normalizePath(line.trim()))
    .filter(Boolean)
}

const scanScope = stagedOnly ? new Set(cliFileArgs.length > 0 ? cliFileArgs : readGitStagedFiles()) : null
const shouldScanFile = relPath => !scanScope || scanScope.has(normalizePath(relPath))

const findings = []

const fail = (ruleId, relPath, message) => {
  findings.push({ ruleId, relPath: normalizePath(relPath), message })
}

const scanFiles = (patterns, options = {}) =>
  fg.sync(patterns, {
    cwd,
    onlyFiles: true,
    dot: false,
    unique: true,
    ...options,
  }).filter(shouldScanFile)
const businessViews = scanFiles(businessViewPatterns, {
  ignore: businessViewIgnore,
})
const governedGeneratedCodeFiles = scanFiles(['apps/**/*.{ts,tsx,vue,js,mjs}', 'packages/**/*.{ts,tsx,vue,js,mjs}'], {
  ignore: ['**/dist/**', '**/node_modules/**'],
})

const shouldRunSingletonCheck = relPath => {
  if (!stagedOnly) return true
  return shouldScanFile(relPath)
}

const readTextIfExists = relPath => {
  const absPath = path.join(cwd, relPath)
  return fs.existsSync(absPath) ? readText(relPath) : ''
}

const approvedRawNetworkFiles = new Set([
  'apps/web-demo/src/utils/http/methods.ts',
  'apps/web-demo/src/utils/http/interceptors.ts',
  'apps/web-demo/src/utils/http/connection.ts',
  'apps/web-demo/src/utils/date/timezone.ts',
])

const approvedRawStorageFiles = new Set([
  'apps/web-demo/src/main.ts',
  'apps/web-demo/src/hooks/modules/useThemeSwitch.ts',
  'apps/web-demo/src/stores/modules/session/permission.ts',
  'apps/web-demo/src/stores/modules/session/user.ts',
  'apps/web-demo/src/stores/modules/system/layout.ts',
  'apps/web-demo/src/stores/modules/system/size.ts',
  'apps/web-demo/src/utils/theme/engine.ts',
  'apps/web-demo/src/utils/theme/sizeEngine.ts',
  'apps/web-demo/src/utils/runtime/e2e.ts',
])

const rawStorageInfraPatterns = [
  'apps/web-demo/src/utils/safeStorage/**',
  'apps/web-demo/src/components/ProForm/engine/persistence/**',
  'apps/web-demo/src/components/ProTable/engine/hooks/useProTableColumnSettingsStorage.ts',
  'apps/web-demo/src/stores/modules/system/theme.ts',
  'apps/web-demo/src/stores/modules/system/locale.ts',
]

const approvedVueUseStorageFiles = new Set([
  'apps/web-demo/src/components/ProTable/engine/hooks/useProTableColumnSettingsStorage.ts',
])

const approvedGlassBaseFiles = new Set([
  'packages/unocss-preset/src/shortcuts/semanticShortcuts.ts',
])

const approvedRawZIndexFiles = new Set([
  'apps/web-demo/index.html',
  'apps/web-demo/src/assets/styles/custom-nprogress.scss',
  'apps/web-demo/src/assets/styles/theme/transitions.scss',
  'apps/web-demo/src/assets/styles/theme/modes/circle.scss',
  'apps/web-demo/src/assets/styles/theme/modes/curtain.scss',
  'apps/web-demo/src/assets/styles/theme/modes/diamond.scss',
  'apps/web-demo/src/assets/styles/theme/modes/fade.scss',
  'apps/web-demo/src/assets/styles/theme/modes/glitch.scss',
  'apps/web-demo/src/assets/styles/theme/modes/implosion.scss',
])

const approvedDirectTransportFiles = new Set([
  'apps/web-demo/src/sync/runtime.ts',
  'apps/web-demo/src/sync/socket.ts',
  // Route window lifecycle coordination is infrastructure, not state synchronization.
  'apps/web-demo/src/router/utils/helper.ts',
])

const blockedGeneratedCodePatterns = aiPolicy.blockedGeneratedCodePatterns.map(rule => ({
  ...rule,
  regex: new RegExp(rule.pattern),
}))
const aiAllowedRuntimeAccessPaths = aiPolicy.allowedRuntimeAccessPaths ?? []

const isGlobAllowed = (relPath, patterns) =>
  patterns.some(pattern => {
    if (pattern.endsWith('/**')) {
      return relPath.startsWith(pattern.slice(0, -3))
    }
    return relPath === pattern
  })

const hasHardcodedColor = content =>
  /#(?:[0-9a-fA-F]{3}|[0-9a-fA-F]{6}|[0-9a-fA-F]{8})\b/.test(content) ||
  /\b(?:text|bg|border|ring|from|via|to|decoration|accent|outline|divide|placeholder|caret)-(?:slate|gray|zinc|neutral|stone|red|orange|amber|yellow|lime|green|emerald|teal|cyan|sky|blue|indigo|violet|purple|fuchsia|pink|rose|white|black)(?:-|\/|\b)/.test(content)

const stripJsComments = content =>
  content.replace(/\/\*[\s\S]*?\*\//g, '').replace(/(^|[^:])\/\/.*$/gm, '$1')

for (const relPath of governedGeneratedCodeFiles) {
  if (relPath.startsWith('apps/')) continue
  if (isGlobAllowed(relPath, aiAllowedRuntimeAccessPaths)) continue
  const content = stripJsComments(readText(relPath))
  for (const rule of blockedGeneratedCodePatterns) {
    if (rule.regex.test(content)) {
      fail('ai-generated-code-policy', relPath, rule.reason)
    }
  }
}

const COLOR_SINGLE_TOKENS = ['border', 'input', 'ring', 'background', 'foreground']
const COLOR_PAIR_FAMILIES = ['card', 'popover', 'secondary', 'muted']
const COLOR_QUAD_FAMILIES = ['primary', 'accent', 'danger', 'warn', 'success', 'info', 'help']
const VALID_COLOR_SUFFIXES = new Set([
  ...COLOR_SINGLE_TOKENS,
  ...COLOR_PAIR_FAMILIES.flatMap(family => [family, `${family}-foreground`]),
  ...COLOR_QUAD_FAMILIES.flatMap(family => [
    family,
    `${family}-foreground`,
    `${family}-hover`,
    `${family}-hover-foreground`,
    `${family}-light`,
    `${family}-light-foreground`,
  ]),

## Guard rule IDs currently emitted
162:      fail('ai-generated-code-policy', relPath, rule.reason)
292:    fail('view-name', relPath, 'business views must declare defineOptions({ name: ... })')
295:    fail('view-api-import', relPath, 'business views must not import from @/api; move data flow into hooks/modules')
298:    fail('view-router-direct', relPath, 'business views must not call router.push/replace/addRoute/removeRoute directly')
301:    fail('view-raw-network', relPath, 'business views must not use raw fetch/axios/XMLHttpRequest')
304:    fail('view-raw-storage', relPath, 'business views must not use raw localStorage/sessionStorage')
307:    fail('view-hardcoded-color', relPath, 'business views must use semantic design tokens instead of hardcoded colors/raw palette classes')
310:    fail('view-native-form', relPath, 'business views must not use native <form>; use <ProForm>')
313:    fail('view-store-definition', relPath, 'business views must not define stores inline')
316:    fail('view-dto-definition', relPath, 'DTO/Req/Res contracts must not be defined inside business views')
325:    fail('raw-network', relPath, 'raw network clients are only allowed in approved HTTP/runtime infrastructure')
337:    fail('raw-storage', relPath, 'raw browser storage is only allowed in safeStorage/runtime bootstrap exceptions')
348:    fail('vueuse-fetch-restricted', relPath, 'business HTTP must use Alova API modules and project hooks instead of VueUse useFetch')
351:    fail('vueuse-storage-restricted', relPath, 'business persistence must use safeStorage or approved Pinia persistence instead of VueUse storage composables')
402:    fail('raw-date-constructor', relPath, 'Use DateUtils.now() instead of raw new Date()')
437:    fail('raw-timer', relPath, 'Use useTimeoutFn/useIntervalFn from VueUse or approved timer patterns instead of raw setTimeout/setInterval')
445:    fail('unocss-glass-base-internal', relPath, 'glass-base is an internal primitive; use glass-panel, glass-shell, glass-card, glass-icon-box, or glass-capsule')
448:    fail('unocss-dark-text-white', relPath, 'dark:text-white is forbidden; semantic text tokens must adapt to dark mode')
451:    fail('unocss-raw-z-index', relPath, 'raw z-index values are forbidden outside documented infrastructure exceptions')
477:  fail('store-persist-serializer', layoutStorePath, 'useLayoutStore persistence must use createPiniaEncryptedSerializer()')
487:  fail('store-persist-serializer', sizeStorePath, 'useSizeStore persistence must use createPiniaEncryptedSerializer()')
499:      fail('any-exemption-drift', eslintConfigPath, `${removedAnyOverride} must not return to no-explicit-any override list`)
515:      fail('store-router-import', relPath, 'stores must not import vue-router at runtime')
518:      fail('store-api-import', relPath, 'stores must not import @/api directly')
575:    fail('route-sync-view-import', relPath, 'route modules must not synchronously import @/views components')
621:    fail('route-name', relPath, `route at ${getRoutePath(props.get('path'), sourceFile)} is missing name`)
626:    fail('route-meta', relPath, `route at ${getRoutePath(props.get('path'), sourceFile)} is missing an object-literal meta block`)
634:      fail('route-meta-title', relPath, `route at ${getRoutePath(props.get('path'), sourceFile)} must define meta.titleKey or meta.title`)
642:    fail('route-component-loader', relPath, `route at ${getRoutePath(props.get('path'), sourceFile)} must wrap import() in an arrow function`)
647:    fail('route-component-sync-identifier', relPath, `route at ${getRoutePath(props.get('path'), sourceFile)} must not reference synchronously imported view bindings`)
655:    fail('route-component-arrow', relPath, `route at ${getRoutePath(props.get('path'), sourceFile)} must resolve the component through () => import('...')`)
661:    fail('route-component-path', relPath, `route at ${getRoutePath(props.get('path'), sourceFile)} must use a static import path`)
670:    fail('route-component-target', relPath, `route at ${getRoutePath(props.get('path'), sourceFile)} points to a missing view: ${target}`)
