[2m[WebServer] [22m(node:45871) Warning: The 'NO_COLOR' env is ignored due to the 'FORCE_COLOR' env being set.
[2m[WebServer] [22m(Use `node --trace-warnings ...` to show where the warning was created)
[2m[WebServer] [22m(node:45896) Warning: The 'NO_COLOR' env is ignored due to the 'FORCE_COLOR' env being set.
[2m[WebServer] [22m(Use `node --trace-warnings ...` to show where the warning was created)
[2m[WebServer] [22m(node:45924) Warning: The 'NO_COLOR' env is ignored due to the 'FORCE_COLOR' env being set.
[2m[WebServer] [22m(Use `node --trace-warnings ...` to show where the warning was created)
[2m[WebServer] [22m(node:45961) Warning: The 'NO_COLOR' env is ignored due to the 'FORCE_COLOR' env being set.
[2m[WebServer] [22m(Use `node --trace-warnings ...` to show where the warning was created)
[2m[WebServer] [22m(node:46003) Warning: The 'NO_COLOR' env is ignored due to the 'FORCE_COLOR' env being set.
[2m[WebServer] [22m(Use `node --trace-warnings ...` to show where the warning was created)
[2m[WebServer] [22m(node:46044) Warning: The 'NO_COLOR' env is ignored due to the 'FORCE_COLOR' env being set.
[2m[WebServer] [22m(Use `node --trace-warnings ...` to show where the warning was created)
[2m[WebServer] [22m(node:46082) Warning: The 'NO_COLOR' env is ignored due to the 'FORCE_COLOR' env being set.
[2m[WebServer] [22m(Use `node --trace-warnings ...` to show where the warning was created)
[2m[WebServer] [22m(node:46119) Warning: The 'NO_COLOR' env is ignored due to the 'FORCE_COLOR' env being set.
[2m[WebServer] [22m(Use `node --trace-warnings ...` to show where the warning was created)
[2m[WebServer] [22m(node:46154) Warning: The 'NO_COLOR' env is ignored due to the 'FORCE_COLOR' env being set.
[2m[WebServer] [22m(Use `node --trace-warnings ...` to show where the warning was created)
[2m[WebServer] [22m(node:46209) Warning: The 'NO_COLOR' env is ignored due to the 'FORCE_COLOR' env being set.
[2m[WebServer] [22m(Use `node --trace-warnings ...` to show where the warning was created)
[2m[WebServer] [22m(node:46239) Warning: The 'NO_COLOR' env is ignored due to the 'FORCE_COLOR' env being set.
[2m[WebServer] [22m(Use `node --trace-warnings ...` to show where the warning was created)
[2m[WebServer] [22m(node:46252) Warning: The 'NO_COLOR' env is ignored due to the 'FORCE_COLOR' env being set.
[2m[WebServer] [22m(Use `node --trace-warnings ...` to show where the warning was created)
[2m[WebServer] [22m(node:46287) Warning: The 'NO_COLOR' env is ignored due to the 'FORCE_COLOR' env being set.
[2m[WebServer] [22m(Use `node --trace-warnings ...` to show where the warning was created)
[2m[WebServer] [22m(node:46317) Warning: The 'NO_COLOR' env is ignored due to the 'FORCE_COLOR' env being set.
[2m[WebServer] [22m(Use `node --trace-warnings ...` to show where the warning was created)
[2m[WebServer] [22m(node:46341) Warning: The 'NO_COLOR' env is ignored due to the 'FORCE_COLOR' env being set.
[2m[WebServer] [22m(Use `node --trace-warnings ...` to show where the warning was created)
[2m[WebServer] [22m(node:46342) Warning: The 'NO_COLOR' env is ignored due to the 'FORCE_COLOR' env being set.
[2m[WebServer] [22m(Use `node --trace-warnings ...` to show where the warning was created)

Running 2 tests using 1 worker

(node:46397) Warning: The 'NO_COLOR' env is ignored due to the 'FORCE_COLOR' env being set.
(Use `node --trace-warnings ...` to show where the warning was created)
(node:46397) Warning: The 'NO_COLOR' env is ignored due to the 'FORCE_COLOR' env being set.
(Use `node --trace-warnings ...` to show where the warning was created)
  ✘  1 [chromium] › e2e/layout-runtime-geometry.spec.ts:719:3 › layout loading and route title stabilization › AppContainer CScrollbar restores persisted scroll memory smoothly after refresh (5.8s)
(node:46510) Warning: The 'NO_COLOR' env is ignored due to the 'FORCE_COLOR' env being set.
(Use `node --trace-warnings ...` to show where the warning was created)
(node:46510) Warning: The 'NO_COLOR' env is ignored due to the 'FORCE_COLOR' env being set.
(Use `node --trace-warnings ...` to show where the warning was created)
  ✘  2 [chromium] › e2e/qa-regression.spec.ts:447:3 › QA full regression repair matrix › visual baselines catch silent layout collapse (3.7s)


  1) [chromium] › e2e/layout-runtime-geometry.spec.ts:719:3 › layout loading and route title stabilization › AppContainer CScrollbar restores persisted scroll memory smoothly after refresh 

    Error: [2mexpect([22m[31mreceived[39m[2m).[22mtoBeGreaterThan[2m([22m[32mexpected[39m[2m)[22m

    Expected: > [32m0[39m
    Received:   [31m0[39m

      752 |     await waitForRuntimeLoadingIdle(page)
      753 |
    > 754 |     expect(after900Ms).toBeGreaterThan(0)
          |                        ^
      755 |     expect(Math.abs(after900Ms - savedScrollTop)).toBeLessThanOrEqual(8)
      756 |
      757 |     const immediateDistance = Math.abs(savedScrollTop - immediate)
        at /Users/cc/MyPorject/ccd/e2e/layout-runtime-geometry.spec.ts:754:24

    attachment #1: screenshot (image/png) ──────────────────────────────────────────────────────────
    test-results/layout-runtime-geometry-la-ef7a2-mory-smoothly-after-refresh-chromium/test-failed-1.png
    ────────────────────────────────────────────────────────────────────────────────────────────────

    attachment #2: video (video/webm) ──────────────────────────────────────────────────────────────
    test-results/layout-runtime-geometry-la-ef7a2-mory-smoothly-after-refresh-chromium/video.webm
    ────────────────────────────────────────────────────────────────────────────────────────────────

    Error Context: test-results/layout-runtime-geometry-la-ef7a2-mory-smoothly-after-refresh-chromium/error-context.md

    attachment #4: trace (application/zip) ─────────────────────────────────────────────────────────
    test-results/layout-runtime-geometry-la-ef7a2-mory-smoothly-after-refresh-chromium/trace.zip
    Usage:

        pnpm exec playwright show-trace test-results/layout-runtime-geometry-la-ef7a2-mory-smoothly-after-refresh-chromium/trace.zip

    ────────────────────────────────────────────────────────────────────────────────────────────────

  2) [chromium] › e2e/qa-regression.spec.ts:447:3 › QA full regression repair matrix › visual baselines catch silent layout collapse 

    Error: [2mexpect([22m[31mlocator[39m[2m).[22mtoHaveScreenshot[2m([22m[32mexpected[39m[2m)[22m failed

    Locator: locator('#dashboard-page')
      Expected an image 986px by 549px, received 986px by 2066px. 

      Snapshot: qa-dashboard-desktop.png

    Call log:
    [2m  - Expect "toHaveScreenshot(qa-dashboard-desktop.png)" with timeout 5000ms[22m
    [2m    - verifying given screenshot expectation[22m
    [2m  - waiting for locator('#dashboard-page')[22m
    [2m    - locator resolved to <div id="dashboard-page" data-archetype="A3-stats-grid" class="col-stretch gap-md min-h-0 min-w-0 layout-full">…</div>[22m
    [2m  - taking element screenshot[22m
    [2m    - disabled all CSS animations[22m
    [2m  - waiting for fonts to load...[22m
    [2m  - fonts loaded[22m
    [2m  - attempting scroll into view action[22m
    [2m    - waiting for element to be stable[22m
    [2m  - Expected an image 986px by 549px, received 986px by 2066px.[22m
    [2m  - waiting 100ms before taking screenshot[22m
    [2m  - waiting for locator('#dashboard-page')[22m
    [2m    - locator resolved to <div id="dashboard-page" data-archetype="A3-stats-grid" class="col-stretch gap-md min-h-0 min-w-0 layout-full">…</div>[22m
    [2m  - taking element screenshot[22m
    [2m    - disabled all CSS animations[22m
    [2m  - waiting for fonts to load...[22m
    [2m  - fonts loaded[22m
    [2m  - attempting scroll into view action[22m
    [2m    - waiting for element to be stable[22m
    [2m  - captured a stable screenshot[22m
    [2m  - Expected an image 986px by 549px, received 986px by 2066px.[22m


      450 |     await loginAsAdmin(page)
      451 |     await expectNonBlankRoute(page)
    > 452 |     await expect(page.locator('#dashboard-page')).toHaveScreenshot('qa-dashboard-desktop.png')
          |                                                   ^
      453 |
      454 |     await page.setViewportSize({ width: 390, height: 844 })
      455 |     await waitForRuntimeLoadingIdle(page)
        at /Users/cc/MyPorject/ccd/e2e/qa-regression.spec.ts:452:51

    attachment #1: qa-dashboard-desktop (image/png) ────────────────────────────────────────────────
    Expected: e2e/__snapshots__/qa-regression.spec.ts/qa-dashboard-desktop.png
    Received: test-results/qa-regression-QA-full-regr-40f4a-atch-silent-layout-collapse-chromium/qa-dashboard-desktop-actual.png
    Diff:     test-results/qa-regression-QA-full-regr-40f4a-atch-silent-layout-collapse-chromium/qa-dashboard-desktop-diff.png
    ────────────────────────────────────────────────────────────────────────────────────────────────

    attachment #2: screenshot (image/png) ──────────────────────────────────────────────────────────
    test-results/qa-regression-QA-full-regr-40f4a-atch-silent-layout-collapse-chromium/test-failed-1.png
    ────────────────────────────────────────────────────────────────────────────────────────────────

    attachment #3: video (video/webm) ──────────────────────────────────────────────────────────────
    test-results/qa-regression-QA-full-regr-40f4a-atch-silent-layout-collapse-chromium/video.webm
    ────────────────────────────────────────────────────────────────────────────────────────────────

    Error Context: test-results/qa-regression-QA-full-regr-40f4a-atch-silent-layout-collapse-chromium/error-context.md

    attachment #5: trace (application/zip) ─────────────────────────────────────────────────────────
    test-results/qa-regression-QA-full-regr-40f4a-atch-silent-layout-collapse-chromium/trace.zip
    Usage:

        pnpm exec playwright show-trace test-results/qa-regression-QA-full-regr-40f4a-atch-silent-layout-collapse-chromium/trace.zip

    ────────────────────────────────────────────────────────────────────────────────────────────────

  2 failed
    [chromium] › e2e/layout-runtime-geometry.spec.ts:719:3 › layout loading and route title stabilization › AppContainer CScrollbar restores persisted scroll memory smoothly after refresh 
    [chromium] › e2e/qa-regression.spec.ts:447:3 › QA full regression repair matrix › visual baselines catch silent layout collapse 
