
> ccd@1.0.38 e2e:qa /Users/cc/MyPorject/ccd
> pnpm ci:prepare-internal && playwright test e2e/qa-regression.spec.ts e2e/views-route-smoke.spec.ts e2e/layout-runtime-geometry.spec.ts e2e/visual-token-foundation.spec.ts


> ccd@1.0.38 ci:prepare-internal /Users/cc/MyPorject/ccd
> pnpm ci:clean-artifacts && pnpm --filter @ccd/contracts build && pnpm --filter @ccd/design-tokens build && pnpm --filter @ccd/shared-utils build && pnpm --filter @ccd/core build && pnpm --filter @ccd/unocss-preset build && pnpm --filter @ccd/vue-hooks build && pnpm --filter @ccd/vue-app-platform build && pnpm --filter @ccd/vue-ui build && pnpm --filter @ccd/vue-primevue-adapter build && pnpm --filter @ccd/vue-charts build


> ccd@1.0.38 ci:clean-artifacts /Users/cc/MyPorject/ccd
> rm -rf packages/*/dist apps/*/dist node_modules/.tmp


> @ccd/contracts@1.0.38 build /Users/cc/MyPorject/ccd/packages/contracts
> rm -rf dist && rm -f ../../node_modules/.tmp/packages-contracts.tsbuildinfo && tsc -b tsconfig.json --force


> @ccd/design-tokens@1.0.38 build /Users/cc/MyPorject/ccd/packages/design-tokens
> rm -f ../../node_modules/.tmp/packages-design-tokens.tsbuildinfo && tsc -p tsconfig.json


> @ccd/shared-utils@1.0.38 build /Users/cc/MyPorject/ccd/packages/shared-utils
> rm -f ../../node_modules/.tmp/packages-shared-utils.tsbuildinfo && tsc -p tsconfig.json


> @ccd/core@1.0.38 build /Users/cc/MyPorject/ccd/packages/core
> rm -rf dist && rm -f ../../node_modules/.tmp/packages-core.tsbuildinfo && tsc -b tsconfig.json --force


> @ccd/unocss-preset@1.0.38 build /Users/cc/MyPorject/ccd/packages/unocss-preset
> rm -rf dist && rm -f ../../node_modules/.tmp/packages-unocss-preset.tsbuildinfo && tsc -p tsconfig.json


> @ccd/vue-hooks@1.0.38 build /Users/cc/MyPorject/ccd/packages/vue-hooks
> rm -f ../../node_modules/.tmp/packages-vue-hooks.tsbuildinfo && tsc -p tsconfig.json


> @ccd/vue-app-platform@1.0.38 build /Users/cc/MyPorject/ccd/packages/vue-app-platform
> rm -f ../../node_modules/.tmp/packages-vue-app-platform.tsbuildinfo && tsc -p tsconfig.json


> @ccd/vue-ui@1.0.38 build /Users/cc/MyPorject/ccd/packages/vue-ui
> rm -rf dist && rm -f ../../node_modules/.tmp/packages-vue-ui.tsbuildinfo && vite build --config vite.config.ts && vue-tsc -p tsconfig.build.json

vite v7.3.3 building client environment for production...
transforming...
✓ 15 modules transformed.
rendering chunks...
computing gzip size...
dist/vue-ui.css  16.98 kB │ gzip: 2.95 kB
dist/index.js    20.66 kB │ gzip: 6.63 kB
✓ built in 211ms

> @ccd/vue-primevue-adapter@1.0.38 build /Users/cc/MyPorject/ccd/packages/vue-primevue-adapter
> rm -f ../../node_modules/.tmp/packages-vue-primevue-adapter.tsbuildinfo && tsc -p tsconfig.json


> @ccd/vue-charts@1.0.38 build /Users/cc/MyPorject/ccd/packages/vue-charts
> rm -rf dist && rm -f ../../node_modules/.tmp/packages-vue-charts.tsbuildinfo && vite build --config vite.config.ts && vue-tsc -p tsconfig.build.json

vite v7.3.3 building client environment for production...
transforming...
✓ 46 modules transformed.
rendering chunks...
computing gzip size...
dist/echarts-setup.js   0.07 kB │ gzip:  0.09 kB
dist/index.js          89.94 kB │ gzip: 21.36 kB
✓ built in 175ms
[2m[WebServer] [22m(node:43335) Warning: The 'NO_COLOR' env is ignored due to the 'FORCE_COLOR' env being set.
[2m[WebServer] [22m(Use `node --trace-warnings ...` to show where the warning was created)
[2m[WebServer] [22m(node:43361) Warning: The 'NO_COLOR' env is ignored due to the 'FORCE_COLOR' env being set.
[2m[WebServer] [22m(Use `node --trace-warnings ...` to show where the warning was created)
[2m[WebServer] [22m(node:43401) Warning: The 'NO_COLOR' env is ignored due to the 'FORCE_COLOR' env being set.
[2m[WebServer] [22m(Use `node --trace-warnings ...` to show where the warning was created)
[2m[WebServer] [22m(node:43438) Warning: The 'NO_COLOR' env is ignored due to the 'FORCE_COLOR' env being set.
[2m[WebServer] [22m(Use `node --trace-warnings ...` to show where the warning was created)
[2m[WebServer] [22m(node:43522) Warning: The 'NO_COLOR' env is ignored due to the 'FORCE_COLOR' env being set.
[2m[WebServer] [22m(Use `node --trace-warnings ...` to show where the warning was created)
[2m[WebServer] [22m(node:43558) Warning: The 'NO_COLOR' env is ignored due to the 'FORCE_COLOR' env being set.
[2m[WebServer] [22m(Use `node --trace-warnings ...` to show where the warning was created)
[2m[WebServer] [22m(node:43595) Warning: The 'NO_COLOR' env is ignored due to the 'FORCE_COLOR' env being set.
[2m[WebServer] [22m(Use `node --trace-warnings ...` to show where the warning was created)
[2m[WebServer] [22m(node:43632) Warning: The 'NO_COLOR' env is ignored due to the 'FORCE_COLOR' env being set.
[2m[WebServer] [22m(Use `node --trace-warnings ...` to show where the warning was created)
[2m[WebServer] [22m(node:43668) Warning: The 'NO_COLOR' env is ignored due to the 'FORCE_COLOR' env being set.
[2m[WebServer] [22m(Use `node --trace-warnings ...` to show where the warning was created)
[2m[WebServer] [22m(node:43704) Warning: The 'NO_COLOR' env is ignored due to the 'FORCE_COLOR' env being set.
[2m[WebServer] [22m(Use `node --trace-warnings ...` to show where the warning was created)
[2m[WebServer] [22m(node:43735) Warning: The 'NO_COLOR' env is ignored due to the 'FORCE_COLOR' env being set.
[2m[WebServer] [22m(Use `node --trace-warnings ...` to show where the warning was created)
[2m[WebServer] [22m(node:43748) Warning: The 'NO_COLOR' env is ignored due to the 'FORCE_COLOR' env being set.
[2m[WebServer] [22m(Use `node --trace-warnings ...` to show where the warning was created)
[2m[WebServer] [22m(node:43784) Warning: The 'NO_COLOR' env is ignored due to the 'FORCE_COLOR' env being set.
[2m[WebServer] [22m(Use `node --trace-warnings ...` to show where the warning was created)
[2m[WebServer] [22m(node:43815) Warning: The 'NO_COLOR' env is ignored due to the 'FORCE_COLOR' env being set.
[2m[WebServer] [22m(Use `node --trace-warnings ...` to show where the warning was created)
[2m[WebServer] [22m(node:43839) Warning: The 'NO_COLOR' env is ignored due to the 'FORCE_COLOR' env being set.
[2m[WebServer] [22m(Use `node --trace-warnings ...` to show where the warning was created)
[2m[WebServer] [22m(node:43840) Warning: The 'NO_COLOR' env is ignored due to the 'FORCE_COLOR' env being set.
[2m[WebServer] [22m(Use `node --trace-warnings ...` to show where the warning was created)

Running 36 tests using 1 worker

(node:43908) Warning: The 'NO_COLOR' env is ignored due to the 'FORCE_COLOR' env being set.
(Use `node --trace-warnings ...` to show where the warning was created)
(node:43908) Warning: The 'NO_COLOR' env is ignored due to the 'FORCE_COLOR' env being set.
(Use `node --trace-warnings ...` to show where the warning was created)
  ✓   1 [chromium] › e2e/layout-runtime-geometry.spec.ts:596:3 › layout loading and route title stabilization › native preloader covers the viewport and centers its spinner (1.8s)
  ✓   2 [chromium] › e2e/layout-runtime-geometry.spec.ts:601:3 › layout loading and route title stabilization › runtime global loading overlay covers the viewport and centers the spinner (5.1s)
  ✓   3 [chromium] › e2e/layout-runtime-geometry.spec.ts:609:3 › layout loading and route title stabilization › boot handoff never exposes a top-strip spinner frame (946ms)
  ✓   4 [chromium] › e2e/layout-runtime-geometry.spec.ts:614:3 › layout loading and route title stabilization › layout animate boundary remains fullscreen on login route (886ms)
  ✓   5 [chromium] › e2e/layout-runtime-geometry.spec.ts:665:3 › layout loading and route title stabilization › refresh boot handoff does not show local page loading immediately after native loading (4.3s)
  ✓   6 [chromium] › e2e/layout-runtime-geometry.spec.ts:687:3 › layout loading and route title stabilization › deep business route refresh does not expose not-found title during stabilization (4.1s)
  ✓   7 [chromium] › e2e/layout-runtime-geometry.spec.ts:705:3 › layout loading and route title stabilization › actual unknown route resolves to the not-found title (3.1s)
  ✘   8 [chromium] › e2e/layout-runtime-geometry.spec.ts:719:3 › layout loading and route title stabilization › AppContainer CScrollbar restores persisted scroll memory smoothly after refresh (5.5s)
(node:44262) Warning: The 'NO_COLOR' env is ignored due to the 'FORCE_COLOR' env being set.
(Use `node --trace-warnings ...` to show where the warning was created)
(node:44262) Warning: The 'NO_COLOR' env is ignored due to the 'FORCE_COLOR' env being set.
(Use `node --trace-warnings ...` to show where the warning was created)
  ✓   9 [chromium] › e2e/layout-runtime-geometry.spec.ts:775:3 › layout loading and route title stabilization › AppContainer renders the paper-airplane local page loading outlet (3.1s)
  ✓  10 [chromium] › e2e/layout-runtime-geometry.spec.ts:784:3 › layout loading and route title stabilization › runtime route navigation shows the AppContainer local page loading outlet (3.8s)
  ✓  11 [chromium] › e2e/layout-runtime-geometry.spec.ts:806:3 › layout loading and route title stabilization › AppContainer page loading is controlled only by layout page-loading state (3.2s)
  ✓  12 [chromium] › e2e/layout-runtime-geometry.spec.ts:852:5 › layout runtime geometry — desktop › inline shell is stable at desktop-1280 (3.0s)
  ✓  13 [chromium] › e2e/layout-runtime-geometry.spec.ts:852:5 › layout runtime geometry — desktop › inline shell is stable at desktop-1440 (3.0s)
  ✓  14 [chromium] › e2e/layout-runtime-geometry.spec.ts:852:5 › layout runtime geometry — desktop › inline shell is stable at desktop-ultrawide (3.1s)
  ✓  15 [chromium] › e2e/layout-runtime-geometry.spec.ts:879:5 › layout runtime geometry — iPhone › drawer shell has no phantom sidebar spacing in iphone-portrait (3.2s)
  ✓  16 [chromium] › e2e/layout-runtime-geometry.spec.ts:879:5 › layout runtime geometry — iPhone › drawer shell has no phantom sidebar spacing in iphone-landscape (3.3s)
  ✓  17 [chromium] › e2e/layout-runtime-geometry.spec.ts:896:3 › layout runtime geometry — iPhone › portrait and landscape transitions remain reversible (3.2s)
  ✓  18 [chromium] › e2e/layout-runtime-geometry.spec.ts:929:5 › layout runtime geometry — iPadOS › runtime state is coherent in ipad-portrait (3.2s)
  ✓  19 [chromium] › e2e/layout-runtime-geometry.spec.ts:929:5 › layout runtime geometry — iPadOS › runtime state is coherent in ipad-landscape (3.2s)
  ✓  20 [chromium] › e2e/layout-runtime-geometry.spec.ts:929:5 › layout runtime geometry — iPadOS › runtime state is coherent in ipad-split-view (3.2s)
  ✓  21 [chromium] › e2e/qa-regression.spec.ts:154:5 › QA full regression repair matrix › desktop dashboard keeps a visible layout tree (3.0s)
  ✓  22 [chromium] › e2e/qa-regression.spec.ts:154:5 › QA full regression repair matrix › tablet dashboard keeps a visible layout tree (3.0s)
  ✓  23 [chromium] › e2e/qa-regression.spec.ts:154:5 › QA full regression repair matrix › mobile dashboard keeps a visible layout tree (3.0s)
  ✓  24 [chromium] › e2e/qa-regression.spec.ts:194:3 › QA full regression repair matrix › login route and logout redirect chain are stable (3.9s)
  ✓  25 [chromium] › e2e/qa-regression.spec.ts:214:3 › QA full regression repair matrix › dashboard fixed tab survives non-dashboard redirect and destructive actions (3.5s)
  ✓  26 [chromium] › e2e/qa-regression.spec.ts:274:3 › QA full regression repair matrix › hard refresh preserves dashboard through auth store rehydration (4.0s)
  ✓  27 [chromium] › e2e/qa-regression.spec.ts:295:3 › QA full regression repair matrix › delayed storage reads do not collapse authenticated dashboard reload (3.0s)
  ✓  28 [chromium] › e2e/qa-regression.spec.ts:330:3 › QA full regression repair matrix › invalid mid-session token refresh redirects without blank shell (3.8s)
  ✓  29 [chromium] › e2e/qa-regression.spec.ts:370:3 › QA full regression repair matrix › multi-tab logout conflict converges to login without stale dashboard (5.0s)
  ✓  30 [chromium] › e2e/qa-regression.spec.ts:409:3 › QA full regression repair matrix › authenticated dashboard first render stays within budget (3.0s)
  ✓  31 [chromium] › e2e/qa-regression.spec.ts:432:3 › QA full regression repair matrix › dashboard long tasks stay below worst-case freeze budget (2.9s)
  ✘  32 [chromium] › e2e/qa-regression.spec.ts:447:3 › QA full regression repair matrix › visual baselines catch silent layout collapse (3.7s)
(node:45505) Warning: The 'NO_COLOR' env is ignored due to the 'FORCE_COLOR' env being set.
(Use `node --trace-warnings ...` to show where the warning was created)
(node:45505) Warning: The 'NO_COLOR' env is ignored due to the 'FORCE_COLOR' env being set.
(Use `node --trace-warnings ...` to show where the warning was created)
  ✓  33 [chromium] › e2e/views-route-smoke.spec.ts:5:3 › view route smoke coverage › renders login, dashboard, and not-found views through the router (3.9s)
  ✓  34 [chromium] › e2e/visual-token-foundation.spec.ts:119:3 › visual token foundation › LayoutAdmin active and hover states are visually distinct (5.6s)
  ✓  35 [chromium] › e2e/visual-token-foundation.spec.ts:193:3 › visual token foundation › PrimeVue form controls expose hover and focus feedback (7.5s)
  ✓  36 [chromium] › e2e/visual-token-foundation.spec.ts:279:3 › visual token foundation › Icons color controls use generated semantic classes (3.5s)


  1) [chromium] › e2e/layout-runtime-geometry.spec.ts:719:3 › layout loading and route title stabilization › AppContainer CScrollbar restores persisted scroll memory smoothly after refresh 

    Error: [2mexpect([22m[31mreceived[39m[2m).[22mtoBeGreaterThan[2m([22m[32mexpected[39m[2m)[22m

    Expected: > [32m0[39m
    Received:   [31m0[39m

      752 |     await waitForRuntimeLoadingIdle(page)
      753 |
    > 754 |     expect(after900Ms).toBeGreaterThan(0)
          |                        ^
      755 |     expect(Math.abs(after900Ms - savedScrollTop)).toBeLessThanOrEqual(8)
      756 |
      757 |     const immediateDistance = Math.abs(savedScrollTop - immediate)
        at /Users/cc/MyPorject/ccd/e2e/layout-runtime-geometry.spec.ts:754:24

    attachment #1: screenshot (image/png) ──────────────────────────────────────────────────────────
    test-results/layout-runtime-geometry-la-ef7a2-mory-smoothly-after-refresh-chromium/test-failed-1.png
    ────────────────────────────────────────────────────────────────────────────────────────────────

    attachment #2: video (video/webm) ──────────────────────────────────────────────────────────────
    test-results/layout-runtime-geometry-la-ef7a2-mory-smoothly-after-refresh-chromium/video.webm
    ────────────────────────────────────────────────────────────────────────────────────────────────

    Error Context: test-results/layout-runtime-geometry-la-ef7a2-mory-smoothly-after-refresh-chromium/error-context.md

    attachment #4: trace (application/zip) ─────────────────────────────────────────────────────────
    test-results/layout-runtime-geometry-la-ef7a2-mory-smoothly-after-refresh-chromium/trace.zip
    Usage:

        pnpm exec playwright show-trace test-results/layout-runtime-geometry-la-ef7a2-mory-smoothly-after-refresh-chromium/trace.zip

    ────────────────────────────────────────────────────────────────────────────────────────────────

  2) [chromium] › e2e/qa-regression.spec.ts:447:3 › QA full regression repair matrix › visual baselines catch silent layout collapse 

    Error: [2mexpect([22m[31mlocator[39m[2m).[22mtoHaveScreenshot[2m([22m[32mexpected[39m[2m)[22m failed

    Locator: locator('#dashboard-page')
      Expected an image 986px by 549px, received 986px by 2194px. 

      Snapshot: qa-dashboard-desktop.png

    Call log:
    [2m  - Expect "toHaveScreenshot(qa-dashboard-desktop.png)" with timeout 5000ms[22m
    [2m    - verifying given screenshot expectation[22m
    [2m  - waiting for locator('#dashboard-page')[22m
    [2m    - locator resolved to <div id="dashboard-page" data-archetype="A3-stats-grid" class="col-stretch gap-md min-h-0 min-w-0 layout-full">…</div>[22m
    [2m  - taking element screenshot[22m
    [2m    - disabled all CSS animations[22m
    [2m  - waiting for fonts to load...[22m
    [2m  - fonts loaded[22m
    [2m  - attempting scroll into view action[22m
    [2m    - waiting for element to be stable[22m
    [2m  - Expected an image 986px by 549px, received 986px by 2194px.[22m
    [2m  - waiting 100ms before taking screenshot[22m
    [2m  - waiting for locator('#dashboard-page')[22m
    [2m    - locator resolved to <div id="dashboard-page" data-archetype="A3-stats-grid" class="col-stretch gap-md min-h-0 min-w-0 layout-full">…</div>[22m
    [2m  - taking element screenshot[22m
    [2m    - disabled all CSS animations[22m
    [2m  - waiting for fonts to load...[22m
    [2m  - fonts loaded[22m
    [2m  - attempting scroll into view action[22m
    [2m    - waiting for element to be stable[22m
    [2m  - captured a stable screenshot[22m
    [2m  - Expected an image 986px by 549px, received 986px by 2194px.[22m


      450 |     await loginAsAdmin(page)
      451 |     await expectNonBlankRoute(page)
    > 452 |     await expect(page.locator('#dashboard-page')).toHaveScreenshot('qa-dashboard-desktop.png')
          |                                                   ^
      453 |
      454 |     await page.setViewportSize({ width: 390, height: 844 })
      455 |     await waitForRuntimeLoadingIdle(page)
        at /Users/cc/MyPorject/ccd/e2e/qa-regression.spec.ts:452:51

    attachment #1: qa-dashboard-desktop (image/png) ────────────────────────────────────────────────
    Expected: e2e/__snapshots__/qa-regression.spec.ts/qa-dashboard-desktop.png
    Received: test-results/qa-regression-QA-full-regr-40f4a-atch-silent-layout-collapse-chromium/qa-dashboard-desktop-actual.png
    Diff:     test-results/qa-regression-QA-full-regr-40f4a-atch-silent-layout-collapse-chromium/qa-dashboard-desktop-diff.png
    ────────────────────────────────────────────────────────────────────────────────────────────────

    attachment #2: screenshot (image/png) ──────────────────────────────────────────────────────────
    test-results/qa-regression-QA-full-regr-40f4a-atch-silent-layout-collapse-chromium/test-failed-1.png
    ────────────────────────────────────────────────────────────────────────────────────────────────

    attachment #3: video (video/webm) ──────────────────────────────────────────────────────────────
    test-results/qa-regression-QA-full-regr-40f4a-atch-silent-layout-collapse-chromium/video.webm
    ────────────────────────────────────────────────────────────────────────────────────────────────

    Error Context: test-results/qa-regression-QA-full-regr-40f4a-atch-silent-layout-collapse-chromium/error-context.md

    attachment #5: trace (application/zip) ─────────────────────────────────────────────────────────
    test-results/qa-regression-QA-full-regr-40f4a-atch-silent-layout-collapse-chromium/trace.zip
    Usage:

        pnpm exec playwright show-trace test-results/qa-regression-QA-full-regr-40f4a-atch-silent-layout-collapse-chromium/trace.zip

    ────────────────────────────────────────────────────────────────────────────────────────────────

  2 failed
    [chromium] › e2e/layout-runtime-geometry.spec.ts:719:3 › layout loading and route title stabilization › AppContainer CScrollbar restores persisted scroll memory smoothly after refresh 
    [chromium] › e2e/qa-regression.spec.ts:447:3 › QA full regression repair matrix › visual baselines catch silent layout collapse 
  34 passed (2.3m)
 ELIFECYCLE  Command failed with exit code 1.
